{"EventTime":"2021-09-24 23:52:09","Hostname":"HYDRA-DC.MARVEL.local","Keywords":-9214364837600034816,"EventType":"AUDIT_SUCCESS","SeverityValue":2,"Severity":"INFO","EventID":5156,"SourceName":"Microsoft-Windows-Security-Auditing","ProviderGuid":"{54849625-5478-4994-A5BA-3E3B0328C30D}","Version":1,"Task":12810,"OpcodeValue":0,"RecordNumber":68006208,"ProcessID":4,"ThreadID":112,"Channel":"Security","Message":"The Windows Filtering Platform has permitted a connection.\r\n\r\nApplication Information:\r\n\tProcess ID:\t\t684\r\n\tApplication Name:\t\\device\\harddiskvolume4\\windows\\system32\\lsass.exe\r\n\r\nNetwork Information:\r\n\tDirection:\t\tInbound\r\n\tSource Address:\t\tfe80::ac64:36a6:17fc:28c4\r\n\tSource Port:\t\t49762\r\n\tDestination Address:\tfe80::ac64:36a6:17fc:28c4\r\n\tDestination Port:\t\t389\r\n\tProtocol:\t\t6\r\n\r\nFilter Information:\r\n\tFilter Run-Time ID:\t66800\r\n\tLayer Name:\t\tReceive/Accept\r\n\tLayer Run-Time ID:\t46","Category":"Filtering Platform Connection","Opcode":"Info","Application":"\\device\\harddiskvolume4\\windows\\system32\\lsass.exe","Direction":"%%14592","SourceAddress":"fe80::ac64:36a6:17fc:28c4","SourcePort":"49762","DestAddress":"fe80::ac64:36a6:17fc:28c4","DestPort":"389","Protocol":"6","FilterRTID":"66800","LayerName":"%%14610","LayerRTID":"46","RemoteUserID":"S-1-0-0","RemoteMachineID":"S-1-0-0","EventReceivedTime":"2021-09-24 23:52:10","SourceModuleName":"GuruculWindowsFull2016","SourceModuleType":"im_msvistalog"}
{"EventTime":"2021-09-24 23:52:09","Hostname":"HYDRA-DC.MARVEL.local","Keywords":-9214364837600034816,"EventType":"AUDIT_SUCCESS","SeverityValue":2,"Severity":"INFO","EventID":4672,"SourceName":"Microsoft-Windows-Security-Auditing","ProviderGuid":"{54849625-5478-4994-A5BA-3E3B0328C30D}","Version":0,"Task":12548,"OpcodeValue":0,"RecordNumber":68006209,"ProcessID":684,"ThreadID":4508,"Channel":"Security","Message":"Special privileges assigned to new logon.\r\n\r\nSubject:\r\n\tSecurity ID:\t\tS-1-5-18\r\n\tAccount Name:\t\tHYDRA-DC$\r\n\tAccount Domain:\t\tMARVEL\r\n\tLogon ID:\t\t0x135A2B\r\n\r\nPrivileges:\t\tSeSecurityPrivilege\r\n\t\t\tSeBackupPrivilege\r\n\t\t\tSeRestorePrivilege\r\n\t\t\tSeTakeOwnershipPrivilege\r\n\t\t\tSeDebugPrivilege\r\n\t\t\tSeSystemEnvironmentPrivilege\r\n\t\t\tSeLoadDriverPrivilege\r\n\t\t\tSeImpersonatePrivilege\r\n\t\t\tSeDelegateSessionUserImpersonatePrivilege\r\n\t\t\tSeEnableDelegationPrivilege","Category":"Special Logon","Opcode":"Info","SubjectUserSid":"S-1-5-18","SubjectUserName":"HYDRA-DC$","SubjectDomainName":"MARVEL","SubjectLogonId":"0x135a2b","PrivilegeList":"SeSecurityPrivilege\r\n\t\t\tSeBackupPrivilege\r\n\t\t\tSeRestorePrivilege\r\n\t\t\tSeTakeOwnershipPrivilege\r\n\t\t\tSeDebugPrivilege\r\n\t\t\tSeSystemEnvironmentPrivilege\r\n\t\t\tSeLoadDriverPrivilege\r\n\t\t\tSeImpersonatePrivilege\r\n\t\t\tSeDelegateSessionUserImpersonatePrivilege\r\n\t\t\tSeEnableDelegationPrivilege","EventReceivedTime":"2021-09-24 23:52:10","SourceModuleName":"GuruculWindowsFull2016","SourceModuleType":"im_msvistalog"}
{"EventTime":"2021-09-24 23:52:09","Hostname":"HYDRA-DC.MARVEL.local","Keywords":-9214364837600034816,"EventType":"AUDIT_SUCCESS","SeverityValue":2,"Severity":"INFO","EventID":4624,"SourceName":"Microsoft-Windows-Security-Auditing","ProviderGuid":"{54849625-5478-4994-A5BA-3E3B0328C30D}","Version":2,"Task":12544,"OpcodeValue":0,"RecordNumber":68006210,"ProcessID":684,"ThreadID":4508,"Channel":"Security","Message":"An account was successfully logged on.\r\n\r\nSubject:\r\n\tSecurity ID:\t\tS-1-0-0\r\n\tAccount Name:\t\t-\r\n\tAccount Domain:\t\t-\r\n\tLogon ID:\t\t0x0\r\n\r\nLogon Information:\r\n\tLogon Type:\t\t3\r\n\tRestricted Admin Mode:\t-\r\n\tVirtual Account:\t\tNo\r\n\tElevated Token:\t\tYes\r\n\r\nImpersonation Level:\t\tImpersonation\r\n\r\nNew Logon:\r\n\tSecurity ID:\t\tS-1-5-18\r\n\tAccount Name:\t\tHYDRA-DC$\r\n\tAccount Domain:\t\tMARVEL.LOCAL\r\n\tLogon ID:\t\t0x135A2B\r\n\tLinked Logon ID:\t\t0x0\r\n\tNetwork Account Name:\t-\r\n\tNetwork Account Domain:\t-\r\n\tLogon GUID:\t\t{2ba18963-d5eb-0b91-1493-a172638dc892}\r\n\r\nProcess Information:\r\n\tProcess ID:\t\t0x0\r\n\tProcess Name:\t\t-\r\n\r\nNetwork Information:\r\n\tWorkstation Name:\t-\r\n\tSource Network Address:\tfe80::ac64:36a6:17fc:28c4\r\n\tSource Port:\t\t49762\r\n\r\nDetailed Authentication Information:\r\n\tLogon Process:\t\tKerberos\r\n\tAuthentication Package:\tKerberos\r\n\tTransited Services:\t-\r\n\tPackage Name (NTLM only):\t-\r\n\tKey Length:\t\t0\r\n\r\nThis event is generated when a logon session is created. It is generated on the computer that was accessed.\r\n\r\nThe subject fields indicate the account on the local system which requested the logon. This is most commonly a service such as the Server service, or a local process such as Winlogon.exe or Services.exe.\r\n\r\nThe logon type field indicates the kind of logon that occurred. The most common types are 2 (interactive) and 3 (network).\r\n\r\nThe New Logon fields indicate the account for whom the new logon was created, i.e. the account that was logged on.\r\n\r\nThe network fields indicate where a remote logon request originated. Workstation name is not always available and may be left blank in some cases.\r\n\r\nThe impersonation level field indicates the extent to which a process in the logon session can impersonate.\r\n\r\nThe authentication information fields provide detailed information about this specific logon request.\r\n\t- Logon GUID is a unique identifier that can be used to correlate this event with a KDC event.\r\n\t- Transited services indicate which intermediate services have participated in this logon request.\r\n\t- Package name indicates which sub-protocol was used among the NTLM protocols.\r\n\t- Key length indicates the length of the generated session key. This will be 0 if no session key was requested.","Category":"Logon","Opcode":"Info","SubjectUserSid":"S-1-0-0","SubjectUserName":"-","SubjectDomainName":"-","SubjectLogonId":"0x0","TargetUserSid":"S-1-5-18","TargetUserName":"HYDRA-DC$","TargetDomainName":"MARVEL.LOCAL","TargetLogonId":"0x135a2b","LogonType":"3","LogonProcessName":"Kerberos","AuthenticationPackageName":"Kerberos","WorkstationName":"-","LogonGuid":"{2ba18963-d5eb-0b91-1493-a172638dc892}","TransmittedServices":"-","LmPackageName":"-","KeyLength":"0","ProcessName":"-","IpAddress":"fe80::ac64:36a6:17fc:28c4","IpPort":"49762","ImpersonationLevel":"%%1833","RestrictedAdminMode":"-","TargetOutboundUserName":"-","TargetOutboundDomainName":"-","VirtualAccount":"%%1843","TargetLinkedLogonId":"0x0","ElevatedToken":"%%1842","EventReceivedTime":"2021-09-24 23:52:10","SourceModuleName":"GuruculWindowsFull2016","SourceModuleType":"im_msvistalog"}
{"EventTime":"2021-09-24 23:52:09","Hostname":"HYDRA-DC.MARVEL.local","Keywords":-9214364837600034816,"EventType":"AUDIT_SUCCESS","SeverityValue":2,"Severity":"INFO","EventID":4627,"SourceName":"Microsoft-Windows-Security-Auditing","ProviderGuid":"{54849625-5478-4994-A5BA-3E3B0328C30D}","Version":0,"Task":12554,"OpcodeValue":0,"RecordNumber":68006211,"ProcessID":684,"ThreadID":4508,"Channel":"Security","Message":"Group membership information.\r\n\r\nSubject:\r\n\tSecurity ID:\t\tS-1-0-0\r\n\tAccount Name:\t\t-\r\n\tAccount Domain:\t\t-\r\n\tLogon ID:\t\t0x0\r\n\r\nLogon Type:\t\t\t3\r\n\r\nNew Logon:\r\n\tSecurity ID:\t\tS-1-5-18\r\n\tAccount Name:\t\tHYDRA-DC$\r\n\tAccount Domain:\t\tMARVEL.LOCAL\r\n\tLogon ID:\t\t0x135A2B\r\n\r\nEvent in sequence:\t\t1 of 1\r\n\r\nGroup Membership:\t\t\t\r\n\t\t%{S-1-5-32-544}\r\n\t\t%{S-1-1-0}\r\n\t\t%{S-1-5-32-554}\r\n\t\t%{S-1-5-32-545}\r\n\t\t%{S-1-5-32-574}\r\n\t\t%{S-1-5-32-560}\r\n\t\t%{S-1-5-2}\r\n\t\t%{S-1-5-11}\r\n\t\t%{S-1-5-15}\r\n\t\t%{S-1-5-21-3688015610-2013655948-1090528724-1000}\r\n\t\t%{S-1-5-21-3688015610-2013655948-1090528724-516}\r\n\t\t%{S-1-5-9}\r\n\t\t%{S-1-18-1}\r\n\t\t%{S-1-5-21-3688015610-2013655948-1090528724-572}\r\n\t\t%{S-1-5-21-3688015610-2013655948-1090528724-517}\r\n\t\t%{S-1-16-16384}\r\n\r\nThe subject fields indicate the account on the local system which requested the logon. This is most commonly a service such as the Server service, or a local process such as Winlogon.exe or Services.exe.\r\n\r\nThe logon type field indicates the kind of logon that occurred. The most common types are 2 (interactive) and 3 (network).\r\n\r\nThe New Logon fields indicate the account for whom the new logon was created, i.e. the account that was logged on.\r\n\r\nThis event is generated when the Audit Group Membership subcategory is configured.  The Logon ID field can be used to correlate this event with the corresponding user logon event as well as to any other security audit events generated during this logon session.","Category":"Group Membership","Opcode":"Info","SubjectUserSid":"S-1-0-0","SubjectUserName":"-","SubjectDomainName":"-","SubjectLogonId":"0x0","TargetUserSid":"S-1-5-18","TargetUserName":"HYDRA-DC$","TargetDomainName":"MARVEL.LOCAL","TargetLogonId":"0x135a2b","LogonType":"3","EventIdx":"1","EventCountTotal":"1","GroupMembership":"\r\n\t\t%{S-1-5-32-544}\r\n\t\t%{S-1-1-0}\r\n\t\t%{S-1-5-32-554}\r\n\t\t%{S-1-5-32-545}\r\n\t\t%{S-1-5-32-574}\r\n\t\t%{S-1-5-32-560}\r\n\t\t%{S-1-5-2}\r\n\t\t%{S-1-5-11}\r\n\t\t%{S-1-5-15}\r\n\t\t%{S-1-5-21-3688015610-2013655948-1090528724-1000}\r\n\t\t%{S-1-5-21-3688015610-2013655948-1090528724-516}\r\n\t\t%{S-1-5-9}\r\n\t\t%{S-1-18-1}\r\n\t\t%{S-1-5-21-3688015610-2013655948-1090528724-572}\r\n\t\t%{S-1-5-21-3688015610-2013655948-1090528724-517}\r\n\t\t%{S-1-16-16384}","EventReceivedTime":"2021-09-24 23:52:10","SourceModuleName":"GuruculWindowsFull2016","SourceModuleType":"im_msvistalog"}
{"EventTime":"2021-09-24 23:52:09","Hostname":"HYDRA-DC.MARVEL.local","Keywords":-9214364837600034816,"EventType":"AUDIT_SUCCESS","SeverityValue":2,"Severity":"INFO","EventID":4634,"SourceName":"Microsoft-Windows-Security-Auditing","ProviderGuid":"{54849625-5478-4994-A5BA-3E3B0328C30D}","Version":0,"Task":12545,"OpcodeValue":0,"RecordNumber":68006212,"ProcessID":684,"ThreadID":3560,"Channel":"Security","Message":"An account was logged off.\r\n\r\nSubject:\r\n\tSecurity ID:\t\tS-1-5-18\r\n\tAccount Name:\t\tHYDRA-DC$\r\n\tAccount Domain:\t\tMARVEL\r\n\tLogon ID:\t\t0x135A2B\r\n\r\nLogon Type:\t\t\t3\r\n\r\nThis event is generated when a logon session is destroyed. It may be positively correlated with a logon event using the Logon ID value. Logon IDs are only unique between reboots on the same computer.","Category":"Logoff","Opcode":"Info","TargetUserSid":"S-1-5-18","TargetUserName":"HYDRA-DC$","TargetDomainName":"MARVEL","TargetLogonId":"0x135a2b","LogonType":"3","EventReceivedTime":"2021-09-24 23:52:10","SourceModuleName":"GuruculWindowsFull2016","SourceModuleType":"im_msvistalog"}
{"EventTime":"2021-09-24 23:52:09","Hostname":"HYDRA-DC.MARVEL.local","Keywords":-9214364837600034816,"EventType":"AUDIT_SUCCESS","SeverityValue":2,"Severity":"INFO","EventID":5145,"SourceName":"Microsoft-Windows-Security-Auditing","ProviderGuid":"{54849625-5478-4994-A5BA-3E3B0328C30D}","Version":0,"Task":12811,"OpcodeValue":0,"RecordNumber":68006213,"ProcessID":4,"ThreadID":112,"Channel":"Security","Message":"A network share object was checked to see whether client can be granted desired access.\r\n\t\r\nSubject:\r\n\tSecurity ID:\t\tS-1-5-18\r\n\tAccount Name:\t\tHYDRA-DC$\r\n\tAccount Domain:\t\tMARVEL\r\n\tLogon ID:\t\t0x135664\r\n\r\nNetwork Information:\t\r\n\tObject Type:\t\tFile\r\n\tSource Address:\t\tfe80::ac64:36a6:17fc:28c4\r\n\tSource Port:\t\t49760\r\n\t\r\nShare Information:\r\n\tShare Name:\t\t\\\\*\\SYSVOL\r\n\tShare Path:\t\t\\??\\C:\\Windows\\SYSVOL\\sysvol\r\n\tRelative Target Name:\tMARVEL.local\\Policies\\{2B52A6A9-05F6-439C-A62A-C8C58E510869}\\Machine\\Preferences\\Groups\\Groups.xml\r\n\r\nAccess Request Information:\r\n\tAccess Mask:\t\t0x120089\r\n\tAccesses:\t\tREAD_CONTROL\r\n\t\t\t\tSYNCHRONIZE\r\n\t\t\t\tReadData (or ListDirectory)\r\n\t\t\t\tReadEA\r\n\t\t\t\tReadAttributes\r\n\t\t\t\t\r\nAccess Check Results:\r\n\tREAD_CONTROL:\tGranted by Ownership\r\n\t\t\t\tSYNCHRONIZE:\tGranted by\tD:(A;;0x1200a9;;;WD)\r\n\t\t\t\tReadData (or ListDirectory):\tGranted by\tD:(A;;0x1200a9;;;WD)\r\n\t\t\t\tReadEA:\tGranted by\tD:(A;;0x1200a9;;;WD)\r\n\t\t\t\tReadAttributes:\tGranted by\tD:(A;;0x1200a9;;;WD)\r\n\t\t\t\t\r\n","Category":"Detailed File Share","Opcode":"Info","SubjectUserSid":"S-1-5-18","SubjectUserName":"HYDRA-DC$","SubjectDomainName":"MARVEL","SubjectLogonId":"0x135664","ObjectType":"File","IpAddress":"fe80::ac64:36a6:17fc:28c4","IpPort":"49760","ShareName":"\\\\*\\SYSVOL","ShareLocalPath":"\\??\\C:\\Windows\\SYSVOL\\sysvol","RelativeTargetName":"MARVEL.local\\Policies\\{2B52A6A9-05F6-439C-A62A-C8C58E510869}\\Machine\\Preferences\\Groups\\Groups.xml","AccessMask":"0x120089","AccessList":"%%1538\r\n\t\t\t\t%%1541\r\n\t\t\t\t%%4416\r\n\t\t\t\t%%4419\r\n\t\t\t\t%%4423\r\n\t\t\t\t","AccessReason":"%%1538:\t%%1804\r\n\t\t\t\t%%1541:\t%%1801\tD:(A;;0x1200a9;;;WD)\r\n\t\t\t\t%%4416:\t%%1801\tD:(A;;0x1200a9;;;WD)\r\n\t\t\t\t%%4419:\t%%1801\tD:(A;;0x1200a9;;;WD)\r\n\t\t\t\t%%4423:\t%%1801\tD:(A;;0x1200a9;;;WD)\r\n\t\t\t\t","EventReceivedTime":"2021-09-24 23:52:10","SourceModuleName":"GuruculWindowsFull2016","SourceModuleType":"im_msvistalog"}
{"EventTime":"2021-09-24 23:52:09","Hostname":"HYDRA-DC.MARVEL.local","Keywords":-9214364837600034816,"EventType":"AUDIT_SUCCESS","SeverityValue":2,"Severity":"INFO","EventID":4634,"SourceName":"Microsoft-Windows-Security-Auditing","ProviderGuid":"{54849625-5478-4994-A5BA-3E3B0328C30D}","Version":0,"Task":12545,"OpcodeValue":0,"RecordNumber":68006215,"ProcessID":684,"ThreadID":812,"Channel":"Security","Message":"An account was logged off.\r\n\r\nSubject:\r\n\tSecurity ID:\t\tS-1-5-18\r\n\tAccount Name:\t\tHYDRA-DC$\r\n\tAccount Domain:\t\tMARVEL\r\n\tLogon ID:\t\t0x1354BD\r\n\r\nLogon Type:\t\t\t3\r\n\r\nThis event is generated when a logon session is destroyed. It may be positively correlated with a logon event using the Logon ID value. Logon IDs are only unique between reboots on the same computer.","Category":"Logoff","Opcode":"Info","TargetUserSid":"S-1-5-18","TargetUserName":"HYDRA-DC$","TargetDomainName":"MARVEL","TargetLogonId":"0x1354bd","LogonType":"3","EventReceivedTime":"2021-09-24 23:52:10","SourceModuleName":"GuruculWindowsFull2016","SourceModuleType":"im_msvistalog"}
{"EventTime":"2021-09-24 23:52:09","Hostname":"HYDRA-DC.MARVEL.local","Keywords":4611686018427387904,"EventType":"INFO","SeverityValue":2,"Severity":"INFO","EventID":8006,"SourceName":"Microsoft-Windows-GroupPolicy","ProviderGuid":"{AEA1B4FA-97D1-45F2-A64C-4D69FFFD92C9}","Version":1,"Task":0,"OpcodeValue":2,"RecordNumber":158217,"ActivityID":"{D65D6F50-F381-4BF2-A7DD-C2590D424005}","ProcessID":1496,"ThreadID":5364,"Channel":"Microsoft-Windows-GroupPolicy/Operational","Domain":"NT AUTHORITY","AccountName":"SYSTEM","UserID":"S-1-5-18","AccountType":"User","Message":"Completed periodic policy processing for computer MARVEL\\HYDRA-DC$ in 0 seconds.","Opcode":"Stop","PolicyElaspedTimeInSeconds":"0","ErrorCode":"0","PrincipalSamName":"MARVEL\\HYDRA-DC$","IsMachine":"1","IsConnectivityFailure":"false","EventReceivedTime":"2021-09-24 23:52:10","SourceModuleName":"GuruculWindowsFull2016","SourceModuleType":"im_msvistalog"}
{"EventTime":"2021-09-24 23:52:19","Hostname":"HYDRA-DC.MARVEL.local","Keywords":-9214364837600034816,"EventType":"AUDIT_SUCCESS","SeverityValue":2,"Severity":"INFO","EventID":4634,"SourceName":"Microsoft-Windows-Security-Auditing","ProviderGuid":"{54849625-5478-4994-A5BA-3E3B0328C30D}","Version":0,"Task":12545,"OpcodeValue":0,"RecordNumber":68006230,"ProcessID":684,"ThreadID":892,"Channel":"Security","Message":"An account was logged off.\r\n\r\nSubject:\r\n\tSecurity ID:\t\tS-1-5-18\r\n\tAccount Name:\t\tHYDRA-DC$\r\n\tAccount Domain:\t\tMARVEL\r\n\tLogon ID:\t\t0x135664\r\n\r\nLogon Type:\t\t\t3\r\n\r\nThis event is generated when a logon session is destroyed. It may be positively correlated with a logon event using the Logon ID value. Logon IDs are only unique between reboots on the same computer.","Category":"Logoff","Opcode":"Info","TargetUserSid":"S-1-5-18","TargetUserName":"HYDRA-DC$","TargetDomainName":"MARVEL","TargetLogonId":"0x135664","LogonType":"3","EventReceivedTime":"2021-09-24 23:52:21","SourceModuleName":"GuruculWindowsFull2016","SourceModuleType":"im_msvistalog"}
{"EventTime":"2021-09-24 23:52:28","Hostname":"HYDRA-DC.MARVEL.local","Keywords":36028797018963968,"EventType":"ERROR","SeverityValue":4,"Severity":"ERROR","EventID":1000,"SourceName":"Application Error","Task":100,"RecordNumber":7323,"ProcessID":0,"ThreadID":0,"Channel":"Application","Message":"Faulting application name: spoolsv.exe, version: 10.0.17763.615, time stamp: 0x24910946\r\nFaulting module name: ntdll.dll, version: 10.0.17763.737, time stamp: 0xed90036f\r\nException code: 0xc000071c\r\nFault offset: 0x00000000000c1158\r\nFaulting process id: 0xc40\r\nFaulting application start time: 0x01d7b19db4bd52fe\r\nFaulting application path: C:\\Windows\\System32\\spoolsv.exe\r\nFaulting module path: C:\\Windows\\SYSTEM32\\ntdll.dll\r\nReport Id: dd122d6e-0c76-42e7-9a77-bb75016099d1\r\nFaulting package full name: \r\nFaulting package-relative application ID: ","Category":"Application Crashing Events","Opcode":"Info","EventReceivedTime":"2021-09-24 23:52:29","SourceModuleName":"GuruculWindowsFull2016","SourceModuleType":"im_msvistalog"}
{"EventTime":"2021-09-24 23:52:28","Hostname":"HYDRA-DC.MARVEL.local","Keywords":-9214364837600034816,"EventType":"AUDIT_SUCCESS","SeverityValue":2,"Severity":"INFO","EventID":5156,"SourceName":"Microsoft-Windows-Security-Auditing","ProviderGuid":"{54849625-5478-4994-A5BA-3E3B0328C30D}","Version":1,"Task":12810,"OpcodeValue":0,"RecordNumber":68006231,"ProcessID":4,"ThreadID":112,"Channel":"Security","Message":"The Windows Filtering Platform has permitted a connection.\r\n\r\nApplication Information:\r\n\tProcess ID:\t\t4\r\n\tApplication Name:\tSystem\r\n\r\nNetwork Information:\r\n\tDirection:\t\tInbound\r\n\tSource Address:\t\t192.168.118.144\r\n\tSource Port:\t\t50446\r\n\tDestination Address:\t192.168.118.200\r\n\tDestination Port:\t\t445\r\n\tProtocol:\t\t6\r\n\r\nFilter Information:\r\n\tFilter Run-Time ID:\t0\r\n\tLayer Name:\t\tReceive/Accept\r\n\tLayer Run-Time ID:\t44","Category":"Filtering Platform Connection","Opcode":"Info","Application":"System","Direction":"%%14592","SourceAddress":"192.168.118.144","SourcePort":"50446","DestAddress":"192.168.118.200","DestPort":"445","Protocol":"6","FilterRTID":"0","LayerName":"%%14610","LayerRTID":"44","RemoteUserID":"S-1-0-0","RemoteMachineID":"S-1-0-0","EventReceivedTime":"2021-09-24 23:52:30","SourceModuleName":"GuruculWindowsFull2016","SourceModuleType":"im_msvistalog"}
{"EventTime":"2021-09-24 23:52:28","Hostname":"HYDRA-DC.MARVEL.local","Keywords":-9214364837600034816,"EventType":"AUDIT_SUCCESS","SeverityValue":2,"Severity":"INFO","EventID":4776,"SourceName":"Microsoft-Windows-Security-Auditing","ProviderGuid":"{54849625-5478-4994-A5BA-3E3B0328C30D}","Version":0,"Task":14336,"OpcodeValue":0,"RecordNumber":68006232,"ProcessID":684,"ThreadID":3560,"Channel":"Security","Message":"The computer attempted to validate the credentials for an account.\r\n\r\nAuthentication Package:\tMICROSOFT_AUTHENTICATION_PACKAGE_V1_0\r\nLogon Account:\tfcastle\r\nSource Workstation:\t\r\nError Code:\t0x0","Category":"Credential Validation","Opcode":"Info","PackageName":"MICROSOFT_AUTHENTICATION_PACKAGE_V1_0","TargetUserName":"fcastle","Status":"0x0","EventReceivedTime":"2021-09-24 23:52:30","SourceModuleName":"GuruculWindowsFull2016","SourceModuleType":"im_msvistalog"}
{"EventTime":"2021-09-24 23:52:28","Hostname":"HYDRA-DC.MARVEL.local","Keywords":-9214364837600034816,"EventType":"AUDIT_SUCCESS","SeverityValue":2,"Severity":"INFO","EventID":4672,"SourceName":"Microsoft-Windows-Security-Auditing","ProviderGuid":"{54849625-5478-4994-A5BA-3E3B0328C30D}","Version":0,"Task":12548,"OpcodeValue":0,"RecordNumber":68006233,"ProcessID":684,"ThreadID":3560,"Channel":"Security","Message":"Special privileges assigned to new logon.\r\n\r\nSubject:\r\n\tSecurity ID:\t\tS-1-5-21-3688015610-2013655948-1090528724-1104\r\n\tAccount Name:\t\tfcastle\r\n\tAccount Domain:\t\tMARVEL\r\n\tLogon ID:\t\t0x136996\r\n\r\nPrivileges:\t\tSeBackupPrivilege\r\n\t\t\tSeRestorePrivilege","Category":"Special Logon","Opcode":"Info","SubjectUserSid":"S-1-5-21-3688015610-2013655948-1090528724-1104","SubjectUserName":"fcastle","SubjectDomainName":"MARVEL","SubjectLogonId":"0x136996","PrivilegeList":"SeBackupPrivilege\r\n\t\t\tSeRestorePrivilege","EventReceivedTime":"2021-09-24 23:52:30","SourceModuleName":"GuruculWindowsFull2016","SourceModuleType":"im_msvistalog"}
{"EventTime":"2021-09-24 23:52:28","Hostname":"HYDRA-DC.MARVEL.local","Keywords":-9214364837600034816,"EventType":"AUDIT_SUCCESS","SeverityValue":2,"Severity":"INFO","EventID":4624,"SourceName":"Microsoft-Windows-Security-Auditing","ProviderGuid":"{54849625-5478-4994-A5BA-3E3B0328C30D}","Version":2,"Task":12544,"OpcodeValue":0,"RecordNumber":68006234,"ProcessID":684,"ThreadID":3560,"Channel":"Security","Message":"An account was successfully logged on.\r\n\r\nSubject:\r\n\tSecurity ID:\t\tS-1-0-0\r\n\tAccount Name:\t\t-\r\n\tAccount Domain:\t\t-\r\n\tLogon ID:\t\t0x0\r\n\r\nLogon Information:\r\n\tLogon Type:\t\t3\r\n\tRestricted Admin Mode:\t-\r\n\tVirtual Account:\t\tNo\r\n\tElevated Token:\t\tYes\r\n\r\nImpersonation Level:\t\tImpersonation\r\n\r\nNew Logon:\r\n\tSecurity ID:\t\tS-1-5-21-3688015610-2013655948-1090528724-1104\r\n\tAccount Name:\t\tfcastle\r\n\tAccount Domain:\t\tMARVEL\r\n\tLogon ID:\t\t0x136996\r\n\tLinked Logon ID:\t\t0x0\r\n\tNetwork Account Name:\t-\r\n\tNetwork Account Domain:\t-\r\n\tLogon GUID:\t\t{00000000-0000-0000-0000-000000000000}\r\n\r\nProcess Information:\r\n\tProcess ID:\t\t0x0\r\n\tProcess Name:\t\t-\r\n\r\nNetwork Information:\r\n\tWorkstation Name:\t-\r\n\tSource Network Address:\t192.168.118.144\r\n\tSource Port:\t\t50446\r\n\r\nDetailed Authentication Information:\r\n\tLogon Process:\t\tNtLmSsp \r\n\tAuthentication Package:\tNTLM\r\n\tTransited Services:\t-\r\n\tPackage Name (NTLM only):\tNTLM V2\r\n\tKey Length:\t\t128\r\n\r\nThis event is generated when a logon session is created. It is generated on the computer that was accessed.\r\n\r\nThe subject fields indicate the account on the local system which requested the logon. This is most commonly a service such as the Server service, or a local process such as Winlogon.exe or Services.exe.\r\n\r\nThe logon type field indicates the kind of logon that occurred. The most common types are 2 (interactive) and 3 (network).\r\n\r\nThe New Logon fields indicate the account for whom the new logon was created, i.e. the account that was logged on.\r\n\r\nThe network fields indicate where a remote logon request originated. Workstation name is not always available and may be left blank in some cases.\r\n\r\nThe impersonation level field indicates the extent to which a process in the logon session can impersonate.\r\n\r\nThe authentication information fields provide detailed information about this specific logon request.\r\n\t- Logon GUID is a unique identifier that can be used to correlate this event with a KDC event.\r\n\t- Transited services indicate which intermediate services have participated in this logon request.\r\n\t- Package name indicates which sub-protocol was used among the NTLM protocols.\r\n\t- Key length indicates the length of the generated session key. This will be 0 if no session key was requested.","Category":"Logon","Opcode":"Info","SubjectUserSid":"S-1-0-0","SubjectUserName":"-","SubjectDomainName":"-","SubjectLogonId":"0x0","TargetUserSid":"S-1-5-21-3688015610-2013655948-1090528724-1104","TargetUserName":"fcastle","TargetDomainName":"MARVEL","TargetLogonId":"0x136996","LogonType":"3","LogonProcessName":"NtLmSsp ","AuthenticationPackageName":"NTLM","WorkstationName":"-","LogonGuid":"{00000000-0000-0000-0000-000000000000}","TransmittedServices":"-","LmPackageName":"NTLM V2","KeyLength":"128","ProcessName":"-","IpAddress":"192.168.118.144","IpPort":"50446","ImpersonationLevel":"%%1833","RestrictedAdminMode":"-","TargetOutboundUserName":"-","TargetOutboundDomainName":"-","VirtualAccount":"%%1843","TargetLinkedLogonId":"0x0","ElevatedToken":"%%1842","EventReceivedTime":"2021-09-24 23:52:30","SourceModuleName":"GuruculWindowsFull2016","SourceModuleType":"im_msvistalog"}
{"EventTime":"2021-09-24 23:52:28","Hostname":"HYDRA-DC.MARVEL.local","Keywords":-9214364837600034816,"EventType":"AUDIT_SUCCESS","SeverityValue":2,"Severity":"INFO","EventID":4627,"SourceName":"Microsoft-Windows-Security-Auditing","ProviderGuid":"{54849625-5478-4994-A5BA-3E3B0328C30D}","Version":0,"Task":12554,"OpcodeValue":0,"RecordNumber":68006235,"ProcessID":684,"ThreadID":3560,"Channel":"Security","Message":"Group membership information.\r\n\r\nSubject:\r\n\tSecurity ID:\t\tS-1-0-0\r\n\tAccount Name:\t\t-\r\n\tAccount Domain:\t\t-\r\n\tLogon ID:\t\t0x0\r\n\r\nLogon Type:\t\t\t3\r\n\r\nNew Logon:\r\n\tSecurity ID:\t\tS-1-5-21-3688015610-2013655948-1090528724-1104\r\n\tAccount Name:\t\tfcastle\r\n\tAccount Domain:\t\tMARVEL\r\n\tLogon ID:\t\t0x136996\r\n\r\nEvent in sequence:\t\t1 of 1\r\n\r\nGroup Membership:\t\t\t\r\n\t\t%{S-1-5-21-3688015610-2013655948-1090528724-513}\r\n\t\t%{S-1-1-0}\r\n\t\t%{S-1-5-32-551}\r\n\t\t%{S-1-5-32-545}\r\n\t\t%{S-1-5-32-554}\r\n\t\t%{S-1-5-32-574}\r\n\t\t%{S-1-5-2}\r\n\t\t%{S-1-5-11}\r\n\t\t%{S-1-5-15}\r\n\t\t%{S-1-5-64-10}\r\n\t\t%{S-1-16-12288}\r\n\r\nThe subject fields indicate the account on the local system which requested the logon. This is most commonly a service such as the Server service, or a local process such as Winlogon.exe or Services.exe.\r\n\r\nThe logon type field indicates the kind of logon that occurred. The most common types are 2 (interactive) and 3 (network).\r\n\r\nThe New Logon fields indicate the account for whom the new logon was created, i.e. the account that was logged on.\r\n\r\nThis event is generated when the Audit Group Membership subcategory is configured.  The Logon ID field can be used to correlate this event with the corresponding user logon event as well as to any other security audit events generated during this logon session.","Category":"Group Membership","Opcode":"Info","SubjectUserSid":"S-1-0-0","SubjectUserName":"-","SubjectDomainName":"-","SubjectLogonId":"0x0","TargetUserSid":"S-1-5-21-3688015610-2013655948-1090528724-1104","TargetUserName":"fcastle","TargetDomainName":"MARVEL","TargetLogonId":"0x136996","LogonType":"3","EventIdx":"1","EventCountTotal":"1","GroupMembership":"\r\n\t\t%{S-1-5-21-3688015610-2013655948-1090528724-513}\r\n\t\t%{S-1-1-0}\r\n\t\t%{S-1-5-32-551}\r\n\t\t%{S-1-5-32-545}\r\n\t\t%{S-1-5-32-554}\r\n\t\t%{S-1-5-32-574}\r\n\t\t%{S-1-5-2}\r\n\t\t%{S-1-5-11}\r\n\t\t%{S-1-5-15}\r\n\t\t%{S-1-5-64-10}\r\n\t\t%{S-1-16-12288}","EventReceivedTime":"2021-09-24 23:52:30","SourceModuleName":"GuruculWindowsFull2016","SourceModuleType":"im_msvistalog"}
{"EventTime":"2021-09-24 23:52:28","Hostname":"HYDRA-DC.MARVEL.local","Keywords":-9214364837600034816,"EventType":"AUDIT_SUCCESS","SeverityValue":2,"Severity":"INFO","EventID":5140,"SourceName":"Microsoft-Windows-Security-Auditing","ProviderGuid":"{54849625-5478-4994-A5BA-3E3B0328C30D}","Version":1,"Task":12808,"OpcodeValue":0,"RecordNumber":68006236,"ProcessID":4,"ThreadID":112,"Channel":"Security","Message":"A network share object was accessed.\r\n\t\r\nSubject:\r\n\tSecurity ID:\t\tS-1-5-21-3688015610-2013655948-1090528724-1104\r\n\tAccount Name:\t\tfcastle\r\n\tAccount Domain:\t\tMARVEL\r\n\tLogon ID:\t\t0x136996\r\n\r\nNetwork Information:\t\r\n\tObject Type:\t\tFile\r\n\tSource Address:\t\t192.168.118.144\r\n\tSource Port:\t\t50446\r\n\t\r\nShare Information:\r\n\tShare Name:\t\t\\\\*\\IPC$\r\n\tShare Path:\t\t\r\n\r\nAccess Request Information:\r\n\tAccess Mask:\t\t0x1\r\n\tAccesses:\t\tReadData (or ListDirectory)\r\n\t\t\t\t\r\n","Category":"File Share","Opcode":"Info","SubjectUserSid":"S-1-5-21-3688015610-2013655948-1090528724-1104","SubjectUserName":"fcastle","SubjectDomainName":"MARVEL","SubjectLogonId":"0x136996","ObjectType":"File","IpAddress":"192.168.118.144","IpPort":"50446","ShareName":"\\\\*\\IPC$","AccessMask":"0x1","AccessList":"%%4416\r\n\t\t\t\t","EventReceivedTime":"2021-09-24 23:52:30","SourceModuleName":"GuruculWindowsFull2016","SourceModuleType":"im_msvistalog"}
{"EventTime":"2021-09-24 23:52:28","Hostname":"HYDRA-DC.MARVEL.local","Keywords":-9214364837600034816,"EventType":"AUDIT_SUCCESS","SeverityValue":2,"Severity":"INFO","EventID":5145,"SourceName":"Microsoft-Windows-Security-Auditing","ProviderGuid":"{54849625-5478-4994-A5BA-3E3B0328C30D}","Version":0,"Task":12811,"OpcodeValue":0,"RecordNumber":68006237,"ProcessID":4,"ThreadID":112,"Channel":"Security","Message":"A network share object was checked to see whether client can be granted desired access.\r\n\t\r\nSubject:\r\n\tSecurity ID:\t\tS-1-5-21-3688015610-2013655948-1090528724-1104\r\n\tAccount Name:\t\tfcastle\r\n\tAccount Domain:\t\tMARVEL\r\n\tLogon ID:\t\t0x136996\r\n\r\nNetwork Information:\t\r\n\tObject Type:\t\tFile\r\n\tSource Address:\t\t192.168.118.144\r\n\tSource Port:\t\t50446\r\n\t\r\nShare Information:\r\n\tShare Name:\t\t\\\\*\\IPC$\r\n\tShare Path:\t\t\r\n\tRelative Target Name:\tspoolss\r\n\r\nAccess Request Information:\r\n\tAccess Mask:\t\t0x3\r\n\tAccesses:\t\tReadData (or ListDirectory)\r\n\t\t\t\tWriteData (or AddFile)\r\n\t\t\t\t\r\nAccess Check Results:\r\n\t-\r\n","Category":"Detailed File Share","Opcode":"Info","SubjectUserSid":"S-1-5-21-3688015610-2013655948-1090528724-1104","SubjectUserName":"fcastle","SubjectDomainName":"MARVEL","SubjectLogonId":"0x136996","ObjectType":"File","IpAddress":"192.168.118.144","IpPort":"50446","ShareName":"\\\\*\\IPC$","RelativeTargetName":"spoolss","AccessMask":"0x3","AccessList":"%%4416\r\n\t\t\t\t%%4417\r\n\t\t\t\t","AccessReason":"-","EventReceivedTime":"2021-09-24 23:52:30","SourceModuleName":"GuruculWindowsFull2016","SourceModuleType":"im_msvistalog"}
{"EventTime":"2021-09-24 23:52:28","Hostname":"HYDRA-DC.MARVEL.local","Keywords":-9214364837600034816,"EventType":"AUDIT_SUCCESS","SeverityValue":2,"Severity":"INFO","EventID":5156,"SourceName":"Microsoft-Windows-Security-Auditing","ProviderGuid":"{54849625-5478-4994-A5BA-3E3B0328C30D}","Version":1,"Task":12810,"OpcodeValue":0,"RecordNumber":68006238,"ProcessID":4,"ThreadID":188,"Channel":"Security","Message":"The Windows Filtering Platform has permitted a connection.\r\n\r\nApplication Information:\r\n\tProcess ID:\t\t4\r\n\tApplication Name:\tSystem\r\n\r\nNetwork Information:\r\n\tDirection:\t\tOutbound\r\n\tSource Address:\t\t192.168.118.200\r\n\tSource Port:\t\t49763\r\n\tDestination Address:\t192.168.118.144\r\n\tDestination Port:\t\t445\r\n\tProtocol:\t\t6\r\n\r\nFilter Information:\r\n\tFilter Run-Time ID:\t0\r\n\tLayer Name:\t\tConnect\r\n\tLayer Run-Time ID:\t48","Category":"Filtering Platform Connection","Opcode":"Info","Application":"System","Direction":"%%14593","SourceAddress":"192.168.118.200","SourcePort":"49763","DestAddress":"192.168.118.144","DestPort":"445","Protocol":"6","FilterRTID":"0","LayerName":"%%14611","LayerRTID":"48","RemoteUserID":"S-1-0-0","RemoteMachineID":"S-1-0-0","EventReceivedTime":"2021-09-24 23:52:30","SourceModuleName":"GuruculWindowsFull2016","SourceModuleType":"im_msvistalog"}
{"EventTime":"2021-09-24 23:52:28","Hostname":"HYDRA-DC.MARVEL.local","Keywords":-9214364837600034816,"EventType":"AUDIT_SUCCESS","SeverityValue":2,"Severity":"INFO","EventID":4688,"SourceName":"Microsoft-Windows-Security-Auditing","ProviderGuid":"{54849625-5478-4994-A5BA-3E3B0328C30D}","Version":2,"Task":13312,"OpcodeValue":0,"RecordNumber":68006239,"ProcessID":4,"ThreadID":112,"Channel":"Security","Message":"A new process has been created.\r\n\r\nCreator Subject:\r\n\tSecurity ID:\t\tS-1-5-18\r\n\tAccount Name:\t\tHYDRA-DC$\r\n\tAccount Domain:\t\tMARVEL\r\n\tLogon ID:\t\t0x3E7\r\n\r\nTarget Subject:\r\n\tSecurity ID:\t\tS-1-0-0\r\n\tAccount Name:\t\t-\r\n\tAccount Domain:\t\t-\r\n\tLogon ID:\t\t0x0\r\n\r\nProcess Information:\r\n\tNew Process ID:\t\t0x558\r\n\tNew Process Name:\tC:\\Windows\\System32\\rundll32.exe\r\n\tToken Elevation Type:\t%%1936\r\n\tMandatory Label:\t\tS-1-16-16384\r\n\tCreator Process ID:\t0xc40\r\n\tCreator Process Name:\tC:\\Windows\\System32\\spoolsv.exe\r\n\tProcess Command Line:\t\r\n\r\nToken Elevation Type indicates the type of token that was assigned to the new process in accordance with User Account Control policy.\r\n\r\nType 1 is a full token with no privileges removed or groups disabled.  A full token is only used if User Account Control is disabled or if the user is the built-in Administrator account or a service account.\r\n\r\nType 2 is an elevated token with no privileges removed or groups disabled.  An elevated token is used when User Account Control is enabled and the user chooses to start the program using Run as administrator.  An elevated token is also used when an application is configured to always require administrative privilege or to always require maximum privilege, and the user is a member of the Administrators group.\r\n\r\nType 3 is a limited token with administrative privileges removed and administrative groups disabled.  The limited token is used when User Account Control is enabled, the application does not require administrative privilege, and the user does not choose to start the program using Run as administrator.","Category":"Process Creation","Opcode":"Info","SubjectUserSid":"S-1-5-18","SubjectUserName":"HYDRA-DC$","SubjectDomainName":"MARVEL","SubjectLogonId":"0x3e7","NewProcessId":"0x558","NewProcessName":"C:\\Windows\\System32\\rundll32.exe","TokenElevationType":"%%1936","TargetUserSid":"S-1-0-0","TargetUserName":"-","TargetDomainName":"-","TargetLogonId":"0x0","ParentProcessName":"C:\\Windows\\System32\\spoolsv.exe","MandatoryLabel":"S-1-16-16384","EventReceivedTime":"2021-09-24 23:52:30","SourceModuleName":"GuruculWindowsFull2016","SourceModuleType":"im_msvistalog"}
{"EventTime":"2021-09-24 23:52:28","Hostname":"HYDRA-DC.MARVEL.local","Keywords":-9223372036854775808,"EventType":"INFO","SeverityValue":2,"Severity":"INFO","EventID":1,"SourceName":"Microsoft-Windows-Sysmon","ProviderGuid":"{5770385F-C22A-43E0-BF4C-06F5698FFBD9}","Version":5,"Task":1,"OpcodeValue":0,"RecordNumber":3749236,"ProcessID":3372,"ThreadID":4416,"Channel":"Microsoft-Windows-Sysmon/Operational","Domain":"NT AUTHORITY","AccountName":"SYSTEM","UserID":"S-1-5-18","AccountType":"User","Message":"Process Create:\r\nRuleName: -\r\nUtcTime: 2021-09-24 23:52:28.803\r\nProcessGuid: {2bd4fb04-64bc-614e-be00-000000006200}\r\nProcessId: 1368\r\nImage: C:\\Windows\\System32\\rundll32.exe\r\nFileVersion: 10.0.17763.1 (WinBuild.160101.0800)\r\nDescription: Windows host process (Rundll32)\r\nProduct: Microsoft® Windows® Operating System\r\nCompany: Microsoft Corporation\r\nOriginalFileName: RUNDLL32.EXE\r\nCommandLine: rundll32.exe\r\nCurrentDirectory: C:\\Windows\\system32\\\r\nUser: NT AUTHORITY\\SYSTEM\r\nLogonGuid: {2bd4fb04-6211-614e-e703-000000000000}\r\nLogonId: 0x3E7\r\nTerminalSessionId: 0\r\nIntegrityLevel: System\r\nHashes: MD5=C73BA51880F5A7FB20C84185A23212EF,SHA256=01B407AF0200B66A34D9B1FA6D9EAAB758EFA36A36BB99B554384F59F8690B1A,IMPHASH=F27A7FC3A53E74F45BE370131953896A\r\nParentProcessGuid: {2bd4fb04-622d-614e-3d00-000000006200}\r\nParentProcessId: 3136\r\nParentImage: C:\\Windows\\System32\\spoolsv.exe\r\nParentCommandLine: C:\\Windows\\System32\\spoolsv.exe","Category":"Process Create (rule: ProcessCreate)","Opcode":"Info","RuleName":"-","UtcTime":"2021-09-24 23:52:28.803","ProcessGuid":"{2bd4fb04-64bc-614e-be00-000000006200}","Image":"C:\\Windows\\System32\\rundll32.exe","FileVersion":"10.0.17763.1 (WinBuild.160101.0800)","Description":"Windows host process (Rundll32)","Product":"Microsoft® Windows® Operating System","Company":"Microsoft Corporation","OriginalFileName":"RUNDLL32.EXE","CommandLine":"rundll32.exe","CurrentDirectory":"C:\\Windows\\system32\\","User":"NT AUTHORITY\\SYSTEM","LogonGuid":"{2bd4fb04-6211-614e-e703-000000000000}","LogonId":"0x3e7","TerminalSessionId":"0","IntegrityLevel":"System","Hashes":"MD5=C73BA51880F5A7FB20C84185A23212EF,SHA256=01B407AF0200B66A34D9B1FA6D9EAAB758EFA36A36BB99B554384F59F8690B1A,IMPHASH=F27A7FC3A53E74F45BE370131953896A","ParentProcessGuid":"{2bd4fb04-622d-614e-3d00-000000006200}","ParentProcessId":"3136","ParentImage":"C:\\Windows\\System32\\spoolsv.exe","ParentCommandLine":"C:\\Windows\\System32\\spoolsv.exe","EventReceivedTime":"2021-09-24 23:52:30","SourceModuleName":"GuruculWindowsFull2016","SourceModuleType":"im_msvistalog"}
{"EventTime":"2021-09-24 23:52:28","Hostname":"HYDRA-DC.MARVEL.local","Keywords":-9214364837600034816,"EventType":"AUDIT_SUCCESS","SeverityValue":2,"Severity":"INFO","EventID":4624,"SourceName":"Microsoft-Windows-Security-Auditing","ProviderGuid":"{54849625-5478-4994-A5BA-3E3B0328C30D}","Version":2,"Task":12544,"OpcodeValue":0,"RecordNumber":68006240,"ActivityID":"{A10744D8-B19D-0000-9146-07A19DB1D701}","ProcessID":684,"ThreadID":3560,"Channel":"Security","Message":"An account was successfully logged on.\r\n\r\nSubject:\r\n\tSecurity ID:\t\tS-1-5-18\r\n\tAccount Name:\t\tHYDRA-DC$\r\n\tAccount Domain:\t\tMARVEL\r\n\tLogon ID:\t\t0x3E7\r\n\r\nLogon Information:\r\n\tLogon Type:\t\t5\r\n\tRestricted Admin Mode:\t-\r\n\tVirtual Account:\t\tNo\r\n\tElevated Token:\t\tYes\r\n\r\nImpersonation Level:\t\tImpersonation\r\n\r\nNew Logon:\r\n\tSecurity ID:\t\tS-1-5-18\r\n\tAccount Name:\t\tSYSTEM\r\n\tAccount Domain:\t\tNT AUTHORITY\r\n\tLogon ID:\t\t0x3E7\r\n\tLinked Logon ID:\t\t0x0\r\n\tNetwork Account Name:\t-\r\n\tNetwork Account Domain:\t-\r\n\tLogon GUID:\t\t{00000000-0000-0000-0000-000000000000}\r\n\r\nProcess Information:\r\n\tProcess ID:\t\t0x298\r\n\tProcess Name:\t\tC:\\Windows\\System32\\services.exe\r\n\r\nNetwork Information:\r\n\tWorkstation Name:\t-\r\n\tSource Network Address:\t-\r\n\tSource Port:\t\t-\r\n\r\nDetailed Authentication Information:\r\n\tLogon Process:\t\tAdvapi  \r\n\tAuthentication Package:\tNegotiate\r\n\tTransited Services:\t-\r\n\tPackage Name (NTLM only):\t-\r\n\tKey Length:\t\t0\r\n\r\nThis event is generated when a logon session is created. It is generated on the computer that was accessed.\r\n\r\nThe subject fields indicate the account on the local system which requested the logon. This is most commonly a service such as the Server service, or a local process such as Winlogon.exe or Services.exe.\r\n\r\nThe logon type field indicates the kind of logon that occurred. The most common types are 2 (interactive) and 3 (network).\r\n\r\nThe New Logon fields indicate the account for whom the new logon was created, i.e. the account that was logged on.\r\n\r\nThe network fields indicate where a remote logon request originated. Workstation name is not always available and may be left blank in some cases.\r\n\r\nThe impersonation level field indicates the extent to which a process in the logon session can impersonate.\r\n\r\nThe authentication information fields provide detailed information about this specific logon request.\r\n\t- Logon GUID is a unique identifier that can be used to correlate this event with a KDC event.\r\n\t- Transited services indicate which intermediate services have participated in this logon request.\r\n\t- Package name indicates which sub-protocol was used among the NTLM protocols.\r\n\t- Key length indicates the length of the generated session key. This will be 0 if no session key was requested.","Category":"Logon","Opcode":"Info","SubjectUserSid":"S-1-5-18","SubjectUserName":"HYDRA-DC$","SubjectDomainName":"MARVEL","SubjectLogonId":"0x3e7","TargetUserSid":"S-1-5-18","TargetUserName":"SYSTEM","TargetDomainName":"NT AUTHORITY","TargetLogonId":"0x3e7","LogonType":"5","LogonProcessName":"Advapi  ","AuthenticationPackageName":"Negotiate","WorkstationName":"-","LogonGuid":"{00000000-0000-0000-0000-000000000000}","TransmittedServices":"-","LmPackageName":"-","KeyLength":"0","ProcessName":"C:\\Windows\\System32\\services.exe","IpAddress":"-","IpPort":"-","ImpersonationLevel":"%%1833","RestrictedAdminMode":"-","TargetOutboundUserName":"-","TargetOutboundDomainName":"-","VirtualAccount":"%%1843","TargetLinkedLogonId":"0x0","ElevatedToken":"%%1842","EventReceivedTime":"2021-09-24 23:52:30","SourceModuleName":"GuruculWindowsFull2016","SourceModuleType":"im_msvistalog"}
{"EventTime":"2021-09-24 23:52:28","Hostname":"HYDRA-DC.MARVEL.local","Keywords":-9214364837600034816,"EventType":"AUDIT_SUCCESS","SeverityValue":2,"Severity":"INFO","EventID":4627,"SourceName":"Microsoft-Windows-Security-Auditing","ProviderGuid":"{54849625-5478-4994-A5BA-3E3B0328C30D}","Version":0,"Task":12554,"OpcodeValue":0,"RecordNumber":68006241,"ActivityID":"{A10744D8-B19D-0000-9146-07A19DB1D701}","ProcessID":684,"ThreadID":3560,"Channel":"Security","Message":"Group membership information.\r\n\r\nSubject:\r\n\tSecurity ID:\t\tS-1-5-18\r\n\tAccount Name:\t\tHYDRA-DC$\r\n\tAccount Domain:\t\tMARVEL\r\n\tLogon ID:\t\t0x3E7\r\n\r\nLogon Type:\t\t\t5\r\n\r\nNew Logon:\r\n\tSecurity ID:\t\tS-1-5-18\r\n\tAccount Name:\t\tSYSTEM\r\n\tAccount Domain:\t\tNT AUTHORITY\r\n\tLogon ID:\t\t0x3E7\r\n\r\nEvent in sequence:\t\t1 of 1\r\n\r\nGroup Membership:\t\t\t\r\n\t\t%{S-1-5-32-544}\r\n\t\t%{S-1-1-0}\r\n\t\t%{S-1-5-11}\r\n\t\t%{S-1-16-16384}\r\n\r\nThe subject fields indicate the account on the local system which requested the logon. This is most commonly a service such as the Server service, or a local process such as Winlogon.exe or Services.exe.\r\n\r\nThe logon type field indicates the kind of logon that occurred. The most common types are 2 (interactive) and 3 (network).\r\n\r\nThe New Logon fields indicate the account for whom the new logon was created, i.e. the account that was logged on.\r\n\r\nThis event is generated when the Audit Group Membership subcategory is configured.  The Logon ID field can be used to correlate this event with the corresponding user logon event as well as to any other security audit events generated during this logon session.","Category":"Group Membership","Opcode":"Info","SubjectUserSid":"S-1-5-18","SubjectUserName":"HYDRA-DC$","SubjectDomainName":"MARVEL","SubjectLogonId":"0x3e7","TargetUserSid":"S-1-5-18","TargetUserName":"SYSTEM","TargetDomainName":"NT AUTHORITY","TargetLogonId":"0x3e7","LogonType":"5","EventIdx":"1","EventCountTotal":"1","GroupMembership":"\r\n\t\t%{S-1-5-32-544}\r\n\t\t%{S-1-1-0}\r\n\t\t%{S-1-5-11}\r\n\t\t%{S-1-16-16384}","EventReceivedTime":"2021-09-24 23:52:30","SourceModuleName":"GuruculWindowsFull2016","SourceModuleType":"im_msvistalog"}
{"EventTime":"2021-09-24 23:52:28","Hostname":"HYDRA-DC.MARVEL.local","Keywords":-9214364837600034816,"EventType":"AUDIT_SUCCESS","SeverityValue":2,"Severity":"INFO","EventID":4672,"SourceName":"Microsoft-Windows-Security-Auditing","ProviderGuid":"{54849625-5478-4994-A5BA-3E3B0328C30D}","Version":0,"Task":12548,"OpcodeValue":0,"RecordNumber":68006242,"ActivityID":"{A10744D8-B19D-0000-9146-07A19DB1D701}","ProcessID":684,"ThreadID":3560,"Channel":"Security","Message":"Special privileges assigned to new logon.\r\n\r\nSubject:\r\n\tSecurity ID:\t\tS-1-5-18\r\n\tAccount Name:\t\tSYSTEM\r\n\tAccount Domain:\t\tNT AUTHORITY\r\n\tLogon ID:\t\t0x3E7\r\n\r\nPrivileges:\t\tSeAssignPrimaryTokenPrivilege\r\n\t\t\tSeTcbPrivilege\r\n\t\t\tSeSecurityPrivilege\r\n\t\t\tSeTakeOwnershipPrivilege\r\n\t\t\tSeLoadDriverPrivilege\r\n\t\t\tSeBackupPrivilege\r\n\t\t\tSeRestorePrivilege\r\n\t\t\tSeDebugPrivilege\r\n\t\t\tSeAuditPrivilege\r\n\t\t\tSeSystemEnvironmentPrivilege\r\n\t\t\tSeImpersonatePrivilege\r\n\t\t\tSeDelegateSessionUserImpersonatePrivilege","Category":"Special Logon","Opcode":"Info","SubjectUserSid":"S-1-5-18","SubjectUserName":"SYSTEM","SubjectDomainName":"NT AUTHORITY","SubjectLogonId":"0x3e7","PrivilegeList":"SeAssignPrimaryTokenPrivilege\r\n\t\t\tSeTcbPrivilege\r\n\t\t\tSeSecurityPrivilege\r\n\t\t\tSeTakeOwnershipPrivilege\r\n\t\t\tSeLoadDriverPrivilege\r\n\t\t\tSeBackupPrivilege\r\n\t\t\tSeRestorePrivilege\r\n\t\t\tSeDebugPrivilege\r\n\t\t\tSeAuditPrivilege\r\n\t\t\tSeSystemEnvironmentPrivilege\r\n\t\t\tSeImpersonatePrivilege\r\n\t\t\tSeDelegateSessionUserImpersonatePrivilege","EventReceivedTime":"2021-09-24 23:52:30","SourceModuleName":"GuruculWindowsFull2016","SourceModuleType":"im_msvistalog"}
{"EventTime":"2021-09-24 23:52:28","Hostname":"HYDRA-DC.MARVEL.local","Keywords":-9214364837600034816,"EventType":"AUDIT_SUCCESS","SeverityValue":2,"Severity":"INFO","EventID":4670,"SourceName":"Microsoft-Windows-Security-Auditing","ProviderGuid":"{54849625-5478-4994-A5BA-3E3B0328C30D}","Version":0,"Task":13570,"OpcodeValue":0,"RecordNumber":68006243,"ProcessID":4,"ThreadID":112,"Channel":"Security","Message":"Permissions on an object were changed.\r\n\r\nSubject:\r\n\tSecurity ID:\t\tS-1-5-18\r\n\tAccount Name:\t\tHYDRA-DC$\r\n\tAccount Domain:\t\tMARVEL\r\n\tLogon ID:\t\t0x3E7\r\n\r\nObject:\r\n\tObject Server:\tSecurity\r\n\tObject Type:\tToken\r\n\tObject Name:\t-\r\n\tHandle ID:\t0x720\r\n\r\nProcess:\r\n\tProcess ID:\t0x298\r\n\tProcess Name:\tC:\\Windows\\System32\\services.exe\r\n\r\nPermissions Change:\r\n\tOriginal Security Descriptor:\tD:(A;;GA;;;SY)(A;;RCGXGR;;;BA)\r\n\tNew Security Descriptor:\tD:(A;;GA;;;SY)(A;;RC;;;OW)(A;;GA;;;S-1-5-80-3299868208-4286319593-1091140620-3583751967-1732444380)","Category":"Authorization Policy Change","Opcode":"Info","SubjectUserSid":"S-1-5-18","SubjectUserName":"HYDRA-DC$","SubjectDomainName":"MARVEL","SubjectLogonId":"0x3e7","ObjectServer":"Security","ObjectType":"Token","ObjectName":"-","HandleId":"0x720","OldSd":"D:(A;;GA;;;SY)(A;;RCGXGR;;;BA)","NewSd":"D:(A;;GA;;;SY)(A;;RC;;;OW)(A;;GA;;;S-1-5-80-3299868208-4286319593-1091140620-3583751967-1732444380)","ProcessName":"C:\\Windows\\System32\\services.exe","EventReceivedTime":"2021-09-24 23:52:30","SourceModuleName":"GuruculWindowsFull2016","SourceModuleType":"im_msvistalog"}
{"EventTime":"2021-09-24 23:52:28","Hostname":"HYDRA-DC.MARVEL.local","Keywords":-9214364837600034816,"EventType":"AUDIT_SUCCESS","SeverityValue":2,"Severity":"INFO","EventID":4688,"SourceName":"Microsoft-Windows-Security-Auditing","ProviderGuid":"{54849625-5478-4994-A5BA-3E3B0328C30D}","Version":2,"Task":13312,"OpcodeValue":0,"RecordNumber":68006244,"ProcessID":4,"ThreadID":112,"Channel":"Security","Message":"A new process has been created.\r\n\r\nCreator Subject:\r\n\tSecurity ID:\t\tS-1-5-18\r\n\tAccount Name:\t\tHYDRA-DC$\r\n\tAccount Domain:\t\tMARVEL\r\n\tLogon ID:\t\t0x3E7\r\n\r\nTarget Subject:\r\n\tSecurity ID:\t\tS-1-0-0\r\n\tAccount Name:\t\t-\r\n\tAccount Domain:\t\t-\r\n\tLogon ID:\t\t0x0\r\n\r\nProcess Information:\r\n\tNew Process ID:\t\t0xdc0\r\n\tNew Process Name:\tC:\\Windows\\System32\\svchost.exe\r\n\tToken Elevation Type:\t%%1936\r\n\tMandatory Label:\t\tS-1-16-16384\r\n\tCreator Process ID:\t0x298\r\n\tCreator Process Name:\tC:\\Windows\\System32\\services.exe\r\n\tProcess Command Line:\t\r\n\r\nToken Elevation Type indicates the type of token that was assigned to the new process in accordance with User Account Control policy.\r\n\r\nType 1 is a full token with no privileges removed or groups disabled.  A full token is only used if User Account Control is disabled or if the user is the built-in Administrator account or a service account.\r\n\r\nType 2 is an elevated token with no privileges removed or groups disabled.  An elevated token is used when User Account Control is enabled and the user chooses to start the program using Run as administrator.  An elevated token is also used when an application is configured to always require administrative privilege or to always require maximum privilege, and the user is a member of the Administrators group.\r\n\r\nType 3 is a limited token with administrative privileges removed and administrative groups disabled.  The limited token is used when User Account Control is enabled, the application does not require administrative privilege, and the user does not choose to start the program using Run as administrator.","Category":"Process Creation","Opcode":"Info","SubjectUserSid":"S-1-5-18","SubjectUserName":"HYDRA-DC$","SubjectDomainName":"MARVEL","SubjectLogonId":"0x3e7","NewProcessId":"0xdc0","NewProcessName":"C:\\Windows\\System32\\svchost.exe","TokenElevationType":"%%1936","TargetUserSid":"S-1-0-0","TargetUserName":"-","TargetDomainName":"-","TargetLogonId":"0x0","ParentProcessName":"C:\\Windows\\System32\\services.exe","MandatoryLabel":"S-1-16-16384","EventReceivedTime":"2021-09-24 23:52:30","SourceModuleName":"GuruculWindowsFull2016","SourceModuleType":"im_msvistalog"}
