{"EventTime":"2021-09-24 23:51:24","Hostname":"THEPUNISHER.MARVEL.local","Keywords":-9223372036854775808,"EventType":"INFO","SeverityValue":2,"Severity":"INFO","EventID":11,"SourceName":"Microsoft-Windows-Sysmon","ProviderGuid":"{5770385F-C22A-43E0-BF4C-06F5698FFBD9}","Version":2,"Task":11,"OpcodeValue":0,"RecordNumber":33958,"ProcessID":3632,"ThreadID":4444,"Channel":"Microsoft-Windows-Sysmon/Operational","Domain":"NT AUTHORITY","AccountName":"SYSTEM","UserID":"S-1-5-18","AccountType":"User","Message":"File created:\r\nRuleName: DLL\r\nUtcTime: 2021-09-24 23:51:24.245\r\nProcessGuid: {901330d1-6218-614e-5600-000000004500}\r\nProcessId: 3700\r\nImage: C:\\ProgramData\\Microsoft\\Windows Defender\\Platform\\4.18.2108.7-0\\MsMpEng.exe\r\nTargetFilename: C:\\ProgramData\\Microsoft\\Windows Defender\\Definition Updates\\{1CC07097-76D6-484B-991D-C94C80E6D1A5}\\mpengine.dll\r\nCreationUtcTime: 2021-09-24 23:51:24.245","Category":"File created (rule: FileCreate)","Opcode":"Info","RuleName":"DLL","UtcTime":"2021-09-24 23:51:24.245","ProcessGuid":"{901330d1-6218-614e-5600-000000004500}","Image":"C:\\ProgramData\\Microsoft\\Windows Defender\\Platform\\4.18.2108.7-0\\MsMpEng.exe","TargetFilename":"C:\\ProgramData\\Microsoft\\Windows Defender\\Definition Updates\\{1CC07097-76D6-484B-991D-C94C80E6D1A5}\\mpengine.dll","CreationUtcTime":"2021-09-24 23:51:24.245","EventReceivedTime":"2021-09-24 23:51:26","SourceModuleName":"GuruculWindowsFull2016","SourceModuleType":"im_msvistalog"}
{"EventTime":"2021-09-24 23:51:24","Hostname":"THEPUNISHER.MARVEL.local","Keywords":-9214364837600034816,"EventType":"AUDIT_SUCCESS","SeverityValue":2,"Severity":"INFO","EventID":4688,"SourceName":"Microsoft-Windows-Security-Auditing","ProviderGuid":"{54849625-5478-4994-A5BA-3E3B0328C30D}","Version":2,"Task":13312,"OpcodeValue":0,"RecordNumber":7856017,"ProcessID":4,"ThreadID":336,"Channel":"Security","Message":"A new process has been created.\r\n\r\nCreator Subject:\r\n\tSecurity ID:\t\tS-1-5-18\r\n\tAccount Name:\t\tTHEPUNISHER$\r\n\tAccount Domain:\t\tMARVEL\r\n\tLogon ID:\t\t0x3E7\r\n\r\nTarget Subject:\r\n\tSecurity ID:\t\tS-1-0-0\r\n\tAccount Name:\t\t-\r\n\tAccount Domain:\t\t-\r\n\tLogon ID:\t\t0x0\r\n\r\nProcess Information:\r\n\tNew Process ID:\t\t0xb14\r\n\tNew Process Name:\tC:\\Windows\\System32\\wevtutil.exe\r\n\tToken Elevation Type:\t%%1936\r\n\tMandatory Label:\t\tS-1-16-16384\r\n\tCreator Process ID:\t0xe74\r\n\tCreator Process Name:\tC:\\ProgramData\\Microsoft\\Windows Defender\\Platform\\4.18.2108.7-0\\MsMpEng.exe\r\n\tProcess Command Line:\t\r\n\r\nToken Elevation Type indicates the type of token that was assigned to the new process in accordance with User Account Control policy.\r\n\r\nType 1 is a full token with no privileges removed or groups disabled.  A full token is only used if User Account Control is disabled or if the user is the built-in Administrator account or a service account.\r\n\r\nType 2 is an elevated token with no privileges removed or groups disabled.  An elevated token is used when User Account Control is enabled and the user chooses to start the program using Run as administrator.  An elevated token is also used when an application is configured to always require administrative privilege or to always require maximum privilege, and the user is a member of the Administrators group.\r\n\r\nType 3 is a limited token with administrative privileges removed and administrative groups disabled.  The limited token is used when User Account Control is enabled, the application does not require administrative privilege, and the user does not choose to start the program using Run as administrator.","Category":"Process Creation","Opcode":"Info","SubjectUserSid":"S-1-5-18","SubjectUserName":"THEPUNISHER$","SubjectDomainName":"MARVEL","SubjectLogonId":"0x3e7","NewProcessId":"0xb14","NewProcessName":"C:\\Windows\\System32\\wevtutil.exe","TokenElevationType":"%%1936","TargetUserSid":"S-1-0-0","TargetUserName":"-","TargetDomainName":"-","TargetLogonId":"0x0","ParentProcessName":"C:\\ProgramData\\Microsoft\\Windows Defender\\Platform\\4.18.2108.7-0\\MsMpEng.exe","MandatoryLabel":"S-1-16-16384","EventReceivedTime":"2021-09-24 23:51:26","SourceModuleName":"GuruculWindowsFull2016","SourceModuleType":"im_msvistalog"}
{"EventTime":"2021-09-24 23:51:24","Hostname":"THEPUNISHER.MARVEL.local","Keywords":-9223372036854775808,"EventType":"INFO","SeverityValue":2,"Severity":"INFO","EventID":1,"SourceName":"Microsoft-Windows-Sysmon","ProviderGuid":"{5770385F-C22A-43E0-BF4C-06F5698FFBD9}","Version":5,"Task":1,"OpcodeValue":0,"RecordNumber":33959,"ProcessID":3632,"ThreadID":4444,"Channel":"Microsoft-Windows-Sysmon/Operational","Domain":"NT AUTHORITY","AccountName":"SYSTEM","UserID":"S-1-5-18","AccountType":"User","Message":"Process Create:\r\nRuleName: -\r\nUtcTime: 2021-09-24 23:51:24.448\r\nProcessGuid: {901330d1-647c-614e-0d01-000000004500}\r\nProcessId: 2836\r\nImage: C:\\Windows\\System32\\wevtutil.exe\r\nFileVersion: 10.0.19041.844 (WinBuild.160101.0800)\r\nDescription: Eventing Command Line Utility\r\nProduct: Microsoft® Windows® Operating System\r\nCompany: Microsoft Corporation\r\nOriginalFileName: wevtutil.exe\r\nCommandLine: C:\\Windows\\system32\\wevtutil.exe uninstall-manifest C:\\Windows\\TEMP\\9A2EA2DB-B628-75AE-699C-A923780A4027.man\r\nCurrentDirectory: C:\\Windows\\system32\\\r\nUser: NT AUTHORITY\\SYSTEM\r\nLogonGuid: {901330d1-6214-614e-e703-000000000000}\r\nLogonId: 0x3E7\r\nTerminalSessionId: 0\r\nIntegrityLevel: System\r\nHashes: MD5=C57C1292650B6384903FE6408D412CFA,SHA256=BE25116A08CCA0D57E9247F2AACE033BFA1FFB6AA9852F9A9F24DBC2BC32D187,IMPHASH=D3A4FC88702D74803DF69E806163F91A\r\nParentProcessGuid: {901330d1-6218-614e-5600-000000004500}\r\nParentProcessId: 3700\r\nParentImage: C:\\ProgramData\\Microsoft\\Windows Defender\\Platform\\4.18.2108.7-0\\MsMpEng.exe\r\nParentCommandLine: \"C:\\ProgramData\\Microsoft\\Windows Defender\\Platform\\4.18.2108.7-0\\MsMpEng.exe\"","Category":"Process Create (rule: ProcessCreate)","Opcode":"Info","RuleName":"-","UtcTime":"2021-09-24 23:51:24.448","ProcessGuid":"{901330d1-647c-614e-0d01-000000004500}","Image":"C:\\Windows\\System32\\wevtutil.exe","FileVersion":"10.0.19041.844 (WinBuild.160101.0800)","Description":"Eventing Command Line Utility","Product":"Microsoft® Windows® Operating System","Company":"Microsoft Corporation","OriginalFileName":"wevtutil.exe","CommandLine":"C:\\Windows\\system32\\wevtutil.exe uninstall-manifest C:\\Windows\\TEMP\\9A2EA2DB-B628-75AE-699C-A923780A4027.man","CurrentDirectory":"C:\\Windows\\system32\\","User":"NT AUTHORITY\\SYSTEM","LogonGuid":"{901330d1-6214-614e-e703-000000000000}","LogonId":"0x3e7","TerminalSessionId":"0","IntegrityLevel":"System","Hashes":"MD5=C57C1292650B6384903FE6408D412CFA,SHA256=BE25116A08CCA0D57E9247F2AACE033BFA1FFB6AA9852F9A9F24DBC2BC32D187,IMPHASH=D3A4FC88702D74803DF69E806163F91A","ParentProcessGuid":"{901330d1-6218-614e-5600-000000004500}","ParentProcessId":"3700","ParentImage":"C:\\ProgramData\\Microsoft\\Windows Defender\\Platform\\4.18.2108.7-0\\MsMpEng.exe","ParentCommandLine":"\"C:\\ProgramData\\Microsoft\\Windows Defender\\Platform\\4.18.2108.7-0\\MsMpEng.exe\"","EventReceivedTime":"2021-09-24 23:51:26","SourceModuleName":"GuruculWindowsFull2016","SourceModuleType":"im_msvistalog"}
{"EventTime":"2021-09-24 23:51:24","Hostname":"THEPUNISHER.MARVEL.local","Keywords":-9214364837600034816,"EventType":"AUDIT_SUCCESS","SeverityValue":2,"Severity":"INFO","EventID":4688,"SourceName":"Microsoft-Windows-Security-Auditing","ProviderGuid":"{54849625-5478-4994-A5BA-3E3B0328C30D}","Version":2,"Task":13312,"OpcodeValue":0,"RecordNumber":7856018,"ProcessID":4,"ThreadID":336,"Channel":"Security","Message":"A new process has been created.\r\n\r\nCreator Subject:\r\n\tSecurity ID:\t\tS-1-5-18\r\n\tAccount Name:\t\tTHEPUNISHER$\r\n\tAccount Domain:\t\tMARVEL\r\n\tLogon ID:\t\t0x3E7\r\n\r\nTarget Subject:\r\n\tSecurity ID:\t\tS-1-0-0\r\n\tAccount Name:\t\t-\r\n\tAccount Domain:\t\t-\r\n\tLogon ID:\t\t0x0\r\n\r\nProcess Information:\r\n\tNew Process ID:\t\t0x1518\r\n\tNew Process Name:\tC:\\Windows\\System32\\conhost.exe\r\n\tToken Elevation Type:\t%%1936\r\n\tMandatory Label:\t\tS-1-16-16384\r\n\tCreator Process ID:\t0xb14\r\n\tCreator Process Name:\tC:\\Windows\\System32\\wevtutil.exe\r\n\tProcess Command Line:\t\r\n\r\nToken Elevation Type indicates the type of token that was assigned to the new process in accordance with User Account Control policy.\r\n\r\nType 1 is a full token with no privileges removed or groups disabled.  A full token is only used if User Account Control is disabled or if the user is the built-in Administrator account or a service account.\r\n\r\nType 2 is an elevated token with no privileges removed or groups disabled.  An elevated token is used when User Account Control is enabled and the user chooses to start the program using Run as administrator.  An elevated token is also used when an application is configured to always require administrative privilege or to always require maximum privilege, and the user is a member of the Administrators group.\r\n\r\nType 3 is a limited token with administrative privileges removed and administrative groups disabled.  The limited token is used when User Account Control is enabled, the application does not require administrative privilege, and the user does not choose to start the program using Run as administrator.","Category":"Process Creation","Opcode":"Info","SubjectUserSid":"S-1-5-18","SubjectUserName":"THEPUNISHER$","SubjectDomainName":"MARVEL","SubjectLogonId":"0x3e7","NewProcessId":"0x1518","NewProcessName":"C:\\Windows\\System32\\conhost.exe","TokenElevationType":"%%1936","TargetUserSid":"S-1-0-0","TargetUserName":"-","TargetDomainName":"-","TargetLogonId":"0x0","ParentProcessName":"C:\\Windows\\System32\\wevtutil.exe","MandatoryLabel":"S-1-16-16384","EventReceivedTime":"2021-09-24 23:51:26","SourceModuleName":"GuruculWindowsFull2016","SourceModuleType":"im_msvistalog"}
{"EventTime":"2021-09-24 23:51:24","Hostname":"THEPUNISHER.MARVEL.local","Keywords":-9214364837600034816,"EventType":"AUDIT_SUCCESS","SeverityValue":2,"Severity":"INFO","EventID":4689,"SourceName":"Microsoft-Windows-Security-Auditing","ProviderGuid":"{54849625-5478-4994-A5BA-3E3B0328C30D}","Version":0,"Task":13313,"OpcodeValue":0,"RecordNumber":7856021,"ProcessID":4,"ThreadID":3584,"Channel":"Security","Message":"A process has exited.\r\n\r\nSubject:\r\n\tSecurity ID:\t\tS-1-5-18\r\n\tAccount Name:\t\tTHEPUNISHER$\r\n\tAccount Domain:\t\tMARVEL\r\n\tLogon ID:\t\t0x3E7\r\n\r\nProcess Information:\r\n\tProcess ID:\t0xb14\r\n\tProcess Name:\tC:\\Windows\\System32\\wevtutil.exe\r\n\tExit Status:\t0x0","Category":"Process Termination","Opcode":"Info","SubjectUserSid":"S-1-5-18","SubjectUserName":"THEPUNISHER$","SubjectDomainName":"MARVEL","SubjectLogonId":"0x3e7","Status":"0x0","ProcessName":"C:\\Windows\\System32\\wevtutil.exe","EventReceivedTime":"2021-09-24 23:51:26","SourceModuleName":"GuruculWindowsFull2016","SourceModuleType":"im_msvistalog"}
{"EventTime":"2021-09-24 23:51:24","Hostname":"THEPUNISHER.MARVEL.local","Keywords":-9214364837600034816,"EventType":"AUDIT_SUCCESS","SeverityValue":2,"Severity":"INFO","EventID":4689,"SourceName":"Microsoft-Windows-Security-Auditing","ProviderGuid":"{54849625-5478-4994-A5BA-3E3B0328C30D}","Version":0,"Task":13313,"OpcodeValue":0,"RecordNumber":7856022,"ProcessID":4,"ThreadID":3584,"Channel":"Security","Message":"A process has exited.\r\n\r\nSubject:\r\n\tSecurity ID:\t\tS-1-5-18\r\n\tAccount Name:\t\tTHEPUNISHER$\r\n\tAccount Domain:\t\tMARVEL\r\n\tLogon ID:\t\t0x3E7\r\n\r\nProcess Information:\r\n\tProcess ID:\t0x1518\r\n\tProcess Name:\tC:\\Windows\\System32\\conhost.exe\r\n\tExit Status:\t0x0","Category":"Process Termination","Opcode":"Info","SubjectUserSid":"S-1-5-18","SubjectUserName":"THEPUNISHER$","SubjectDomainName":"MARVEL","SubjectLogonId":"0x3e7","Status":"0x0","ProcessName":"C:\\Windows\\System32\\conhost.exe","EventReceivedTime":"2021-09-24 23:51:26","SourceModuleName":"GuruculWindowsFull2016","SourceModuleType":"im_msvistalog"}
{"EventTime":"2021-09-24 23:51:24","Hostname":"THEPUNISHER.MARVEL.local","Keywords":-9214364837600034816,"EventType":"AUDIT_SUCCESS","SeverityValue":2,"Severity":"INFO","EventID":4688,"SourceName":"Microsoft-Windows-Security-Auditing","ProviderGuid":"{54849625-5478-4994-A5BA-3E3B0328C30D}","Version":2,"Task":13312,"OpcodeValue":0,"RecordNumber":7856023,"ProcessID":4,"ThreadID":336,"Channel":"Security","Message":"A new process has been created.\r\n\r\nCreator Subject:\r\n\tSecurity ID:\t\tS-1-5-18\r\n\tAccount Name:\t\tTHEPUNISHER$\r\n\tAccount Domain:\t\tMARVEL\r\n\tLogon ID:\t\t0x3E7\r\n\r\nTarget Subject:\r\n\tSecurity ID:\t\tS-1-0-0\r\n\tAccount Name:\t\t-\r\n\tAccount Domain:\t\t-\r\n\tLogon ID:\t\t0x0\r\n\r\nProcess Information:\r\n\tNew Process ID:\t\t0x1218\r\n\tNew Process Name:\tC:\\Windows\\System32\\wevtutil.exe\r\n\tToken Elevation Type:\t%%1936\r\n\tMandatory Label:\t\tS-1-16-16384\r\n\tCreator Process ID:\t0xe74\r\n\tCreator Process Name:\tC:\\ProgramData\\Microsoft\\Windows Defender\\Platform\\4.18.2108.7-0\\MsMpEng.exe\r\n\tProcess Command Line:\t\r\n\r\nToken Elevation Type indicates the type of token that was assigned to the new process in accordance with User Account Control policy.\r\n\r\nType 1 is a full token with no privileges removed or groups disabled.  A full token is only used if User Account Control is disabled or if the user is the built-in Administrator account or a service account.\r\n\r\nType 2 is an elevated token with no privileges removed or groups disabled.  An elevated token is used when User Account Control is enabled and the user chooses to start the program using Run as administrator.  An elevated token is also used when an application is configured to always require administrative privilege or to always require maximum privilege, and the user is a member of the Administrators group.\r\n\r\nType 3 is a limited token with administrative privileges removed and administrative groups disabled.  The limited token is used when User Account Control is enabled, the application does not require administrative privilege, and the user does not choose to start the program using Run as administrator.","Category":"Process Creation","Opcode":"Info","SubjectUserSid":"S-1-5-18","SubjectUserName":"THEPUNISHER$","SubjectDomainName":"MARVEL","SubjectLogonId":"0x3e7","NewProcessId":"0x1218","NewProcessName":"C:\\Windows\\System32\\wevtutil.exe","TokenElevationType":"%%1936","TargetUserSid":"S-1-0-0","TargetUserName":"-","TargetDomainName":"-","TargetLogonId":"0x0","ParentProcessName":"C:\\ProgramData\\Microsoft\\Windows Defender\\Platform\\4.18.2108.7-0\\MsMpEng.exe","MandatoryLabel":"S-1-16-16384","EventReceivedTime":"2021-09-24 23:51:26","SourceModuleName":"GuruculWindowsFull2016","SourceModuleType":"im_msvistalog"}
{"EventTime":"2021-09-24 23:51:24","Hostname":"THEPUNISHER.MARVEL.local","Keywords":-9223372036854775808,"EventType":"INFO","SeverityValue":2,"Severity":"INFO","EventID":1,"SourceName":"Microsoft-Windows-Sysmon","ProviderGuid":"{5770385F-C22A-43E0-BF4C-06F5698FFBD9}","Version":5,"Task":1,"OpcodeValue":0,"RecordNumber":33960,"ProcessID":3632,"ThreadID":4444,"Channel":"Microsoft-Windows-Sysmon/Operational","Domain":"NT AUTHORITY","AccountName":"SYSTEM","UserID":"S-1-5-18","AccountType":"User","Message":"Process Create:\r\nRuleName: -\r\nUtcTime: 2021-09-24 23:51:24.549\r\nProcessGuid: {901330d1-647c-614e-0f01-000000004500}\r\nProcessId: 4632\r\nImage: C:\\Windows\\System32\\wevtutil.exe\r\nFileVersion: 10.0.19041.844 (WinBuild.160101.0800)\r\nDescription: Eventing Command Line Utility\r\nProduct: Microsoft® Windows® Operating System\r\nCompany: Microsoft Corporation\r\nOriginalFileName: wevtutil.exe\r\nCommandLine: C:\\Windows\\system32\\wevtutil.exe install-manifest C:\\Windows\\TEMP\\9A2EA2DB-B628-75AE-699C-A923780A4027.man \"/resourceFilePath:C:\\ProgramData\\Microsoft\\Windows Defender\\Definition Updates\\StableEngineEtwLocation\\mpengine_etw.dll\" \"/messageFilePath:C:\\ProgramData\\Microsoft\\Windows Defender\\Definition Updates\\StableEngineEtwLocation\\mpengine_etw.dll\" \"/parameterFilePath:C:\\ProgramData\\Microsoft\\Windows Defender\\Definition Updates\\StableEngineEtwLocation\\mpengine_etw.dll\"\r\nCurrentDirectory: C:\\Windows\\system32\\\r\nUser: NT AUTHORITY\\SYSTEM\r\nLogonGuid: {901330d1-6214-614e-e703-000000000000}\r\nLogonId: 0x3E7\r\nTerminalSessionId: 0\r\nIntegrityLevel: System\r\nHashes: MD5=C57C1292650B6384903FE6408D412CFA,SHA256=BE25116A08CCA0D57E9247F2AACE033BFA1FFB6AA9852F9A9F24DBC2BC32D187,IMPHASH=D3A4FC88702D74803DF69E806163F91A\r\nParentProcessGuid: {901330d1-6218-614e-5600-000000004500}\r\nParentProcessId: 3700\r\nParentImage: C:\\ProgramData\\Microsoft\\Windows Defender\\Platform\\4.18.2108.7-0\\MsMpEng.exe\r\nParentCommandLine: \"C:\\ProgramData\\Microsoft\\Windows Defender\\Platform\\4.18.2108.7-0\\MsMpEng.exe\"","Category":"Process Create (rule: ProcessCreate)","Opcode":"Info","RuleName":"-","UtcTime":"2021-09-24 23:51:24.549","ProcessGuid":"{901330d1-647c-614e-0f01-000000004500}","Image":"C:\\Windows\\System32\\wevtutil.exe","FileVersion":"10.0.19041.844 (WinBuild.160101.0800)","Description":"Eventing Command Line Utility","Product":"Microsoft® Windows® Operating System","Company":"Microsoft Corporation","OriginalFileName":"wevtutil.exe","CommandLine":"C:\\Windows\\system32\\wevtutil.exe install-manifest C:\\Windows\\TEMP\\9A2EA2DB-B628-75AE-699C-A923780A4027.man \"/resourceFilePath:C:\\ProgramData\\Microsoft\\Windows Defender\\Definition Updates\\StableEngineEtwLocation\\mpengine_etw.dll\" \"/messageFilePath:C:\\ProgramData\\Microsoft\\Windows Defender\\Definition Updates\\StableEngineEtwLocation\\mpengine_etw.dll\" \"/parameterFilePath:C:\\ProgramData\\Microsoft\\Windows Defender\\Definition Updates\\StableEngineEtwLocation\\mpengine_etw.dll\"","CurrentDirectory":"C:\\Windows\\system32\\","User":"NT AUTHORITY\\SYSTEM","LogonGuid":"{901330d1-6214-614e-e703-000000000000}","LogonId":"0x3e7","TerminalSessionId":"0","IntegrityLevel":"System","Hashes":"MD5=C57C1292650B6384903FE6408D412CFA,SHA256=BE25116A08CCA0D57E9247F2AACE033BFA1FFB6AA9852F9A9F24DBC2BC32D187,IMPHASH=D3A4FC88702D74803DF69E806163F91A","ParentProcessGuid":"{901330d1-6218-614e-5600-000000004500}","ParentProcessId":"3700","ParentImage":"C:\\ProgramData\\Microsoft\\Windows Defender\\Platform\\4.18.2108.7-0\\MsMpEng.exe","ParentCommandLine":"\"C:\\ProgramData\\Microsoft\\Windows Defender\\Platform\\4.18.2108.7-0\\MsMpEng.exe\"","EventReceivedTime":"2021-09-24 23:51:26","SourceModuleName":"GuruculWindowsFull2016","SourceModuleType":"im_msvistalog"}
{"EventTime":"2021-09-24 23:51:24","Hostname":"THEPUNISHER.MARVEL.local","Keywords":-9214364837600034816,"EventType":"AUDIT_SUCCESS","SeverityValue":2,"Severity":"INFO","EventID":4688,"SourceName":"Microsoft-Windows-Security-Auditing","ProviderGuid":"{54849625-5478-4994-A5BA-3E3B0328C30D}","Version":2,"Task":13312,"OpcodeValue":0,"RecordNumber":7856024,"ProcessID":4,"ThreadID":336,"Channel":"Security","Message":"A new process has been created.\r\n\r\nCreator Subject:\r\n\tSecurity ID:\t\tS-1-5-18\r\n\tAccount Name:\t\tTHEPUNISHER$\r\n\tAccount Domain:\t\tMARVEL\r\n\tLogon ID:\t\t0x3E7\r\n\r\nTarget Subject:\r\n\tSecurity ID:\t\tS-1-0-0\r\n\tAccount Name:\t\t-\r\n\tAccount Domain:\t\t-\r\n\tLogon ID:\t\t0x0\r\n\r\nProcess Information:\r\n\tNew Process ID:\t\t0x17f8\r\n\tNew Process Name:\tC:\\Windows\\System32\\conhost.exe\r\n\tToken Elevation Type:\t%%1936\r\n\tMandatory Label:\t\tS-1-16-16384\r\n\tCreator Process ID:\t0x1218\r\n\tCreator Process Name:\tC:\\Windows\\System32\\wevtutil.exe\r\n\tProcess Command Line:\t\r\n\r\nToken Elevation Type indicates the type of token that was assigned to the new process in accordance with User Account Control policy.\r\n\r\nType 1 is a full token with no privileges removed or groups disabled.  A full token is only used if User Account Control is disabled or if the user is the built-in Administrator account or a service account.\r\n\r\nType 2 is an elevated token with no privileges removed or groups disabled.  An elevated token is used when User Account Control is enabled and the user chooses to start the program using Run as administrator.  An elevated token is also used when an application is configured to always require administrative privilege or to always require maximum privilege, and the user is a member of the Administrators group.\r\n\r\nType 3 is a limited token with administrative privileges removed and administrative groups disabled.  The limited token is used when User Account Control is enabled, the application does not require administrative privilege, and the user does not choose to start the program using Run as administrator.","Category":"Process Creation","Opcode":"Info","SubjectUserSid":"S-1-5-18","SubjectUserName":"THEPUNISHER$","SubjectDomainName":"MARVEL","SubjectLogonId":"0x3e7","NewProcessId":"0x17f8","NewProcessName":"C:\\Windows\\System32\\conhost.exe","TokenElevationType":"%%1936","TargetUserSid":"S-1-0-0","TargetUserName":"-","TargetDomainName":"-","TargetLogonId":"0x0","ParentProcessName":"C:\\Windows\\System32\\wevtutil.exe","MandatoryLabel":"S-1-16-16384","EventReceivedTime":"2021-09-24 23:51:26","SourceModuleName":"GuruculWindowsFull2016","SourceModuleType":"im_msvistalog"}
{"EventTime":"2021-09-24 23:51:24","Hostname":"THEPUNISHER.MARVEL.local","Keywords":-9214364837600034816,"EventType":"AUDIT_SUCCESS","SeverityValue":2,"Severity":"INFO","EventID":4689,"SourceName":"Microsoft-Windows-Security-Auditing","ProviderGuid":"{54849625-5478-4994-A5BA-3E3B0328C30D}","Version":0,"Task":13313,"OpcodeValue":0,"RecordNumber":7856027,"ProcessID":4,"ThreadID":3584,"Channel":"Security","Message":"A process has exited.\r\n\r\nSubject:\r\n\tSecurity ID:\t\tS-1-5-18\r\n\tAccount Name:\t\tTHEPUNISHER$\r\n\tAccount Domain:\t\tMARVEL\r\n\tLogon ID:\t\t0x3E7\r\n\r\nProcess Information:\r\n\tProcess ID:\t0x1218\r\n\tProcess Name:\tC:\\Windows\\System32\\wevtutil.exe\r\n\tExit Status:\t0x0","Category":"Process Termination","Opcode":"Info","SubjectUserSid":"S-1-5-18","SubjectUserName":"THEPUNISHER$","SubjectDomainName":"MARVEL","SubjectLogonId":"0x3e7","Status":"0x0","ProcessName":"C:\\Windows\\System32\\wevtutil.exe","EventReceivedTime":"2021-09-24 23:51:26","SourceModuleName":"GuruculWindowsFull2016","SourceModuleType":"im_msvistalog"}
{"EventTime":"2021-09-24 23:51:24","Hostname":"THEPUNISHER.MARVEL.local","Keywords":-9214364837600034816,"EventType":"AUDIT_SUCCESS","SeverityValue":2,"Severity":"INFO","EventID":4689,"SourceName":"Microsoft-Windows-Security-Auditing","ProviderGuid":"{54849625-5478-4994-A5BA-3E3B0328C30D}","Version":0,"Task":13313,"OpcodeValue":0,"RecordNumber":7856028,"ProcessID":4,"ThreadID":336,"Channel":"Security","Message":"A process has exited.\r\n\r\nSubject:\r\n\tSecurity ID:\t\tS-1-5-18\r\n\tAccount Name:\t\tTHEPUNISHER$\r\n\tAccount Domain:\t\tMARVEL\r\n\tLogon ID:\t\t0x3E7\r\n\r\nProcess Information:\r\n\tProcess ID:\t0x17f8\r\n\tProcess Name:\tC:\\Windows\\System32\\conhost.exe\r\n\tExit Status:\t0x0","Category":"Process Termination","Opcode":"Info","SubjectUserSid":"S-1-5-18","SubjectUserName":"THEPUNISHER$","SubjectDomainName":"MARVEL","SubjectLogonId":"0x3e7","Status":"0x0","ProcessName":"C:\\Windows\\System32\\conhost.exe","EventReceivedTime":"2021-09-24 23:51:26","SourceModuleName":"GuruculWindowsFull2016","SourceModuleType":"im_msvistalog"}
{"EventTime":"2021-09-24 23:51:28","Hostname":"THEPUNISHER.MARVEL.local","Keywords":-9223372036854775808,"EventType":"INFO","SeverityValue":2,"Severity":"INFO","EventID":13,"SourceName":"Microsoft-Windows-Sysmon","ProviderGuid":"{5770385F-C22A-43E0-BF4C-06F5698FFBD9}","Version":2,"Task":13,"OpcodeValue":0,"RecordNumber":33961,"ProcessID":3632,"ThreadID":4444,"Channel":"Microsoft-Windows-Sysmon/Operational","Domain":"NT AUTHORITY","AccountName":"SYSTEM","UserID":"S-1-5-18","AccountType":"User","Message":"Registry value set:\r\nRuleName: T1031,T1050\r\nEventType: SetValue\r\nUtcTime: 2021-09-24 23:51:28.729\r\nProcessGuid: {901330d1-6214-614e-0b00-000000004500}\r\nProcessId: 684\r\nImage: C:\\Windows\\system32\\services.exe\r\nTargetObject: HKLM\\System\\CurrentControlSet\\Services\\WdNisDrv\\Start\r\nDetails: DWORD (0x00000003)","Category":"Registry value set (rule: RegistryEvent)","Opcode":"Info","RuleName":"T1031,T1050","UtcTime":"2021-09-24 23:51:28.729","ProcessGuid":"{901330d1-6214-614e-0b00-000000004500}","Image":"C:\\Windows\\system32\\services.exe","TargetObject":"HKLM\\System\\CurrentControlSet\\Services\\WdNisDrv\\Start","Details":"DWORD (0x00000003)","EventReceivedTime":"2021-09-24 23:51:30","SourceModuleName":"GuruculWindowsFull2016","SourceModuleType":"im_msvistalog"}
{"EventTime":"2021-09-24 23:51:28","Hostname":"THEPUNISHER.MARVEL.local","Keywords":-9214364837600034816,"EventType":"AUDIT_SUCCESS","SeverityValue":2,"Severity":"INFO","EventID":4689,"SourceName":"Microsoft-Windows-Security-Auditing","ProviderGuid":"{54849625-5478-4994-A5BA-3E3B0328C30D}","Version":0,"Task":13313,"OpcodeValue":0,"RecordNumber":7856029,"ProcessID":4,"ThreadID":3584,"Channel":"Security","Message":"A process has exited.\r\n\r\nSubject:\r\n\tSecurity ID:\t\tS-1-5-20\r\n\tAccount Name:\t\tTHEPUNISHER$\r\n\tAccount Domain:\t\tMARVEL\r\n\tLogon ID:\t\t0x3E4\r\n\r\nProcess Information:\r\n\tProcess ID:\t0xc5c\r\n\tProcess Name:\tC:\\Windows\\SERVIC~1\\NETWOR~1\\AppData\\Local\\Temp\\CE3E7EDB-C22D-4A9A-8DD4-7611750C1D62\\MpSigStub.exe\r\n\tExit Status:\t0x0","Category":"Process Termination","Opcode":"Info","SubjectUserSid":"S-1-5-20","SubjectUserName":"THEPUNISHER$","SubjectDomainName":"MARVEL","SubjectLogonId":"0x3e4","Status":"0x0","ProcessName":"C:\\Windows\\SERVIC~1\\NETWOR~1\\AppData\\Local\\Temp\\CE3E7EDB-C22D-4A9A-8DD4-7611750C1D62\\MpSigStub.exe","EventReceivedTime":"2021-09-24 23:51:30","SourceModuleName":"GuruculWindowsFull2016","SourceModuleType":"im_msvistalog"}
{"EventTime":"2021-09-24 23:51:28","Hostname":"THEPUNISHER.MARVEL.local","Keywords":-9214364837600034816,"EventType":"AUDIT_SUCCESS","SeverityValue":2,"Severity":"INFO","EventID":4689,"SourceName":"Microsoft-Windows-Security-Auditing","ProviderGuid":"{54849625-5478-4994-A5BA-3E3B0328C30D}","Version":0,"Task":13313,"OpcodeValue":0,"RecordNumber":7856030,"ProcessID":4,"ThreadID":3584,"Channel":"Security","Message":"A process has exited.\r\n\r\nSubject:\r\n\tSecurity ID:\t\tS-1-5-20\r\n\tAccount Name:\t\tTHEPUNISHER$\r\n\tAccount Domain:\t\tMARVEL\r\n\tLogon ID:\t\t0x3E4\r\n\r\nProcess Information:\r\n\tProcess ID:\t0x10cc\r\n\tProcess Name:\tC:\\Windows\\SERVIC~1\\NETWOR~1\\AppData\\Local\\Temp\\mpam-86ab37f4.exe\r\n\tExit Status:\t0x0","Category":"Process Termination","Opcode":"Info","SubjectUserSid":"S-1-5-20","SubjectUserName":"THEPUNISHER$","SubjectDomainName":"MARVEL","SubjectLogonId":"0x3e4","Status":"0x0","ProcessName":"C:\\Windows\\SERVIC~1\\NETWOR~1\\AppData\\Local\\Temp\\mpam-86ab37f4.exe","EventReceivedTime":"2021-09-24 23:51:30","SourceModuleName":"GuruculWindowsFull2016","SourceModuleType":"im_msvistalog"}
{"EventTime":"2021-09-24 23:51:28","Hostname":"THEPUNISHER.MARVEL.local","Keywords":-9223372036854775808,"EventType":"INFO","SeverityValue":2,"Severity":"INFO","EventID":11,"SourceName":"Microsoft-Windows-Sysmon","ProviderGuid":"{5770385F-C22A-43E0-BF4C-06F5698FFBD9}","Version":2,"Task":11,"OpcodeValue":0,"RecordNumber":33962,"ProcessID":3632,"ThreadID":4444,"Channel":"Microsoft-Windows-Sysmon/Operational","Domain":"NT AUTHORITY","AccountName":"SYSTEM","UserID":"S-1-5-18","AccountType":"User","Message":"File created:\r\nRuleName: EXE\r\nUtcTime: 2021-09-24 23:51:28.841\r\nProcessGuid: {901330d1-6478-614e-0a01-000000004500}\r\nProcessId: 2648\r\nImage: C:\\ProgramData\\Microsoft\\Windows Defender\\Platform\\4.18.2108.7-0\\MpCmdRun.exe\r\nTargetFilename: C:\\Windows\\SERVIC~1\\NETWOR~1\\AppData\\Local\\Temp\\mpam-770e85a8.exe\r\nCreationUtcTime: 2021-09-24 23:51:28.841","Category":"File created (rule: FileCreate)","Opcode":"Info","RuleName":"EXE","UtcTime":"2021-09-24 23:51:28.841","ProcessGuid":"{901330d1-6478-614e-0a01-000000004500}","Image":"C:\\ProgramData\\Microsoft\\Windows Defender\\Platform\\4.18.2108.7-0\\MpCmdRun.exe","TargetFilename":"C:\\Windows\\SERVIC~1\\NETWOR~1\\AppData\\Local\\Temp\\mpam-770e85a8.exe","CreationUtcTime":"2021-09-24 23:51:28.841","EventReceivedTime":"2021-09-24 23:51:30","SourceModuleName":"GuruculWindowsFull2016","SourceModuleType":"im_msvistalog"}
{"EventTime":"2021-09-24 23:51:28","Hostname":"THEPUNISHER.MARVEL.local","Keywords":-9214364837600034816,"EventType":"AUDIT_SUCCESS","SeverityValue":2,"Severity":"INFO","EventID":5156,"SourceName":"Microsoft-Windows-Security-Auditing","ProviderGuid":"{54849625-5478-4994-A5BA-3E3B0328C30D}","Version":1,"Task":12810,"OpcodeValue":0,"RecordNumber":7856033,"ProcessID":4,"ThreadID":3584,"Channel":"Security","Message":"The Windows Filtering Platform has permitted a connection.\r\n\r\nApplication Information:\r\n\tProcess ID:\t\t1356\r\n\tApplication Name:\t\\device\\harddiskvolume3\\windows\\system32\\svchost.exe\r\n\r\nNetwork Information:\r\n\tDirection:\t\tOutbound\r\n\tSource Address:\t\t192.168.118.138\r\n\tSource Port:\t\t56195\r\n\tDestination Address:\t192.168.118.200\r\n\tDestination Port:\t\t53\r\n\tProtocol:\t\t17\r\n\r\nFilter Information:\r\n\tFilter Run-Time ID:\t0\r\n\tLayer Name:\t\tConnect\r\n\tLayer Run-Time ID:\t48","Category":"Filtering Platform Connection","Opcode":"Info","Application":"\\device\\harddiskvolume3\\windows\\system32\\svchost.exe","Direction":"%%14593","SourceAddress":"192.168.118.138","SourcePort":"56195","DestAddress":"192.168.118.200","DestPort":"53","Protocol":"17","FilterRTID":"0","LayerName":"%%14611","LayerRTID":"48","RemoteUserID":"S-1-0-0","RemoteMachineID":"S-1-0-0","EventReceivedTime":"2021-09-24 23:51:30","SourceModuleName":"GuruculWindowsFull2016","SourceModuleType":"im_msvistalog"}
{"EventTime":"2021-09-24 23:51:28","Hostname":"THEPUNISHER.MARVEL.local","Keywords":-9214364837600034816,"EventType":"AUDIT_SUCCESS","SeverityValue":2,"Severity":"INFO","EventID":5156,"SourceName":"Microsoft-Windows-Security-Auditing","ProviderGuid":"{54849625-5478-4994-A5BA-3E3B0328C30D}","Version":1,"Task":12810,"OpcodeValue":0,"RecordNumber":7856034,"ProcessID":4,"ThreadID":3584,"Channel":"Security","Message":"The Windows Filtering Platform has permitted a connection.\r\n\r\nApplication Information:\r\n\tProcess ID:\t\t2648\r\n\tApplication Name:\t\\device\\harddiskvolume3\\programdata\\microsoft\\windows defender\\platform\\4.18.2108.7-0\\mpcmdrun.exe\r\n\r\nNetwork Information:\r\n\tDirection:\t\tOutbound\r\n\tSource Address:\t\t192.168.118.138\r\n\tSource Port:\t\t51279\r\n\tDestination Address:\t23.35.182.94\r\n\tDestination Port:\t\t443\r\n\tProtocol:\t\t6\r\n\r\nFilter Information:\r\n\tFilter Run-Time ID:\t0\r\n\tLayer Name:\t\tConnect\r\n\tLayer Run-Time ID:\t48","Category":"Filtering Platform Connection","Opcode":"Info","Application":"\\device\\harddiskvolume3\\programdata\\microsoft\\windows defender\\platform\\4.18.2108.7-0\\mpcmdrun.exe","Direction":"%%14593","SourceAddress":"192.168.118.138","SourcePort":"51279","DestAddress":"23.35.182.94","DestPort":"443","Protocol":"6","FilterRTID":"0","LayerName":"%%14611","LayerRTID":"48","RemoteUserID":"S-1-0-0","RemoteMachineID":"S-1-0-0","EventReceivedTime":"2021-09-24 23:51:30","SourceModuleName":"GuruculWindowsFull2016","SourceModuleType":"im_msvistalog"}
{"EventTime":"2021-09-24 23:51:29","Hostname":"THEPUNISHER.MARVEL.local","Keywords":-9214364837600034816,"EventType":"AUDIT_SUCCESS","SeverityValue":2,"Severity":"INFO","EventID":4689,"SourceName":"Microsoft-Windows-Security-Auditing","ProviderGuid":"{54849625-5478-4994-A5BA-3E3B0328C30D}","Version":0,"Task":13313,"OpcodeValue":0,"RecordNumber":7856035,"ProcessID":4,"ThreadID":4288,"Channel":"Security","Message":"A process has exited.\r\n\r\nSubject:\r\n\tSecurity ID:\t\tS-1-5-20\r\n\tAccount Name:\t\tTHEPUNISHER$\r\n\tAccount Domain:\t\tMARVEL\r\n\tLogon ID:\t\t0x3E4\r\n\r\nProcess Information:\r\n\tProcess ID:\t0x988\r\n\tProcess Name:\tC:\\ProgramData\\Microsoft\\Windows Defender\\Platform\\4.18.2108.7-0\\MpCmdRun.exe\r\n\tExit Status:\t0x0","Category":"Process Termination","Opcode":"Info","SubjectUserSid":"S-1-5-20","SubjectUserName":"THEPUNISHER$","SubjectDomainName":"MARVEL","SubjectLogonId":"0x3e4","Status":"0x0","ProcessName":"C:\\ProgramData\\Microsoft\\Windows Defender\\Platform\\4.18.2108.7-0\\MpCmdRun.exe","EventReceivedTime":"2021-09-24 23:51:30","SourceModuleName":"GuruculWindowsFull2016","SourceModuleType":"im_msvistalog"}
{"EventTime":"2021-09-24 23:51:29","Hostname":"THEPUNISHER.MARVEL.local","Keywords":-9214364837600034816,"EventType":"AUDIT_SUCCESS","SeverityValue":2,"Severity":"INFO","EventID":4689,"SourceName":"Microsoft-Windows-Security-Auditing","ProviderGuid":"{54849625-5478-4994-A5BA-3E3B0328C30D}","Version":0,"Task":13313,"OpcodeValue":0,"RecordNumber":7856036,"ProcessID":4,"ThreadID":4288,"Channel":"Security","Message":"A process has exited.\r\n\r\nSubject:\r\n\tSecurity ID:\t\tS-1-5-20\r\n\tAccount Name:\t\tTHEPUNISHER$\r\n\tAccount Domain:\t\tMARVEL\r\n\tLogon ID:\t\t0x3E4\r\n\r\nProcess Information:\r\n\tProcess ID:\t0xa58\r\n\tProcess Name:\tC:\\ProgramData\\Microsoft\\Windows Defender\\Platform\\4.18.2108.7-0\\MpCmdRun.exe\r\n\tExit Status:\t0x0","Category":"Process Termination","Opcode":"Info","SubjectUserSid":"S-1-5-20","SubjectUserName":"THEPUNISHER$","SubjectDomainName":"MARVEL","SubjectLogonId":"0x3e4","Status":"0x0","ProcessName":"C:\\ProgramData\\Microsoft\\Windows Defender\\Platform\\4.18.2108.7-0\\MpCmdRun.exe","EventReceivedTime":"2021-09-24 23:51:30","SourceModuleName":"GuruculWindowsFull2016","SourceModuleType":"im_msvistalog"}
{"EventTime":"2021-09-24 23:51:39","Hostname":"THEPUNISHER.MARVEL.local","Keywords":-9214364837600034816,"EventType":"AUDIT_SUCCESS","SeverityValue":2,"Severity":"INFO","EventID":4689,"SourceName":"Microsoft-Windows-Security-Auditing","ProviderGuid":"{54849625-5478-4994-A5BA-3E3B0328C30D}","Version":0,"Task":13313,"OpcodeValue":0,"RecordNumber":7856048,"ProcessID":4,"ThreadID":5440,"Channel":"Security","Message":"A process has exited.\r\n\r\nSubject:\r\n\tSecurity ID:\t\tS-1-5-18\r\n\tAccount Name:\t\tTHEPUNISHER$\r\n\tAccount Domain:\t\tMARVEL\r\n\tLogon ID:\t\t0x3E7\r\n\r\nProcess Information:\r\n\tProcess ID:\t0x1604\r\n\tProcess Name:\tC:\\Windows\\System32\\svchost.exe\r\n\tExit Status:\t0x0","Category":"Process Termination","Opcode":"Info","SubjectUserSid":"S-1-5-18","SubjectUserName":"THEPUNISHER$","SubjectDomainName":"MARVEL","SubjectLogonId":"0x3e7","Status":"0x0","ProcessName":"C:\\Windows\\System32\\svchost.exe","EventReceivedTime":"2021-09-24 23:51:41","SourceModuleName":"GuruculWindowsFull2016","SourceModuleType":"im_msvistalog"}
{"EventTime":"2021-09-24 23:52:06","Hostname":"THEPUNISHER.MARVEL.local","Keywords":-9214364837600034816,"EventType":"AUDIT_SUCCESS","SeverityValue":2,"Severity":"INFO","EventID":4689,"SourceName":"Microsoft-Windows-Security-Auditing","ProviderGuid":"{54849625-5478-4994-A5BA-3E3B0328C30D}","Version":0,"Task":13313,"OpcodeValue":0,"RecordNumber":7856060,"ProcessID":4,"ThreadID":336,"Channel":"Security","Message":"A process has exited.\r\n\r\nSubject:\r\n\tSecurity ID:\t\tS-1-5-18\r\n\tAccount Name:\t\tTHEPUNISHER$\r\n\tAccount Domain:\t\tMARVEL\r\n\tLogon ID:\t\t0x3E7\r\n\r\nProcess Information:\r\n\tProcess ID:\t0x7e8\r\n\tProcess Name:\tC:\\Windows\\System32\\svchost.exe\r\n\tExit Status:\t0x0","Category":"Process Termination","Opcode":"Info","SubjectUserSid":"S-1-5-18","SubjectUserName":"THEPUNISHER$","SubjectDomainName":"MARVEL","SubjectLogonId":"0x3e7","Status":"0x0","ProcessName":"C:\\Windows\\System32\\svchost.exe","EventReceivedTime":"2021-09-24 23:52:08","SourceModuleName":"GuruculWindowsFull2016","SourceModuleType":"im_msvistalog"}
{"EventTime":"2021-09-24 23:52:19","Hostname":"THEPUNISHER.MARVEL.local","Keywords":-9214364837600034816,"EventType":"AUDIT_SUCCESS","SeverityValue":2,"Severity":"INFO","EventID":4658,"SourceName":"Microsoft-Windows-Security-Auditing","ProviderGuid":"{54849625-5478-4994-A5BA-3E3B0328C30D}","Version":0,"Task":12802,"OpcodeValue":0,"RecordNumber":7856073,"ProcessID":4,"ThreadID":336,"Channel":"Security","Message":"The handle to an object was closed.\r\n\r\nSubject :\r\n\tSecurity ID:\t\tS-1-5-18\r\n\tAccount Name:\t\tTHEPUNISHER$\r\n\tAccount Domain:\t\tMARVEL\r\n\tLogon ID:\t\t0x3E7\r\n\r\nObject:\r\n\tObject Server:\t\tSecurity\r\n\tHandle ID:\t\t0x294c\r\n\r\nProcess Information:\r\n\tProcess ID:\t\t0xe74\r\n\tProcess Name:\t\tC:\\ProgramData\\Microsoft\\Windows Defender\\Platform\\4.18.2108.7-0\\MsMpEng.exe","Category":"Kernel Object","Opcode":"Info","SubjectUserSid":"S-1-5-18","SubjectUserName":"THEPUNISHER$","SubjectDomainName":"MARVEL","SubjectLogonId":"0x3e7","ObjectServer":"Security","HandleId":"0x294c","ProcessName":"C:\\ProgramData\\Microsoft\\Windows Defender\\Platform\\4.18.2108.7-0\\MsMpEng.exe","EventReceivedTime":"2021-09-24 23:52:21","SourceModuleName":"GuruculWindowsFull2016","SourceModuleType":"im_msvistalog"}
{"EventTime":"2021-09-24 23:52:19","Hostname":"THEPUNISHER.MARVEL.local","Keywords":-9214364837600034816,"EventType":"AUDIT_SUCCESS","SeverityValue":2,"Severity":"INFO","EventID":4656,"SourceName":"Microsoft-Windows-Security-Auditing","ProviderGuid":"{54849625-5478-4994-A5BA-3E3B0328C30D}","Version":1,"Task":12802,"OpcodeValue":0,"RecordNumber":7856074,"ProcessID":4,"ThreadID":336,"Channel":"Security","Message":"A handle to an object was requested.\r\n\r\nSubject:\r\n\tSecurity ID:\t\tS-1-5-18\r\n\tAccount Name:\t\tTHEPUNISHER$\r\n\tAccount Domain:\t\tMARVEL\r\n\tLogon ID:\t\t0x3E7\r\n\r\nObject:\r\n\tObject Server:\t\tSecurity\r\n\tObject Type:\t\tProcess\r\n\tObject Name:\t\t\\Device\\HarddiskVolume3\\Windows\\System32\\lsass.exe\r\n\tHandle ID:\t\t0x9fc\r\n\tResource Attributes:\t-\r\n\r\nProcess Information:\r\n\tProcess ID:\t\t0xe74\r\n\tProcess Name:\t\tC:\\ProgramData\\Microsoft\\Windows Defender\\Platform\\4.18.2108.7-0\\MsMpEng.exe\r\n\r\nAccess Request Information:\r\n\tTransaction ID:\t\t{00000000-0000-0000-0000-000000000000}\r\n\tAccesses:\t\tPerform virtual memory operation\r\n\t\t\t\tRead from process memory\r\n\t\t\t\tQuery process information\r\n\t\t\t\tUndefined Access (no effect) Bit 12\r\n\t\t\t\t\r\n\tAccess Reasons:\t\t-\r\n\tAccess Mask:\t\t0x1418\r\n\tPrivileges Used for Access Check:\t-\r\n\tRestricted SID Count:\t0","Category":"Kernel Object","Opcode":"Info","SubjectUserSid":"S-1-5-18","SubjectUserName":"THEPUNISHER$","SubjectDomainName":"MARVEL","SubjectLogonId":"0x3e7","ObjectServer":"Security","ObjectType":"Process","ObjectName":"\\Device\\HarddiskVolume3\\Windows\\System32\\lsass.exe","HandleId":"0x9fc","TransactionId":"{00000000-0000-0000-0000-000000000000}","AccessList":"%%4483\r\n\t\t\t\t%%4484\r\n\t\t\t\t%%4490\r\n\t\t\t\t%%4492\r\n\t\t\t\t","AccessReason":"-","AccessMask":"0x1418","PrivilegeList":"-","RestrictedSidCount":"0","ProcessName":"C:\\ProgramData\\Microsoft\\Windows Defender\\Platform\\4.18.2108.7-0\\MsMpEng.exe","ResourceAttributes":"-","EventReceivedTime":"2021-09-24 23:52:21","SourceModuleName":"GuruculWindowsFull2016","SourceModuleType":"im_msvistalog"}
{"EventTime":"2021-09-24 23:52:19","Hostname":"THEPUNISHER.MARVEL.local","Keywords":-9214364837600034816,"EventType":"AUDIT_SUCCESS","SeverityValue":2,"Severity":"INFO","EventID":4663,"SourceName":"Microsoft-Windows-Security-Auditing","ProviderGuid":"{54849625-5478-4994-A5BA-3E3B0328C30D}","Version":1,"Task":12802,"OpcodeValue":0,"RecordNumber":7856075,"ProcessID":4,"ThreadID":336,"Channel":"Security","Message":"An attempt was made to access an object.\r\n\r\nSubject:\r\n\tSecurity ID:\t\tS-1-5-18\r\n\tAccount Name:\t\tTHEPUNISHER$\r\n\tAccount Domain:\t\tMARVEL\r\n\tLogon ID:\t\t0x3E7\r\n\r\nObject:\r\n\tObject Server:\t\tSecurity\r\n\tObject Type:\t\tProcess\r\n\tObject Name:\t\t\\Device\\HarddiskVolume3\\Windows\\System32\\lsass.exe\r\n\tHandle ID:\t\t0x9fc\r\n\tResource Attributes:\t-\r\n\r\nProcess Information:\r\n\tProcess ID:\t\t0xe74\r\n\tProcess Name:\t\tC:\\ProgramData\\Microsoft\\Windows Defender\\Platform\\4.18.2108.7-0\\MsMpEng.exe\r\n\r\nAccess Request Information:\r\n\tAccesses:\t\tRead from process memory\r\n\t\t\t\t\r\n\tAccess Mask:\t\t0x10","Category":"Kernel Object","Opcode":"Info","SubjectUserSid":"S-1-5-18","SubjectUserName":"THEPUNISHER$","SubjectDomainName":"MARVEL","SubjectLogonId":"0x3e7","ObjectServer":"Security","ObjectType":"Process","ObjectName":"\\Device\\HarddiskVolume3\\Windows\\System32\\lsass.exe","HandleId":"0x9fc","AccessList":"%%4484\r\n\t\t\t\t","AccessMask":"0x10","ProcessName":"C:\\ProgramData\\Microsoft\\Windows Defender\\Platform\\4.18.2108.7-0\\MsMpEng.exe","ResourceAttributes":"-","EventReceivedTime":"2021-09-24 23:52:21","SourceModuleName":"GuruculWindowsFull2016","SourceModuleType":"im_msvistalog"}
{"EventTime":"2021-09-24 23:52:19","Hostname":"THEPUNISHER.MARVEL.local","Keywords":-9214364837600034816,"EventType":"AUDIT_SUCCESS","SeverityValue":2,"Severity":"INFO","EventID":4658,"SourceName":"Microsoft-Windows-Security-Auditing","ProviderGuid":"{54849625-5478-4994-A5BA-3E3B0328C30D}","Version":0,"Task":12802,"OpcodeValue":0,"RecordNumber":7856076,"ProcessID":4,"ThreadID":336,"Channel":"Security","Message":"The handle to an object was closed.\r\n\r\nSubject :\r\n\tSecurity ID:\t\tS-1-5-18\r\n\tAccount Name:\t\tTHEPUNISHER$\r\n\tAccount Domain:\t\tMARVEL\r\n\tLogon ID:\t\t0x3E7\r\n\r\nObject:\r\n\tObject Server:\t\tSecurity\r\n\tHandle ID:\t\t0x9fc\r\n\r\nProcess Information:\r\n\tProcess ID:\t\t0xe74\r\n\tProcess Name:\t\tC:\\ProgramData\\Microsoft\\Windows Defender\\Platform\\4.18.2108.7-0\\MsMpEng.exe","Category":"Kernel Object","Opcode":"Info","SubjectUserSid":"S-1-5-18","SubjectUserName":"THEPUNISHER$","SubjectDomainName":"MARVEL","SubjectLogonId":"0x3e7","ObjectServer":"Security","HandleId":"0x9fc","ProcessName":"C:\\ProgramData\\Microsoft\\Windows Defender\\Platform\\4.18.2108.7-0\\MsMpEng.exe","EventReceivedTime":"2021-09-24 23:52:21","SourceModuleName":"GuruculWindowsFull2016","SourceModuleType":"im_msvistalog"}
{"EventTime":"2021-09-24 23:52:21","Hostname":"THEPUNISHER.MARVEL.local","Keywords":-9223372036854775808,"EventType":"WARNING","SeverityValue":3,"Severity":"WARNING","EventID":1116,"SourceName":"Microsoft-Windows-Windows Defender","ProviderGuid":"{11CD958A-C507-4EF3-B3F2-5FD9DFBD2C78}","Version":0,"Task":0,"OpcodeValue":0,"RecordNumber":1003,"ActivityID":"{E3490447-F6EE-4C1D-B34D-83ECAEDD5B3E}","ProcessID":3700,"ThreadID":2840,"Channel":"Microsoft-Windows-Windows Defender/Operational","Domain":"NT AUTHORITY","AccountName":"SYSTEM","UserID":"S-1-5-18","AccountType":"User","Message":"Microsoft Defender Antivirus has detected malware or other potentially unwanted software.\r\n For more information please see the following:\r\nhttps://go.microsoft.com/fwlink/?linkid=37020&name=VirTool:Win32/DefenderTamperingRestore&threatid=2147741622&enterprise=0\r\n \tName: VirTool:Win32/DefenderTamperingRestore\r\n \tID: 2147741622\r\n \tSeverity: Severe\r\n \tCategory: Tool\r\n \tPath: regkeyvalue:_hklm\\software\\microsoft\\windows defender\\real-time protection\\\\DisableBehaviorMonitoring\r\n \tDetection Origin: Unknown\r\n \tDetection Type: Concrete\r\n \tDetection Source: System\r\n \tUser: NT AUTHORITY\\SYSTEM\r\n \tProcess Name: Unknown\r\n \tSecurity intelligence Version: AV: 1.349.1350.0, AS: 1.349.1350.0, NIS: 0.0.0.0\r\n \tEngine Version: AM: 1.1.18500.10, NIS: 0.0.0.0","Opcode":"Info","Product Name":"Microsoft Defender Antivirus","Product Version":"4.18.2108.7","Detection ID":"{9F2C20B4-20C7-45C3-84B0-6A6DAFEBCEE5}","Detection Time":"2021-09-24T23:52:21.057Z","Threat ID":"2147741622","Threat Name":"VirTool:Win32/DefenderTamperingRestore","Severity ID":"5","Severity Name":"Severe","Category ID":"34","Category Name":"Tool","FWLink":"https://go.microsoft.com/fwlink/?linkid=37020&amp;name=VirTool:Win32/DefenderTamperingRestore&amp;threatid=2147741622&amp;enterprise=0","Status Code":"1","State":"1","Source ID":"2","Source Name":"System","Process Name":"Unknown","Detection User":"NT AUTHORITY\\SYSTEM","Path":"regkeyvalue:_hklm\\software\\microsoft\\windows defender\\real-time protection\\\\DisableBehaviorMonitoring","Origin ID":"0","Origin Name":"Unknown","Execution ID":"0","Execution Name":"Unknown","Type ID":"0","Type Name":"Concrete","Pre Execution Status":"0","Action ID":"9","Action Name":"Not Applicable","Error Code":"0x00000000","Error Description":"The operation completed successfully. ","Post Clean Status":"0","Additional Actions ID":"0","Additional Actions String":"No additional actions required","Security intelligence Version":"AV: 1.349.1350.0, AS: 1.349.1350.0, NIS: 0.0.0.0","Engine Version":"AM: 1.1.18500.10, NIS: 0.0.0.0","EventReceivedTime":"2021-09-24 23:52:22","SourceModuleName":"GuruculWindowsFull2016","SourceModuleType":"im_msvistalog"}
{"EventTime":"2021-09-24 23:52:21","Hostname":"THEPUNISHER.MARVEL.local","Keywords":-9214364837600034816,"EventType":"AUDIT_SUCCESS","SeverityValue":2,"Severity":"INFO","EventID":4688,"SourceName":"Microsoft-Windows-Security-Auditing","ProviderGuid":"{54849625-5478-4994-A5BA-3E3B0328C30D}","Version":2,"Task":13312,"OpcodeValue":0,"RecordNumber":7856077,"ProcessID":4,"ThreadID":3584,"Channel":"Security","Message":"A new process has been created.\r\n\r\nCreator Subject:\r\n\tSecurity ID:\t\tS-1-5-18\r\n\tAccount Name:\t\tTHEPUNISHER$\r\n\tAccount Domain:\t\tMARVEL\r\n\tLogon ID:\t\t0x3E7\r\n\r\nTarget Subject:\r\n\tSecurity ID:\t\tS-1-5-21-3688015610-2013655948-1090528724-1104\r\n\tAccount Name:\t\tfcastle\r\n\tAccount Domain:\t\tMARVEL\r\n\tLogon ID:\t\t0xC01EF\r\n\r\nProcess Information:\r\n\tNew Process ID:\t\t0xd08\r\n\tNew Process Name:\tC:\\Windows\\System32\\SecurityHealthHost.exe\r\n\tToken Elevation Type:\t%%1938\r\n\tMandatory Label:\t\tS-1-16-8192\r\n\tCreator Process ID:\t0x32c\r\n\tCreator Process Name:\tC:\\Windows\\System32\\svchost.exe\r\n\tProcess Command Line:\t\r\n\r\nToken Elevation Type indicates the type of token that was assigned to the new process in accordance with User Account Control policy.\r\n\r\nType 1 is a full token with no privileges removed or groups disabled.  A full token is only used if User Account Control is disabled or if the user is the built-in Administrator account or a service account.\r\n\r\nType 2 is an elevated token with no privileges removed or groups disabled.  An elevated token is used when User Account Control is enabled and the user chooses to start the program using Run as administrator.  An elevated token is also used when an application is configured to always require administrative privilege or to always require maximum privilege, and the user is a member of the Administrators group.\r\n\r\nType 3 is a limited token with administrative privileges removed and administrative groups disabled.  The limited token is used when User Account Control is enabled, the application does not require administrative privilege, and the user does not choose to start the program using Run as administrator.","Category":"Process Creation","Opcode":"Info","SubjectUserSid":"S-1-5-18","SubjectUserName":"THEPUNISHER$","SubjectDomainName":"MARVEL","SubjectLogonId":"0x3e7","NewProcessId":"0xd08","NewProcessName":"C:\\Windows\\System32\\SecurityHealthHost.exe","TokenElevationType":"%%1938","TargetUserSid":"S-1-5-21-3688015610-2013655948-1090528724-1104","TargetUserName":"fcastle","TargetDomainName":"MARVEL","TargetLogonId":"0xc01ef","ParentProcessName":"C:\\Windows\\System32\\svchost.exe","MandatoryLabel":"S-1-16-8192","EventReceivedTime":"2021-09-24 23:52:22","SourceModuleName":"GuruculWindowsFull2016","SourceModuleType":"im_msvistalog"}
