{"EventTime":"2021-09-24 23:51:20","Hostname":"THEPUNISHER.MARVEL.local","Keywords":-9214364837600034816,"EventType":"AUDIT_SUCCESS","SeverityValue":2,"Severity":"INFO","EventID":4688,"SourceName":"Microsoft-Windows-Security-Auditing","ProviderGuid":"{54849625-5478-4994-A5BA-3E3B0328C30D}","Version":2,"Task":13312,"OpcodeValue":0,"RecordNumber":7855984,"ProcessID":4,"ThreadID":336,"Channel":"Security","Message":"A new process has been created.\r\n\r\nCreator Subject:\r\n\tSecurity ID:\t\tS-1-5-18\r\n\tAccount Name:\t\tTHEPUNISHER$\r\n\tAccount Domain:\t\tMARVEL\r\n\tLogon ID:\t\t0x3E7\r\n\r\nTarget Subject:\r\n\tSecurity ID:\t\tS-1-0-0\r\n\tAccount Name:\t\t-\r\n\tAccount Domain:\t\t-\r\n\tLogon ID:\t\t0x0\r\n\r\nProcess Information:\r\n\tNew Process ID:\t\t0x15a4\r\n\tNew Process Name:\tC:\\Windows\\System32\\conhost.exe\r\n\tToken Elevation Type:\t%%1936\r\n\tMandatory Label:\t\tS-1-16-16384\r\n\tCreator Process ID:\t0x18a4\r\n\tCreator Process Name:\tC:\\ProgramData\\Microsoft\\Windows Defender\\Platform\\4.18.2108.7-0\\MpCmdRun.exe\r\n\tProcess Command Line:\t\r\n\r\nToken Elevation Type indicates the type of token that was assigned to the new process in accordance with User Account Control policy.\r\n\r\nType 1 is a full token with no privileges removed or groups disabled.  A full token is only used if User Account Control is disabled or if the user is the built-in Administrator account or a service account.\r\n\r\nType 2 is an elevated token with no privileges removed or groups disabled.  An elevated token is used when User Account Control is enabled and the user chooses to start the program using Run as administrator.  An elevated token is also used when an application is configured to always require administrative privilege or to always require maximum privilege, and the user is a member of the Administrators group.\r\n\r\nType 3 is a limited token with administrative privileges removed and administrative groups disabled.  The limited token is used when User Account Control is enabled, the application does not require administrative privilege, and the user does not choose to start the program using Run as administrator.","Category":"Process Creation","Opcode":"Info","SubjectUserSid":"S-1-5-18","SubjectUserName":"THEPUNISHER$","SubjectDomainName":"MARVEL","SubjectLogonId":"0x3e7","NewProcessId":"0x15a4","NewProcessName":"C:\\Windows\\System32\\conhost.exe","TokenElevationType":"%%1936","TargetUserSid":"S-1-0-0","TargetUserName":"-","TargetDomainName":"-","TargetLogonId":"0x0","ParentProcessName":"C:\\ProgramData\\Microsoft\\Windows Defender\\Platform\\4.18.2108.7-0\\MpCmdRun.exe","MandatoryLabel":"S-1-16-16384","EventReceivedTime":"2021-09-24 23:51:22","SourceModuleName":"GuruculWindowsFull2016","SourceModuleType":"im_msvistalog"}
{"EventTime":"2021-09-24 23:51:20","Hostname":"THEPUNISHER.MARVEL.local","Keywords":-9214364837600034816,"EventType":"AUDIT_SUCCESS","SeverityValue":2,"Severity":"INFO","EventID":4673,"SourceName":"Microsoft-Windows-Security-Auditing","ProviderGuid":"{54849625-5478-4994-A5BA-3E3B0328C30D}","Version":0,"Task":13056,"OpcodeValue":0,"RecordNumber":7855985,"ProcessID":4,"ThreadID":336,"Channel":"Security","Message":"A privileged service was called.\r\n\r\nSubject:\r\n\tSecurity ID:\t\tS-1-5-18\r\n\tAccount Name:\t\tTHEPUNISHER$\r\n\tAccount Domain:\t\tMARVEL\r\n\tLogon ID:\t\t0x3E7\r\n\r\nService:\r\n\tServer:\tNT Local Security Authority / Authentication Service\r\n\tService Name:\tLsaRegisterLogonProcess()\r\n\r\nProcess:\r\n\tProcess ID:\t0x2c0\r\n\tProcess Name:\tC:\\Windows\\System32\\lsass.exe\r\n\r\nService Request Information:\r\n\tPrivileges:\t\tSeTcbPrivilege","Category":"Sensitive Privilege Use","Opcode":"Info","SubjectUserSid":"S-1-5-18","SubjectUserName":"THEPUNISHER$","SubjectDomainName":"MARVEL","SubjectLogonId":"0x3e7","ObjectServer":"NT Local Security Authority / Authentication Service","Service":"LsaRegisterLogonProcess()","PrivilegeList":"SeTcbPrivilege","ProcessName":"C:\\Windows\\System32\\lsass.exe","EventReceivedTime":"2021-09-24 23:51:22","SourceModuleName":"GuruculWindowsFull2016","SourceModuleType":"im_msvistalog"}
{"EventTime":"2021-09-24 23:51:20","Hostname":"THEPUNISHER.MARVEL.local","Keywords":-9214364837600034816,"EventType":"AUDIT_SUCCESS","SeverityValue":2,"Severity":"INFO","EventID":4688,"SourceName":"Microsoft-Windows-Security-Auditing","ProviderGuid":"{54849625-5478-4994-A5BA-3E3B0328C30D}","Version":2,"Task":13312,"OpcodeValue":0,"RecordNumber":7855986,"ProcessID":4,"ThreadID":336,"Channel":"Security","Message":"A new process has been created.\r\n\r\nCreator Subject:\r\n\tSecurity ID:\t\tS-1-5-18\r\n\tAccount Name:\t\tTHEPUNISHER$\r\n\tAccount Domain:\t\tMARVEL\r\n\tLogon ID:\t\t0x3E7\r\n\r\nTarget Subject:\r\n\tSecurity ID:\t\tS-1-0-0\r\n\tAccount Name:\t\tTHEPUNISHER$\r\n\tAccount Domain:\t\tMARVEL\r\n\tLogon ID:\t\t0x3E4\r\n\r\nProcess Information:\r\n\tNew Process ID:\t\t0xa58\r\n\tNew Process Name:\tC:\\ProgramData\\Microsoft\\Windows Defender\\Platform\\4.18.2108.7-0\\MpCmdRun.exe\r\n\tToken Elevation Type:\t%%1936\r\n\tMandatory Label:\t\tS-1-16-16384\r\n\tCreator Process ID:\t0x18a4\r\n\tCreator Process Name:\tC:\\ProgramData\\Microsoft\\Windows Defender\\Platform\\4.18.2108.7-0\\MpCmdRun.exe\r\n\tProcess Command Line:\t\r\n\r\nToken Elevation Type indicates the type of token that was assigned to the new process in accordance with User Account Control policy.\r\n\r\nType 1 is a full token with no privileges removed or groups disabled.  A full token is only used if User Account Control is disabled or if the user is the built-in Administrator account or a service account.\r\n\r\nType 2 is an elevated token with no privileges removed or groups disabled.  An elevated token is used when User Account Control is enabled and the user chooses to start the program using Run as administrator.  An elevated token is also used when an application is configured to always require administrative privilege or to always require maximum privilege, and the user is a member of the Administrators group.\r\n\r\nType 3 is a limited token with administrative privileges removed and administrative groups disabled.  The limited token is used when User Account Control is enabled, the application does not require administrative privilege, and the user does not choose to start the program using Run as administrator.","Category":"Process Creation","Opcode":"Info","SubjectUserSid":"S-1-5-18","SubjectUserName":"THEPUNISHER$","SubjectDomainName":"MARVEL","SubjectLogonId":"0x3e7","NewProcessId":"0xa58","NewProcessName":"C:\\ProgramData\\Microsoft\\Windows Defender\\Platform\\4.18.2108.7-0\\MpCmdRun.exe","TokenElevationType":"%%1936","TargetUserSid":"S-1-0-0","TargetUserName":"THEPUNISHER$","TargetDomainName":"MARVEL","TargetLogonId":"0x3e4","ParentProcessName":"C:\\ProgramData\\Microsoft\\Windows Defender\\Platform\\4.18.2108.7-0\\MpCmdRun.exe","MandatoryLabel":"S-1-16-16384","EventReceivedTime":"2021-09-24 23:51:22","SourceModuleName":"GuruculWindowsFull2016","SourceModuleType":"im_msvistalog"}
{"EventTime":"2021-09-24 23:51:20","Hostname":"THEPUNISHER.MARVEL.local","Keywords":-9223372036854775808,"EventType":"INFO","SeverityValue":2,"Severity":"INFO","EventID":1,"SourceName":"Microsoft-Windows-Sysmon","ProviderGuid":"{5770385F-C22A-43E0-BF4C-06F5698FFBD9}","Version":5,"Task":1,"OpcodeValue":0,"RecordNumber":33952,"ProcessID":3632,"ThreadID":4444,"Channel":"Microsoft-Windows-Sysmon/Operational","Domain":"NT AUTHORITY","AccountName":"SYSTEM","UserID":"S-1-5-18","AccountType":"User","Message":"Process Create:\r\nRuleName: -\r\nUtcTime: 2021-09-24 23:51:20.264\r\nProcessGuid: {901330d1-6478-614e-0a01-000000004500}\r\nProcessId: 2648\r\nImage: C:\\ProgramData\\Microsoft\\Windows Defender\\Platform\\4.18.2108.7-0\\MpCmdRun.exe\r\nFileVersion: 4.18.2108.7 (WinBuild.160101.0800)\r\nDescription: Microsoft Malware Protection Command Line Utility\r\nProduct: Microsoft® Windows® Operating System\r\nCompany: Microsoft Corporation\r\nOriginalFileName: MpCmdRun.exe\r\nCommandLine: \"C:\\ProgramData\\Microsoft\\Windows Defender\\Platform\\4.18.2108.7-0\\MpCmdRun.exe\" SignaturesUpdateService -ScheduleJob -HttpDownload -RestrictPrivileges -Reinvoke\r\nCurrentDirectory: C:\\Windows\\system32\\\r\nUser: NT AUTHORITY\\NETWORK SERVICE\r\nLogonGuid: {901330d1-6214-614e-e403-000000000000}\r\nLogonId: 0x3E4\r\nTerminalSessionId: 0\r\nIntegrityLevel: System\r\nHashes: MD5=D63716C0DB24C0C28EE17E88D8ADB4D6,SHA256=54852B7955C505B76A756C35D96F657B4649F8C69E1DA4A4CAF3E9913318979B,IMPHASH=08BB4EBE77221E90124C3902D648BBDD\r\nParentProcessGuid: {901330d1-6478-614e-0801-000000004500}\r\nParentProcessId: 6308\r\nParentImage: C:\\ProgramData\\Microsoft\\Windows Defender\\Platform\\4.18.2108.7-0\\MpCmdRun.exe\r\nParentCommandLine: \"C:\\ProgramData\\Microsoft\\Windows Defender\\Platform\\4.18.2108.7-0\\MpCmdRun.exe\" SignaturesUpdateService -ScheduleJob -HttpDownload -RestrictPrivileges","Category":"Process Create (rule: ProcessCreate)","Opcode":"Info","RuleName":"-","UtcTime":"2021-09-24 23:51:20.264","ProcessGuid":"{901330d1-6478-614e-0a01-000000004500}","Image":"C:\\ProgramData\\Microsoft\\Windows Defender\\Platform\\4.18.2108.7-0\\MpCmdRun.exe","FileVersion":"4.18.2108.7 (WinBuild.160101.0800)","Description":"Microsoft Malware Protection Command Line Utility","Product":"Microsoft® Windows® Operating System","Company":"Microsoft Corporation","OriginalFileName":"MpCmdRun.exe","CommandLine":"\"C:\\ProgramData\\Microsoft\\Windows Defender\\Platform\\4.18.2108.7-0\\MpCmdRun.exe\" SignaturesUpdateService -ScheduleJob -HttpDownload -RestrictPrivileges -Reinvoke","CurrentDirectory":"C:\\Windows\\system32\\","User":"NT AUTHORITY\\NETWORK SERVICE","LogonGuid":"{901330d1-6214-614e-e403-000000000000}","LogonId":"0x3e4","TerminalSessionId":"0","IntegrityLevel":"System","Hashes":"MD5=D63716C0DB24C0C28EE17E88D8ADB4D6,SHA256=54852B7955C505B76A756C35D96F657B4649F8C69E1DA4A4CAF3E9913318979B,IMPHASH=08BB4EBE77221E90124C3902D648BBDD","ParentProcessGuid":"{901330d1-6478-614e-0801-000000004500}","ParentProcessId":"6308","ParentImage":"C:\\ProgramData\\Microsoft\\Windows Defender\\Platform\\4.18.2108.7-0\\MpCmdRun.exe","ParentCommandLine":"\"C:\\ProgramData\\Microsoft\\Windows Defender\\Platform\\4.18.2108.7-0\\MpCmdRun.exe\" SignaturesUpdateService -ScheduleJob -HttpDownload -RestrictPrivileges","EventReceivedTime":"2021-09-24 23:51:22","SourceModuleName":"GuruculWindowsFull2016","SourceModuleType":"im_msvistalog"}
{"EventTime":"2021-09-24 23:51:20","Hostname":"THEPUNISHER.MARVEL.local","Keywords":-9218868437227405312,"EventType":"AUDIT_FAILURE","SeverityValue":4,"Severity":"ERROR","EventID":4673,"SourceName":"Microsoft-Windows-Security-Auditing","ProviderGuid":"{54849625-5478-4994-A5BA-3E3B0328C30D}","Version":0,"Task":13056,"OpcodeValue":0,"RecordNumber":7855987,"ProcessID":4,"ThreadID":3584,"Channel":"Security","Message":"A privileged service was called.\r\n\r\nSubject:\r\n\tSecurity ID:\t\tS-1-5-20\r\n\tAccount Name:\t\tTHEPUNISHER$\r\n\tAccount Domain:\t\tMARVEL\r\n\tLogon ID:\t\t0x3E4\r\n\r\nService:\r\n\tServer:\tSecurity\r\n\tService Name:\t-\r\n\r\nProcess:\r\n\tProcess ID:\t0xa58\r\n\tProcess Name:\tC:\\ProgramData\\Microsoft\\Windows Defender\\Platform\\4.18.2108.7-0\\MpCmdRun.exe\r\n\r\nService Request Information:\r\n\tPrivileges:\t\tSeProfileSingleProcessPrivilege","Category":"Sensitive Privilege Use","Opcode":"Info","SubjectUserSid":"S-1-5-20","SubjectUserName":"THEPUNISHER$","SubjectDomainName":"MARVEL","SubjectLogonId":"0x3e4","ObjectServer":"Security","Service":"-","PrivilegeList":"SeProfileSingleProcessPrivilege","ProcessName":"C:\\ProgramData\\Microsoft\\Windows Defender\\Platform\\4.18.2108.7-0\\MpCmdRun.exe","EventReceivedTime":"2021-09-24 23:51:22","SourceModuleName":"GuruculWindowsFull2016","SourceModuleType":"im_msvistalog"}
{"EventTime":"2021-09-24 23:51:20","Hostname":"THEPUNISHER.MARVEL.local","Keywords":-9214364837600034816,"EventType":"AUDIT_SUCCESS","SeverityValue":2,"Severity":"INFO","EventID":4689,"SourceName":"Microsoft-Windows-Security-Auditing","ProviderGuid":"{54849625-5478-4994-A5BA-3E3B0328C30D}","Version":0,"Task":13313,"OpcodeValue":0,"RecordNumber":7855988,"ProcessID":4,"ThreadID":3584,"Channel":"Security","Message":"A process has exited.\r\n\r\nSubject:\r\n\tSecurity ID:\t\tS-1-5-18\r\n\tAccount Name:\t\tTHEPUNISHER$\r\n\tAccount Domain:\t\tMARVEL\r\n\tLogon ID:\t\t0x3E7\r\n\r\nProcess Information:\r\n\tProcess ID:\t0x18a4\r\n\tProcess Name:\tC:\\ProgramData\\Microsoft\\Windows Defender\\Platform\\4.18.2108.7-0\\MpCmdRun.exe\r\n\tExit Status:\t0x0","Category":"Process Termination","Opcode":"Info","SubjectUserSid":"S-1-5-18","SubjectUserName":"THEPUNISHER$","SubjectDomainName":"MARVEL","SubjectLogonId":"0x3e7","Status":"0x0","ProcessName":"C:\\ProgramData\\Microsoft\\Windows Defender\\Platform\\4.18.2108.7-0\\MpCmdRun.exe","EventReceivedTime":"2021-09-24 23:51:22","SourceModuleName":"GuruculWindowsFull2016","SourceModuleType":"im_msvistalog"}
{"EventTime":"2021-09-24 23:51:20","Hostname":"THEPUNISHER.MARVEL.local","Keywords":-9214364837600034816,"EventType":"AUDIT_SUCCESS","SeverityValue":2,"Severity":"INFO","EventID":4689,"SourceName":"Microsoft-Windows-Security-Auditing","ProviderGuid":"{54849625-5478-4994-A5BA-3E3B0328C30D}","Version":0,"Task":13313,"OpcodeValue":0,"RecordNumber":7855989,"ProcessID":4,"ThreadID":3584,"Channel":"Security","Message":"A process has exited.\r\n\r\nSubject:\r\n\tSecurity ID:\t\tS-1-5-18\r\n\tAccount Name:\t\tTHEPUNISHER$\r\n\tAccount Domain:\t\tMARVEL\r\n\tLogon ID:\t\t0x3E7\r\n\r\nProcess Information:\r\n\tProcess ID:\t0x15a4\r\n\tProcess Name:\tC:\\Windows\\System32\\conhost.exe\r\n\tExit Status:\t0x0","Category":"Process Termination","Opcode":"Info","SubjectUserSid":"S-1-5-18","SubjectUserName":"THEPUNISHER$","SubjectDomainName":"MARVEL","SubjectLogonId":"0x3e7","Status":"0x0","ProcessName":"C:\\Windows\\System32\\conhost.exe","EventReceivedTime":"2021-09-24 23:51:22","SourceModuleName":"GuruculWindowsFull2016","SourceModuleType":"im_msvistalog"}
{"EventTime":"2021-09-24 23:51:20","Hostname":"THEPUNISHER.MARVEL.local","Keywords":-9223372036854775808,"EventType":"INFO","SeverityValue":2,"Severity":"INFO","EventID":11,"SourceName":"Microsoft-Windows-Sysmon","ProviderGuid":"{5770385F-C22A-43E0-BF4C-06F5698FFBD9}","Version":2,"Task":11,"OpcodeValue":0,"RecordNumber":33953,"ProcessID":3632,"ThreadID":4444,"Channel":"Microsoft-Windows-Sysmon/Operational","Domain":"NT AUTHORITY","AccountName":"SYSTEM","UserID":"S-1-5-18","AccountType":"User","Message":"File created:\r\nRuleName: EXE\r\nUtcTime: 2021-09-24 23:51:20.277\r\nProcessGuid: {901330d1-6478-614e-0a01-000000004500}\r\nProcessId: 2648\r\nImage: C:\\ProgramData\\Microsoft\\Windows Defender\\Platform\\4.18.2108.7-0\\MpCmdRun.exe\r\nTargetFilename: C:\\Windows\\SERVIC~1\\NETWOR~1\\AppData\\Local\\Temp\\mpam-86ab37f4.exe\r\nCreationUtcTime: 2021-09-24 23:51:20.277","Category":"File created (rule: FileCreate)","Opcode":"Info","RuleName":"EXE","UtcTime":"2021-09-24 23:51:20.277","ProcessGuid":"{901330d1-6478-614e-0a01-000000004500}","Image":"C:\\ProgramData\\Microsoft\\Windows Defender\\Platform\\4.18.2108.7-0\\MpCmdRun.exe","TargetFilename":"C:\\Windows\\SERVIC~1\\NETWOR~1\\AppData\\Local\\Temp\\mpam-86ab37f4.exe","CreationUtcTime":"2021-09-24 23:51:20.277","EventReceivedTime":"2021-09-24 23:51:22","SourceModuleName":"GuruculWindowsFull2016","SourceModuleType":"im_msvistalog"}
{"EventTime":"2021-09-24 23:51:20","Hostname":"THEPUNISHER.MARVEL.local","Keywords":-9214364837600034816,"EventType":"AUDIT_SUCCESS","SeverityValue":2,"Severity":"INFO","EventID":5156,"SourceName":"Microsoft-Windows-Security-Auditing","ProviderGuid":"{54849625-5478-4994-A5BA-3E3B0328C30D}","Version":1,"Task":12810,"OpcodeValue":0,"RecordNumber":7855992,"ProcessID":4,"ThreadID":3584,"Channel":"Security","Message":"The Windows Filtering Platform has permitted a connection.\r\n\r\nApplication Information:\r\n\tProcess ID:\t\t1356\r\n\tApplication Name:\t\\device\\harddiskvolume3\\windows\\system32\\svchost.exe\r\n\r\nNetwork Information:\r\n\tDirection:\t\tOutbound\r\n\tSource Address:\t\t192.168.118.138\r\n\tSource Port:\t\t50535\r\n\tDestination Address:\t192.168.118.200\r\n\tDestination Port:\t\t53\r\n\tProtocol:\t\t17\r\n\r\nFilter Information:\r\n\tFilter Run-Time ID:\t0\r\n\tLayer Name:\t\tConnect\r\n\tLayer Run-Time ID:\t48","Category":"Filtering Platform Connection","Opcode":"Info","Application":"\\device\\harddiskvolume3\\windows\\system32\\svchost.exe","Direction":"%%14593","SourceAddress":"192.168.118.138","SourcePort":"50535","DestAddress":"192.168.118.200","DestPort":"53","Protocol":"17","FilterRTID":"0","LayerName":"%%14611","LayerRTID":"48","RemoteUserID":"S-1-0-0","RemoteMachineID":"S-1-0-0","EventReceivedTime":"2021-09-24 23:51:22","SourceModuleName":"GuruculWindowsFull2016","SourceModuleType":"im_msvistalog"}
{"EventTime":"2021-09-24 23:51:20","Hostname":"THEPUNISHER.MARVEL.local","Keywords":-9214364837600034816,"EventType":"AUDIT_SUCCESS","SeverityValue":2,"Severity":"INFO","EventID":5156,"SourceName":"Microsoft-Windows-Security-Auditing","ProviderGuid":"{54849625-5478-4994-A5BA-3E3B0328C30D}","Version":1,"Task":12810,"OpcodeValue":0,"RecordNumber":7855993,"ProcessID":4,"ThreadID":3584,"Channel":"Security","Message":"The Windows Filtering Platform has permitted a connection.\r\n\r\nApplication Information:\r\n\tProcess ID:\t\t2648\r\n\tApplication Name:\t\\device\\harddiskvolume3\\programdata\\microsoft\\windows defender\\platform\\4.18.2108.7-0\\mpcmdrun.exe\r\n\r\nNetwork Information:\r\n\tDirection:\t\tOutbound\r\n\tSource Address:\t\t192.168.118.138\r\n\tSource Port:\t\t51276\r\n\tDestination Address:\t23.6.189.35\r\n\tDestination Port:\t\t443\r\n\tProtocol:\t\t6\r\n\r\nFilter Information:\r\n\tFilter Run-Time ID:\t0\r\n\tLayer Name:\t\tConnect\r\n\tLayer Run-Time ID:\t48","Category":"Filtering Platform Connection","Opcode":"Info","Application":"\\device\\harddiskvolume3\\programdata\\microsoft\\windows defender\\platform\\4.18.2108.7-0\\mpcmdrun.exe","Direction":"%%14593","SourceAddress":"192.168.118.138","SourcePort":"51276","DestAddress":"23.6.189.35","DestPort":"443","Protocol":"6","FilterRTID":"0","LayerName":"%%14611","LayerRTID":"48","RemoteUserID":"S-1-0-0","RemoteMachineID":"S-1-0-0","EventReceivedTime":"2021-09-24 23:51:22","SourceModuleName":"GuruculWindowsFull2016","SourceModuleType":"im_msvistalog"}
{"EventTime":"2021-09-24 23:51:20","Hostname":"THEPUNISHER.MARVEL.local","Keywords":-9214364837600034816,"EventType":"AUDIT_SUCCESS","SeverityValue":2,"Severity":"INFO","EventID":5156,"SourceName":"Microsoft-Windows-Security-Auditing","ProviderGuid":"{54849625-5478-4994-A5BA-3E3B0328C30D}","Version":1,"Task":12810,"OpcodeValue":0,"RecordNumber":7855996,"ProcessID":4,"ThreadID":336,"Channel":"Security","Message":"The Windows Filtering Platform has permitted a connection.\r\n\r\nApplication Information:\r\n\tProcess ID:\t\t1356\r\n\tApplication Name:\t\\device\\harddiskvolume3\\windows\\system32\\svchost.exe\r\n\r\nNetwork Information:\r\n\tDirection:\t\tOutbound\r\n\tSource Address:\t\t192.168.118.138\r\n\tSource Port:\t\t61416\r\n\tDestination Address:\t192.168.118.200\r\n\tDestination Port:\t\t53\r\n\tProtocol:\t\t17\r\n\r\nFilter Information:\r\n\tFilter Run-Time ID:\t0\r\n\tLayer Name:\t\tConnect\r\n\tLayer Run-Time ID:\t48","Category":"Filtering Platform Connection","Opcode":"Info","Application":"\\device\\harddiskvolume3\\windows\\system32\\svchost.exe","Direction":"%%14593","SourceAddress":"192.168.118.138","SourcePort":"61416","DestAddress":"192.168.118.200","DestPort":"53","Protocol":"17","FilterRTID":"0","LayerName":"%%14611","LayerRTID":"48","RemoteUserID":"S-1-0-0","RemoteMachineID":"S-1-0-0","EventReceivedTime":"2021-09-24 23:51:22","SourceModuleName":"GuruculWindowsFull2016","SourceModuleType":"im_msvistalog"}
{"EventTime":"2021-09-24 23:51:20","Hostname":"THEPUNISHER.MARVEL.local","Keywords":-9214364837600034816,"EventType":"AUDIT_SUCCESS","SeverityValue":2,"Severity":"INFO","EventID":5156,"SourceName":"Microsoft-Windows-Security-Auditing","ProviderGuid":"{54849625-5478-4994-A5BA-3E3B0328C30D}","Version":1,"Task":12810,"OpcodeValue":0,"RecordNumber":7855997,"ProcessID":4,"ThreadID":336,"Channel":"Security","Message":"The Windows Filtering Platform has permitted a connection.\r\n\r\nApplication Information:\r\n\tProcess ID:\t\t2648\r\n\tApplication Name:\t\\device\\harddiskvolume3\\programdata\\microsoft\\windows defender\\platform\\4.18.2108.7-0\\mpcmdrun.exe\r\n\r\nNetwork Information:\r\n\tDirection:\t\tOutbound\r\n\tSource Address:\t\t192.168.118.138\r\n\tSource Port:\t\t51277\r\n\tDestination Address:\t23.35.182.94\r\n\tDestination Port:\t\t443\r\n\tProtocol:\t\t6\r\n\r\nFilter Information:\r\n\tFilter Run-Time ID:\t0\r\n\tLayer Name:\t\tConnect\r\n\tLayer Run-Time ID:\t48","Category":"Filtering Platform Connection","Opcode":"Info","Application":"\\device\\harddiskvolume3\\programdata\\microsoft\\windows defender\\platform\\4.18.2108.7-0\\mpcmdrun.exe","Direction":"%%14593","SourceAddress":"192.168.118.138","SourcePort":"51277","DestAddress":"23.35.182.94","DestPort":"443","Protocol":"6","FilterRTID":"0","LayerName":"%%14611","LayerRTID":"48","RemoteUserID":"S-1-0-0","RemoteMachineID":"S-1-0-0","EventReceivedTime":"2021-09-24 23:51:22","SourceModuleName":"GuruculWindowsFull2016","SourceModuleType":"im_msvistalog"}
{"EventTime":"2021-09-24 23:51:20","Hostname":"THEPUNISHER.MARVEL.local","Keywords":-9214364837600034816,"EventType":"AUDIT_SUCCESS","SeverityValue":2,"Severity":"INFO","EventID":5156,"SourceName":"Microsoft-Windows-Security-Auditing","ProviderGuid":"{54849625-5478-4994-A5BA-3E3B0328C30D}","Version":1,"Task":12810,"OpcodeValue":0,"RecordNumber":7856000,"ProcessID":4,"ThreadID":336,"Channel":"Security","Message":"The Windows Filtering Platform has permitted a connection.\r\n\r\nApplication Information:\r\n\tProcess ID:\t\t1356\r\n\tApplication Name:\t\\device\\harddiskvolume3\\windows\\system32\\svchost.exe\r\n\r\nNetwork Information:\r\n\tDirection:\t\tOutbound\r\n\tSource Address:\t\t192.168.118.138\r\n\tSource Port:\t\t56659\r\n\tDestination Address:\t192.168.118.200\r\n\tDestination Port:\t\t53\r\n\tProtocol:\t\t17\r\n\r\nFilter Information:\r\n\tFilter Run-Time ID:\t0\r\n\tLayer Name:\t\tConnect\r\n\tLayer Run-Time ID:\t48","Category":"Filtering Platform Connection","Opcode":"Info","Application":"\\device\\harddiskvolume3\\windows\\system32\\svchost.exe","Direction":"%%14593","SourceAddress":"192.168.118.138","SourcePort":"56659","DestAddress":"192.168.118.200","DestPort":"53","Protocol":"17","FilterRTID":"0","LayerName":"%%14611","LayerRTID":"48","RemoteUserID":"S-1-0-0","RemoteMachineID":"S-1-0-0","EventReceivedTime":"2021-09-24 23:51:22","SourceModuleName":"GuruculWindowsFull2016","SourceModuleType":"im_msvistalog"}
{"EventTime":"2021-09-24 23:51:20","Hostname":"THEPUNISHER.MARVEL.local","Keywords":-9214364837600034816,"EventType":"AUDIT_SUCCESS","SeverityValue":2,"Severity":"INFO","EventID":5156,"SourceName":"Microsoft-Windows-Security-Auditing","ProviderGuid":"{54849625-5478-4994-A5BA-3E3B0328C30D}","Version":1,"Task":12810,"OpcodeValue":0,"RecordNumber":7856001,"ProcessID":4,"ThreadID":336,"Channel":"Security","Message":"The Windows Filtering Platform has permitted a connection.\r\n\r\nApplication Information:\r\n\tProcess ID:\t\t2648\r\n\tApplication Name:\t\\device\\harddiskvolume3\\programdata\\microsoft\\windows defender\\platform\\4.18.2108.7-0\\mpcmdrun.exe\r\n\r\nNetwork Information:\r\n\tDirection:\t\tOutbound\r\n\tSource Address:\t\t192.168.118.138\r\n\tSource Port:\t\t51278\r\n\tDestination Address:\t72.247.96.147\r\n\tDestination Port:\t\t443\r\n\tProtocol:\t\t6\r\n\r\nFilter Information:\r\n\tFilter Run-Time ID:\t0\r\n\tLayer Name:\t\tConnect\r\n\tLayer Run-Time ID:\t48","Category":"Filtering Platform Connection","Opcode":"Info","Application":"\\device\\harddiskvolume3\\programdata\\microsoft\\windows defender\\platform\\4.18.2108.7-0\\mpcmdrun.exe","Direction":"%%14593","SourceAddress":"192.168.118.138","SourcePort":"51278","DestAddress":"72.247.96.147","DestPort":"443","Protocol":"6","FilterRTID":"0","LayerName":"%%14611","LayerRTID":"48","RemoteUserID":"S-1-0-0","RemoteMachineID":"S-1-0-0","EventReceivedTime":"2021-09-24 23:51:22","SourceModuleName":"GuruculWindowsFull2016","SourceModuleType":"im_msvistalog"}
{"EventTime":"2021-09-24 23:51:20","Hostname":"THEPUNISHER.MARVEL.local","Keywords":-9214364837600034816,"EventType":"AUDIT_SUCCESS","SeverityValue":2,"Severity":"INFO","EventID":4689,"SourceName":"Microsoft-Windows-Security-Auditing","ProviderGuid":"{54849625-5478-4994-A5BA-3E3B0328C30D}","Version":0,"Task":13313,"OpcodeValue":0,"RecordNumber":7856002,"ProcessID":4,"ThreadID":3584,"Channel":"Security","Message":"A process has exited.\r\n\r\nSubject:\r\n\tSecurity ID:\t\tS-1-5-18\r\n\tAccount Name:\t\tTHEPUNISHER$\r\n\tAccount Domain:\t\tMARVEL\r\n\tLogon ID:\t\t0x3E7\r\n\r\nProcess Information:\r\n\tProcess ID:\t0xee0\r\n\tProcess Name:\tC:\\ProgramData\\Microsoft\\Windows Defender\\Platform\\4.18.2108.7-0\\MpCmdRun.exe\r\n\tExit Status:\t0x0","Category":"Process Termination","Opcode":"Info","SubjectUserSid":"S-1-5-18","SubjectUserName":"THEPUNISHER$","SubjectDomainName":"MARVEL","SubjectLogonId":"0x3e7","Status":"0x0","ProcessName":"C:\\ProgramData\\Microsoft\\Windows Defender\\Platform\\4.18.2108.7-0\\MpCmdRun.exe","EventReceivedTime":"2021-09-24 23:51:22","SourceModuleName":"GuruculWindowsFull2016","SourceModuleType":"im_msvistalog"}
{"EventTime":"2021-09-24 23:51:20","Hostname":"THEPUNISHER.MARVEL.local","Keywords":-9214364837600034816,"EventType":"AUDIT_SUCCESS","SeverityValue":2,"Severity":"INFO","EventID":4689,"SourceName":"Microsoft-Windows-Security-Auditing","ProviderGuid":"{54849625-5478-4994-A5BA-3E3B0328C30D}","Version":0,"Task":13313,"OpcodeValue":0,"RecordNumber":7856003,"ProcessID":4,"ThreadID":336,"Channel":"Security","Message":"A process has exited.\r\n\r\nSubject:\r\n\tSecurity ID:\t\tS-1-5-18\r\n\tAccount Name:\t\tTHEPUNISHER$\r\n\tAccount Domain:\t\tMARVEL\r\n\tLogon ID:\t\t0x3E7\r\n\r\nProcess Information:\r\n\tProcess ID:\t0x1488\r\n\tProcess Name:\tC:\\Windows\\System32\\conhost.exe\r\n\tExit Status:\t0x0","Category":"Process Termination","Opcode":"Info","SubjectUserSid":"S-1-5-18","SubjectUserName":"THEPUNISHER$","SubjectDomainName":"MARVEL","SubjectLogonId":"0x3e7","Status":"0x0","ProcessName":"C:\\Windows\\System32\\conhost.exe","EventReceivedTime":"2021-09-24 23:51:22","SourceModuleName":"GuruculWindowsFull2016","SourceModuleType":"im_msvistalog"}
{"EventTime":"2021-09-24 23:51:21","Hostname":"THEPUNISHER.MARVEL.local","Keywords":-9214364837600034816,"EventType":"AUDIT_SUCCESS","SeverityValue":2,"Severity":"INFO","EventID":5156,"SourceName":"Microsoft-Windows-Security-Auditing","ProviderGuid":"{54849625-5478-4994-A5BA-3E3B0328C30D}","Version":1,"Task":12810,"OpcodeValue":0,"RecordNumber":7856007,"ProcessID":4,"ThreadID":336,"Channel":"Security","Message":"The Windows Filtering Platform has permitted a connection.\r\n\r\nApplication Information:\r\n\tProcess ID:\t\t1356\r\n\tApplication Name:\t\\device\\harddiskvolume3\\windows\\system32\\svchost.exe\r\n\r\nNetwork Information:\r\n\tDirection:\t\tOutbound\r\n\tSource Address:\t\t192.168.118.138\r\n\tSource Port:\t\t64359\r\n\tDestination Address:\t192.168.118.200\r\n\tDestination Port:\t\t53\r\n\tProtocol:\t\t17\r\n\r\nFilter Information:\r\n\tFilter Run-Time ID:\t0\r\n\tLayer Name:\t\tConnect\r\n\tLayer Run-Time ID:\t48","Category":"Filtering Platform Connection","Opcode":"Info","Application":"\\device\\harddiskvolume3\\windows\\system32\\svchost.exe","Direction":"%%14593","SourceAddress":"192.168.118.138","SourcePort":"64359","DestAddress":"192.168.118.200","DestPort":"53","Protocol":"17","FilterRTID":"0","LayerName":"%%14611","LayerRTID":"48","RemoteUserID":"S-1-0-0","RemoteMachineID":"S-1-0-0","EventReceivedTime":"2021-09-24 23:51:23","SourceModuleName":"GuruculWindowsFull2016","SourceModuleType":"im_msvistalog"}
{"EventTime":"2021-09-24 23:51:21","Hostname":"THEPUNISHER.MARVEL.local","Keywords":-9214364837600034816,"EventType":"AUDIT_SUCCESS","SeverityValue":2,"Severity":"INFO","EventID":5156,"SourceName":"Microsoft-Windows-Security-Auditing","ProviderGuid":"{54849625-5478-4994-A5BA-3E3B0328C30D}","Version":1,"Task":12810,"OpcodeValue":0,"RecordNumber":7856009,"ProcessID":4,"ThreadID":336,"Channel":"Security","Message":"The Windows Filtering Platform has permitted a connection.\r\n\r\nApplication Information:\r\n\tProcess ID:\t\t1356\r\n\tApplication Name:\t\\device\\harddiskvolume3\\windows\\system32\\svchost.exe\r\n\r\nNetwork Information:\r\n\tDirection:\t\tOutbound\r\n\tSource Address:\t\t192.168.118.138\r\n\tSource Port:\t\t55518\r\n\tDestination Address:\t192.168.118.200\r\n\tDestination Port:\t\t53\r\n\tProtocol:\t\t17\r\n\r\nFilter Information:\r\n\tFilter Run-Time ID:\t0\r\n\tLayer Name:\t\tConnect\r\n\tLayer Run-Time ID:\t48","Category":"Filtering Platform Connection","Opcode":"Info","Application":"\\device\\harddiskvolume3\\windows\\system32\\svchost.exe","Direction":"%%14593","SourceAddress":"192.168.118.138","SourcePort":"55518","DestAddress":"192.168.118.200","DestPort":"53","Protocol":"17","FilterRTID":"0","LayerName":"%%14611","LayerRTID":"48","RemoteUserID":"S-1-0-0","RemoteMachineID":"S-1-0-0","EventReceivedTime":"2021-09-24 23:51:23","SourceModuleName":"GuruculWindowsFull2016","SourceModuleType":"im_msvistalog"}
{"EventTime":"2021-09-24 23:51:21","Hostname":"THEPUNISHER.MARVEL.local","Keywords":-9214364837600034816,"EventType":"AUDIT_SUCCESS","SeverityValue":2,"Severity":"INFO","EventID":5156,"SourceName":"Microsoft-Windows-Security-Auditing","ProviderGuid":"{54849625-5478-4994-A5BA-3E3B0328C30D}","Version":1,"Task":12810,"OpcodeValue":0,"RecordNumber":7856012,"ProcessID":4,"ThreadID":336,"Channel":"Security","Message":"The Windows Filtering Platform has permitted a connection.\r\n\r\nApplication Information:\r\n\tProcess ID:\t\t1356\r\n\tApplication Name:\t\\device\\harddiskvolume3\\windows\\system32\\svchost.exe\r\n\r\nNetwork Information:\r\n\tDirection:\t\tOutbound\r\n\tSource Address:\t\t192.168.118.138\r\n\tSource Port:\t\t64247\r\n\tDestination Address:\t192.168.118.200\r\n\tDestination Port:\t\t53\r\n\tProtocol:\t\t17\r\n\r\nFilter Information:\r\n\tFilter Run-Time ID:\t0\r\n\tLayer Name:\t\tConnect\r\n\tLayer Run-Time ID:\t48","Category":"Filtering Platform Connection","Opcode":"Info","Application":"\\device\\harddiskvolume3\\windows\\system32\\svchost.exe","Direction":"%%14593","SourceAddress":"192.168.118.138","SourcePort":"64247","DestAddress":"192.168.118.200","DestPort":"53","Protocol":"17","FilterRTID":"0","LayerName":"%%14611","LayerRTID":"48","RemoteUserID":"S-1-0-0","RemoteMachineID":"S-1-0-0","EventReceivedTime":"2021-09-24 23:51:23","SourceModuleName":"GuruculWindowsFull2016","SourceModuleType":"im_msvistalog"}
{"EventTime":"2021-09-24 23:51:21","Hostname":"THEPUNISHER.MARVEL.local","Keywords":-9214364837600034816,"EventType":"AUDIT_SUCCESS","SeverityValue":2,"Severity":"INFO","EventID":4688,"SourceName":"Microsoft-Windows-Security-Auditing","ProviderGuid":"{54849625-5478-4994-A5BA-3E3B0328C30D}","Version":2,"Task":13312,"OpcodeValue":0,"RecordNumber":7856013,"ProcessID":4,"ThreadID":3584,"Channel":"Security","Message":"A new process has been created.\r\n\r\nCreator Subject:\r\n\tSecurity ID:\t\tS-1-5-20\r\n\tAccount Name:\t\tTHEPUNISHER$\r\n\tAccount Domain:\t\tMARVEL\r\n\tLogon ID:\t\t0x3E4\r\n\r\nTarget Subject:\r\n\tSecurity ID:\t\tS-1-0-0\r\n\tAccount Name:\t\t-\r\n\tAccount Domain:\t\t-\r\n\tLogon ID:\t\t0x0\r\n\r\nProcess Information:\r\n\tNew Process ID:\t\t0x10cc\r\n\tNew Process Name:\tC:\\Windows\\SERVIC~1\\NETWOR~1\\AppData\\Local\\Temp\\mpam-86ab37f4.exe\r\n\tToken Elevation Type:\t%%1936\r\n\tMandatory Label:\t\tS-1-16-16384\r\n\tCreator Process ID:\t0xa58\r\n\tCreator Process Name:\tC:\\ProgramData\\Microsoft\\Windows Defender\\Platform\\4.18.2108.7-0\\MpCmdRun.exe\r\n\tProcess Command Line:\t\r\n\r\nToken Elevation Type indicates the type of token that was assigned to the new process in accordance with User Account Control policy.\r\n\r\nType 1 is a full token with no privileges removed or groups disabled.  A full token is only used if User Account Control is disabled or if the user is the built-in Administrator account or a service account.\r\n\r\nType 2 is an elevated token with no privileges removed or groups disabled.  An elevated token is used when User Account Control is enabled and the user chooses to start the program using Run as administrator.  An elevated token is also used when an application is configured to always require administrative privilege or to always require maximum privilege, and the user is a member of the Administrators group.\r\n\r\nType 3 is a limited token with administrative privileges removed and administrative groups disabled.  The limited token is used when User Account Control is enabled, the application does not require administrative privilege, and the user does not choose to start the program using Run as administrator.","Category":"Process Creation","Opcode":"Info","SubjectUserSid":"S-1-5-20","SubjectUserName":"THEPUNISHER$","SubjectDomainName":"MARVEL","SubjectLogonId":"0x3e4","NewProcessId":"0x10cc","NewProcessName":"C:\\Windows\\SERVIC~1\\NETWOR~1\\AppData\\Local\\Temp\\mpam-86ab37f4.exe","TokenElevationType":"%%1936","TargetUserSid":"S-1-0-0","TargetUserName":"-","TargetDomainName":"-","TargetLogonId":"0x0","ParentProcessName":"C:\\ProgramData\\Microsoft\\Windows Defender\\Platform\\4.18.2108.7-0\\MpCmdRun.exe","MandatoryLabel":"S-1-16-16384","EventReceivedTime":"2021-09-24 23:51:23","SourceModuleName":"GuruculWindowsFull2016","SourceModuleType":"im_msvistalog"}
{"EventTime":"2021-09-24 23:51:21","Hostname":"THEPUNISHER.MARVEL.local","Keywords":-9223372036854775808,"EventType":"INFO","SeverityValue":2,"Severity":"INFO","EventID":1,"SourceName":"Microsoft-Windows-Sysmon","ProviderGuid":"{5770385F-C22A-43E0-BF4C-06F5698FFBD9}","Version":5,"Task":1,"OpcodeValue":0,"RecordNumber":33954,"ProcessID":3632,"ThreadID":4444,"Channel":"Microsoft-Windows-Sysmon/Operational","Domain":"NT AUTHORITY","AccountName":"SYSTEM","UserID":"S-1-5-18","AccountType":"User","Message":"Process Create:\r\nRuleName: -\r\nUtcTime: 2021-09-24 23:51:21.605\r\nProcessGuid: {901330d1-6479-614e-0b01-000000004500}\r\nProcessId: 4300\r\nImage: C:\\Windows\\SERVIC~1\\NETWOR~1\\AppData\\Local\\Temp\\mpam-86ab37f4.exe\r\nFileVersion: 1.349.1350.0\r\nDescription: AntiMalware Definition Update\r\nProduct: Microsoft Malware Protection\r\nCompany: Microsoft Corporation\r\nOriginalFileName: mpam-d_bd_1.349.1271.0.exe\r\nCommandLine: \"C:\\Windows\\SERVIC~1\\NETWOR~1\\AppData\\Local\\Temp\\mpam-86ab37f4.exe\" /q WD\r\nCurrentDirectory: C:\\Windows\\system32\\\r\nUser: NT AUTHORITY\\NETWORK SERVICE\r\nLogonGuid: {901330d1-6214-614e-e403-000000000000}\r\nLogonId: 0x3E4\r\nTerminalSessionId: 0\r\nIntegrityLevel: System\r\nHashes: MD5=8D786EEFFC61FA975F1DE30F38DA61A7,SHA256=655224E46C5C6189061EC033A99AA9E432ABF83A38E0239FD26E93910326ADFC,IMPHASH=C757B6532BF3304F2E1DA07EFE23042E\r\nParentProcessGuid: {901330d1-6478-614e-0a01-000000004500}\r\nParentProcessId: 2648\r\nParentImage: C:\\ProgramData\\Microsoft\\Windows Defender\\Platform\\4.18.2108.7-0\\MpCmdRun.exe\r\nParentCommandLine: \"C:\\ProgramData\\Microsoft\\Windows Defender\\Platform\\4.18.2108.7-0\\MpCmdRun.exe\" SignaturesUpdateService -ScheduleJob -HttpDownload -RestrictPrivileges -Reinvoke","Category":"Process Create (rule: ProcessCreate)","Opcode":"Info","RuleName":"-","UtcTime":"2021-09-24 23:51:21.605","ProcessGuid":"{901330d1-6479-614e-0b01-000000004500}","Image":"C:\\Windows\\SERVIC~1\\NETWOR~1\\AppData\\Local\\Temp\\mpam-86ab37f4.exe","FileVersion":"1.349.1350.0","Description":"AntiMalware Definition Update","Product":"Microsoft Malware Protection","Company":"Microsoft Corporation","OriginalFileName":"mpam-d_bd_1.349.1271.0.exe","CommandLine":"\"C:\\Windows\\SERVIC~1\\NETWOR~1\\AppData\\Local\\Temp\\mpam-86ab37f4.exe\" /q WD","CurrentDirectory":"C:\\Windows\\system32\\","User":"NT AUTHORITY\\NETWORK SERVICE","LogonGuid":"{901330d1-6214-614e-e403-000000000000}","LogonId":"0x3e4","TerminalSessionId":"0","IntegrityLevel":"System","Hashes":"MD5=8D786EEFFC61FA975F1DE30F38DA61A7,SHA256=655224E46C5C6189061EC033A99AA9E432ABF83A38E0239FD26E93910326ADFC,IMPHASH=C757B6532BF3304F2E1DA07EFE23042E","ParentProcessGuid":"{901330d1-6478-614e-0a01-000000004500}","ParentProcessId":"2648","ParentImage":"C:\\ProgramData\\Microsoft\\Windows Defender\\Platform\\4.18.2108.7-0\\MpCmdRun.exe","ParentCommandLine":"\"C:\\ProgramData\\Microsoft\\Windows Defender\\Platform\\4.18.2108.7-0\\MpCmdRun.exe\" SignaturesUpdateService -ScheduleJob -HttpDownload -RestrictPrivileges -Reinvoke","EventReceivedTime":"2021-09-24 23:51:23","SourceModuleName":"GuruculWindowsFull2016","SourceModuleType":"im_msvistalog"}
{"EventTime":"2021-09-24 23:51:21","Hostname":"THEPUNISHER.MARVEL.local","Keywords":-9218868437227405312,"EventType":"AUDIT_FAILURE","SeverityValue":4,"Severity":"ERROR","EventID":4673,"SourceName":"Microsoft-Windows-Security-Auditing","ProviderGuid":"{54849625-5478-4994-A5BA-3E3B0328C30D}","Version":0,"Task":13056,"OpcodeValue":0,"RecordNumber":7856014,"ProcessID":4,"ThreadID":3584,"Channel":"Security","Message":"A privileged service was called.\r\n\r\nSubject:\r\n\tSecurity ID:\t\tS-1-5-20\r\n\tAccount Name:\t\tTHEPUNISHER$\r\n\tAccount Domain:\t\tMARVEL\r\n\tLogon ID:\t\t0x3E4\r\n\r\nService:\r\n\tServer:\tSecurity\r\n\tService Name:\t-\r\n\r\nProcess:\r\n\tProcess ID:\t0x10cc\r\n\tProcess Name:\tC:\\Windows\\SERVIC~1\\NETWOR~1\\AppData\\Local\\Temp\\mpam-86ab37f4.exe\r\n\r\nService Request Information:\r\n\tPrivileges:\t\tSeProfileSingleProcessPrivilege","Category":"Sensitive Privilege Use","Opcode":"Info","SubjectUserSid":"S-1-5-20","SubjectUserName":"THEPUNISHER$","SubjectDomainName":"MARVEL","SubjectLogonId":"0x3e4","ObjectServer":"Security","Service":"-","PrivilegeList":"SeProfileSingleProcessPrivilege","ProcessName":"C:\\Windows\\SERVIC~1\\NETWOR~1\\AppData\\Local\\Temp\\mpam-86ab37f4.exe","EventReceivedTime":"2021-09-24 23:51:23","SourceModuleName":"GuruculWindowsFull2016","SourceModuleType":"im_msvistalog"}
{"EventTime":"2021-09-24 23:51:21","Hostname":"THEPUNISHER.MARVEL.local","Keywords":-9223372036854775808,"EventType":"INFO","SeverityValue":2,"Severity":"INFO","EventID":11,"SourceName":"Microsoft-Windows-Sysmon","ProviderGuid":"{5770385F-C22A-43E0-BF4C-06F5698FFBD9}","Version":2,"Task":11,"OpcodeValue":0,"RecordNumber":33955,"ProcessID":3632,"ThreadID":4444,"Channel":"Microsoft-Windows-Sysmon/Operational","Domain":"NT AUTHORITY","AccountName":"SYSTEM","UserID":"S-1-5-18","AccountType":"User","Message":"File created:\r\nRuleName: EXE\r\nUtcTime: 2021-09-24 23:51:21.950\r\nProcessGuid: {901330d1-6479-614e-0b01-000000004500}\r\nProcessId: 4300\r\nImage: C:\\Windows\\SERVIC~1\\NETWOR~1\\AppData\\Local\\Temp\\mpam-86ab37f4.exe\r\nTargetFilename: C:\\Windows\\SERVIC~1\\NETWOR~1\\AppData\\Local\\Temp\\CE3E7EDB-C22D-4A9A-8DD4-7611750C1D62\\MpSigStub.exe\r\nCreationUtcTime: 2021-09-24 23:51:21.950","Category":"File created (rule: FileCreate)","Opcode":"Info","RuleName":"EXE","UtcTime":"2021-09-24 23:51:21.950","ProcessGuid":"{901330d1-6479-614e-0b01-000000004500}","Image":"C:\\Windows\\SERVIC~1\\NETWOR~1\\AppData\\Local\\Temp\\mpam-86ab37f4.exe","TargetFilename":"C:\\Windows\\SERVIC~1\\NETWOR~1\\AppData\\Local\\Temp\\CE3E7EDB-C22D-4A9A-8DD4-7611750C1D62\\MpSigStub.exe","CreationUtcTime":"2021-09-24 23:51:21.950","EventReceivedTime":"2021-09-24 23:51:23","SourceModuleName":"GuruculWindowsFull2016","SourceModuleType":"im_msvistalog"}
{"EventTime":"2021-09-24 23:51:21","Hostname":"THEPUNISHER.MARVEL.local","Keywords":-9223372036854775808,"EventType":"INFO","SeverityValue":2,"Severity":"INFO","EventID":2,"SourceName":"Microsoft-Windows-Sysmon","ProviderGuid":"{5770385F-C22A-43E0-BF4C-06F5698FFBD9}","Version":5,"Task":2,"OpcodeValue":0,"RecordNumber":33956,"ProcessID":3632,"ThreadID":4444,"Channel":"Microsoft-Windows-Sysmon/Operational","Domain":"NT AUTHORITY","AccountName":"SYSTEM","UserID":"S-1-5-18","AccountType":"User","Message":"File creation time changed:\r\nRuleName: T1099\r\nUtcTime: 2021-09-24 23:51:21.950\r\nProcessGuid: {901330d1-6479-614e-0b01-000000004500}\r\nProcessId: 4300\r\nImage: C:\\Windows\\SERVIC~1\\NETWOR~1\\AppData\\Local\\Temp\\mpam-86ab37f4.exe\r\nTargetFilename: C:\\Windows\\SERVIC~1\\NETWOR~1\\AppData\\Local\\Temp\\CE3E7EDB-C22D-4A9A-8DD4-7611750C1D62\\MpSigStub.exe\r\nCreationUtcTime: 2021-09-24 18:49:44.000\r\nPreviousCreationUtcTime: 2021-09-24 23:51:21.950","Category":"File creation time changed (rule: FileCreateTime)","Opcode":"Info","RuleName":"T1099","UtcTime":"2021-09-24 23:51:21.950","ProcessGuid":"{901330d1-6479-614e-0b01-000000004500}","Image":"C:\\Windows\\SERVIC~1\\NETWOR~1\\AppData\\Local\\Temp\\mpam-86ab37f4.exe","TargetFilename":"C:\\Windows\\SERVIC~1\\NETWOR~1\\AppData\\Local\\Temp\\CE3E7EDB-C22D-4A9A-8DD4-7611750C1D62\\MpSigStub.exe","CreationUtcTime":"2021-09-24 18:49:44.000","PreviousCreationUtcTime":"2021-09-24 23:51:21.950","EventReceivedTime":"2021-09-24 23:51:23","SourceModuleName":"GuruculWindowsFull2016","SourceModuleType":"im_msvistalog"}
{"EventTime":"2021-09-24 23:51:22","Hostname":"THEPUNISHER.MARVEL.local","Keywords":-9214364837600034816,"EventType":"AUDIT_SUCCESS","SeverityValue":2,"Severity":"INFO","EventID":4688,"SourceName":"Microsoft-Windows-Security-Auditing","ProviderGuid":"{54849625-5478-4994-A5BA-3E3B0328C30D}","Version":2,"Task":13312,"OpcodeValue":0,"RecordNumber":7856015,"ProcessID":4,"ThreadID":3584,"Channel":"Security","Message":"A new process has been created.\r\n\r\nCreator Subject:\r\n\tSecurity ID:\t\tS-1-5-20\r\n\tAccount Name:\t\tTHEPUNISHER$\r\n\tAccount Domain:\t\tMARVEL\r\n\tLogon ID:\t\t0x3E4\r\n\r\nTarget Subject:\r\n\tSecurity ID:\t\tS-1-0-0\r\n\tAccount Name:\t\t-\r\n\tAccount Domain:\t\t-\r\n\tLogon ID:\t\t0x0\r\n\r\nProcess Information:\r\n\tNew Process ID:\t\t0xc5c\r\n\tNew Process Name:\tC:\\Windows\\SERVIC~1\\NETWOR~1\\AppData\\Local\\Temp\\CE3E7EDB-C22D-4A9A-8DD4-7611750C1D62\\MpSigStub.exe\r\n\tToken Elevation Type:\t%%1936\r\n\tMandatory Label:\t\tS-1-16-16384\r\n\tCreator Process ID:\t0x10cc\r\n\tCreator Process Name:\tC:\\Windows\\SERVIC~1\\NETWOR~1\\AppData\\Local\\Temp\\mpam-86ab37f4.exe\r\n\tProcess Command Line:\t\r\n\r\nToken Elevation Type indicates the type of token that was assigned to the new process in accordance with User Account Control policy.\r\n\r\nType 1 is a full token with no privileges removed or groups disabled.  A full token is only used if User Account Control is disabled or if the user is the built-in Administrator account or a service account.\r\n\r\nType 2 is an elevated token with no privileges removed or groups disabled.  An elevated token is used when User Account Control is enabled and the user chooses to start the program using Run as administrator.  An elevated token is also used when an application is configured to always require administrative privilege or to always require maximum privilege, and the user is a member of the Administrators group.\r\n\r\nType 3 is a limited token with administrative privileges removed and administrative groups disabled.  The limited token is used when User Account Control is enabled, the application does not require administrative privilege, and the user does not choose to start the program using Run as administrator.","Category":"Process Creation","Opcode":"Info","SubjectUserSid":"S-1-5-20","SubjectUserName":"THEPUNISHER$","SubjectDomainName":"MARVEL","SubjectLogonId":"0x3e4","NewProcessId":"0xc5c","NewProcessName":"C:\\Windows\\SERVIC~1\\NETWOR~1\\AppData\\Local\\Temp\\CE3E7EDB-C22D-4A9A-8DD4-7611750C1D62\\MpSigStub.exe","TokenElevationType":"%%1936","TargetUserSid":"S-1-0-0","TargetUserName":"-","TargetDomainName":"-","TargetLogonId":"0x0","ParentProcessName":"C:\\Windows\\SERVIC~1\\NETWOR~1\\AppData\\Local\\Temp\\mpam-86ab37f4.exe","MandatoryLabel":"S-1-16-16384","EventReceivedTime":"2021-09-24 23:51:23","SourceModuleName":"GuruculWindowsFull2016","SourceModuleType":"im_msvistalog"}
{"EventTime":"2021-09-24 23:51:22","Hostname":"THEPUNISHER.MARVEL.local","Keywords":-9223372036854775808,"EventType":"INFO","SeverityValue":2,"Severity":"INFO","EventID":1,"SourceName":"Microsoft-Windows-Sysmon","ProviderGuid":"{5770385F-C22A-43E0-BF4C-06F5698FFBD9}","Version":5,"Task":1,"OpcodeValue":0,"RecordNumber":33957,"ProcessID":3632,"ThreadID":4444,"Channel":"Microsoft-Windows-Sysmon/Operational","Domain":"NT AUTHORITY","AccountName":"SYSTEM","UserID":"S-1-5-18","AccountType":"User","Message":"Process Create:\r\nRuleName: -\r\nUtcTime: 2021-09-24 23:51:22.026\r\nProcessGuid: {901330d1-647a-614e-0c01-000000004500}\r\nProcessId: 3164\r\nImage: C:\\Windows\\SERVIC~1\\NETWOR~1\\AppData\\Local\\Temp\\CE3E7EDB-C22D-4A9A-8DD4-7611750C1D62\\MpSigStub.exe\r\nFileVersion: 1.1.18500.10 (bd3bd17b10e8c188734ef863541b1db0d3f8b954)\r\nDescription: Microsoft Malware Protection Signature Update Stub\r\nProduct: Microsoft Malware Protection\r\nCompany: Microsoft Corporation\r\nOriginalFileName: MpSigStub.exe\r\nCommandLine: C:\\Windows\\SERVIC~1\\NETWOR~1\\AppData\\Local\\Temp\\CE3E7EDB-C22D-4A9A-8DD4-7611750C1D62\\MpSigStub.exe /stub 1.1.18500.10 /payload 1.349.1350.0 /program C:\\Windows\\SERVIC~1\\NETWOR~1\\AppData\\Local\\Temp\\mpam-86ab37f4.exe /q WD\r\nCurrentDirectory: C:\\Windows\\SERVIC~1\\NETWOR~1\\AppData\\Local\\Temp\\CE3E7EDB-C22D-4A9A-8DD4-7611750C1D62\\\r\nUser: NT AUTHORITY\\NETWORK SERVICE\r\nLogonGuid: {901330d1-6214-614e-e403-000000000000}\r\nLogonId: 0x3E4\r\nTerminalSessionId: 0\r\nIntegrityLevel: System\r\nHashes: MD5=01F92DC7A766FF783AE7AF40FD0334FB,SHA256=FA42B9B84754E2E8368E8929FA045BE86DBD72678176EE75814D2A16D23E5C26,IMPHASH=17C9015AF786E0332059F422B92FB6BB\r\nParentProcessGuid: {901330d1-6479-614e-0b01-000000004500}\r\nParentProcessId: 4300\r\nParentImage: C:\\Windows\\SERVIC~1\\NETWOR~1\\AppData\\Local\\Temp\\mpam-86ab37f4.exe\r\nParentCommandLine: \"C:\\Windows\\SERVIC~1\\NETWOR~1\\AppData\\Local\\Temp\\mpam-86ab37f4.exe\" /q WD","Category":"Process Create (rule: ProcessCreate)","Opcode":"Info","RuleName":"-","UtcTime":"2021-09-24 23:51:22.026","ProcessGuid":"{901330d1-647a-614e-0c01-000000004500}","Image":"C:\\Windows\\SERVIC~1\\NETWOR~1\\AppData\\Local\\Temp\\CE3E7EDB-C22D-4A9A-8DD4-7611750C1D62\\MpSigStub.exe","FileVersion":"1.1.18500.10 (bd3bd17b10e8c188734ef863541b1db0d3f8b954)","Description":"Microsoft Malware Protection Signature Update Stub","Product":"Microsoft Malware Protection","Company":"Microsoft Corporation","OriginalFileName":"MpSigStub.exe","CommandLine":"C:\\Windows\\SERVIC~1\\NETWOR~1\\AppData\\Local\\Temp\\CE3E7EDB-C22D-4A9A-8DD4-7611750C1D62\\MpSigStub.exe /stub 1.1.18500.10 /payload 1.349.1350.0 /program C:\\Windows\\SERVIC~1\\NETWOR~1\\AppData\\Local\\Temp\\mpam-86ab37f4.exe /q WD","CurrentDirectory":"C:\\Windows\\SERVIC~1\\NETWOR~1\\AppData\\Local\\Temp\\CE3E7EDB-C22D-4A9A-8DD4-7611750C1D62\\","User":"NT AUTHORITY\\NETWORK SERVICE","LogonGuid":"{901330d1-6214-614e-e403-000000000000}","LogonId":"0x3e4","TerminalSessionId":"0","IntegrityLevel":"System","Hashes":"MD5=01F92DC7A766FF783AE7AF40FD0334FB,SHA256=FA42B9B84754E2E8368E8929FA045BE86DBD72678176EE75814D2A16D23E5C26,IMPHASH=17C9015AF786E0332059F422B92FB6BB","ParentProcessGuid":"{901330d1-6479-614e-0b01-000000004500}","ParentProcessId":"4300","ParentImage":"C:\\Windows\\SERVIC~1\\NETWOR~1\\AppData\\Local\\Temp\\mpam-86ab37f4.exe","ParentCommandLine":"\"C:\\Windows\\SERVIC~1\\NETWOR~1\\AppData\\Local\\Temp\\mpam-86ab37f4.exe\" /q WD","EventReceivedTime":"2021-09-24 23:51:23","SourceModuleName":"GuruculWindowsFull2016","SourceModuleType":"im_msvistalog"}
{"EventTime":"2021-09-24 23:51:22","Hostname":"THEPUNISHER.MARVEL.local","Keywords":-9218868437227405312,"EventType":"AUDIT_FAILURE","SeverityValue":4,"Severity":"ERROR","EventID":4673,"SourceName":"Microsoft-Windows-Security-Auditing","ProviderGuid":"{54849625-5478-4994-A5BA-3E3B0328C30D}","Version":0,"Task":13056,"OpcodeValue":0,"RecordNumber":7856016,"ProcessID":4,"ThreadID":3584,"Channel":"Security","Message":"A privileged service was called.\r\n\r\nSubject:\r\n\tSecurity ID:\t\tS-1-5-20\r\n\tAccount Name:\t\tTHEPUNISHER$\r\n\tAccount Domain:\t\tMARVEL\r\n\tLogon ID:\t\t0x3E4\r\n\r\nService:\r\n\tServer:\tSecurity\r\n\tService Name:\t-\r\n\r\nProcess:\r\n\tProcess ID:\t0xc5c\r\n\tProcess Name:\tC:\\Windows\\SERVIC~1\\NETWOR~1\\AppData\\Local\\Temp\\CE3E7EDB-C22D-4A9A-8DD4-7611750C1D62\\MpSigStub.exe\r\n\r\nService Request Information:\r\n\tPrivileges:\t\tSeProfileSingleProcessPrivilege","Category":"Sensitive Privilege Use","Opcode":"Info","SubjectUserSid":"S-1-5-20","SubjectUserName":"THEPUNISHER$","SubjectDomainName":"MARVEL","SubjectLogonId":"0x3e4","ObjectServer":"Security","Service":"-","PrivilegeList":"SeProfileSingleProcessPrivilege","ProcessName":"C:\\Windows\\SERVIC~1\\NETWOR~1\\AppData\\Local\\Temp\\CE3E7EDB-C22D-4A9A-8DD4-7611750C1D62\\MpSigStub.exe","EventReceivedTime":"2021-09-24 23:51:23","SourceModuleName":"GuruculWindowsFull2016","SourceModuleType":"im_msvistalog"}
