{"EventTime":"2021-09-24 23:52:44","Hostname":"HYDRA-DC.MARVEL.local","Keywords":-9214364837600034816,"EventType":"AUDIT_SUCCESS","SeverityValue":2,"Severity":"INFO","EventID":5156,"SourceName":"Microsoft-Windows-Security-Auditing","ProviderGuid":"{54849625-5478-4994-A5BA-3E3B0328C30D}","Version":1,"Task":12810,"OpcodeValue":0,"RecordNumber":68006306,"ProcessID":4,"ThreadID":188,"Channel":"Security","Message":"The Windows Filtering Platform has permitted a connection.\r\n\r\nApplication Information:\r\n\tProcess ID:\t\t1212\r\n\tApplication Name:\t\\device\\harddiskvolume4\\windows\\system32\\svchost.exe\r\n\r\nNetwork Information:\r\n\tDirection:\t\tInbound\r\n\tSource Address:\t\tfe80::4182:75a:4fb0:92c6\r\n\tSource Port:\t\t5353\r\n\tDestination Address:\tff02::fb\r\n\tDestination Port:\t\t5353\r\n\tProtocol:\t\t17\r\n\r\nFilter Information:\r\n\tFilter Run-Time ID:\t0\r\n\tLayer Name:\t\tReceive/Accept\r\n\tLayer Run-Time ID:\t46","Category":"Filtering Platform Connection","Opcode":"Info","Application":"\\device\\harddiskvolume4\\windows\\system32\\svchost.exe","Direction":"%%14592","SourceAddress":"fe80::4182:75a:4fb0:92c6","SourcePort":"5353","DestAddress":"ff02::fb","DestPort":"5353","Protocol":"17","FilterRTID":"0","LayerName":"%%14610","LayerRTID":"46","RemoteUserID":"S-1-0-0","RemoteMachineID":"S-1-0-0","EventReceivedTime":"2021-09-24 23:52:45","SourceModuleName":"GuruculWindowsFull2016","SourceModuleType":"im_msvistalog"}
{"EventTime":"2021-09-24 23:52:44","Hostname":"HYDRA-DC.MARVEL.local","Keywords":-9214364837600034816,"EventType":"AUDIT_SUCCESS","SeverityValue":2,"Severity":"INFO","EventID":5156,"SourceName":"Microsoft-Windows-Security-Auditing","ProviderGuid":"{54849625-5478-4994-A5BA-3E3B0328C30D}","Version":1,"Task":12810,"OpcodeValue":0,"RecordNumber":68006307,"ProcessID":4,"ThreadID":188,"Channel":"Security","Message":"The Windows Filtering Platform has permitted a connection.\r\n\r\nApplication Information:\r\n\tProcess ID:\t\t1212\r\n\tApplication Name:\t\\device\\harddiskvolume4\\windows\\system32\\svchost.exe\r\n\r\nNetwork Information:\r\n\tDirection:\t\tInbound\r\n\tSource Address:\t\t192.168.118.1\r\n\tSource Port:\t\t5353\r\n\tDestination Address:\t224.0.0.251\r\n\tDestination Port:\t\t5353\r\n\tProtocol:\t\t17\r\n\r\nFilter Information:\r\n\tFilter Run-Time ID:\t0\r\n\tLayer Name:\t\tReceive/Accept\r\n\tLayer Run-Time ID:\t44","Category":"Filtering Platform Connection","Opcode":"Info","Application":"\\device\\harddiskvolume4\\windows\\system32\\svchost.exe","Direction":"%%14592","SourceAddress":"192.168.118.1","SourcePort":"5353","DestAddress":"224.0.0.251","DestPort":"5353","Protocol":"17","FilterRTID":"0","LayerName":"%%14610","LayerRTID":"44","RemoteUserID":"S-1-0-0","RemoteMachineID":"S-1-0-0","EventReceivedTime":"2021-09-24 23:52:45","SourceModuleName":"GuruculWindowsFull2016","SourceModuleType":"im_msvistalog"}
{"EventTime":"2021-09-24 23:52:44","Hostname":"HYDRA-DC.MARVEL.local","Keywords":-9214364837600034816,"EventType":"AUDIT_SUCCESS","SeverityValue":2,"Severity":"INFO","EventID":5156,"SourceName":"Microsoft-Windows-Security-Auditing","ProviderGuid":"{54849625-5478-4994-A5BA-3E3B0328C30D}","Version":1,"Task":12810,"OpcodeValue":0,"RecordNumber":68006308,"ProcessID":4,"ThreadID":188,"Channel":"Security","Message":"The Windows Filtering Platform has permitted a connection.\r\n\r\nApplication Information:\r\n\tProcess ID:\t\t1212\r\n\tApplication Name:\t\\device\\harddiskvolume4\\windows\\system32\\svchost.exe\r\n\r\nNetwork Information:\r\n\tDirection:\t\tInbound\r\n\tSource Address:\t\tfe80::4182:75a:4fb0:92c6\r\n\tSource Port:\t\t5353\r\n\tDestination Address:\tff02::fb\r\n\tDestination Port:\t\t5353\r\n\tProtocol:\t\t17\r\n\r\nFilter Information:\r\n\tFilter Run-Time ID:\t0\r\n\tLayer Name:\t\tReceive/Accept\r\n\tLayer Run-Time ID:\t46","Category":"Filtering Platform Connection","Opcode":"Info","Application":"\\device\\harddiskvolume4\\windows\\system32\\svchost.exe","Direction":"%%14592","SourceAddress":"fe80::4182:75a:4fb0:92c6","SourcePort":"5353","DestAddress":"ff02::fb","DestPort":"5353","Protocol":"17","FilterRTID":"0","LayerName":"%%14610","LayerRTID":"46","RemoteUserID":"S-1-0-0","RemoteMachineID":"S-1-0-0","EventReceivedTime":"2021-09-24 23:52:45","SourceModuleName":"GuruculWindowsFull2016","SourceModuleType":"im_msvistalog"}
{"EventTime":"2021-09-24 23:52:44","Hostname":"HYDRA-DC.MARVEL.local","Keywords":-9214364837600034816,"EventType":"AUDIT_SUCCESS","SeverityValue":2,"Severity":"INFO","EventID":5156,"SourceName":"Microsoft-Windows-Security-Auditing","ProviderGuid":"{54849625-5478-4994-A5BA-3E3B0328C30D}","Version":1,"Task":12810,"OpcodeValue":0,"RecordNumber":68006309,"ProcessID":4,"ThreadID":188,"Channel":"Security","Message":"The Windows Filtering Platform has permitted a connection.\r\n\r\nApplication Information:\r\n\tProcess ID:\t\t1212\r\n\tApplication Name:\t\\device\\harddiskvolume4\\windows\\system32\\svchost.exe\r\n\r\nNetwork Information:\r\n\tDirection:\t\tInbound\r\n\tSource Address:\t\tfe80::4182:75a:4fb0:92c6\r\n\tSource Port:\t\t65321\r\n\tDestination Address:\tff02::1:3\r\n\tDestination Port:\t\t5355\r\n\tProtocol:\t\t17\r\n\r\nFilter Information:\r\n\tFilter Run-Time ID:\t0\r\n\tLayer Name:\t\tReceive/Accept\r\n\tLayer Run-Time ID:\t46","Category":"Filtering Platform Connection","Opcode":"Info","Application":"\\device\\harddiskvolume4\\windows\\system32\\svchost.exe","Direction":"%%14592","SourceAddress":"fe80::4182:75a:4fb0:92c6","SourcePort":"65321","DestAddress":"ff02::1:3","DestPort":"5355","Protocol":"17","FilterRTID":"0","LayerName":"%%14610","LayerRTID":"46","RemoteUserID":"S-1-0-0","RemoteMachineID":"S-1-0-0","EventReceivedTime":"2021-09-24 23:52:45","SourceModuleName":"GuruculWindowsFull2016","SourceModuleType":"im_msvistalog"}
{"EventTime":"2021-09-24 23:52:44","Hostname":"HYDRA-DC.MARVEL.local","Keywords":-9214364837600034816,"EventType":"AUDIT_SUCCESS","SeverityValue":2,"Severity":"INFO","EventID":5156,"SourceName":"Microsoft-Windows-Security-Auditing","ProviderGuid":"{54849625-5478-4994-A5BA-3E3B0328C30D}","Version":1,"Task":12810,"OpcodeValue":0,"RecordNumber":68006310,"ProcessID":4,"ThreadID":188,"Channel":"Security","Message":"The Windows Filtering Platform has permitted a connection.\r\n\r\nApplication Information:\r\n\tProcess ID:\t\t1212\r\n\tApplication Name:\t\\device\\harddiskvolume4\\windows\\system32\\svchost.exe\r\n\r\nNetwork Information:\r\n\tDirection:\t\tInbound\r\n\tSource Address:\t\t192.168.118.1\r\n\tSource Port:\t\t65321\r\n\tDestination Address:\t224.0.0.252\r\n\tDestination Port:\t\t5355\r\n\tProtocol:\t\t17\r\n\r\nFilter Information:\r\n\tFilter Run-Time ID:\t0\r\n\tLayer Name:\t\tReceive/Accept\r\n\tLayer Run-Time ID:\t44","Category":"Filtering Platform Connection","Opcode":"Info","Application":"\\device\\harddiskvolume4\\windows\\system32\\svchost.exe","Direction":"%%14592","SourceAddress":"192.168.118.1","SourcePort":"65321","DestAddress":"224.0.0.252","DestPort":"5355","Protocol":"17","FilterRTID":"0","LayerName":"%%14610","LayerRTID":"44","RemoteUserID":"S-1-0-0","RemoteMachineID":"S-1-0-0","EventReceivedTime":"2021-09-24 23:52:45","SourceModuleName":"GuruculWindowsFull2016","SourceModuleType":"im_msvistalog"}
{"EventTime":"2021-09-24 23:52:44","Hostname":"HYDRA-DC.MARVEL.local","Keywords":-9214364837600034816,"EventType":"AUDIT_SUCCESS","SeverityValue":2,"Severity":"INFO","EventID":5156,"SourceName":"Microsoft-Windows-Security-Auditing","ProviderGuid":"{54849625-5478-4994-A5BA-3E3B0328C30D}","Version":1,"Task":12810,"OpcodeValue":0,"RecordNumber":68006311,"ProcessID":4,"ThreadID":188,"Channel":"Security","Message":"The Windows Filtering Platform has permitted a connection.\r\n\r\nApplication Information:\r\n\tProcess ID:\t\t1212\r\n\tApplication Name:\t\\device\\harddiskvolume4\\windows\\system32\\svchost.exe\r\n\r\nNetwork Information:\r\n\tDirection:\t\tInbound\r\n\tSource Address:\t\tfe80::4182:75a:4fb0:92c6\r\n\tSource Port:\t\t65321\r\n\tDestination Address:\tff02::1:3\r\n\tDestination Port:\t\t5355\r\n\tProtocol:\t\t17\r\n\r\nFilter Information:\r\n\tFilter Run-Time ID:\t0\r\n\tLayer Name:\t\tReceive/Accept\r\n\tLayer Run-Time ID:\t46","Category":"Filtering Platform Connection","Opcode":"Info","Application":"\\device\\harddiskvolume4\\windows\\system32\\svchost.exe","Direction":"%%14592","SourceAddress":"fe80::4182:75a:4fb0:92c6","SourcePort":"65321","DestAddress":"ff02::1:3","DestPort":"5355","Protocol":"17","FilterRTID":"0","LayerName":"%%14610","LayerRTID":"46","RemoteUserID":"S-1-0-0","RemoteMachineID":"S-1-0-0","EventReceivedTime":"2021-09-24 23:52:45","SourceModuleName":"GuruculWindowsFull2016","SourceModuleType":"im_msvistalog"}
{"EventTime":"2021-09-24 23:52:44","Hostname":"HYDRA-DC.MARVEL.local","Keywords":-9214364837600034816,"EventType":"AUDIT_SUCCESS","SeverityValue":2,"Severity":"INFO","EventID":5156,"SourceName":"Microsoft-Windows-Security-Auditing","ProviderGuid":"{54849625-5478-4994-A5BA-3E3B0328C30D}","Version":1,"Task":12810,"OpcodeValue":0,"RecordNumber":68006312,"ProcessID":4,"ThreadID":188,"Channel":"Security","Message":"The Windows Filtering Platform has permitted a connection.\r\n\r\nApplication Information:\r\n\tProcess ID:\t\t1212\r\n\tApplication Name:\t\\device\\harddiskvolume4\\windows\\system32\\svchost.exe\r\n\r\nNetwork Information:\r\n\tDirection:\t\tInbound\r\n\tSource Address:\t\t192.168.118.1\r\n\tSource Port:\t\t65321\r\n\tDestination Address:\t224.0.0.252\r\n\tDestination Port:\t\t5355\r\n\tProtocol:\t\t17\r\n\r\nFilter Information:\r\n\tFilter Run-Time ID:\t0\r\n\tLayer Name:\t\tReceive/Accept\r\n\tLayer Run-Time ID:\t44","Category":"Filtering Platform Connection","Opcode":"Info","Application":"\\device\\harddiskvolume4\\windows\\system32\\svchost.exe","Direction":"%%14592","SourceAddress":"192.168.118.1","SourcePort":"65321","DestAddress":"224.0.0.252","DestPort":"5355","Protocol":"17","FilterRTID":"0","LayerName":"%%14610","LayerRTID":"44","RemoteUserID":"S-1-0-0","RemoteMachineID":"S-1-0-0","EventReceivedTime":"2021-09-24 23:52:45","SourceModuleName":"GuruculWindowsFull2016","SourceModuleType":"im_msvistalog"}
{"EventTime":"2021-09-24 23:52:45","Hostname":"HYDRA-DC.MARVEL.local","Keywords":-9214364837600034816,"EventType":"AUDIT_SUCCESS","SeverityValue":2,"Severity":"INFO","EventID":5156,"SourceName":"Microsoft-Windows-Security-Auditing","ProviderGuid":"{54849625-5478-4994-A5BA-3E3B0328C30D}","Version":1,"Task":12810,"OpcodeValue":0,"RecordNumber":68006313,"ProcessID":4,"ThreadID":188,"Channel":"Security","Message":"The Windows Filtering Platform has permitted a connection.\r\n\r\nApplication Information:\r\n\tProcess ID:\t\t1212\r\n\tApplication Name:\t\\device\\harddiskvolume4\\windows\\system32\\svchost.exe\r\n\r\nNetwork Information:\r\n\tDirection:\t\tInbound\r\n\tSource Address:\t\t192.168.118.1\r\n\tSource Port:\t\t5353\r\n\tDestination Address:\t224.0.0.251\r\n\tDestination Port:\t\t5353\r\n\tProtocol:\t\t17\r\n\r\nFilter Information:\r\n\tFilter Run-Time ID:\t0\r\n\tLayer Name:\t\tReceive/Accept\r\n\tLayer Run-Time ID:\t44","Category":"Filtering Platform Connection","Opcode":"Info","Application":"\\device\\harddiskvolume4\\windows\\system32\\svchost.exe","Direction":"%%14592","SourceAddress":"192.168.118.1","SourcePort":"5353","DestAddress":"224.0.0.251","DestPort":"5353","Protocol":"17","FilterRTID":"0","LayerName":"%%14610","LayerRTID":"44","RemoteUserID":"S-1-0-0","RemoteMachineID":"S-1-0-0","EventReceivedTime":"2021-09-24 23:52:45","SourceModuleName":"GuruculWindowsFull2016","SourceModuleType":"im_msvistalog"}
{"EventTime":"2021-09-24 23:52:45","Hostname":"HYDRA-DC.MARVEL.local","Keywords":-9214364837600034816,"EventType":"AUDIT_SUCCESS","SeverityValue":2,"Severity":"INFO","EventID":5156,"SourceName":"Microsoft-Windows-Security-Auditing","ProviderGuid":"{54849625-5478-4994-A5BA-3E3B0328C30D}","Version":1,"Task":12810,"OpcodeValue":0,"RecordNumber":68006314,"ProcessID":4,"ThreadID":188,"Channel":"Security","Message":"The Windows Filtering Platform has permitted a connection.\r\n\r\nApplication Information:\r\n\tProcess ID:\t\t1212\r\n\tApplication Name:\t\\device\\harddiskvolume4\\windows\\system32\\svchost.exe\r\n\r\nNetwork Information:\r\n\tDirection:\t\tInbound\r\n\tSource Address:\t\tfe80::4182:75a:4fb0:92c6\r\n\tSource Port:\t\t5353\r\n\tDestination Address:\tff02::fb\r\n\tDestination Port:\t\t5353\r\n\tProtocol:\t\t17\r\n\r\nFilter Information:\r\n\tFilter Run-Time ID:\t0\r\n\tLayer Name:\t\tReceive/Accept\r\n\tLayer Run-Time ID:\t46","Category":"Filtering Platform Connection","Opcode":"Info","Application":"\\device\\harddiskvolume4\\windows\\system32\\svchost.exe","Direction":"%%14592","SourceAddress":"fe80::4182:75a:4fb0:92c6","SourcePort":"5353","DestAddress":"ff02::fb","DestPort":"5353","Protocol":"17","FilterRTID":"0","LayerName":"%%14610","LayerRTID":"46","RemoteUserID":"S-1-0-0","RemoteMachineID":"S-1-0-0","EventReceivedTime":"2021-09-24 23:52:45","SourceModuleName":"GuruculWindowsFull2016","SourceModuleType":"im_msvistalog"}
{"EventTime":"2021-09-24 23:52:45","Hostname":"HYDRA-DC.MARVEL.local","Keywords":-9214364837600034816,"EventType":"AUDIT_SUCCESS","SeverityValue":2,"Severity":"INFO","EventID":5156,"SourceName":"Microsoft-Windows-Security-Auditing","ProviderGuid":"{54849625-5478-4994-A5BA-3E3B0328C30D}","Version":1,"Task":12810,"OpcodeValue":0,"RecordNumber":68006315,"ProcessID":4,"ThreadID":188,"Channel":"Security","Message":"The Windows Filtering Platform has permitted a connection.\r\n\r\nApplication Information:\r\n\tProcess ID:\t\t1212\r\n\tApplication Name:\t\\device\\harddiskvolume4\\windows\\system32\\svchost.exe\r\n\r\nNetwork Information:\r\n\tDirection:\t\tInbound\r\n\tSource Address:\t\t192.168.118.1\r\n\tSource Port:\t\t5353\r\n\tDestination Address:\t224.0.0.251\r\n\tDestination Port:\t\t5353\r\n\tProtocol:\t\t17\r\n\r\nFilter Information:\r\n\tFilter Run-Time ID:\t0\r\n\tLayer Name:\t\tReceive/Accept\r\n\tLayer Run-Time ID:\t44","Category":"Filtering Platform Connection","Opcode":"Info","Application":"\\device\\harddiskvolume4\\windows\\system32\\svchost.exe","Direction":"%%14592","SourceAddress":"192.168.118.1","SourcePort":"5353","DestAddress":"224.0.0.251","DestPort":"5353","Protocol":"17","FilterRTID":"0","LayerName":"%%14610","LayerRTID":"44","RemoteUserID":"S-1-0-0","RemoteMachineID":"S-1-0-0","EventReceivedTime":"2021-09-24 23:52:45","SourceModuleName":"GuruculWindowsFull2016","SourceModuleType":"im_msvistalog"}
{"EventTime":"2021-09-24 23:52:45","Hostname":"HYDRA-DC.MARVEL.local","Keywords":-9214364837600034816,"EventType":"AUDIT_SUCCESS","SeverityValue":2,"Severity":"INFO","EventID":5156,"SourceName":"Microsoft-Windows-Security-Auditing","ProviderGuid":"{54849625-5478-4994-A5BA-3E3B0328C30D}","Version":1,"Task":12810,"OpcodeValue":0,"RecordNumber":68006316,"ProcessID":4,"ThreadID":188,"Channel":"Security","Message":"The Windows Filtering Platform has permitted a connection.\r\n\r\nApplication Information:\r\n\tProcess ID:\t\t1212\r\n\tApplication Name:\t\\device\\harddiskvolume4\\windows\\system32\\svchost.exe\r\n\r\nNetwork Information:\r\n\tDirection:\t\tInbound\r\n\tSource Address:\t\tfe80::4182:75a:4fb0:92c6\r\n\tSource Port:\t\t5353\r\n\tDestination Address:\tff02::fb\r\n\tDestination Port:\t\t5353\r\n\tProtocol:\t\t17\r\n\r\nFilter Information:\r\n\tFilter Run-Time ID:\t0\r\n\tLayer Name:\t\tReceive/Accept\r\n\tLayer Run-Time ID:\t46","Category":"Filtering Platform Connection","Opcode":"Info","Application":"\\device\\harddiskvolume4\\windows\\system32\\svchost.exe","Direction":"%%14592","SourceAddress":"fe80::4182:75a:4fb0:92c6","SourcePort":"5353","DestAddress":"ff02::fb","DestPort":"5353","Protocol":"17","FilterRTID":"0","LayerName":"%%14610","LayerRTID":"46","RemoteUserID":"S-1-0-0","RemoteMachineID":"S-1-0-0","EventReceivedTime":"2021-09-24 23:52:45","SourceModuleName":"GuruculWindowsFull2016","SourceModuleType":"im_msvistalog"}
{"EventTime":"2021-09-24 23:52:45","Hostname":"HYDRA-DC.MARVEL.local","Keywords":-9214364837600034816,"EventType":"AUDIT_SUCCESS","SeverityValue":2,"Severity":"INFO","EventID":5156,"SourceName":"Microsoft-Windows-Security-Auditing","ProviderGuid":"{54849625-5478-4994-A5BA-3E3B0328C30D}","Version":1,"Task":12810,"OpcodeValue":0,"RecordNumber":68006317,"ProcessID":4,"ThreadID":32,"Channel":"Security","Message":"The Windows Filtering Platform has permitted a connection.\r\n\r\nApplication Information:\r\n\tProcess ID:\t\t1212\r\n\tApplication Name:\t\\device\\harddiskvolume4\\windows\\system32\\svchost.exe\r\n\r\nNetwork Information:\r\n\tDirection:\t\tInbound\r\n\tSource Address:\t\t192.168.118.1\r\n\tSource Port:\t\t5353\r\n\tDestination Address:\t224.0.0.251\r\n\tDestination Port:\t\t5353\r\n\tProtocol:\t\t17\r\n\r\nFilter Information:\r\n\tFilter Run-Time ID:\t0\r\n\tLayer Name:\t\tReceive/Accept\r\n\tLayer Run-Time ID:\t44","Category":"Filtering Platform Connection","Opcode":"Info","Application":"\\device\\harddiskvolume4\\windows\\system32\\svchost.exe","Direction":"%%14592","SourceAddress":"192.168.118.1","SourcePort":"5353","DestAddress":"224.0.0.251","DestPort":"5353","Protocol":"17","FilterRTID":"0","LayerName":"%%14610","LayerRTID":"44","RemoteUserID":"S-1-0-0","RemoteMachineID":"S-1-0-0","EventReceivedTime":"2021-09-24 23:52:47","SourceModuleName":"GuruculWindowsFull2016","SourceModuleType":"im_msvistalog"}
{"EventTime":"2021-09-24 23:52:45","Hostname":"HYDRA-DC.MARVEL.local","Keywords":-9214364837600034816,"EventType":"AUDIT_SUCCESS","SeverityValue":2,"Severity":"INFO","EventID":5156,"SourceName":"Microsoft-Windows-Security-Auditing","ProviderGuid":"{54849625-5478-4994-A5BA-3E3B0328C30D}","Version":1,"Task":12810,"OpcodeValue":0,"RecordNumber":68006318,"ProcessID":4,"ThreadID":32,"Channel":"Security","Message":"The Windows Filtering Platform has permitted a connection.\r\n\r\nApplication Information:\r\n\tProcess ID:\t\t1212\r\n\tApplication Name:\t\\device\\harddiskvolume4\\windows\\system32\\svchost.exe\r\n\r\nNetwork Information:\r\n\tDirection:\t\tInbound\r\n\tSource Address:\t\tfe80::4182:75a:4fb0:92c6\r\n\tSource Port:\t\t5353\r\n\tDestination Address:\tff02::fb\r\n\tDestination Port:\t\t5353\r\n\tProtocol:\t\t17\r\n\r\nFilter Information:\r\n\tFilter Run-Time ID:\t0\r\n\tLayer Name:\t\tReceive/Accept\r\n\tLayer Run-Time ID:\t46","Category":"Filtering Platform Connection","Opcode":"Info","Application":"\\device\\harddiskvolume4\\windows\\system32\\svchost.exe","Direction":"%%14592","SourceAddress":"fe80::4182:75a:4fb0:92c6","SourcePort":"5353","DestAddress":"ff02::fb","DestPort":"5353","Protocol":"17","FilterRTID":"0","LayerName":"%%14610","LayerRTID":"46","RemoteUserID":"S-1-0-0","RemoteMachineID":"S-1-0-0","EventReceivedTime":"2021-09-24 23:52:47","SourceModuleName":"GuruculWindowsFull2016","SourceModuleType":"im_msvistalog"}
{"EventTime":"2021-09-24 23:52:45","Hostname":"HYDRA-DC.MARVEL.local","Keywords":-9214364837600034816,"EventType":"AUDIT_SUCCESS","SeverityValue":2,"Severity":"INFO","EventID":5156,"SourceName":"Microsoft-Windows-Security-Auditing","ProviderGuid":"{54849625-5478-4994-A5BA-3E3B0328C30D}","Version":1,"Task":12810,"OpcodeValue":0,"RecordNumber":68006319,"ProcessID":4,"ThreadID":32,"Channel":"Security","Message":"The Windows Filtering Platform has permitted a connection.\r\n\r\nApplication Information:\r\n\tProcess ID:\t\t1212\r\n\tApplication Name:\t\\device\\harddiskvolume4\\windows\\system32\\svchost.exe\r\n\r\nNetwork Information:\r\n\tDirection:\t\tInbound\r\n\tSource Address:\t\t192.168.118.1\r\n\tSource Port:\t\t5353\r\n\tDestination Address:\t224.0.0.251\r\n\tDestination Port:\t\t5353\r\n\tProtocol:\t\t17\r\n\r\nFilter Information:\r\n\tFilter Run-Time ID:\t0\r\n\tLayer Name:\t\tReceive/Accept\r\n\tLayer Run-Time ID:\t44","Category":"Filtering Platform Connection","Opcode":"Info","Application":"\\device\\harddiskvolume4\\windows\\system32\\svchost.exe","Direction":"%%14592","SourceAddress":"192.168.118.1","SourcePort":"5353","DestAddress":"224.0.0.251","DestPort":"5353","Protocol":"17","FilterRTID":"0","LayerName":"%%14610","LayerRTID":"44","RemoteUserID":"S-1-0-0","RemoteMachineID":"S-1-0-0","EventReceivedTime":"2021-09-24 23:52:47","SourceModuleName":"GuruculWindowsFull2016","SourceModuleType":"im_msvistalog"}
{"EventTime":"2021-09-24 23:52:45","Hostname":"HYDRA-DC.MARVEL.local","Keywords":-9214364837600034816,"EventType":"AUDIT_SUCCESS","SeverityValue":2,"Severity":"INFO","EventID":5156,"SourceName":"Microsoft-Windows-Security-Auditing","ProviderGuid":"{54849625-5478-4994-A5BA-3E3B0328C30D}","Version":1,"Task":12810,"OpcodeValue":0,"RecordNumber":68006320,"ProcessID":4,"ThreadID":32,"Channel":"Security","Message":"The Windows Filtering Platform has permitted a connection.\r\n\r\nApplication Information:\r\n\tProcess ID:\t\t1212\r\n\tApplication Name:\t\\device\\harddiskvolume4\\windows\\system32\\svchost.exe\r\n\r\nNetwork Information:\r\n\tDirection:\t\tInbound\r\n\tSource Address:\t\tfe80::4182:75a:4fb0:92c6\r\n\tSource Port:\t\t5353\r\n\tDestination Address:\tff02::fb\r\n\tDestination Port:\t\t5353\r\n\tProtocol:\t\t17\r\n\r\nFilter Information:\r\n\tFilter Run-Time ID:\t0\r\n\tLayer Name:\t\tReceive/Accept\r\n\tLayer Run-Time ID:\t46","Category":"Filtering Platform Connection","Opcode":"Info","Application":"\\device\\harddiskvolume4\\windows\\system32\\svchost.exe","Direction":"%%14592","SourceAddress":"fe80::4182:75a:4fb0:92c6","SourcePort":"5353","DestAddress":"ff02::fb","DestPort":"5353","Protocol":"17","FilterRTID":"0","LayerName":"%%14610","LayerRTID":"46","RemoteUserID":"S-1-0-0","RemoteMachineID":"S-1-0-0","EventReceivedTime":"2021-09-24 23:52:47","SourceModuleName":"GuruculWindowsFull2016","SourceModuleType":"im_msvistalog"}
{"EventTime":"2021-09-24 23:52:45","Hostname":"HYDRA-DC.MARVEL.local","Keywords":-9214364837600034816,"EventType":"AUDIT_SUCCESS","SeverityValue":2,"Severity":"INFO","EventID":5156,"SourceName":"Microsoft-Windows-Security-Auditing","ProviderGuid":"{54849625-5478-4994-A5BA-3E3B0328C30D}","Version":1,"Task":12810,"OpcodeValue":0,"RecordNumber":68006321,"ProcessID":4,"ThreadID":32,"Channel":"Security","Message":"The Windows Filtering Platform has permitted a connection.\r\n\r\nApplication Information:\r\n\tProcess ID:\t\t1212\r\n\tApplication Name:\t\\device\\harddiskvolume4\\windows\\system32\\svchost.exe\r\n\r\nNetwork Information:\r\n\tDirection:\t\tInbound\r\n\tSource Address:\t\tfe80::4182:75a:4fb0:92c6\r\n\tSource Port:\t\t63715\r\n\tDestination Address:\tff02::1:3\r\n\tDestination Port:\t\t5355\r\n\tProtocol:\t\t17\r\n\r\nFilter Information:\r\n\tFilter Run-Time ID:\t0\r\n\tLayer Name:\t\tReceive/Accept\r\n\tLayer Run-Time ID:\t46","Category":"Filtering Platform Connection","Opcode":"Info","Application":"\\device\\harddiskvolume4\\windows\\system32\\svchost.exe","Direction":"%%14592","SourceAddress":"fe80::4182:75a:4fb0:92c6","SourcePort":"63715","DestAddress":"ff02::1:3","DestPort":"5355","Protocol":"17","FilterRTID":"0","LayerName":"%%14610","LayerRTID":"46","RemoteUserID":"S-1-0-0","RemoteMachineID":"S-1-0-0","EventReceivedTime":"2021-09-24 23:52:47","SourceModuleName":"GuruculWindowsFull2016","SourceModuleType":"im_msvistalog"}
{"EventTime":"2021-09-24 23:52:45","Hostname":"HYDRA-DC.MARVEL.local","Keywords":-9214364837600034816,"EventType":"AUDIT_SUCCESS","SeverityValue":2,"Severity":"INFO","EventID":5156,"SourceName":"Microsoft-Windows-Security-Auditing","ProviderGuid":"{54849625-5478-4994-A5BA-3E3B0328C30D}","Version":1,"Task":12810,"OpcodeValue":0,"RecordNumber":68006322,"ProcessID":4,"ThreadID":32,"Channel":"Security","Message":"The Windows Filtering Platform has permitted a connection.\r\n\r\nApplication Information:\r\n\tProcess ID:\t\t1212\r\n\tApplication Name:\t\\device\\harddiskvolume4\\windows\\system32\\svchost.exe\r\n\r\nNetwork Information:\r\n\tDirection:\t\tInbound\r\n\tSource Address:\t\t192.168.118.1\r\n\tSource Port:\t\t63715\r\n\tDestination Address:\t224.0.0.252\r\n\tDestination Port:\t\t5355\r\n\tProtocol:\t\t17\r\n\r\nFilter Information:\r\n\tFilter Run-Time ID:\t0\r\n\tLayer Name:\t\tReceive/Accept\r\n\tLayer Run-Time ID:\t44","Category":"Filtering Platform Connection","Opcode":"Info","Application":"\\device\\harddiskvolume4\\windows\\system32\\svchost.exe","Direction":"%%14592","SourceAddress":"192.168.118.1","SourcePort":"63715","DestAddress":"224.0.0.252","DestPort":"5355","Protocol":"17","FilterRTID":"0","LayerName":"%%14610","LayerRTID":"44","RemoteUserID":"S-1-0-0","RemoteMachineID":"S-1-0-0","EventReceivedTime":"2021-09-24 23:52:47","SourceModuleName":"GuruculWindowsFull2016","SourceModuleType":"im_msvistalog"}
{"EventTime":"2021-09-24 23:52:45","Hostname":"HYDRA-DC.MARVEL.local","Keywords":-9214364837600034816,"EventType":"AUDIT_SUCCESS","SeverityValue":2,"Severity":"INFO","EventID":5156,"SourceName":"Microsoft-Windows-Security-Auditing","ProviderGuid":"{54849625-5478-4994-A5BA-3E3B0328C30D}","Version":1,"Task":12810,"OpcodeValue":0,"RecordNumber":68006323,"ProcessID":4,"ThreadID":32,"Channel":"Security","Message":"The Windows Filtering Platform has permitted a connection.\r\n\r\nApplication Information:\r\n\tProcess ID:\t\t1212\r\n\tApplication Name:\t\\device\\harddiskvolume4\\windows\\system32\\svchost.exe\r\n\r\nNetwork Information:\r\n\tDirection:\t\tInbound\r\n\tSource Address:\t\tfe80::4182:75a:4fb0:92c6\r\n\tSource Port:\t\t63715\r\n\tDestination Address:\tff02::1:3\r\n\tDestination Port:\t\t5355\r\n\tProtocol:\t\t17\r\n\r\nFilter Information:\r\n\tFilter Run-Time ID:\t0\r\n\tLayer Name:\t\tReceive/Accept\r\n\tLayer Run-Time ID:\t46","Category":"Filtering Platform Connection","Opcode":"Info","Application":"\\device\\harddiskvolume4\\windows\\system32\\svchost.exe","Direction":"%%14592","SourceAddress":"fe80::4182:75a:4fb0:92c6","SourcePort":"63715","DestAddress":"ff02::1:3","DestPort":"5355","Protocol":"17","FilterRTID":"0","LayerName":"%%14610","LayerRTID":"46","RemoteUserID":"S-1-0-0","RemoteMachineID":"S-1-0-0","EventReceivedTime":"2021-09-24 23:52:47","SourceModuleName":"GuruculWindowsFull2016","SourceModuleType":"im_msvistalog"}
{"EventTime":"2021-09-24 23:52:45","Hostname":"HYDRA-DC.MARVEL.local","Keywords":-9214364837600034816,"EventType":"AUDIT_SUCCESS","SeverityValue":2,"Severity":"INFO","EventID":5156,"SourceName":"Microsoft-Windows-Security-Auditing","ProviderGuid":"{54849625-5478-4994-A5BA-3E3B0328C30D}","Version":1,"Task":12810,"OpcodeValue":0,"RecordNumber":68006324,"ProcessID":4,"ThreadID":32,"Channel":"Security","Message":"The Windows Filtering Platform has permitted a connection.\r\n\r\nApplication Information:\r\n\tProcess ID:\t\t1212\r\n\tApplication Name:\t\\device\\harddiskvolume4\\windows\\system32\\svchost.exe\r\n\r\nNetwork Information:\r\n\tDirection:\t\tInbound\r\n\tSource Address:\t\t192.168.118.1\r\n\tSource Port:\t\t63715\r\n\tDestination Address:\t224.0.0.252\r\n\tDestination Port:\t\t5355\r\n\tProtocol:\t\t17\r\n\r\nFilter Information:\r\n\tFilter Run-Time ID:\t0\r\n\tLayer Name:\t\tReceive/Accept\r\n\tLayer Run-Time ID:\t44","Category":"Filtering Platform Connection","Opcode":"Info","Application":"\\device\\harddiskvolume4\\windows\\system32\\svchost.exe","Direction":"%%14592","SourceAddress":"192.168.118.1","SourcePort":"63715","DestAddress":"224.0.0.252","DestPort":"5355","Protocol":"17","FilterRTID":"0","LayerName":"%%14610","LayerRTID":"44","RemoteUserID":"S-1-0-0","RemoteMachineID":"S-1-0-0","EventReceivedTime":"2021-09-24 23:52:47","SourceModuleName":"GuruculWindowsFull2016","SourceModuleType":"im_msvistalog"}
{"EventTime":"2021-09-24 23:52:46","Hostname":"HYDRA-DC.MARVEL.local","Keywords":-9214364837600034816,"EventType":"AUDIT_SUCCESS","SeverityValue":2,"Severity":"INFO","EventID":5156,"SourceName":"Microsoft-Windows-Security-Auditing","ProviderGuid":"{54849625-5478-4994-A5BA-3E3B0328C30D}","Version":1,"Task":12810,"OpcodeValue":0,"RecordNumber":68006325,"ProcessID":4,"ThreadID":260,"Channel":"Security","Message":"The Windows Filtering Platform has permitted a connection.\r\n\r\nApplication Information:\r\n\tProcess ID:\t\t1212\r\n\tApplication Name:\t\\device\\harddiskvolume4\\windows\\system32\\svchost.exe\r\n\r\nNetwork Information:\r\n\tDirection:\t\tInbound\r\n\tSource Address:\t\t192.168.118.1\r\n\tSource Port:\t\t5353\r\n\tDestination Address:\t224.0.0.251\r\n\tDestination Port:\t\t5353\r\n\tProtocol:\t\t17\r\n\r\nFilter Information:\r\n\tFilter Run-Time ID:\t0\r\n\tLayer Name:\t\tReceive/Accept\r\n\tLayer Run-Time ID:\t44","Category":"Filtering Platform Connection","Opcode":"Info","Application":"\\device\\harddiskvolume4\\windows\\system32\\svchost.exe","Direction":"%%14592","SourceAddress":"192.168.118.1","SourcePort":"5353","DestAddress":"224.0.0.251","DestPort":"5353","Protocol":"17","FilterRTID":"0","LayerName":"%%14610","LayerRTID":"44","RemoteUserID":"S-1-0-0","RemoteMachineID":"S-1-0-0","EventReceivedTime":"2021-09-24 23:52:47","SourceModuleName":"GuruculWindowsFull2016","SourceModuleType":"im_msvistalog"}
{"EventTime":"2021-09-24 23:52:46","Hostname":"HYDRA-DC.MARVEL.local","Keywords":-9214364837600034816,"EventType":"AUDIT_SUCCESS","SeverityValue":2,"Severity":"INFO","EventID":5156,"SourceName":"Microsoft-Windows-Security-Auditing","ProviderGuid":"{54849625-5478-4994-A5BA-3E3B0328C30D}","Version":1,"Task":12810,"OpcodeValue":0,"RecordNumber":68006326,"ProcessID":4,"ThreadID":260,"Channel":"Security","Message":"The Windows Filtering Platform has permitted a connection.\r\n\r\nApplication Information:\r\n\tProcess ID:\t\t1212\r\n\tApplication Name:\t\\device\\harddiskvolume4\\windows\\system32\\svchost.exe\r\n\r\nNetwork Information:\r\n\tDirection:\t\tInbound\r\n\tSource Address:\t\tfe80::4182:75a:4fb0:92c6\r\n\tSource Port:\t\t5353\r\n\tDestination Address:\tff02::fb\r\n\tDestination Port:\t\t5353\r\n\tProtocol:\t\t17\r\n\r\nFilter Information:\r\n\tFilter Run-Time ID:\t0\r\n\tLayer Name:\t\tReceive/Accept\r\n\tLayer Run-Time ID:\t46","Category":"Filtering Platform Connection","Opcode":"Info","Application":"\\device\\harddiskvolume4\\windows\\system32\\svchost.exe","Direction":"%%14592","SourceAddress":"fe80::4182:75a:4fb0:92c6","SourcePort":"5353","DestAddress":"ff02::fb","DestPort":"5353","Protocol":"17","FilterRTID":"0","LayerName":"%%14610","LayerRTID":"46","RemoteUserID":"S-1-0-0","RemoteMachineID":"S-1-0-0","EventReceivedTime":"2021-09-24 23:52:47","SourceModuleName":"GuruculWindowsFull2016","SourceModuleType":"im_msvistalog"}
{"EventTime":"2021-09-24 23:52:47","Hostname":"HYDRA-DC.MARVEL.local","Keywords":-9214364837600034816,"EventType":"AUDIT_SUCCESS","SeverityValue":2,"Severity":"INFO","EventID":5156,"SourceName":"Microsoft-Windows-Security-Auditing","ProviderGuid":"{54849625-5478-4994-A5BA-3E3B0328C30D}","Version":1,"Task":12810,"OpcodeValue":0,"RecordNumber":68006327,"ProcessID":4,"ThreadID":260,"Channel":"Security","Message":"The Windows Filtering Platform has permitted a connection.\r\n\r\nApplication Information:\r\n\tProcess ID:\t\t1212\r\n\tApplication Name:\t\\device\\harddiskvolume4\\windows\\system32\\svchost.exe\r\n\r\nNetwork Information:\r\n\tDirection:\t\tInbound\r\n\tSource Address:\t\t192.168.118.1\r\n\tSource Port:\t\t5353\r\n\tDestination Address:\t224.0.0.251\r\n\tDestination Port:\t\t5353\r\n\tProtocol:\t\t17\r\n\r\nFilter Information:\r\n\tFilter Run-Time ID:\t0\r\n\tLayer Name:\t\tReceive/Accept\r\n\tLayer Run-Time ID:\t44","Category":"Filtering Platform Connection","Opcode":"Info","Application":"\\device\\harddiskvolume4\\windows\\system32\\svchost.exe","Direction":"%%14592","SourceAddress":"192.168.118.1","SourcePort":"5353","DestAddress":"224.0.0.251","DestPort":"5353","Protocol":"17","FilterRTID":"0","LayerName":"%%14610","LayerRTID":"44","RemoteUserID":"S-1-0-0","RemoteMachineID":"S-1-0-0","EventReceivedTime":"2021-09-24 23:52:48","SourceModuleName":"GuruculWindowsFull2016","SourceModuleType":"im_msvistalog"}
{"EventTime":"2021-09-24 23:52:47","Hostname":"HYDRA-DC.MARVEL.local","Keywords":-9214364837600034816,"EventType":"AUDIT_SUCCESS","SeverityValue":2,"Severity":"INFO","EventID":5156,"SourceName":"Microsoft-Windows-Security-Auditing","ProviderGuid":"{54849625-5478-4994-A5BA-3E3B0328C30D}","Version":1,"Task":12810,"OpcodeValue":0,"RecordNumber":68006328,"ProcessID":4,"ThreadID":260,"Channel":"Security","Message":"The Windows Filtering Platform has permitted a connection.\r\n\r\nApplication Information:\r\n\tProcess ID:\t\t1212\r\n\tApplication Name:\t\\device\\harddiskvolume4\\windows\\system32\\svchost.exe\r\n\r\nNetwork Information:\r\n\tDirection:\t\tInbound\r\n\tSource Address:\t\tfe80::4182:75a:4fb0:92c6\r\n\tSource Port:\t\t5353\r\n\tDestination Address:\tff02::fb\r\n\tDestination Port:\t\t5353\r\n\tProtocol:\t\t17\r\n\r\nFilter Information:\r\n\tFilter Run-Time ID:\t0\r\n\tLayer Name:\t\tReceive/Accept\r\n\tLayer Run-Time ID:\t46","Category":"Filtering Platform Connection","Opcode":"Info","Application":"\\device\\harddiskvolume4\\windows\\system32\\svchost.exe","Direction":"%%14592","SourceAddress":"fe80::4182:75a:4fb0:92c6","SourcePort":"5353","DestAddress":"ff02::fb","DestPort":"5353","Protocol":"17","FilterRTID":"0","LayerName":"%%14610","LayerRTID":"46","RemoteUserID":"S-1-0-0","RemoteMachineID":"S-1-0-0","EventReceivedTime":"2021-09-24 23:52:48","SourceModuleName":"GuruculWindowsFull2016","SourceModuleType":"im_msvistalog"}
{"EventTime":"2021-09-24 23:52:47","Hostname":"HYDRA-DC.MARVEL.local","Keywords":-9214364837600034816,"EventType":"AUDIT_SUCCESS","SeverityValue":2,"Severity":"INFO","EventID":5156,"SourceName":"Microsoft-Windows-Security-Auditing","ProviderGuid":"{54849625-5478-4994-A5BA-3E3B0328C30D}","Version":1,"Task":12810,"OpcodeValue":0,"RecordNumber":68006329,"ProcessID":4,"ThreadID":260,"Channel":"Security","Message":"The Windows Filtering Platform has permitted a connection.\r\n\r\nApplication Information:\r\n\tProcess ID:\t\t1212\r\n\tApplication Name:\t\\device\\harddiskvolume4\\windows\\system32\\svchost.exe\r\n\r\nNetwork Information:\r\n\tDirection:\t\tInbound\r\n\tSource Address:\t\t192.168.118.1\r\n\tSource Port:\t\t5353\r\n\tDestination Address:\t224.0.0.251\r\n\tDestination Port:\t\t5353\r\n\tProtocol:\t\t17\r\n\r\nFilter Information:\r\n\tFilter Run-Time ID:\t0\r\n\tLayer Name:\t\tReceive/Accept\r\n\tLayer Run-Time ID:\t44","Category":"Filtering Platform Connection","Opcode":"Info","Application":"\\device\\harddiskvolume4\\windows\\system32\\svchost.exe","Direction":"%%14592","SourceAddress":"192.168.118.1","SourcePort":"5353","DestAddress":"224.0.0.251","DestPort":"5353","Protocol":"17","FilterRTID":"0","LayerName":"%%14610","LayerRTID":"44","RemoteUserID":"S-1-0-0","RemoteMachineID":"S-1-0-0","EventReceivedTime":"2021-09-24 23:52:48","SourceModuleName":"GuruculWindowsFull2016","SourceModuleType":"im_msvistalog"}
{"EventTime":"2021-09-24 23:52:47","Hostname":"HYDRA-DC.MARVEL.local","Keywords":-9214364837600034816,"EventType":"AUDIT_SUCCESS","SeverityValue":2,"Severity":"INFO","EventID":5156,"SourceName":"Microsoft-Windows-Security-Auditing","ProviderGuid":"{54849625-5478-4994-A5BA-3E3B0328C30D}","Version":1,"Task":12810,"OpcodeValue":0,"RecordNumber":68006330,"ProcessID":4,"ThreadID":260,"Channel":"Security","Message":"The Windows Filtering Platform has permitted a connection.\r\n\r\nApplication Information:\r\n\tProcess ID:\t\t1212\r\n\tApplication Name:\t\\device\\harddiskvolume4\\windows\\system32\\svchost.exe\r\n\r\nNetwork Information:\r\n\tDirection:\t\tInbound\r\n\tSource Address:\t\tfe80::4182:75a:4fb0:92c6\r\n\tSource Port:\t\t5353\r\n\tDestination Address:\tff02::fb\r\n\tDestination Port:\t\t5353\r\n\tProtocol:\t\t17\r\n\r\nFilter Information:\r\n\tFilter Run-Time ID:\t0\r\n\tLayer Name:\t\tReceive/Accept\r\n\tLayer Run-Time ID:\t46","Category":"Filtering Platform Connection","Opcode":"Info","Application":"\\device\\harddiskvolume4\\windows\\system32\\svchost.exe","Direction":"%%14592","SourceAddress":"fe80::4182:75a:4fb0:92c6","SourcePort":"5353","DestAddress":"ff02::fb","DestPort":"5353","Protocol":"17","FilterRTID":"0","LayerName":"%%14610","LayerRTID":"46","RemoteUserID":"S-1-0-0","RemoteMachineID":"S-1-0-0","EventReceivedTime":"2021-09-24 23:52:48","SourceModuleName":"GuruculWindowsFull2016","SourceModuleType":"im_msvistalog"}
{"EventTime":"2021-09-24 23:52:47","Hostname":"HYDRA-DC.MARVEL.local","Keywords":-9214364837600034816,"EventType":"AUDIT_SUCCESS","SeverityValue":2,"Severity":"INFO","EventID":5156,"SourceName":"Microsoft-Windows-Security-Auditing","ProviderGuid":"{54849625-5478-4994-A5BA-3E3B0328C30D}","Version":1,"Task":12810,"OpcodeValue":0,"RecordNumber":68006331,"ProcessID":4,"ThreadID":260,"Channel":"Security","Message":"The Windows Filtering Platform has permitted a connection.\r\n\r\nApplication Information:\r\n\tProcess ID:\t\t1212\r\n\tApplication Name:\t\\device\\harddiskvolume4\\windows\\system32\\svchost.exe\r\n\r\nNetwork Information:\r\n\tDirection:\t\tInbound\r\n\tSource Address:\t\tfe80::4182:75a:4fb0:92c6\r\n\tSource Port:\t\t59115\r\n\tDestination Address:\tff02::1:3\r\n\tDestination Port:\t\t5355\r\n\tProtocol:\t\t17\r\n\r\nFilter Information:\r\n\tFilter Run-Time ID:\t0\r\n\tLayer Name:\t\tReceive/Accept\r\n\tLayer Run-Time ID:\t46","Category":"Filtering Platform Connection","Opcode":"Info","Application":"\\device\\harddiskvolume4\\windows\\system32\\svchost.exe","Direction":"%%14592","SourceAddress":"fe80::4182:75a:4fb0:92c6","SourcePort":"59115","DestAddress":"ff02::1:3","DestPort":"5355","Protocol":"17","FilterRTID":"0","LayerName":"%%14610","LayerRTID":"46","RemoteUserID":"S-1-0-0","RemoteMachineID":"S-1-0-0","EventReceivedTime":"2021-09-24 23:52:48","SourceModuleName":"GuruculWindowsFull2016","SourceModuleType":"im_msvistalog"}
{"EventTime":"2021-09-24 23:52:47","Hostname":"HYDRA-DC.MARVEL.local","Keywords":-9214364837600034816,"EventType":"AUDIT_SUCCESS","SeverityValue":2,"Severity":"INFO","EventID":5156,"SourceName":"Microsoft-Windows-Security-Auditing","ProviderGuid":"{54849625-5478-4994-A5BA-3E3B0328C30D}","Version":1,"Task":12810,"OpcodeValue":0,"RecordNumber":68006332,"ProcessID":4,"ThreadID":260,"Channel":"Security","Message":"The Windows Filtering Platform has permitted a connection.\r\n\r\nApplication Information:\r\n\tProcess ID:\t\t1212\r\n\tApplication Name:\t\\device\\harddiskvolume4\\windows\\system32\\svchost.exe\r\n\r\nNetwork Information:\r\n\tDirection:\t\tInbound\r\n\tSource Address:\t\t192.168.118.1\r\n\tSource Port:\t\t59115\r\n\tDestination Address:\t224.0.0.252\r\n\tDestination Port:\t\t5355\r\n\tProtocol:\t\t17\r\n\r\nFilter Information:\r\n\tFilter Run-Time ID:\t0\r\n\tLayer Name:\t\tReceive/Accept\r\n\tLayer Run-Time ID:\t44","Category":"Filtering Platform Connection","Opcode":"Info","Application":"\\device\\harddiskvolume4\\windows\\system32\\svchost.exe","Direction":"%%14592","SourceAddress":"192.168.118.1","SourcePort":"59115","DestAddress":"224.0.0.252","DestPort":"5355","Protocol":"17","FilterRTID":"0","LayerName":"%%14610","LayerRTID":"44","RemoteUserID":"S-1-0-0","RemoteMachineID":"S-1-0-0","EventReceivedTime":"2021-09-24 23:52:48","SourceModuleName":"GuruculWindowsFull2016","SourceModuleType":"im_msvistalog"}
{"EventTime":"2021-09-24 23:52:47","Hostname":"HYDRA-DC.MARVEL.local","Keywords":-9214364837600034816,"EventType":"AUDIT_SUCCESS","SeverityValue":2,"Severity":"INFO","EventID":5156,"SourceName":"Microsoft-Windows-Security-Auditing","ProviderGuid":"{54849625-5478-4994-A5BA-3E3B0328C30D}","Version":1,"Task":12810,"OpcodeValue":0,"RecordNumber":68006333,"ProcessID":4,"ThreadID":32,"Channel":"Security","Message":"The Windows Filtering Platform has permitted a connection.\r\n\r\nApplication Information:\r\n\tProcess ID:\t\t1212\r\n\tApplication Name:\t\\device\\harddiskvolume4\\windows\\system32\\svchost.exe\r\n\r\nNetwork Information:\r\n\tDirection:\t\tInbound\r\n\tSource Address:\t\tfe80::4182:75a:4fb0:92c6\r\n\tSource Port:\t\t59115\r\n\tDestination Address:\tff02::1:3\r\n\tDestination Port:\t\t5355\r\n\tProtocol:\t\t17\r\n\r\nFilter Information:\r\n\tFilter Run-Time ID:\t0\r\n\tLayer Name:\t\tReceive/Accept\r\n\tLayer Run-Time ID:\t46","Category":"Filtering Platform Connection","Opcode":"Info","Application":"\\device\\harddiskvolume4\\windows\\system32\\svchost.exe","Direction":"%%14592","SourceAddress":"fe80::4182:75a:4fb0:92c6","SourcePort":"59115","DestAddress":"ff02::1:3","DestPort":"5355","Protocol":"17","FilterRTID":"0","LayerName":"%%14610","LayerRTID":"46","RemoteUserID":"S-1-0-0","RemoteMachineID":"S-1-0-0","EventReceivedTime":"2021-09-24 23:52:48","SourceModuleName":"GuruculWindowsFull2016","SourceModuleType":"im_msvistalog"}
{"EventTime":"2021-09-24 23:52:47","Hostname":"HYDRA-DC.MARVEL.local","Keywords":-9214364837600034816,"EventType":"AUDIT_SUCCESS","SeverityValue":2,"Severity":"INFO","EventID":5156,"SourceName":"Microsoft-Windows-Security-Auditing","ProviderGuid":"{54849625-5478-4994-A5BA-3E3B0328C30D}","Version":1,"Task":12810,"OpcodeValue":0,"RecordNumber":68006334,"ProcessID":4,"ThreadID":32,"Channel":"Security","Message":"The Windows Filtering Platform has permitted a connection.\r\n\r\nApplication Information:\r\n\tProcess ID:\t\t1212\r\n\tApplication Name:\t\\device\\harddiskvolume4\\windows\\system32\\svchost.exe\r\n\r\nNetwork Information:\r\n\tDirection:\t\tInbound\r\n\tSource Address:\t\t192.168.118.1\r\n\tSource Port:\t\t59115\r\n\tDestination Address:\t224.0.0.252\r\n\tDestination Port:\t\t5355\r\n\tProtocol:\t\t17\r\n\r\nFilter Information:\r\n\tFilter Run-Time ID:\t0\r\n\tLayer Name:\t\tReceive/Accept\r\n\tLayer Run-Time ID:\t44","Category":"Filtering Platform Connection","Opcode":"Info","Application":"\\device\\harddiskvolume4\\windows\\system32\\svchost.exe","Direction":"%%14592","SourceAddress":"192.168.118.1","SourcePort":"59115","DestAddress":"224.0.0.252","DestPort":"5355","Protocol":"17","FilterRTID":"0","LayerName":"%%14610","LayerRTID":"44","RemoteUserID":"S-1-0-0","RemoteMachineID":"S-1-0-0","EventReceivedTime":"2021-09-24 23:52:48","SourceModuleName":"GuruculWindowsFull2016","SourceModuleType":"im_msvistalog"}
{"EventTime":"2021-09-24 23:52:48","Hostname":"HYDRA-DC.MARVEL.local","Keywords":-9214364837600034816,"EventType":"AUDIT_SUCCESS","SeverityValue":2,"Severity":"INFO","EventID":5156,"SourceName":"Microsoft-Windows-Security-Auditing","ProviderGuid":"{54849625-5478-4994-A5BA-3E3B0328C30D}","Version":1,"Task":12810,"OpcodeValue":0,"RecordNumber":68006335,"ProcessID":4,"ThreadID":32,"Channel":"Security","Message":"The Windows Filtering Platform has permitted a connection.\r\n\r\nApplication Information:\r\n\tProcess ID:\t\t1212\r\n\tApplication Name:\t\\device\\harddiskvolume4\\windows\\system32\\svchost.exe\r\n\r\nNetwork Information:\r\n\tDirection:\t\tInbound\r\n\tSource Address:\t\t192.168.118.1\r\n\tSource Port:\t\t5353\r\n\tDestination Address:\t224.0.0.251\r\n\tDestination Port:\t\t5353\r\n\tProtocol:\t\t17\r\n\r\nFilter Information:\r\n\tFilter Run-Time ID:\t0\r\n\tLayer Name:\t\tReceive/Accept\r\n\tLayer Run-Time ID:\t44","Category":"Filtering Platform Connection","Opcode":"Info","Application":"\\device\\harddiskvolume4\\windows\\system32\\svchost.exe","Direction":"%%14592","SourceAddress":"192.168.118.1","SourcePort":"5353","DestAddress":"224.0.0.251","DestPort":"5353","Protocol":"17","FilterRTID":"0","LayerName":"%%14610","LayerRTID":"44","RemoteUserID":"S-1-0-0","RemoteMachineID":"S-1-0-0","EventReceivedTime":"2021-09-24 23:52:48","SourceModuleName":"GuruculWindowsFull2016","SourceModuleType":"im_msvistalog"}
{"EventTime":"2021-09-24 23:52:48","Hostname":"HYDRA-DC.MARVEL.local","Keywords":-9214364837600034816,"EventType":"AUDIT_SUCCESS","SeverityValue":2,"Severity":"INFO","EventID":5156,"SourceName":"Microsoft-Windows-Security-Auditing","ProviderGuid":"{54849625-5478-4994-A5BA-3E3B0328C30D}","Version":1,"Task":12810,"OpcodeValue":0,"RecordNumber":68006336,"ProcessID":4,"ThreadID":32,"Channel":"Security","Message":"The Windows Filtering Platform has permitted a connection.\r\n\r\nApplication Information:\r\n\tProcess ID:\t\t1212\r\n\tApplication Name:\t\\device\\harddiskvolume4\\windows\\system32\\svchost.exe\r\n\r\nNetwork Information:\r\n\tDirection:\t\tInbound\r\n\tSource Address:\t\tfe80::4182:75a:4fb0:92c6\r\n\tSource Port:\t\t5353\r\n\tDestination Address:\tff02::fb\r\n\tDestination Port:\t\t5353\r\n\tProtocol:\t\t17\r\n\r\nFilter Information:\r\n\tFilter Run-Time ID:\t0\r\n\tLayer Name:\t\tReceive/Accept\r\n\tLayer Run-Time ID:\t46","Category":"Filtering Platform Connection","Opcode":"Info","Application":"\\device\\harddiskvolume4\\windows\\system32\\svchost.exe","Direction":"%%14592","SourceAddress":"fe80::4182:75a:4fb0:92c6","SourcePort":"5353","DestAddress":"ff02::fb","DestPort":"5353","Protocol":"17","FilterRTID":"0","LayerName":"%%14610","LayerRTID":"46","RemoteUserID":"S-1-0-0","RemoteMachineID":"S-1-0-0","EventReceivedTime":"2021-09-24 23:52:48","SourceModuleName":"GuruculWindowsFull2016","SourceModuleType":"im_msvistalog"}
{"EventTime":"2021-09-24 23:52:54","Hostname":"HYDRA-DC.MARVEL.local","Keywords":-9214364837600034816,"EventType":"AUDIT_SUCCESS","SeverityValue":2,"Severity":"INFO","EventID":4658,"SourceName":"Microsoft-Windows-Security-Auditing","ProviderGuid":"{54849625-5478-4994-A5BA-3E3B0328C30D}","Version":0,"Task":12802,"OpcodeValue":0,"RecordNumber":68006338,"ProcessID":4,"ThreadID":276,"Channel":"Security","Message":"The handle to an object was closed.\r\n\r\nSubject :\r\n\tSecurity ID:\t\tS-1-5-18\r\n\tAccount Name:\t\tHYDRA-DC$\r\n\tAccount Domain:\t\tMARVEL\r\n\tLogon ID:\t\t0x3E7\r\n\r\nObject:\r\n\tObject Server:\t\tSecurity\r\n\tHandle ID:\t\t0x24e8\r\n\r\nProcess Information:\r\n\tProcess ID:\t\t0x558\r\n\tProcess Name:\t\tC:\\Windows\\System32\\rundll32.exe","Category":"Kernel Object","Opcode":"Info","SubjectUserSid":"S-1-5-18","SubjectUserName":"HYDRA-DC$","SubjectDomainName":"MARVEL","SubjectLogonId":"0x3e7","ObjectServer":"Security","HandleId":"0x24e8","ProcessName":"C:\\Windows\\System32\\rundll32.exe","EventReceivedTime":"2021-09-24 23:52:55","SourceModuleName":"GuruculWindowsFull2016","SourceModuleType":"im_msvistalog"}
{"EventTime":"2021-09-24 23:52:54","Hostname":"HYDRA-DC.MARVEL.local","Keywords":-9214364837600034816,"EventType":"AUDIT_SUCCESS","SeverityValue":2,"Severity":"INFO","EventID":4656,"SourceName":"Microsoft-Windows-Security-Auditing","ProviderGuid":"{54849625-5478-4994-A5BA-3E3B0328C30D}","Version":1,"Task":12802,"OpcodeValue":0,"RecordNumber":68006339,"ProcessID":4,"ThreadID":276,"Channel":"Security","Message":"A handle to an object was requested.\r\n\r\nSubject:\r\n\tSecurity ID:\t\tS-1-5-18\r\n\tAccount Name:\t\tHYDRA-DC$\r\n\tAccount Domain:\t\tMARVEL\r\n\tLogon ID:\t\t0x3E7\r\n\r\nObject:\r\n\tObject Server:\t\tSecurity\r\n\tObject Type:\t\tProcess\r\n\tObject Name:\t\t\\Device\\HarddiskVolume4\\Windows\\System32\\lsass.exe\r\n\tHandle ID:\t\t0x2e4\r\n\tResource Attributes:\t-\r\n\r\nProcess Information:\r\n\tProcess ID:\t\t0x558\r\n\tProcess Name:\t\tC:\\Windows\\System32\\rundll32.exe\r\n\r\nAccess Request Information:\r\n\tTransaction ID:\t\t{00000000-0000-0000-0000-000000000000}\r\n\tAccesses:\t\tDELETE\r\n\t\t\t\tREAD_CONTROL\r\n\t\t\t\tWRITE_DAC\r\n\t\t\t\tWRITE_OWNER\r\n\t\t\t\tSYNCHRONIZE\r\n\t\t\t\tForce process termination\r\n\t\t\t\tCreate new thread in process\r\n\t\t\t\tSet process session ID\r\n\t\t\t\tPerform virtual memory operation\r\n\t\t\t\tRead from process memory\r\n\t\t\t\tWrite to process memory\r\n\t\t\t\tDuplicate handle into or out of process\r\n\t\t\t\tCreate a subprocess of process\r\n\t\t\t\tSet process quotas\r\n\t\t\t\tSet process information\r\n\t\t\t\tQuery process information\r\n\t\t\t\tSet process termination port\r\n\t\t\t\tUndefined Access (no effect) Bit 12\r\n\t\t\t\tUndefined Access (no effect) Bit 13\r\n\t\t\t\t\r\n\tAccess Reasons:\t\t-\r\n\tAccess Mask:\t\t0x1F3FFF\r\n\tPrivileges Used for Access Check:\t-\r\n\tRestricted SID Count:\t0","Category":"Kernel Object","Opcode":"Info","SubjectUserSid":"S-1-5-18","SubjectUserName":"HYDRA-DC$","SubjectDomainName":"MARVEL","SubjectLogonId":"0x3e7","ObjectServer":"Security","ObjectType":"Process","ObjectName":"\\Device\\HarddiskVolume4\\Windows\\System32\\lsass.exe","HandleId":"0x2e4","TransactionId":"{00000000-0000-0000-0000-000000000000}","AccessList":"%%1537\r\n\t\t\t\t%%1538\r\n\t\t\t\t%%1539\r\n\t\t\t\t%%1540\r\n\t\t\t\t%%1541\r\n\t\t\t\t%%4480\r\n\t\t\t\t%%4481\r\n\t\t\t\t%%4482\r\n\t\t\t\t%%4483\r\n\t\t\t\t%%4484\r\n\t\t\t\t%%4485\r\n\t\t\t\t%%4486\r\n\t\t\t\t%%4487\r\n\t\t\t\t%%4488\r\n\t\t\t\t%%4489\r\n\t\t\t\t%%4490\r\n\t\t\t\t%%4491\r\n\t\t\t\t%%4492\r\n\t\t\t\t%%4493\r\n\t\t\t\t","AccessReason":"-","AccessMask":"0x1f3fff","PrivilegeList":"-","RestrictedSidCount":"0","ProcessName":"C:\\Windows\\System32\\rundll32.exe","ResourceAttributes":"-","EventReceivedTime":"2021-09-24 23:52:55","SourceModuleName":"GuruculWindowsFull2016","SourceModuleType":"im_msvistalog"}
