{"EventTime":"2021-09-24 23:51:09","Hostname":"THEPUNISHER.MARVEL.local","Keywords":-9214364837600034816,"EventType":"AUDIT_SUCCESS","SeverityValue":2,"Severity":"INFO","EventID":4689,"SourceName":"Microsoft-Windows-Security-Auditing","ProviderGuid":"{54849625-5478-4994-A5BA-3E3B0328C30D}","Version":0,"Task":13313,"OpcodeValue":0,"RecordNumber":7855957,"ProcessID":4,"ThreadID":3584,"Channel":"Security","Message":"A process has exited.\r\n\r\nSubject:\r\n\tSecurity ID:\t\tS-1-5-18\r\n\tAccount Name:\t\tTHEPUNISHER$\r\n\tAccount Domain:\t\tMARVEL\r\n\tLogon ID:\t\t0x3E7\r\n\r\nProcess Information:\r\n\tProcess ID:\t0x418\r\n\tProcess Name:\tC:\\Windows\\System32\\svchost.exe\r\n\tExit Status:\t0x0","Category":"Process Termination","Opcode":"Info","SubjectUserSid":"S-1-5-18","SubjectUserName":"THEPUNISHER$","SubjectDomainName":"MARVEL","SubjectLogonId":"0x3e7","Status":"0x0","ProcessName":"C:\\Windows\\System32\\svchost.exe","EventReceivedTime":"2021-09-24 23:51:10","SourceModuleName":"GuruculWindowsFull2016","SourceModuleType":"im_msvistalog"}
{"EventTime":"2021-09-24 23:51:16","Hostname":"THEPUNISHER.MARVEL.local","Keywords":-9214364837600034816,"EventType":"AUDIT_SUCCESS","SeverityValue":2,"Severity":"INFO","EventID":4689,"SourceName":"Microsoft-Windows-Security-Auditing","ProviderGuid":"{54849625-5478-4994-A5BA-3E3B0328C30D}","Version":0,"Task":13313,"OpcodeValue":0,"RecordNumber":7855969,"ProcessID":4,"ThreadID":5656,"Channel":"Security","Message":"A process has exited.\r\n\r\nSubject:\r\n\tSecurity ID:\t\tS-1-5-18\r\n\tAccount Name:\t\tTHEPUNISHER$\r\n\tAccount Domain:\t\tMARVEL\r\n\tLogon ID:\t\t0x3E7\r\n\r\nProcess Information:\r\n\tProcess ID:\t0x13f4\r\n\tProcess Name:\tC:\\Windows\\System32\\svchost.exe\r\n\tExit Status:\t0x0","Category":"Process Termination","Opcode":"Info","SubjectUserSid":"S-1-5-18","SubjectUserName":"THEPUNISHER$","SubjectDomainName":"MARVEL","SubjectLogonId":"0x3e7","Status":"0x0","ProcessName":"C:\\Windows\\System32\\svchost.exe","EventReceivedTime":"2021-09-24 23:51:17","SourceModuleName":"GuruculWindowsFull2016","SourceModuleType":"im_msvistalog"}
{"EventTime":"2021-09-24 23:51:20","Hostname":"THEPUNISHER.MARVEL.local","Keywords":-9214364837600034816,"EventType":"AUDIT_SUCCESS","SeverityValue":2,"Severity":"INFO","EventID":4688,"SourceName":"Microsoft-Windows-Security-Auditing","ProviderGuid":"{54849625-5478-4994-A5BA-3E3B0328C30D}","Version":2,"Task":13312,"OpcodeValue":0,"RecordNumber":7855970,"ProcessID":4,"ThreadID":3584,"Channel":"Security","Message":"A new process has been created.\r\n\r\nCreator Subject:\r\n\tSecurity ID:\t\tS-1-5-18\r\n\tAccount Name:\t\tTHEPUNISHER$\r\n\tAccount Domain:\t\tMARVEL\r\n\tLogon ID:\t\t0x3E7\r\n\r\nTarget Subject:\r\n\tSecurity ID:\t\tS-1-0-0\r\n\tAccount Name:\t\t-\r\n\tAccount Domain:\t\t-\r\n\tLogon ID:\t\t0x0\r\n\r\nProcess Information:\r\n\tNew Process ID:\t\t0xee0\r\n\tNew Process Name:\tC:\\ProgramData\\Microsoft\\Windows Defender\\Platform\\4.18.2108.7-0\\MpCmdRun.exe\r\n\tToken Elevation Type:\t%%1936\r\n\tMandatory Label:\t\tS-1-16-16384\r\n\tCreator Process ID:\t0xe74\r\n\tCreator Process Name:\tC:\\ProgramData\\Microsoft\\Windows Defender\\Platform\\4.18.2108.7-0\\MsMpEng.exe\r\n\tProcess Command Line:\t\r\n\r\nToken Elevation Type indicates the type of token that was assigned to the new process in accordance with User Account Control policy.\r\n\r\nType 1 is a full token with no privileges removed or groups disabled.  A full token is only used if User Account Control is disabled or if the user is the built-in Administrator account or a service account.\r\n\r\nType 2 is an elevated token with no privileges removed or groups disabled.  An elevated token is used when User Account Control is enabled and the user chooses to start the program using Run as administrator.  An elevated token is also used when an application is configured to always require administrative privilege or to always require maximum privilege, and the user is a member of the Administrators group.\r\n\r\nType 3 is a limited token with administrative privileges removed and administrative groups disabled.  The limited token is used when User Account Control is enabled, the application does not require administrative privilege, and the user does not choose to start the program using Run as administrator.","Category":"Process Creation","Opcode":"Info","SubjectUserSid":"S-1-5-18","SubjectUserName":"THEPUNISHER$","SubjectDomainName":"MARVEL","SubjectLogonId":"0x3e7","NewProcessId":"0xee0","NewProcessName":"C:\\ProgramData\\Microsoft\\Windows Defender\\Platform\\4.18.2108.7-0\\MpCmdRun.exe","TokenElevationType":"%%1936","TargetUserSid":"S-1-0-0","TargetUserName":"-","TargetDomainName":"-","TargetLogonId":"0x0","ParentProcessName":"C:\\ProgramData\\Microsoft\\Windows Defender\\Platform\\4.18.2108.7-0\\MsMpEng.exe","MandatoryLabel":"S-1-16-16384","EventReceivedTime":"2021-09-24 23:51:22","SourceModuleName":"GuruculWindowsFull2016","SourceModuleType":"im_msvistalog"}
{"EventTime":"2021-09-24 23:51:20","Hostname":"THEPUNISHER.MARVEL.local","Keywords":-9223372036854775808,"EventType":"INFO","SeverityValue":2,"Severity":"INFO","EventID":1,"SourceName":"Microsoft-Windows-Sysmon","ProviderGuid":"{5770385F-C22A-43E0-BF4C-06F5698FFBD9}","Version":5,"Task":1,"OpcodeValue":0,"RecordNumber":33947,"ProcessID":3632,"ThreadID":4444,"Channel":"Microsoft-Windows-Sysmon/Operational","Domain":"NT AUTHORITY","AccountName":"SYSTEM","UserID":"S-1-5-18","AccountType":"User","Message":"Process Create:\r\nRuleName: -\r\nUtcTime: 2021-09-24 23:51:20.110\r\nProcessGuid: {901330d1-6478-614e-0201-000000004500}\r\nProcessId: 3808\r\nImage: C:\\ProgramData\\Microsoft\\Windows Defender\\Platform\\4.18.2108.7-0\\MpCmdRun.exe\r\nFileVersion: 4.18.2108.7 (WinBuild.160101.0800)\r\nDescription: Microsoft Malware Protection Command Line Utility\r\nProduct: Microsoft® Windows® Operating System\r\nCompany: Microsoft Corporation\r\nOriginalFileName: MpCmdRun.exe\r\nCommandLine: \"C:\\ProgramData\\Microsoft\\Windows Defender\\Platform\\4.18.2108.7-0\\MpCmdRun.exe\" SignatureUpdate -ScheduleJob -RestrictPrivileges\r\nCurrentDirectory: C:\\Windows\\system32\\\r\nUser: NT AUTHORITY\\SYSTEM\r\nLogonGuid: {901330d1-6214-614e-e703-000000000000}\r\nLogonId: 0x3E7\r\nTerminalSessionId: 0\r\nIntegrityLevel: System\r\nHashes: MD5=D63716C0DB24C0C28EE17E88D8ADB4D6,SHA256=54852B7955C505B76A756C35D96F657B4649F8C69E1DA4A4CAF3E9913318979B,IMPHASH=08BB4EBE77221E90124C3902D648BBDD\r\nParentProcessGuid: {901330d1-6218-614e-5600-000000004500}\r\nParentProcessId: 3700\r\nParentImage: C:\\ProgramData\\Microsoft\\Windows Defender\\Platform\\4.18.2108.7-0\\MsMpEng.exe\r\nParentCommandLine: \"C:\\ProgramData\\Microsoft\\Windows Defender\\Platform\\4.18.2108.7-0\\MsMpEng.exe\"","Category":"Process Create (rule: ProcessCreate)","Opcode":"Info","RuleName":"-","UtcTime":"2021-09-24 23:51:20.110","ProcessGuid":"{901330d1-6478-614e-0201-000000004500}","Image":"C:\\ProgramData\\Microsoft\\Windows Defender\\Platform\\4.18.2108.7-0\\MpCmdRun.exe","FileVersion":"4.18.2108.7 (WinBuild.160101.0800)","Description":"Microsoft Malware Protection Command Line Utility","Product":"Microsoft® Windows® Operating System","Company":"Microsoft Corporation","OriginalFileName":"MpCmdRun.exe","CommandLine":"\"C:\\ProgramData\\Microsoft\\Windows Defender\\Platform\\4.18.2108.7-0\\MpCmdRun.exe\" SignatureUpdate -ScheduleJob -RestrictPrivileges","CurrentDirectory":"C:\\Windows\\system32\\","User":"NT AUTHORITY\\SYSTEM","LogonGuid":"{901330d1-6214-614e-e703-000000000000}","LogonId":"0x3e7","TerminalSessionId":"0","IntegrityLevel":"System","Hashes":"MD5=D63716C0DB24C0C28EE17E88D8ADB4D6,SHA256=54852B7955C505B76A756C35D96F657B4649F8C69E1DA4A4CAF3E9913318979B,IMPHASH=08BB4EBE77221E90124C3902D648BBDD","ParentProcessGuid":"{901330d1-6218-614e-5600-000000004500}","ParentProcessId":"3700","ParentImage":"C:\\ProgramData\\Microsoft\\Windows Defender\\Platform\\4.18.2108.7-0\\MsMpEng.exe","ParentCommandLine":"\"C:\\ProgramData\\Microsoft\\Windows Defender\\Platform\\4.18.2108.7-0\\MsMpEng.exe\"","EventReceivedTime":"2021-09-24 23:51:22","SourceModuleName":"GuruculWindowsFull2016","SourceModuleType":"im_msvistalog"}
{"EventTime":"2021-09-24 23:51:20","Hostname":"THEPUNISHER.MARVEL.local","Keywords":-9214364837600034816,"EventType":"AUDIT_SUCCESS","SeverityValue":2,"Severity":"INFO","EventID":4688,"SourceName":"Microsoft-Windows-Security-Auditing","ProviderGuid":"{54849625-5478-4994-A5BA-3E3B0328C30D}","Version":2,"Task":13312,"OpcodeValue":0,"RecordNumber":7855971,"ProcessID":4,"ThreadID":5656,"Channel":"Security","Message":"A new process has been created.\r\n\r\nCreator Subject:\r\n\tSecurity ID:\t\tS-1-5-18\r\n\tAccount Name:\t\tTHEPUNISHER$\r\n\tAccount Domain:\t\tMARVEL\r\n\tLogon ID:\t\t0x3E7\r\n\r\nTarget Subject:\r\n\tSecurity ID:\t\tS-1-0-0\r\n\tAccount Name:\t\t-\r\n\tAccount Domain:\t\t-\r\n\tLogon ID:\t\t0x0\r\n\r\nProcess Information:\r\n\tNew Process ID:\t\t0x151c\r\n\tNew Process Name:\tC:\\ProgramData\\Microsoft\\Windows Defender\\Platform\\4.18.2108.7-0\\MpCmdRun.exe\r\n\tToken Elevation Type:\t%%1936\r\n\tMandatory Label:\t\tS-1-16-16384\r\n\tCreator Process ID:\t0xe74\r\n\tCreator Process Name:\tC:\\ProgramData\\Microsoft\\Windows Defender\\Platform\\4.18.2108.7-0\\MsMpEng.exe\r\n\tProcess Command Line:\t\r\n\r\nToken Elevation Type indicates the type of token that was assigned to the new process in accordance with User Account Control policy.\r\n\r\nType 1 is a full token with no privileges removed or groups disabled.  A full token is only used if User Account Control is disabled or if the user is the built-in Administrator account or a service account.\r\n\r\nType 2 is an elevated token with no privileges removed or groups disabled.  An elevated token is used when User Account Control is enabled and the user chooses to start the program using Run as administrator.  An elevated token is also used when an application is configured to always require administrative privilege or to always require maximum privilege, and the user is a member of the Administrators group.\r\n\r\nType 3 is a limited token with administrative privileges removed and administrative groups disabled.  The limited token is used when User Account Control is enabled, the application does not require administrative privilege, and the user does not choose to start the program using Run as administrator.","Category":"Process Creation","Opcode":"Info","SubjectUserSid":"S-1-5-18","SubjectUserName":"THEPUNISHER$","SubjectDomainName":"MARVEL","SubjectLogonId":"0x3e7","NewProcessId":"0x151c","NewProcessName":"C:\\ProgramData\\Microsoft\\Windows Defender\\Platform\\4.18.2108.7-0\\MpCmdRun.exe","TokenElevationType":"%%1936","TargetUserSid":"S-1-0-0","TargetUserName":"-","TargetDomainName":"-","TargetLogonId":"0x0","ParentProcessName":"C:\\ProgramData\\Microsoft\\Windows Defender\\Platform\\4.18.2108.7-0\\MsMpEng.exe","MandatoryLabel":"S-1-16-16384","EventReceivedTime":"2021-09-24 23:51:22","SourceModuleName":"GuruculWindowsFull2016","SourceModuleType":"im_msvistalog"}
{"EventTime":"2021-09-24 23:51:20","Hostname":"THEPUNISHER.MARVEL.local","Keywords":-9223372036854775808,"EventType":"INFO","SeverityValue":2,"Severity":"INFO","EventID":1,"SourceName":"Microsoft-Windows-Sysmon","ProviderGuid":"{5770385F-C22A-43E0-BF4C-06F5698FFBD9}","Version":5,"Task":1,"OpcodeValue":0,"RecordNumber":33948,"ProcessID":3632,"ThreadID":4444,"Channel":"Microsoft-Windows-Sysmon/Operational","Domain":"NT AUTHORITY","AccountName":"SYSTEM","UserID":"S-1-5-18","AccountType":"User","Message":"Process Create:\r\nRuleName: -\r\nUtcTime: 2021-09-24 23:51:20.124\r\nProcessGuid: {901330d1-6478-614e-0301-000000004500}\r\nProcessId: 5404\r\nImage: C:\\ProgramData\\Microsoft\\Windows Defender\\Platform\\4.18.2108.7-0\\MpCmdRun.exe\r\nFileVersion: 4.18.2108.7 (WinBuild.160101.0800)\r\nDescription: Microsoft Malware Protection Command Line Utility\r\nProduct: Microsoft® Windows® Operating System\r\nCompany: Microsoft Corporation\r\nOriginalFileName: MpCmdRun.exe\r\nCommandLine: \"C:\\ProgramData\\Microsoft\\Windows Defender\\Platform\\4.18.2108.7-0\\MpCmdRun.exe\" SignatureUpdate -ScheduleJob -RestrictPrivileges\r\nCurrentDirectory: C:\\Windows\\system32\\\r\nUser: NT AUTHORITY\\SYSTEM\r\nLogonGuid: {901330d1-6214-614e-e703-000000000000}\r\nLogonId: 0x3E7\r\nTerminalSessionId: 0\r\nIntegrityLevel: System\r\nHashes: MD5=D63716C0DB24C0C28EE17E88D8ADB4D6,SHA256=54852B7955C505B76A756C35D96F657B4649F8C69E1DA4A4CAF3E9913318979B,IMPHASH=08BB4EBE77221E90124C3902D648BBDD\r\nParentProcessGuid: {901330d1-6218-614e-5600-000000004500}\r\nParentProcessId: 3700\r\nParentImage: C:\\ProgramData\\Microsoft\\Windows Defender\\Platform\\4.18.2108.7-0\\MsMpEng.exe\r\nParentCommandLine: \"C:\\ProgramData\\Microsoft\\Windows Defender\\Platform\\4.18.2108.7-0\\MsMpEng.exe\"","Category":"Process Create (rule: ProcessCreate)","Opcode":"Info","RuleName":"-","UtcTime":"2021-09-24 23:51:20.124","ProcessGuid":"{901330d1-6478-614e-0301-000000004500}","Image":"C:\\ProgramData\\Microsoft\\Windows Defender\\Platform\\4.18.2108.7-0\\MpCmdRun.exe","FileVersion":"4.18.2108.7 (WinBuild.160101.0800)","Description":"Microsoft Malware Protection Command Line Utility","Product":"Microsoft® Windows® Operating System","Company":"Microsoft Corporation","OriginalFileName":"MpCmdRun.exe","CommandLine":"\"C:\\ProgramData\\Microsoft\\Windows Defender\\Platform\\4.18.2108.7-0\\MpCmdRun.exe\" SignatureUpdate -ScheduleJob -RestrictPrivileges","CurrentDirectory":"C:\\Windows\\system32\\","User":"NT AUTHORITY\\SYSTEM","LogonGuid":"{901330d1-6214-614e-e703-000000000000}","LogonId":"0x3e7","TerminalSessionId":"0","IntegrityLevel":"System","Hashes":"MD5=D63716C0DB24C0C28EE17E88D8ADB4D6,SHA256=54852B7955C505B76A756C35D96F657B4649F8C69E1DA4A4CAF3E9913318979B,IMPHASH=08BB4EBE77221E90124C3902D648BBDD","ParentProcessGuid":"{901330d1-6218-614e-5600-000000004500}","ParentProcessId":"3700","ParentImage":"C:\\ProgramData\\Microsoft\\Windows Defender\\Platform\\4.18.2108.7-0\\MsMpEng.exe","ParentCommandLine":"\"C:\\ProgramData\\Microsoft\\Windows Defender\\Platform\\4.18.2108.7-0\\MsMpEng.exe\"","EventReceivedTime":"2021-09-24 23:51:22","SourceModuleName":"GuruculWindowsFull2016","SourceModuleType":"im_msvistalog"}
{"EventTime":"2021-09-24 23:51:20","Hostname":"THEPUNISHER.MARVEL.local","Keywords":-9214364837600034816,"EventType":"AUDIT_SUCCESS","SeverityValue":2,"Severity":"INFO","EventID":4688,"SourceName":"Microsoft-Windows-Security-Auditing","ProviderGuid":"{54849625-5478-4994-A5BA-3E3B0328C30D}","Version":2,"Task":13312,"OpcodeValue":0,"RecordNumber":7855972,"ProcessID":4,"ThreadID":3584,"Channel":"Security","Message":"A new process has been created.\r\n\r\nCreator Subject:\r\n\tSecurity ID:\t\tS-1-5-18\r\n\tAccount Name:\t\tTHEPUNISHER$\r\n\tAccount Domain:\t\tMARVEL\r\n\tLogon ID:\t\t0x3E7\r\n\r\nTarget Subject:\r\n\tSecurity ID:\t\tS-1-0-0\r\n\tAccount Name:\t\t-\r\n\tAccount Domain:\t\t-\r\n\tLogon ID:\t\t0x0\r\n\r\nProcess Information:\r\n\tNew Process ID:\t\t0x1488\r\n\tNew Process Name:\tC:\\Windows\\System32\\conhost.exe\r\n\tToken Elevation Type:\t%%1936\r\n\tMandatory Label:\t\tS-1-16-16384\r\n\tCreator Process ID:\t0xee0\r\n\tCreator Process Name:\tC:\\ProgramData\\Microsoft\\Windows Defender\\Platform\\4.18.2108.7-0\\MpCmdRun.exe\r\n\tProcess Command Line:\t\r\n\r\nToken Elevation Type indicates the type of token that was assigned to the new process in accordance with User Account Control policy.\r\n\r\nType 1 is a full token with no privileges removed or groups disabled.  A full token is only used if User Account Control is disabled or if the user is the built-in Administrator account or a service account.\r\n\r\nType 2 is an elevated token with no privileges removed or groups disabled.  An elevated token is used when User Account Control is enabled and the user chooses to start the program using Run as administrator.  An elevated token is also used when an application is configured to always require administrative privilege or to always require maximum privilege, and the user is a member of the Administrators group.\r\n\r\nType 3 is a limited token with administrative privileges removed and administrative groups disabled.  The limited token is used when User Account Control is enabled, the application does not require administrative privilege, and the user does not choose to start the program using Run as administrator.","Category":"Process Creation","Opcode":"Info","SubjectUserSid":"S-1-5-18","SubjectUserName":"THEPUNISHER$","SubjectDomainName":"MARVEL","SubjectLogonId":"0x3e7","NewProcessId":"0x1488","NewProcessName":"C:\\Windows\\System32\\conhost.exe","TokenElevationType":"%%1936","TargetUserSid":"S-1-0-0","TargetUserName":"-","TargetDomainName":"-","TargetLogonId":"0x0","ParentProcessName":"C:\\ProgramData\\Microsoft\\Windows Defender\\Platform\\4.18.2108.7-0\\MpCmdRun.exe","MandatoryLabel":"S-1-16-16384","EventReceivedTime":"2021-09-24 23:51:22","SourceModuleName":"GuruculWindowsFull2016","SourceModuleType":"im_msvistalog"}
{"EventTime":"2021-09-24 23:51:20","Hostname":"THEPUNISHER.MARVEL.local","Keywords":-9214364837600034816,"EventType":"AUDIT_SUCCESS","SeverityValue":2,"Severity":"INFO","EventID":4688,"SourceName":"Microsoft-Windows-Security-Auditing","ProviderGuid":"{54849625-5478-4994-A5BA-3E3B0328C30D}","Version":2,"Task":13312,"OpcodeValue":0,"RecordNumber":7855973,"ProcessID":4,"ThreadID":3584,"Channel":"Security","Message":"A new process has been created.\r\n\r\nCreator Subject:\r\n\tSecurity ID:\t\tS-1-5-18\r\n\tAccount Name:\t\tTHEPUNISHER$\r\n\tAccount Domain:\t\tMARVEL\r\n\tLogon ID:\t\t0x3E7\r\n\r\nTarget Subject:\r\n\tSecurity ID:\t\tS-1-0-0\r\n\tAccount Name:\t\t-\r\n\tAccount Domain:\t\t-\r\n\tLogon ID:\t\t0x0\r\n\r\nProcess Information:\r\n\tNew Process ID:\t\t0x14bc\r\n\tNew Process Name:\tC:\\Windows\\System32\\conhost.exe\r\n\tToken Elevation Type:\t%%1936\r\n\tMandatory Label:\t\tS-1-16-16384\r\n\tCreator Process ID:\t0x151c\r\n\tCreator Process Name:\tC:\\ProgramData\\Microsoft\\Windows Defender\\Platform\\4.18.2108.7-0\\MpCmdRun.exe\r\n\tProcess Command Line:\t\r\n\r\nToken Elevation Type indicates the type of token that was assigned to the new process in accordance with User Account Control policy.\r\n\r\nType 1 is a full token with no privileges removed or groups disabled.  A full token is only used if User Account Control is disabled or if the user is the built-in Administrator account or a service account.\r\n\r\nType 2 is an elevated token with no privileges removed or groups disabled.  An elevated token is used when User Account Control is enabled and the user chooses to start the program using Run as administrator.  An elevated token is also used when an application is configured to always require administrative privilege or to always require maximum privilege, and the user is a member of the Administrators group.\r\n\r\nType 3 is a limited token with administrative privileges removed and administrative groups disabled.  The limited token is used when User Account Control is enabled, the application does not require administrative privilege, and the user does not choose to start the program using Run as administrator.","Category":"Process Creation","Opcode":"Info","SubjectUserSid":"S-1-5-18","SubjectUserName":"THEPUNISHER$","SubjectDomainName":"MARVEL","SubjectLogonId":"0x3e7","NewProcessId":"0x14bc","NewProcessName":"C:\\Windows\\System32\\conhost.exe","TokenElevationType":"%%1936","TargetUserSid":"S-1-0-0","TargetUserName":"-","TargetDomainName":"-","TargetLogonId":"0x0","ParentProcessName":"C:\\ProgramData\\Microsoft\\Windows Defender\\Platform\\4.18.2108.7-0\\MpCmdRun.exe","MandatoryLabel":"S-1-16-16384","EventReceivedTime":"2021-09-24 23:51:22","SourceModuleName":"GuruculWindowsFull2016","SourceModuleType":"im_msvistalog"}
{"EventTime":"2021-09-24 23:51:20","Hostname":"THEPUNISHER.MARVEL.local","Keywords":-9214364837600034816,"EventType":"AUDIT_SUCCESS","SeverityValue":2,"Severity":"INFO","EventID":4673,"SourceName":"Microsoft-Windows-Security-Auditing","ProviderGuid":"{54849625-5478-4994-A5BA-3E3B0328C30D}","Version":0,"Task":13056,"OpcodeValue":0,"RecordNumber":7855974,"ProcessID":4,"ThreadID":336,"Channel":"Security","Message":"A privileged service was called.\r\n\r\nSubject:\r\n\tSecurity ID:\t\tS-1-5-18\r\n\tAccount Name:\t\tTHEPUNISHER$\r\n\tAccount Domain:\t\tMARVEL\r\n\tLogon ID:\t\t0x3E7\r\n\r\nService:\r\n\tServer:\tNT Local Security Authority / Authentication Service\r\n\tService Name:\tLsaRegisterLogonProcess()\r\n\r\nProcess:\r\n\tProcess ID:\t0x2c0\r\n\tProcess Name:\tC:\\Windows\\System32\\lsass.exe\r\n\r\nService Request Information:\r\n\tPrivileges:\t\tSeTcbPrivilege","Category":"Sensitive Privilege Use","Opcode":"Info","SubjectUserSid":"S-1-5-18","SubjectUserName":"THEPUNISHER$","SubjectDomainName":"MARVEL","SubjectLogonId":"0x3e7","ObjectServer":"NT Local Security Authority / Authentication Service","Service":"LsaRegisterLogonProcess()","PrivilegeList":"SeTcbPrivilege","ProcessName":"C:\\Windows\\System32\\lsass.exe","EventReceivedTime":"2021-09-24 23:51:22","SourceModuleName":"GuruculWindowsFull2016","SourceModuleType":"im_msvistalog"}
{"EventTime":"2021-09-24 23:51:20","Hostname":"THEPUNISHER.MARVEL.local","Keywords":-9214364837600034816,"EventType":"AUDIT_SUCCESS","SeverityValue":2,"Severity":"INFO","EventID":4673,"SourceName":"Microsoft-Windows-Security-Auditing","ProviderGuid":"{54849625-5478-4994-A5BA-3E3B0328C30D}","Version":0,"Task":13056,"OpcodeValue":0,"RecordNumber":7855975,"ProcessID":4,"ThreadID":336,"Channel":"Security","Message":"A privileged service was called.\r\n\r\nSubject:\r\n\tSecurity ID:\t\tS-1-5-18\r\n\tAccount Name:\t\tTHEPUNISHER$\r\n\tAccount Domain:\t\tMARVEL\r\n\tLogon ID:\t\t0x3E7\r\n\r\nService:\r\n\tServer:\tNT Local Security Authority / Authentication Service\r\n\tService Name:\tLsaRegisterLogonProcess()\r\n\r\nProcess:\r\n\tProcess ID:\t0x2c0\r\n\tProcess Name:\tC:\\Windows\\System32\\lsass.exe\r\n\r\nService Request Information:\r\n\tPrivileges:\t\tSeTcbPrivilege","Category":"Sensitive Privilege Use","Opcode":"Info","SubjectUserSid":"S-1-5-18","SubjectUserName":"THEPUNISHER$","SubjectDomainName":"MARVEL","SubjectLogonId":"0x3e7","ObjectServer":"NT Local Security Authority / Authentication Service","Service":"LsaRegisterLogonProcess()","PrivilegeList":"SeTcbPrivilege","ProcessName":"C:\\Windows\\System32\\lsass.exe","EventReceivedTime":"2021-09-24 23:51:22","SourceModuleName":"GuruculWindowsFull2016","SourceModuleType":"im_msvistalog"}
{"EventTime":"2021-09-24 23:51:20","Hostname":"THEPUNISHER.MARVEL.local","Keywords":-9214364837600034816,"EventType":"AUDIT_SUCCESS","SeverityValue":2,"Severity":"INFO","EventID":4688,"SourceName":"Microsoft-Windows-Security-Auditing","ProviderGuid":"{54849625-5478-4994-A5BA-3E3B0328C30D}","Version":2,"Task":13312,"OpcodeValue":0,"RecordNumber":7855976,"ProcessID":4,"ThreadID":3584,"Channel":"Security","Message":"A new process has been created.\r\n\r\nCreator Subject:\r\n\tSecurity ID:\t\tS-1-5-18\r\n\tAccount Name:\t\tTHEPUNISHER$\r\n\tAccount Domain:\t\tMARVEL\r\n\tLogon ID:\t\t0x3E7\r\n\r\nTarget Subject:\r\n\tSecurity ID:\t\tS-1-0-0\r\n\tAccount Name:\t\tTHEPUNISHER$\r\n\tAccount Domain:\t\tMARVEL\r\n\tLogon ID:\t\t0x3E4\r\n\r\nProcess Information:\r\n\tNew Process ID:\t\t0x1748\r\n\tNew Process Name:\tC:\\ProgramData\\Microsoft\\Windows Defender\\Platform\\4.18.2108.7-0\\MpCmdRun.exe\r\n\tToken Elevation Type:\t%%1936\r\n\tMandatory Label:\t\tS-1-16-16384\r\n\tCreator Process ID:\t0x151c\r\n\tCreator Process Name:\tC:\\ProgramData\\Microsoft\\Windows Defender\\Platform\\4.18.2108.7-0\\MpCmdRun.exe\r\n\tProcess Command Line:\t\r\n\r\nToken Elevation Type indicates the type of token that was assigned to the new process in accordance with User Account Control policy.\r\n\r\nType 1 is a full token with no privileges removed or groups disabled.  A full token is only used if User Account Control is disabled or if the user is the built-in Administrator account or a service account.\r\n\r\nType 2 is an elevated token with no privileges removed or groups disabled.  An elevated token is used when User Account Control is enabled and the user chooses to start the program using Run as administrator.  An elevated token is also used when an application is configured to always require administrative privilege or to always require maximum privilege, and the user is a member of the Administrators group.\r\n\r\nType 3 is a limited token with administrative privileges removed and administrative groups disabled.  The limited token is used when User Account Control is enabled, the application does not require administrative privilege, and the user does not choose to start the program using Run as administrator.","Category":"Process Creation","Opcode":"Info","SubjectUserSid":"S-1-5-18","SubjectUserName":"THEPUNISHER$","SubjectDomainName":"MARVEL","SubjectLogonId":"0x3e7","NewProcessId":"0x1748","NewProcessName":"C:\\ProgramData\\Microsoft\\Windows Defender\\Platform\\4.18.2108.7-0\\MpCmdRun.exe","TokenElevationType":"%%1936","TargetUserSid":"S-1-0-0","TargetUserName":"THEPUNISHER$","TargetDomainName":"MARVEL","TargetLogonId":"0x3e4","ParentProcessName":"C:\\ProgramData\\Microsoft\\Windows Defender\\Platform\\4.18.2108.7-0\\MpCmdRun.exe","MandatoryLabel":"S-1-16-16384","EventReceivedTime":"2021-09-24 23:51:22","SourceModuleName":"GuruculWindowsFull2016","SourceModuleType":"im_msvistalog"}
{"EventTime":"2021-09-24 23:51:20","Hostname":"THEPUNISHER.MARVEL.local","Keywords":-9214364837600034816,"EventType":"AUDIT_SUCCESS","SeverityValue":2,"Severity":"INFO","EventID":4688,"SourceName":"Microsoft-Windows-Security-Auditing","ProviderGuid":"{54849625-5478-4994-A5BA-3E3B0328C30D}","Version":2,"Task":13312,"OpcodeValue":0,"RecordNumber":7855977,"ProcessID":4,"ThreadID":3584,"Channel":"Security","Message":"A new process has been created.\r\n\r\nCreator Subject:\r\n\tSecurity ID:\t\tS-1-5-18\r\n\tAccount Name:\t\tTHEPUNISHER$\r\n\tAccount Domain:\t\tMARVEL\r\n\tLogon ID:\t\t0x3E7\r\n\r\nTarget Subject:\r\n\tSecurity ID:\t\tS-1-0-0\r\n\tAccount Name:\t\tTHEPUNISHER$\r\n\tAccount Domain:\t\tMARVEL\r\n\tLogon ID:\t\t0x3E4\r\n\r\nProcess Information:\r\n\tNew Process ID:\t\t0x988\r\n\tNew Process Name:\tC:\\ProgramData\\Microsoft\\Windows Defender\\Platform\\4.18.2108.7-0\\MpCmdRun.exe\r\n\tToken Elevation Type:\t%%1936\r\n\tMandatory Label:\t\tS-1-16-16384\r\n\tCreator Process ID:\t0xee0\r\n\tCreator Process Name:\tC:\\ProgramData\\Microsoft\\Windows Defender\\Platform\\4.18.2108.7-0\\MpCmdRun.exe\r\n\tProcess Command Line:\t\r\n\r\nToken Elevation Type indicates the type of token that was assigned to the new process in accordance with User Account Control policy.\r\n\r\nType 1 is a full token with no privileges removed or groups disabled.  A full token is only used if User Account Control is disabled or if the user is the built-in Administrator account or a service account.\r\n\r\nType 2 is an elevated token with no privileges removed or groups disabled.  An elevated token is used when User Account Control is enabled and the user chooses to start the program using Run as administrator.  An elevated token is also used when an application is configured to always require administrative privilege or to always require maximum privilege, and the user is a member of the Administrators group.\r\n\r\nType 3 is a limited token with administrative privileges removed and administrative groups disabled.  The limited token is used when User Account Control is enabled, the application does not require administrative privilege, and the user does not choose to start the program using Run as administrator.","Category":"Process Creation","Opcode":"Info","SubjectUserSid":"S-1-5-18","SubjectUserName":"THEPUNISHER$","SubjectDomainName":"MARVEL","SubjectLogonId":"0x3e7","NewProcessId":"0x988","NewProcessName":"C:\\ProgramData\\Microsoft\\Windows Defender\\Platform\\4.18.2108.7-0\\MpCmdRun.exe","TokenElevationType":"%%1936","TargetUserSid":"S-1-0-0","TargetUserName":"THEPUNISHER$","TargetDomainName":"MARVEL","TargetLogonId":"0x3e4","ParentProcessName":"C:\\ProgramData\\Microsoft\\Windows Defender\\Platform\\4.18.2108.7-0\\MpCmdRun.exe","MandatoryLabel":"S-1-16-16384","EventReceivedTime":"2021-09-24 23:51:22","SourceModuleName":"GuruculWindowsFull2016","SourceModuleType":"im_msvistalog"}
{"EventTime":"2021-09-24 23:51:20","Hostname":"THEPUNISHER.MARVEL.local","Keywords":-9223372036854775808,"EventType":"INFO","SeverityValue":2,"Severity":"INFO","EventID":1,"SourceName":"Microsoft-Windows-Sysmon","ProviderGuid":"{5770385F-C22A-43E0-BF4C-06F5698FFBD9}","Version":5,"Task":1,"OpcodeValue":0,"RecordNumber":33949,"ProcessID":3632,"ThreadID":4444,"Channel":"Microsoft-Windows-Sysmon/Operational","Domain":"NT AUTHORITY","AccountName":"SYSTEM","UserID":"S-1-5-18","AccountType":"User","Message":"Process Create:\r\nRuleName: -\r\nUtcTime: 2021-09-24 23:51:20.181\r\nProcessGuid: {901330d1-6478-614e-0601-000000004500}\r\nProcessId: 5960\r\nImage: C:\\ProgramData\\Microsoft\\Windows Defender\\Platform\\4.18.2108.7-0\\MpCmdRun.exe\r\nFileVersion: 4.18.2108.7 (WinBuild.160101.0800)\r\nDescription: Microsoft Malware Protection Command Line Utility\r\nProduct: Microsoft® Windows® Operating System\r\nCompany: Microsoft Corporation\r\nOriginalFileName: MpCmdRun.exe\r\nCommandLine: \"C:\\ProgramData\\Microsoft\\Windows Defender\\Platform\\4.18.2108.7-0\\MpCmdRun.exe\" SignatureUpdate -ScheduleJob -RestrictPrivileges -Reinvoke\r\nCurrentDirectory: C:\\Windows\\system32\\\r\nUser: NT AUTHORITY\\NETWORK SERVICE\r\nLogonGuid: {901330d1-6214-614e-e403-000000000000}\r\nLogonId: 0x3E4\r\nTerminalSessionId: 0\r\nIntegrityLevel: System\r\nHashes: MD5=D63716C0DB24C0C28EE17E88D8ADB4D6,SHA256=54852B7955C505B76A756C35D96F657B4649F8C69E1DA4A4CAF3E9913318979B,IMPHASH=08BB4EBE77221E90124C3902D648BBDD\r\nParentProcessGuid: {901330d1-6478-614e-0301-000000004500}\r\nParentProcessId: 5404\r\nParentImage: C:\\ProgramData\\Microsoft\\Windows Defender\\Platform\\4.18.2108.7-0\\MpCmdRun.exe\r\nParentCommandLine: \"C:\\ProgramData\\Microsoft\\Windows Defender\\Platform\\4.18.2108.7-0\\MpCmdRun.exe\" SignatureUpdate -ScheduleJob -RestrictPrivileges","Category":"Process Create (rule: ProcessCreate)","Opcode":"Info","RuleName":"-","UtcTime":"2021-09-24 23:51:20.181","ProcessGuid":"{901330d1-6478-614e-0601-000000004500}","Image":"C:\\ProgramData\\Microsoft\\Windows Defender\\Platform\\4.18.2108.7-0\\MpCmdRun.exe","FileVersion":"4.18.2108.7 (WinBuild.160101.0800)","Description":"Microsoft Malware Protection Command Line Utility","Product":"Microsoft® Windows® Operating System","Company":"Microsoft Corporation","OriginalFileName":"MpCmdRun.exe","CommandLine":"\"C:\\ProgramData\\Microsoft\\Windows Defender\\Platform\\4.18.2108.7-0\\MpCmdRun.exe\" SignatureUpdate -ScheduleJob -RestrictPrivileges -Reinvoke","CurrentDirectory":"C:\\Windows\\system32\\","User":"NT AUTHORITY\\NETWORK SERVICE","LogonGuid":"{901330d1-6214-614e-e403-000000000000}","LogonId":"0x3e4","TerminalSessionId":"0","IntegrityLevel":"System","Hashes":"MD5=D63716C0DB24C0C28EE17E88D8ADB4D6,SHA256=54852B7955C505B76A756C35D96F657B4649F8C69E1DA4A4CAF3E9913318979B,IMPHASH=08BB4EBE77221E90124C3902D648BBDD","ParentProcessGuid":"{901330d1-6478-614e-0301-000000004500}","ParentProcessId":"5404","ParentImage":"C:\\ProgramData\\Microsoft\\Windows Defender\\Platform\\4.18.2108.7-0\\MpCmdRun.exe","ParentCommandLine":"\"C:\\ProgramData\\Microsoft\\Windows Defender\\Platform\\4.18.2108.7-0\\MpCmdRun.exe\" SignatureUpdate -ScheduleJob -RestrictPrivileges","EventReceivedTime":"2021-09-24 23:51:22","SourceModuleName":"GuruculWindowsFull2016","SourceModuleType":"im_msvistalog"}
{"EventTime":"2021-09-24 23:51:20","Hostname":"THEPUNISHER.MARVEL.local","Keywords":-9218868437227405312,"EventType":"AUDIT_FAILURE","SeverityValue":4,"Severity":"ERROR","EventID":4673,"SourceName":"Microsoft-Windows-Security-Auditing","ProviderGuid":"{54849625-5478-4994-A5BA-3E3B0328C30D}","Version":0,"Task":13056,"OpcodeValue":0,"RecordNumber":7855978,"ProcessID":4,"ThreadID":3584,"Channel":"Security","Message":"A privileged service was called.\r\n\r\nSubject:\r\n\tSecurity ID:\t\tS-1-5-20\r\n\tAccount Name:\t\tTHEPUNISHER$\r\n\tAccount Domain:\t\tMARVEL\r\n\tLogon ID:\t\t0x3E4\r\n\r\nService:\r\n\tServer:\tSecurity\r\n\tService Name:\t-\r\n\r\nProcess:\r\n\tProcess ID:\t0x1748\r\n\tProcess Name:\tC:\\ProgramData\\Microsoft\\Windows Defender\\Platform\\4.18.2108.7-0\\MpCmdRun.exe\r\n\r\nService Request Information:\r\n\tPrivileges:\t\tSeProfileSingleProcessPrivilege","Category":"Sensitive Privilege Use","Opcode":"Info","SubjectUserSid":"S-1-5-20","SubjectUserName":"THEPUNISHER$","SubjectDomainName":"MARVEL","SubjectLogonId":"0x3e4","ObjectServer":"Security","Service":"-","PrivilegeList":"SeProfileSingleProcessPrivilege","ProcessName":"C:\\ProgramData\\Microsoft\\Windows Defender\\Platform\\4.18.2108.7-0\\MpCmdRun.exe","EventReceivedTime":"2021-09-24 23:51:22","SourceModuleName":"GuruculWindowsFull2016","SourceModuleType":"im_msvistalog"}
{"EventTime":"2021-09-24 23:51:20","Hostname":"THEPUNISHER.MARVEL.local","Keywords":-9223372036854775808,"EventType":"INFO","SeverityValue":2,"Severity":"INFO","EventID":1,"SourceName":"Microsoft-Windows-Sysmon","ProviderGuid":"{5770385F-C22A-43E0-BF4C-06F5698FFBD9}","Version":5,"Task":1,"OpcodeValue":0,"RecordNumber":33950,"ProcessID":3632,"ThreadID":4444,"Channel":"Microsoft-Windows-Sysmon/Operational","Domain":"NT AUTHORITY","AccountName":"SYSTEM","UserID":"S-1-5-18","AccountType":"User","Message":"Process Create:\r\nRuleName: -\r\nUtcTime: 2021-09-24 23:51:20.182\r\nProcessGuid: {901330d1-6478-614e-0701-000000004500}\r\nProcessId: 2440\r\nImage: C:\\ProgramData\\Microsoft\\Windows Defender\\Platform\\4.18.2108.7-0\\MpCmdRun.exe\r\nFileVersion: 4.18.2108.7 (WinBuild.160101.0800)\r\nDescription: Microsoft Malware Protection Command Line Utility\r\nProduct: Microsoft® Windows® Operating System\r\nCompany: Microsoft Corporation\r\nOriginalFileName: MpCmdRun.exe\r\nCommandLine: \"C:\\ProgramData\\Microsoft\\Windows Defender\\Platform\\4.18.2108.7-0\\MpCmdRun.exe\" SignatureUpdate -ScheduleJob -RestrictPrivileges -Reinvoke\r\nCurrentDirectory: C:\\Windows\\system32\\\r\nUser: NT AUTHORITY\\NETWORK SERVICE\r\nLogonGuid: {901330d1-6214-614e-e403-000000000000}\r\nLogonId: 0x3E4\r\nTerminalSessionId: 0\r\nIntegrityLevel: System\r\nHashes: MD5=D63716C0DB24C0C28EE17E88D8ADB4D6,SHA256=54852B7955C505B76A756C35D96F657B4649F8C69E1DA4A4CAF3E9913318979B,IMPHASH=08BB4EBE77221E90124C3902D648BBDD\r\nParentProcessGuid: {901330d1-6478-614e-0201-000000004500}\r\nParentProcessId: 3808\r\nParentImage: C:\\ProgramData\\Microsoft\\Windows Defender\\Platform\\4.18.2108.7-0\\MpCmdRun.exe\r\nParentCommandLine: \"C:\\ProgramData\\Microsoft\\Windows Defender\\Platform\\4.18.2108.7-0\\MpCmdRun.exe\" SignatureUpdate -ScheduleJob -RestrictPrivileges","Category":"Process Create (rule: ProcessCreate)","Opcode":"Info","RuleName":"-","UtcTime":"2021-09-24 23:51:20.182","ProcessGuid":"{901330d1-6478-614e-0701-000000004500}","Image":"C:\\ProgramData\\Microsoft\\Windows Defender\\Platform\\4.18.2108.7-0\\MpCmdRun.exe","FileVersion":"4.18.2108.7 (WinBuild.160101.0800)","Description":"Microsoft Malware Protection Command Line Utility","Product":"Microsoft® Windows® Operating System","Company":"Microsoft Corporation","OriginalFileName":"MpCmdRun.exe","CommandLine":"\"C:\\ProgramData\\Microsoft\\Windows Defender\\Platform\\4.18.2108.7-0\\MpCmdRun.exe\" SignatureUpdate -ScheduleJob -RestrictPrivileges -Reinvoke","CurrentDirectory":"C:\\Windows\\system32\\","User":"NT AUTHORITY\\NETWORK SERVICE","LogonGuid":"{901330d1-6214-614e-e403-000000000000}","LogonId":"0x3e4","TerminalSessionId":"0","IntegrityLevel":"System","Hashes":"MD5=D63716C0DB24C0C28EE17E88D8ADB4D6,SHA256=54852B7955C505B76A756C35D96F657B4649F8C69E1DA4A4CAF3E9913318979B,IMPHASH=08BB4EBE77221E90124C3902D648BBDD","ParentProcessGuid":"{901330d1-6478-614e-0201-000000004500}","ParentProcessId":"3808","ParentImage":"C:\\ProgramData\\Microsoft\\Windows Defender\\Platform\\4.18.2108.7-0\\MpCmdRun.exe","ParentCommandLine":"\"C:\\ProgramData\\Microsoft\\Windows Defender\\Platform\\4.18.2108.7-0\\MpCmdRun.exe\" SignatureUpdate -ScheduleJob -RestrictPrivileges","EventReceivedTime":"2021-09-24 23:51:22","SourceModuleName":"GuruculWindowsFull2016","SourceModuleType":"im_msvistalog"}
{"EventTime":"2021-09-24 23:51:20","Hostname":"THEPUNISHER.MARVEL.local","Keywords":-9218868437227405312,"EventType":"AUDIT_FAILURE","SeverityValue":4,"Severity":"ERROR","EventID":4673,"SourceName":"Microsoft-Windows-Security-Auditing","ProviderGuid":"{54849625-5478-4994-A5BA-3E3B0328C30D}","Version":0,"Task":13056,"OpcodeValue":0,"RecordNumber":7855979,"ProcessID":4,"ThreadID":336,"Channel":"Security","Message":"A privileged service was called.\r\n\r\nSubject:\r\n\tSecurity ID:\t\tS-1-5-20\r\n\tAccount Name:\t\tTHEPUNISHER$\r\n\tAccount Domain:\t\tMARVEL\r\n\tLogon ID:\t\t0x3E4\r\n\r\nService:\r\n\tServer:\tSecurity\r\n\tService Name:\t-\r\n\r\nProcess:\r\n\tProcess ID:\t0x988\r\n\tProcess Name:\tC:\\ProgramData\\Microsoft\\Windows Defender\\Platform\\4.18.2108.7-0\\MpCmdRun.exe\r\n\r\nService Request Information:\r\n\tPrivileges:\t\tSeProfileSingleProcessPrivilege","Category":"Sensitive Privilege Use","Opcode":"Info","SubjectUserSid":"S-1-5-20","SubjectUserName":"THEPUNISHER$","SubjectDomainName":"MARVEL","SubjectLogonId":"0x3e4","ObjectServer":"Security","Service":"-","PrivilegeList":"SeProfileSingleProcessPrivilege","ProcessName":"C:\\ProgramData\\Microsoft\\Windows Defender\\Platform\\4.18.2108.7-0\\MpCmdRun.exe","EventReceivedTime":"2021-09-24 23:51:22","SourceModuleName":"GuruculWindowsFull2016","SourceModuleType":"im_msvistalog"}
{"EventTime":"2021-09-24 23:51:20","Hostname":"THEPUNISHER.MARVEL.local","Keywords":-9214364837600034816,"EventType":"AUDIT_SUCCESS","SeverityValue":2,"Severity":"INFO","EventID":4689,"SourceName":"Microsoft-Windows-Security-Auditing","ProviderGuid":"{54849625-5478-4994-A5BA-3E3B0328C30D}","Version":0,"Task":13313,"OpcodeValue":0,"RecordNumber":7855980,"ProcessID":4,"ThreadID":336,"Channel":"Security","Message":"A process has exited.\r\n\r\nSubject:\r\n\tSecurity ID:\t\tS-1-5-18\r\n\tAccount Name:\t\tTHEPUNISHER$\r\n\tAccount Domain:\t\tMARVEL\r\n\tLogon ID:\t\t0x3E7\r\n\r\nProcess Information:\r\n\tProcess ID:\t0x151c\r\n\tProcess Name:\tC:\\ProgramData\\Microsoft\\Windows Defender\\Platform\\4.18.2108.7-0\\MpCmdRun.exe\r\n\tExit Status:\t0x0","Category":"Process Termination","Opcode":"Info","SubjectUserSid":"S-1-5-18","SubjectUserName":"THEPUNISHER$","SubjectDomainName":"MARVEL","SubjectLogonId":"0x3e7","Status":"0x0","ProcessName":"C:\\ProgramData\\Microsoft\\Windows Defender\\Platform\\4.18.2108.7-0\\MpCmdRun.exe","EventReceivedTime":"2021-09-24 23:51:22","SourceModuleName":"GuruculWindowsFull2016","SourceModuleType":"im_msvistalog"}
{"EventTime":"2021-09-24 23:51:20","Hostname":"THEPUNISHER.MARVEL.local","Keywords":-9214364837600034816,"EventType":"AUDIT_SUCCESS","SeverityValue":2,"Severity":"INFO","EventID":4689,"SourceName":"Microsoft-Windows-Security-Auditing","ProviderGuid":"{54849625-5478-4994-A5BA-3E3B0328C30D}","Version":0,"Task":13313,"OpcodeValue":0,"RecordNumber":7855981,"ProcessID":4,"ThreadID":3584,"Channel":"Security","Message":"A process has exited.\r\n\r\nSubject:\r\n\tSecurity ID:\t\tS-1-5-18\r\n\tAccount Name:\t\tTHEPUNISHER$\r\n\tAccount Domain:\t\tMARVEL\r\n\tLogon ID:\t\t0x3E7\r\n\r\nProcess Information:\r\n\tProcess ID:\t0x14bc\r\n\tProcess Name:\tC:\\Windows\\System32\\conhost.exe\r\n\tExit Status:\t0x0","Category":"Process Termination","Opcode":"Info","SubjectUserSid":"S-1-5-18","SubjectUserName":"THEPUNISHER$","SubjectDomainName":"MARVEL","SubjectLogonId":"0x3e7","Status":"0x0","ProcessName":"C:\\Windows\\System32\\conhost.exe","EventReceivedTime":"2021-09-24 23:51:22","SourceModuleName":"GuruculWindowsFull2016","SourceModuleType":"im_msvistalog"}
{"EventTime":"2021-09-24 23:51:20","Hostname":"THEPUNISHER.MARVEL.local","Keywords":-9214364837600034816,"EventType":"AUDIT_SUCCESS","SeverityValue":2,"Severity":"INFO","EventID":4689,"SourceName":"Microsoft-Windows-Security-Auditing","ProviderGuid":"{54849625-5478-4994-A5BA-3E3B0328C30D}","Version":0,"Task":13313,"OpcodeValue":0,"RecordNumber":7855982,"ProcessID":4,"ThreadID":336,"Channel":"Security","Message":"A process has exited.\r\n\r\nSubject:\r\n\tSecurity ID:\t\tS-1-5-20\r\n\tAccount Name:\t\tTHEPUNISHER$\r\n\tAccount Domain:\t\tMARVEL\r\n\tLogon ID:\t\t0x3E4\r\n\r\nProcess Information:\r\n\tProcess ID:\t0x1748\r\n\tProcess Name:\tC:\\ProgramData\\Microsoft\\Windows Defender\\Platform\\4.18.2108.7-0\\MpCmdRun.exe\r\n\tExit Status:\t0x2","Category":"Process Termination","Opcode":"Info","SubjectUserSid":"S-1-5-20","SubjectUserName":"THEPUNISHER$","SubjectDomainName":"MARVEL","SubjectLogonId":"0x3e4","Status":"0x2","ProcessName":"C:\\ProgramData\\Microsoft\\Windows Defender\\Platform\\4.18.2108.7-0\\MpCmdRun.exe","EventReceivedTime":"2021-09-24 23:51:22","SourceModuleName":"GuruculWindowsFull2016","SourceModuleType":"im_msvistalog"}
{"EventTime":"2021-09-24 23:51:20","Hostname":"THEPUNISHER.MARVEL.local","Keywords":-9214364837600034816,"EventType":"AUDIT_SUCCESS","SeverityValue":2,"Severity":"INFO","EventID":4688,"SourceName":"Microsoft-Windows-Security-Auditing","ProviderGuid":"{54849625-5478-4994-A5BA-3E3B0328C30D}","Version":2,"Task":13312,"OpcodeValue":0,"RecordNumber":7855983,"ProcessID":4,"ThreadID":336,"Channel":"Security","Message":"A new process has been created.\r\n\r\nCreator Subject:\r\n\tSecurity ID:\t\tS-1-5-18\r\n\tAccount Name:\t\tTHEPUNISHER$\r\n\tAccount Domain:\t\tMARVEL\r\n\tLogon ID:\t\t0x3E7\r\n\r\nTarget Subject:\r\n\tSecurity ID:\t\tS-1-0-0\r\n\tAccount Name:\t\t-\r\n\tAccount Domain:\t\t-\r\n\tLogon ID:\t\t0x0\r\n\r\nProcess Information:\r\n\tNew Process ID:\t\t0x18a4\r\n\tNew Process Name:\tC:\\ProgramData\\Microsoft\\Windows Defender\\Platform\\4.18.2108.7-0\\MpCmdRun.exe\r\n\tToken Elevation Type:\t%%1936\r\n\tMandatory Label:\t\tS-1-16-16384\r\n\tCreator Process ID:\t0xe74\r\n\tCreator Process Name:\tC:\\ProgramData\\Microsoft\\Windows Defender\\Platform\\4.18.2108.7-0\\MsMpEng.exe\r\n\tProcess Command Line:\t\r\n\r\nToken Elevation Type indicates the type of token that was assigned to the new process in accordance with User Account Control policy.\r\n\r\nType 1 is a full token with no privileges removed or groups disabled.  A full token is only used if User Account Control is disabled or if the user is the built-in Administrator account or a service account.\r\n\r\nType 2 is an elevated token with no privileges removed or groups disabled.  An elevated token is used when User Account Control is enabled and the user chooses to start the program using Run as administrator.  An elevated token is also used when an application is configured to always require administrative privilege or to always require maximum privilege, and the user is a member of the Administrators group.\r\n\r\nType 3 is a limited token with administrative privileges removed and administrative groups disabled.  The limited token is used when User Account Control is enabled, the application does not require administrative privilege, and the user does not choose to start the program using Run as administrator.","Category":"Process Creation","Opcode":"Info","SubjectUserSid":"S-1-5-18","SubjectUserName":"THEPUNISHER$","SubjectDomainName":"MARVEL","SubjectLogonId":"0x3e7","NewProcessId":"0x18a4","NewProcessName":"C:\\ProgramData\\Microsoft\\Windows Defender\\Platform\\4.18.2108.7-0\\MpCmdRun.exe","TokenElevationType":"%%1936","TargetUserSid":"S-1-0-0","TargetUserName":"-","TargetDomainName":"-","TargetLogonId":"0x0","ParentProcessName":"C:\\ProgramData\\Microsoft\\Windows Defender\\Platform\\4.18.2108.7-0\\MsMpEng.exe","MandatoryLabel":"S-1-16-16384","EventReceivedTime":"2021-09-24 23:51:22","SourceModuleName":"GuruculWindowsFull2016","SourceModuleType":"im_msvistalog"}
{"EventTime":"2021-09-24 23:51:20","Hostname":"THEPUNISHER.MARVEL.local","Keywords":-9223372036854775808,"EventType":"INFO","SeverityValue":2,"Severity":"INFO","EventID":1,"SourceName":"Microsoft-Windows-Sysmon","ProviderGuid":"{5770385F-C22A-43E0-BF4C-06F5698FFBD9}","Version":5,"Task":1,"OpcodeValue":0,"RecordNumber":33951,"ProcessID":3632,"ThreadID":4444,"Channel":"Microsoft-Windows-Sysmon/Operational","Domain":"NT AUTHORITY","AccountName":"SYSTEM","UserID":"S-1-5-18","AccountType":"User","Message":"Process Create:\r\nRuleName: -\r\nUtcTime: 2021-09-24 23:51:20.218\r\nProcessGuid: {901330d1-6478-614e-0801-000000004500}\r\nProcessId: 6308\r\nImage: C:\\ProgramData\\Microsoft\\Windows Defender\\Platform\\4.18.2108.7-0\\MpCmdRun.exe\r\nFileVersion: 4.18.2108.7 (WinBuild.160101.0800)\r\nDescription: Microsoft Malware Protection Command Line Utility\r\nProduct: Microsoft® Windows® Operating System\r\nCompany: Microsoft Corporation\r\nOriginalFileName: MpCmdRun.exe\r\nCommandLine: \"C:\\ProgramData\\Microsoft\\Windows Defender\\Platform\\4.18.2108.7-0\\MpCmdRun.exe\" SignaturesUpdateService -ScheduleJob -HttpDownload -RestrictPrivileges\r\nCurrentDirectory: C:\\Windows\\system32\\\r\nUser: NT AUTHORITY\\SYSTEM\r\nLogonGuid: {901330d1-6214-614e-e703-000000000000}\r\nLogonId: 0x3E7\r\nTerminalSessionId: 0\r\nIntegrityLevel: System\r\nHashes: MD5=D63716C0DB24C0C28EE17E88D8ADB4D6,SHA256=54852B7955C505B76A756C35D96F657B4649F8C69E1DA4A4CAF3E9913318979B,IMPHASH=08BB4EBE77221E90124C3902D648BBDD\r\nParentProcessGuid: {901330d1-6218-614e-5600-000000004500}\r\nParentProcessId: 3700\r\nParentImage: C:\\ProgramData\\Microsoft\\Windows Defender\\Platform\\4.18.2108.7-0\\MsMpEng.exe\r\nParentCommandLine: \"C:\\ProgramData\\Microsoft\\Windows Defender\\Platform\\4.18.2108.7-0\\MsMpEng.exe\"","Category":"Process Create (rule: ProcessCreate)","Opcode":"Info","RuleName":"-","UtcTime":"2021-09-24 23:51:20.218","ProcessGuid":"{901330d1-6478-614e-0801-000000004500}","Image":"C:\\ProgramData\\Microsoft\\Windows Defender\\Platform\\4.18.2108.7-0\\MpCmdRun.exe","FileVersion":"4.18.2108.7 (WinBuild.160101.0800)","Description":"Microsoft Malware Protection Command Line Utility","Product":"Microsoft® Windows® Operating System","Company":"Microsoft Corporation","OriginalFileName":"MpCmdRun.exe","CommandLine":"\"C:\\ProgramData\\Microsoft\\Windows Defender\\Platform\\4.18.2108.7-0\\MpCmdRun.exe\" SignaturesUpdateService -ScheduleJob -HttpDownload -RestrictPrivileges","CurrentDirectory":"C:\\Windows\\system32\\","User":"NT AUTHORITY\\SYSTEM","LogonGuid":"{901330d1-6214-614e-e703-000000000000}","LogonId":"0x3e7","TerminalSessionId":"0","IntegrityLevel":"System","Hashes":"MD5=D63716C0DB24C0C28EE17E88D8ADB4D6,SHA256=54852B7955C505B76A756C35D96F657B4649F8C69E1DA4A4CAF3E9913318979B,IMPHASH=08BB4EBE77221E90124C3902D648BBDD","ParentProcessGuid":"{901330d1-6218-614e-5600-000000004500}","ParentProcessId":"3700","ParentImage":"C:\\ProgramData\\Microsoft\\Windows Defender\\Platform\\4.18.2108.7-0\\MsMpEng.exe","ParentCommandLine":"\"C:\\ProgramData\\Microsoft\\Windows Defender\\Platform\\4.18.2108.7-0\\MsMpEng.exe\"","EventReceivedTime":"2021-09-24 23:51:22","SourceModuleName":"GuruculWindowsFull2016","SourceModuleType":"im_msvistalog"}
