{"EventTime":"2021-09-24 23:52:28","Hostname":"HYDRA-DC.MARVEL.local","Keywords":-9223372036854775808,"EventType":"INFO","SeverityValue":2,"Severity":"INFO","EventID":1,"SourceName":"Microsoft-Windows-Sysmon","ProviderGuid":"{5770385F-C22A-43E0-BF4C-06F5698FFBD9}","Version":5,"Task":1,"OpcodeValue":0,"RecordNumber":3749243,"ProcessID":3372,"ThreadID":4416,"Channel":"Microsoft-Windows-Sysmon/Operational","Domain":"NT AUTHORITY","AccountName":"SYSTEM","UserID":"S-1-5-18","AccountType":"User","Message":"Process Create:\r\nRuleName: -\r\nUtcTime: 2021-09-24 23:52:28.809\r\nProcessGuid: {2bd4fb04-64bc-614e-bf00-000000006200}\r\nProcessId: 3520\r\nImage: C:\\Windows\\System32\\svchost.exe\r\nFileVersion: 10.0.17763.1 (WinBuild.160101.0800)\r\nDescription: Host Process for Windows Services\r\nProduct: Microsoft® Windows® Operating System\r\nCompany: Microsoft Corporation\r\nOriginalFileName: svchost.exe\r\nCommandLine: C:\\Windows\\System32\\svchost.exe -k WerSvcGroup\r\nCurrentDirectory: C:\\Windows\\system32\\\r\nUser: NT AUTHORITY\\SYSTEM\r\nLogonGuid: {2bd4fb04-6211-614e-e703-000000000000}\r\nLogonId: 0x3E7\r\nTerminalSessionId: 0\r\nIntegrityLevel: System\r\nHashes: MD5=8A0A29438052FAED8A2532DA50455756,SHA256=7FD065BAC18C5278777AE44908101CDFED72D26FA741367F0AD4D02020787AB6,IMPHASH=247B9220E5D9B720A82B2C8B5069AD69\r\nParentProcessGuid: {2bd4fb04-6211-614e-0b00-000000006200}\r\nParentProcessId: 664\r\nParentImage: C:\\Windows\\System32\\services.exe\r\nParentCommandLine: C:\\Windows\\system32\\services.exe","Category":"Process Create (rule: ProcessCreate)","Opcode":"Info","RuleName":"-","UtcTime":"2021-09-24 23:52:28.809","ProcessGuid":"{2bd4fb04-64bc-614e-bf00-000000006200}","Image":"C:\\Windows\\System32\\svchost.exe","FileVersion":"10.0.17763.1 (WinBuild.160101.0800)","Description":"Host Process for Windows Services","Product":"Microsoft® Windows® Operating System","Company":"Microsoft Corporation","OriginalFileName":"svchost.exe","CommandLine":"C:\\Windows\\System32\\svchost.exe -k WerSvcGroup","CurrentDirectory":"C:\\Windows\\system32\\","User":"NT AUTHORITY\\SYSTEM","LogonGuid":"{2bd4fb04-6211-614e-e703-000000000000}","LogonId":"0x3e7","TerminalSessionId":"0","IntegrityLevel":"System","Hashes":"MD5=8A0A29438052FAED8A2532DA50455756,SHA256=7FD065BAC18C5278777AE44908101CDFED72D26FA741367F0AD4D02020787AB6,IMPHASH=247B9220E5D9B720A82B2C8B5069AD69","ParentProcessGuid":"{2bd4fb04-6211-614e-0b00-000000006200}","ParentProcessId":"664","ParentImage":"C:\\Windows\\System32\\services.exe","ParentCommandLine":"C:\\Windows\\system32\\services.exe","EventReceivedTime":"2021-09-24 23:52:30","SourceModuleName":"GuruculWindowsFull2016","SourceModuleType":"im_msvistalog"}
{"EventTime":"2021-09-24 23:52:28","Hostname":"HYDRA-DC.MARVEL.local","Keywords":-9214364837600034816,"EventType":"AUDIT_SUCCESS","SeverityValue":2,"Severity":"INFO","EventID":5156,"SourceName":"Microsoft-Windows-Security-Auditing","ProviderGuid":"{54849625-5478-4994-A5BA-3E3B0328C30D}","Version":1,"Task":12810,"OpcodeValue":0,"RecordNumber":68006245,"ProcessID":4,"ThreadID":112,"Channel":"Security","Message":"The Windows Filtering Platform has permitted a connection.\r\n\r\nApplication Information:\r\n\tProcess ID:\t\t1368\r\n\tApplication Name:\t\\device\\harddiskvolume4\\windows\\system32\\rundll32.exe\r\n\r\nNetwork Information:\r\n\tDirection:\t\tOutbound\r\n\tSource Address:\t\t192.168.118.200\r\n\tSource Port:\t\t49764\r\n\tDestination Address:\t192.168.118.144\r\n\tDestination Port:\t\t7749\r\n\tProtocol:\t\t6\r\n\r\nFilter Information:\r\n\tFilter Run-Time ID:\t0\r\n\tLayer Name:\t\tConnect\r\n\tLayer Run-Time ID:\t48","Category":"Filtering Platform Connection","Opcode":"Info","Application":"\\device\\harddiskvolume4\\windows\\system32\\rundll32.exe","Direction":"%%14593","SourceAddress":"192.168.118.200","SourcePort":"49764","DestAddress":"192.168.118.144","DestPort":"7749","Protocol":"6","FilterRTID":"0","LayerName":"%%14611","LayerRTID":"48","RemoteUserID":"S-1-0-0","RemoteMachineID":"S-1-0-0","EventReceivedTime":"2021-09-24 23:52:30","SourceModuleName":"GuruculWindowsFull2016","SourceModuleType":"im_msvistalog"}
{"EventTime":"2021-09-24 23:52:28","Hostname":"HYDRA-DC.MARVEL.local","Keywords":-9214364837600034816,"EventType":"AUDIT_SUCCESS","SeverityValue":2,"Severity":"INFO","EventID":4688,"SourceName":"Microsoft-Windows-Security-Auditing","ProviderGuid":"{54849625-5478-4994-A5BA-3E3B0328C30D}","Version":2,"Task":13312,"OpcodeValue":0,"RecordNumber":68006246,"ProcessID":4,"ThreadID":112,"Channel":"Security","Message":"A new process has been created.\r\n\r\nCreator Subject:\r\n\tSecurity ID:\t\tS-1-5-18\r\n\tAccount Name:\t\tHYDRA-DC$\r\n\tAccount Domain:\t\tMARVEL\r\n\tLogon ID:\t\t0x3E7\r\n\r\nTarget Subject:\r\n\tSecurity ID:\t\tS-1-0-0\r\n\tAccount Name:\t\t-\r\n\tAccount Domain:\t\t-\r\n\tLogon ID:\t\t0x0\r\n\r\nProcess Information:\r\n\tNew Process ID:\t\t0x1638\r\n\tNew Process Name:\tC:\\Windows\\System32\\WerFault.exe\r\n\tToken Elevation Type:\t%%1936\r\n\tMandatory Label:\t\tS-1-16-16384\r\n\tCreator Process ID:\t0xdc0\r\n\tCreator Process Name:\tC:\\Windows\\System32\\svchost.exe\r\n\tProcess Command Line:\t\r\n\r\nToken Elevation Type indicates the type of token that was assigned to the new process in accordance with User Account Control policy.\r\n\r\nType 1 is a full token with no privileges removed or groups disabled.  A full token is only used if User Account Control is disabled or if the user is the built-in Administrator account or a service account.\r\n\r\nType 2 is an elevated token with no privileges removed or groups disabled.  An elevated token is used when User Account Control is enabled and the user chooses to start the program using Run as administrator.  An elevated token is also used when an application is configured to always require administrative privilege or to always require maximum privilege, and the user is a member of the Administrators group.\r\n\r\nType 3 is a limited token with administrative privileges removed and administrative groups disabled.  The limited token is used when User Account Control is enabled, the application does not require administrative privilege, and the user does not choose to start the program using Run as administrator.","Category":"Process Creation","Opcode":"Info","SubjectUserSid":"S-1-5-18","SubjectUserName":"HYDRA-DC$","SubjectDomainName":"MARVEL","SubjectLogonId":"0x3e7","NewProcessId":"0x1638","NewProcessName":"C:\\Windows\\System32\\WerFault.exe","TokenElevationType":"%%1936","TargetUserSid":"S-1-0-0","TargetUserName":"-","TargetDomainName":"-","TargetLogonId":"0x0","ParentProcessName":"C:\\Windows\\System32\\svchost.exe","MandatoryLabel":"S-1-16-16384","EventReceivedTime":"2021-09-24 23:52:30","SourceModuleName":"GuruculWindowsFull2016","SourceModuleType":"im_msvistalog"}
{"EventTime":"2021-09-24 23:52:28","Hostname":"HYDRA-DC.MARVEL.local","Keywords":-9223372036854775808,"EventType":"INFO","SeverityValue":2,"Severity":"INFO","EventID":1,"SourceName":"Microsoft-Windows-Sysmon","ProviderGuid":"{5770385F-C22A-43E0-BF4C-06F5698FFBD9}","Version":5,"Task":1,"OpcodeValue":0,"RecordNumber":3749253,"ProcessID":3372,"ThreadID":4416,"Channel":"Microsoft-Windows-Sysmon/Operational","Domain":"NT AUTHORITY","AccountName":"SYSTEM","UserID":"S-1-5-18","AccountType":"User","Message":"Process Create:\r\nRuleName: -\r\nUtcTime: 2021-09-24 23:52:28.838\r\nProcessGuid: {2bd4fb04-64bc-614e-c000-000000006200}\r\nProcessId: 5688\r\nImage: C:\\Windows\\System32\\WerFault.exe\r\nFileVersion: 10.0.17763.652 (WinBuild.160101.0800)\r\nDescription: Windows Problem Reporting\r\nProduct: Microsoft® Windows® Operating System\r\nCompany: Microsoft Corporation\r\nOriginalFileName: WerFault.exe\r\nCommandLine: C:\\Windows\\system32\\WerFault.exe -pss -s 180 -p 3136 -ip 3136\r\nCurrentDirectory: C:\\Windows\\system32\\\r\nUser: NT AUTHORITY\\SYSTEM\r\nLogonGuid: {2bd4fb04-6211-614e-e703-000000000000}\r\nLogonId: 0x3E7\r\nTerminalSessionId: 0\r\nIntegrityLevel: System\r\nHashes: MD5=2BD456AFEE83F7A4E319BDBA44C34C97,SHA256=FF21A7AFC2B535F12847092308488F752C613B167D979DEDA3A73466C728D001,IMPHASH=3B9DE67ACC19291D79083D12452FA5BA\r\nParentProcessGuid: {2bd4fb04-64bc-614e-bf00-000000006200}\r\nParentProcessId: 3520\r\nParentImage: C:\\Windows\\System32\\svchost.exe\r\nParentCommandLine: C:\\Windows\\System32\\svchost.exe -k WerSvcGroup","Category":"Process Create (rule: ProcessCreate)","Opcode":"Info","RuleName":"-","UtcTime":"2021-09-24 23:52:28.838","ProcessGuid":"{2bd4fb04-64bc-614e-c000-000000006200}","Image":"C:\\Windows\\System32\\WerFault.exe","FileVersion":"10.0.17763.652 (WinBuild.160101.0800)","Description":"Windows Problem Reporting","Product":"Microsoft® Windows® Operating System","Company":"Microsoft Corporation","OriginalFileName":"WerFault.exe","CommandLine":"C:\\Windows\\system32\\WerFault.exe -pss -s 180 -p 3136 -ip 3136","CurrentDirectory":"C:\\Windows\\system32\\","User":"NT AUTHORITY\\SYSTEM","LogonGuid":"{2bd4fb04-6211-614e-e703-000000000000}","LogonId":"0x3e7","TerminalSessionId":"0","IntegrityLevel":"System","Hashes":"MD5=2BD456AFEE83F7A4E319BDBA44C34C97,SHA256=FF21A7AFC2B535F12847092308488F752C613B167D979DEDA3A73466C728D001,IMPHASH=3B9DE67ACC19291D79083D12452FA5BA","ParentProcessGuid":"{2bd4fb04-64bc-614e-bf00-000000006200}","ParentProcessId":"3520","ParentImage":"C:\\Windows\\System32\\svchost.exe","ParentCommandLine":"C:\\Windows\\System32\\svchost.exe -k WerSvcGroup","EventReceivedTime":"2021-09-24 23:52:30","SourceModuleName":"GuruculWindowsFull2016","SourceModuleType":"im_msvistalog"}
{"EventTime":"2021-09-24 23:52:28","Hostname":"HYDRA-DC.MARVEL.local","Keywords":-9214364837600034816,"EventType":"AUDIT_SUCCESS","SeverityValue":2,"Severity":"INFO","EventID":4688,"SourceName":"Microsoft-Windows-Security-Auditing","ProviderGuid":"{54849625-5478-4994-A5BA-3E3B0328C30D}","Version":2,"Task":13312,"OpcodeValue":0,"RecordNumber":68006247,"ProcessID":4,"ThreadID":188,"Channel":"Security","Message":"A new process has been created.\r\n\r\nCreator Subject:\r\n\tSecurity ID:\t\tS-1-5-18\r\n\tAccount Name:\t\tHYDRA-DC$\r\n\tAccount Domain:\t\tMARVEL\r\n\tLogon ID:\t\t0x3E7\r\n\r\nTarget Subject:\r\n\tSecurity ID:\t\tS-1-0-0\r\n\tAccount Name:\t\t-\r\n\tAccount Domain:\t\t-\r\n\tLogon ID:\t\t0x0\r\n\r\nProcess Information:\r\n\tNew Process ID:\t\t0x1560\r\n\tNew Process Name:\tC:\\Windows\\System32\\spoolsv.exe\r\n\tToken Elevation Type:\t%%1936\r\n\tMandatory Label:\t\tS-1-16-16384\r\n\tCreator Process ID:\t0xc40\r\n\tCreator Process Name:\tC:\\Windows\\System32\\spoolsv.exe\r\n\tProcess Command Line:\t\r\n\r\nToken Elevation Type indicates the type of token that was assigned to the new process in accordance with User Account Control policy.\r\n\r\nType 1 is a full token with no privileges removed or groups disabled.  A full token is only used if User Account Control is disabled or if the user is the built-in Administrator account or a service account.\r\n\r\nType 2 is an elevated token with no privileges removed or groups disabled.  An elevated token is used when User Account Control is enabled and the user chooses to start the program using Run as administrator.  An elevated token is also used when an application is configured to always require administrative privilege or to always require maximum privilege, and the user is a member of the Administrators group.\r\n\r\nType 3 is a limited token with administrative privileges removed and administrative groups disabled.  The limited token is used when User Account Control is enabled, the application does not require administrative privilege, and the user does not choose to start the program using Run as administrator.","Category":"Process Creation","Opcode":"Info","SubjectUserSid":"S-1-5-18","SubjectUserName":"HYDRA-DC$","SubjectDomainName":"MARVEL","SubjectLogonId":"0x3e7","NewProcessId":"0x1560","NewProcessName":"C:\\Windows\\System32\\spoolsv.exe","TokenElevationType":"%%1936","TargetUserSid":"S-1-0-0","TargetUserName":"-","TargetDomainName":"-","TargetLogonId":"0x0","ParentProcessName":"C:\\Windows\\System32\\spoolsv.exe","MandatoryLabel":"S-1-16-16384","EventReceivedTime":"2021-09-24 23:52:30","SourceModuleName":"GuruculWindowsFull2016","SourceModuleType":"im_msvistalog"}
{"EventTime":"2021-09-24 23:52:28","Hostname":"HYDRA-DC.MARVEL.local","Keywords":-9214364837600034816,"EventType":"AUDIT_SUCCESS","SeverityValue":2,"Severity":"INFO","EventID":4689,"SourceName":"Microsoft-Windows-Security-Auditing","ProviderGuid":"{54849625-5478-4994-A5BA-3E3B0328C30D}","Version":0,"Task":13313,"OpcodeValue":0,"RecordNumber":68006248,"ProcessID":4,"ThreadID":188,"Channel":"Security","Message":"A process has exited.\r\n\r\nSubject:\r\n\tSecurity ID:\t\tS-1-5-18\r\n\tAccount Name:\t\tHYDRA-DC$\r\n\tAccount Domain:\t\tMARVEL\r\n\tLogon ID:\t\t0x3E7\r\n\r\nProcess Information:\r\n\tProcess ID:\t0x1638\r\n\tProcess Name:\tC:\\Windows\\System32\\WerFault.exe\r\n\tExit Status:\t0x0","Category":"Process Termination","Opcode":"Info","SubjectUserSid":"S-1-5-18","SubjectUserName":"HYDRA-DC$","SubjectDomainName":"MARVEL","SubjectLogonId":"0x3e7","Status":"0x0","ProcessName":"C:\\Windows\\System32\\WerFault.exe","EventReceivedTime":"2021-09-24 23:52:30","SourceModuleName":"GuruculWindowsFull2016","SourceModuleType":"im_msvistalog"}
{"EventTime":"2021-09-24 23:52:28","Hostname":"HYDRA-DC.MARVEL.local","Keywords":-9214364837600034816,"EventType":"AUDIT_SUCCESS","SeverityValue":2,"Severity":"INFO","EventID":4673,"SourceName":"Microsoft-Windows-Security-Auditing","ProviderGuid":"{54849625-5478-4994-A5BA-3E3B0328C30D}","Version":0,"Task":13056,"OpcodeValue":0,"RecordNumber":68006249,"ProcessID":4,"ThreadID":112,"Channel":"Security","Message":"A privileged service was called.\r\n\r\nSubject:\r\n\tSecurity ID:\t\tS-1-5-18\r\n\tAccount Name:\t\tHYDRA-DC$\r\n\tAccount Domain:\t\tMARVEL\r\n\tLogon ID:\t\t0x3E7\r\n\r\nService:\r\n\tServer:\tNT Local Security Authority / Authentication Service\r\n\tService Name:\tLsaRegisterLogonProcess()\r\n\r\nProcess:\r\n\tProcess ID:\t0x2ac\r\n\tProcess Name:\tC:\\Windows\\System32\\lsass.exe\r\n\r\nService Request Information:\r\n\tPrivileges:\t\tSeTcbPrivilege","Category":"Sensitive Privilege Use","Opcode":"Info","SubjectUserSid":"S-1-5-18","SubjectUserName":"HYDRA-DC$","SubjectDomainName":"MARVEL","SubjectLogonId":"0x3e7","ObjectServer":"NT Local Security Authority / Authentication Service","Service":"LsaRegisterLogonProcess()","PrivilegeList":"SeTcbPrivilege","ProcessName":"C:\\Windows\\System32\\lsass.exe","EventReceivedTime":"2021-09-24 23:52:30","SourceModuleName":"GuruculWindowsFull2016","SourceModuleType":"im_msvistalog"}
{"EventTime":"2021-09-24 23:52:28","Hostname":"HYDRA-DC.MARVEL.local","Keywords":-9214364837600034816,"EventType":"AUDIT_SUCCESS","SeverityValue":2,"Severity":"INFO","EventID":4688,"SourceName":"Microsoft-Windows-Security-Auditing","ProviderGuid":"{54849625-5478-4994-A5BA-3E3B0328C30D}","Version":2,"Task":13312,"OpcodeValue":0,"RecordNumber":68006250,"ProcessID":4,"ThreadID":112,"Channel":"Security","Message":"A new process has been created.\r\n\r\nCreator Subject:\r\n\tSecurity ID:\t\tS-1-5-18\r\n\tAccount Name:\t\tHYDRA-DC$\r\n\tAccount Domain:\t\tMARVEL\r\n\tLogon ID:\t\t0x3E7\r\n\r\nTarget Subject:\r\n\tSecurity ID:\t\tS-1-0-0\r\n\tAccount Name:\t\t-\r\n\tAccount Domain:\t\t-\r\n\tLogon ID:\t\t0x0\r\n\r\nProcess Information:\r\n\tNew Process ID:\t\t0x8fc\r\n\tNew Process Name:\tC:\\Windows\\System32\\WerFault.exe\r\n\tToken Elevation Type:\t%%1936\r\n\tMandatory Label:\t\tS-1-16-16384\r\n\tCreator Process ID:\t0xc40\r\n\tCreator Process Name:\tC:\\Windows\\System32\\spoolsv.exe\r\n\tProcess Command Line:\t\r\n\r\nToken Elevation Type indicates the type of token that was assigned to the new process in accordance with User Account Control policy.\r\n\r\nType 1 is a full token with no privileges removed or groups disabled.  A full token is only used if User Account Control is disabled or if the user is the built-in Administrator account or a service account.\r\n\r\nType 2 is an elevated token with no privileges removed or groups disabled.  An elevated token is used when User Account Control is enabled and the user chooses to start the program using Run as administrator.  An elevated token is also used when an application is configured to always require administrative privilege or to always require maximum privilege, and the user is a member of the Administrators group.\r\n\r\nType 3 is a limited token with administrative privileges removed and administrative groups disabled.  The limited token is used when User Account Control is enabled, the application does not require administrative privilege, and the user does not choose to start the program using Run as administrator.","Category":"Process Creation","Opcode":"Info","SubjectUserSid":"S-1-5-18","SubjectUserName":"HYDRA-DC$","SubjectDomainName":"MARVEL","SubjectLogonId":"0x3e7","NewProcessId":"0x8fc","NewProcessName":"C:\\Windows\\System32\\WerFault.exe","TokenElevationType":"%%1936","TargetUserSid":"S-1-0-0","TargetUserName":"-","TargetDomainName":"-","TargetLogonId":"0x0","ParentProcessName":"C:\\Windows\\System32\\spoolsv.exe","MandatoryLabel":"S-1-16-16384","EventReceivedTime":"2021-09-24 23:52:30","SourceModuleName":"GuruculWindowsFull2016","SourceModuleType":"im_msvistalog"}
{"EventTime":"2021-09-24 23:52:28","Hostname":"HYDRA-DC.MARVEL.local","Keywords":-9223372036854775808,"EventType":"INFO","SeverityValue":2,"Severity":"INFO","EventID":1,"SourceName":"Microsoft-Windows-Sysmon","ProviderGuid":"{5770385F-C22A-43E0-BF4C-06F5698FFBD9}","Version":5,"Task":1,"OpcodeValue":0,"RecordNumber":3749266,"ProcessID":3372,"ThreadID":4416,"Channel":"Microsoft-Windows-Sysmon/Operational","Domain":"NT AUTHORITY","AccountName":"SYSTEM","UserID":"S-1-5-18","AccountType":"User","Message":"Process Create:\r\nRuleName: -\r\nUtcTime: 2021-09-24 23:52:28.895\r\nProcessGuid: {2bd4fb04-64bc-614e-c200-000000006200}\r\nProcessId: 2300\r\nImage: C:\\Windows\\System32\\WerFault.exe\r\nFileVersion: 10.0.17763.652 (WinBuild.160101.0800)\r\nDescription: Windows Problem Reporting\r\nProduct: Microsoft® Windows® Operating System\r\nCompany: Microsoft Corporation\r\nOriginalFileName: WerFault.exe\r\nCommandLine: C:\\Windows\\system32\\WerFault.exe -u -p 3136 -s 1784\r\nCurrentDirectory: C:\\Windows\\system32\\\r\nUser: NT AUTHORITY\\SYSTEM\r\nLogonGuid: {2bd4fb04-6211-614e-e703-000000000000}\r\nLogonId: 0x3E7\r\nTerminalSessionId: 0\r\nIntegrityLevel: System\r\nHashes: MD5=2BD456AFEE83F7A4E319BDBA44C34C97,SHA256=FF21A7AFC2B535F12847092308488F752C613B167D979DEDA3A73466C728D001,IMPHASH=3B9DE67ACC19291D79083D12452FA5BA\r\nParentProcessGuid: {2bd4fb04-622d-614e-3d00-000000006200}\r\nParentProcessId: 3136\r\nParentImage: C:\\Windows\\System32\\spoolsv.exe\r\nParentCommandLine: C:\\Windows\\System32\\spoolsv.exe","Category":"Process Create (rule: ProcessCreate)","Opcode":"Info","RuleName":"-","UtcTime":"2021-09-24 23:52:28.895","ProcessGuid":"{2bd4fb04-64bc-614e-c200-000000006200}","Image":"C:\\Windows\\System32\\WerFault.exe","FileVersion":"10.0.17763.652 (WinBuild.160101.0800)","Description":"Windows Problem Reporting","Product":"Microsoft® Windows® Operating System","Company":"Microsoft Corporation","OriginalFileName":"WerFault.exe","CommandLine":"C:\\Windows\\system32\\WerFault.exe -u -p 3136 -s 1784","CurrentDirectory":"C:\\Windows\\system32\\","User":"NT AUTHORITY\\SYSTEM","LogonGuid":"{2bd4fb04-6211-614e-e703-000000000000}","LogonId":"0x3e7","TerminalSessionId":"0","IntegrityLevel":"System","Hashes":"MD5=2BD456AFEE83F7A4E319BDBA44C34C97,SHA256=FF21A7AFC2B535F12847092308488F752C613B167D979DEDA3A73466C728D001,IMPHASH=3B9DE67ACC19291D79083D12452FA5BA","ParentProcessGuid":"{2bd4fb04-622d-614e-3d00-000000006200}","ParentProcessId":"3136","ParentImage":"C:\\Windows\\System32\\spoolsv.exe","ParentCommandLine":"C:\\Windows\\System32\\spoolsv.exe","EventReceivedTime":"2021-09-24 23:52:30","SourceModuleName":"GuruculWindowsFull2016","SourceModuleType":"im_msvistalog"}
{"EventTime":"2021-09-24 23:52:29","Hostname":"HYDRA-DC.MARVEL.local","Keywords":-9214364837600034816,"EventType":"AUDIT_SUCCESS","SeverityValue":2,"Severity":"INFO","EventID":4673,"SourceName":"Microsoft-Windows-Security-Auditing","ProviderGuid":"{54849625-5478-4994-A5BA-3E3B0328C30D}","Version":0,"Task":13056,"OpcodeValue":0,"RecordNumber":68006251,"ProcessID":4,"ThreadID":112,"Channel":"Security","Message":"A privileged service was called.\r\n\r\nSubject:\r\n\tSecurity ID:\t\tS-1-5-18\r\n\tAccount Name:\t\tHYDRA-DC$\r\n\tAccount Domain:\t\tMARVEL\r\n\tLogon ID:\t\t0x3E7\r\n\r\nService:\r\n\tServer:\tNT Local Security Authority / Authentication Service\r\n\tService Name:\tLsaRegisterLogonProcess()\r\n\r\nProcess:\r\n\tProcess ID:\t0x2ac\r\n\tProcess Name:\tC:\\Windows\\System32\\lsass.exe\r\n\r\nService Request Information:\r\n\tPrivileges:\t\tSeTcbPrivilege","Category":"Sensitive Privilege Use","Opcode":"Info","SubjectUserSid":"S-1-5-18","SubjectUserName":"HYDRA-DC$","SubjectDomainName":"MARVEL","SubjectLogonId":"0x3e7","ObjectServer":"NT Local Security Authority / Authentication Service","Service":"LsaRegisterLogonProcess()","PrivilegeList":"SeTcbPrivilege","ProcessName":"C:\\Windows\\System32\\lsass.exe","EventReceivedTime":"2021-09-24 23:52:30","SourceModuleName":"GuruculWindowsFull2016","SourceModuleType":"im_msvistalog"}
{"EventTime":"2021-09-24 23:52:29","Hostname":"HYDRA-DC.MARVEL.local","Keywords":-9214364837600034816,"EventType":"AUDIT_SUCCESS","SeverityValue":2,"Severity":"INFO","EventID":4688,"SourceName":"Microsoft-Windows-Security-Auditing","ProviderGuid":"{54849625-5478-4994-A5BA-3E3B0328C30D}","Version":2,"Task":13312,"OpcodeValue":0,"RecordNumber":68006252,"ProcessID":4,"ThreadID":112,"Channel":"Security","Message":"A new process has been created.\r\n\r\nCreator Subject:\r\n\tSecurity ID:\t\tS-1-5-18\r\n\tAccount Name:\t\tHYDRA-DC$\r\n\tAccount Domain:\t\tMARVEL\r\n\tLogon ID:\t\t0x3E7\r\n\r\nTarget Subject:\r\n\tSecurity ID:\t\tS-1-0-0\r\n\tAccount Name:\t\t-\r\n\tAccount Domain:\t\t-\r\n\tLogon ID:\t\t0x0\r\n\r\nProcess Information:\r\n\tNew Process ID:\t\t0x124c\r\n\tNew Process Name:\tC:\\Windows\\System32\\WerFault.exe\r\n\tToken Elevation Type:\t%%1936\r\n\tMandatory Label:\t\tS-1-16-16384\r\n\tCreator Process ID:\t0xdc0\r\n\tCreator Process Name:\tC:\\Windows\\System32\\svchost.exe\r\n\tProcess Command Line:\t\r\n\r\nToken Elevation Type indicates the type of token that was assigned to the new process in accordance with User Account Control policy.\r\n\r\nType 1 is a full token with no privileges removed or groups disabled.  A full token is only used if User Account Control is disabled or if the user is the built-in Administrator account or a service account.\r\n\r\nType 2 is an elevated token with no privileges removed or groups disabled.  An elevated token is used when User Account Control is enabled and the user chooses to start the program using Run as administrator.  An elevated token is also used when an application is configured to always require administrative privilege or to always require maximum privilege, and the user is a member of the Administrators group.\r\n\r\nType 3 is a limited token with administrative privileges removed and administrative groups disabled.  The limited token is used when User Account Control is enabled, the application does not require administrative privilege, and the user does not choose to start the program using Run as administrator.","Category":"Process Creation","Opcode":"Info","SubjectUserSid":"S-1-5-18","SubjectUserName":"HYDRA-DC$","SubjectDomainName":"MARVEL","SubjectLogonId":"0x3e7","NewProcessId":"0x124c","NewProcessName":"C:\\Windows\\System32\\WerFault.exe","TokenElevationType":"%%1936","TargetUserSid":"S-1-0-0","TargetUserName":"-","TargetDomainName":"-","TargetLogonId":"0x0","ParentProcessName":"C:\\Windows\\System32\\svchost.exe","MandatoryLabel":"S-1-16-16384","EventReceivedTime":"2021-09-24 23:52:30","SourceModuleName":"GuruculWindowsFull2016","SourceModuleType":"im_msvistalog"}
{"EventTime":"2021-09-24 23:52:29","Hostname":"HYDRA-DC.MARVEL.local","Keywords":-9223372036854775808,"EventType":"INFO","SeverityValue":2,"Severity":"INFO","EventID":1,"SourceName":"Microsoft-Windows-Sysmon","ProviderGuid":"{5770385F-C22A-43E0-BF4C-06F5698FFBD9}","Version":5,"Task":1,"OpcodeValue":0,"RecordNumber":3749282,"ProcessID":3372,"ThreadID":4416,"Channel":"Microsoft-Windows-Sysmon/Operational","Domain":"NT AUTHORITY","AccountName":"SYSTEM","UserID":"S-1-5-18","AccountType":"User","Message":"Process Create:\r\nRuleName: -\r\nUtcTime: 2021-09-24 23:52:29.228\r\nProcessGuid: {2bd4fb04-64bd-614e-c300-000000006200}\r\nProcessId: 4684\r\nImage: C:\\Windows\\System32\\WerFault.exe\r\nFileVersion: 10.0.17763.652 (WinBuild.160101.0800)\r\nDescription: Windows Problem Reporting\r\nProduct: Microsoft® Windows® Operating System\r\nCompany: Microsoft Corporation\r\nOriginalFileName: WerFault.exe\r\nCommandLine: C:\\Windows\\system32\\WerFault.exe -pss -s 600 -p 3136 -ip 3136\r\nCurrentDirectory: C:\\Windows\\system32\\\r\nUser: NT AUTHORITY\\SYSTEM\r\nLogonGuid: {2bd4fb04-6211-614e-e703-000000000000}\r\nLogonId: 0x3E7\r\nTerminalSessionId: 0\r\nIntegrityLevel: System\r\nHashes: MD5=2BD456AFEE83F7A4E319BDBA44C34C97,SHA256=FF21A7AFC2B535F12847092308488F752C613B167D979DEDA3A73466C728D001,IMPHASH=3B9DE67ACC19291D79083D12452FA5BA\r\nParentProcessGuid: {2bd4fb04-64bc-614e-bf00-000000006200}\r\nParentProcessId: 3520\r\nParentImage: C:\\Windows\\System32\\svchost.exe\r\nParentCommandLine: C:\\Windows\\System32\\svchost.exe -k WerSvcGroup","Category":"Process Create (rule: ProcessCreate)","Opcode":"Info","RuleName":"-","UtcTime":"2021-09-24 23:52:29.228","ProcessGuid":"{2bd4fb04-64bd-614e-c300-000000006200}","Image":"C:\\Windows\\System32\\WerFault.exe","FileVersion":"10.0.17763.652 (WinBuild.160101.0800)","Description":"Windows Problem Reporting","Product":"Microsoft® Windows® Operating System","Company":"Microsoft Corporation","OriginalFileName":"WerFault.exe","CommandLine":"C:\\Windows\\system32\\WerFault.exe -pss -s 600 -p 3136 -ip 3136","CurrentDirectory":"C:\\Windows\\system32\\","User":"NT AUTHORITY\\SYSTEM","LogonGuid":"{2bd4fb04-6211-614e-e703-000000000000}","LogonId":"0x3e7","TerminalSessionId":"0","IntegrityLevel":"System","Hashes":"MD5=2BD456AFEE83F7A4E319BDBA44C34C97,SHA256=FF21A7AFC2B535F12847092308488F752C613B167D979DEDA3A73466C728D001,IMPHASH=3B9DE67ACC19291D79083D12452FA5BA","ParentProcessGuid":"{2bd4fb04-64bc-614e-bf00-000000006200}","ParentProcessId":"3520","ParentImage":"C:\\Windows\\System32\\svchost.exe","ParentCommandLine":"C:\\Windows\\System32\\svchost.exe -k WerSvcGroup","EventReceivedTime":"2021-09-24 23:52:30","SourceModuleName":"GuruculWindowsFull2016","SourceModuleType":"im_msvistalog"}
{"EventTime":"2021-09-24 23:52:29","Hostname":"HYDRA-DC.MARVEL.local","Keywords":-9214364837600034816,"EventType":"AUDIT_SUCCESS","SeverityValue":2,"Severity":"INFO","EventID":4688,"SourceName":"Microsoft-Windows-Security-Auditing","ProviderGuid":"{54849625-5478-4994-A5BA-3E3B0328C30D}","Version":2,"Task":13312,"OpcodeValue":0,"RecordNumber":68006253,"ProcessID":4,"ThreadID":188,"Channel":"Security","Message":"A new process has been created.\r\n\r\nCreator Subject:\r\n\tSecurity ID:\t\tS-1-5-18\r\n\tAccount Name:\t\tHYDRA-DC$\r\n\tAccount Domain:\t\tMARVEL\r\n\tLogon ID:\t\t0x3E7\r\n\r\nTarget Subject:\r\n\tSecurity ID:\t\tS-1-0-0\r\n\tAccount Name:\t\t-\r\n\tAccount Domain:\t\t-\r\n\tLogon ID:\t\t0x0\r\n\r\nProcess Information:\r\n\tNew Process ID:\t\t0x17ec\r\n\tNew Process Name:\tC:\\Windows\\System32\\spoolsv.exe\r\n\tToken Elevation Type:\t%%1936\r\n\tMandatory Label:\t\tS-1-16-16384\r\n\tCreator Process ID:\t0xc40\r\n\tCreator Process Name:\tC:\\Windows\\System32\\spoolsv.exe\r\n\tProcess Command Line:\t\r\n\r\nToken Elevation Type indicates the type of token that was assigned to the new process in accordance with User Account Control policy.\r\n\r\nType 1 is a full token with no privileges removed or groups disabled.  A full token is only used if User Account Control is disabled or if the user is the built-in Administrator account or a service account.\r\n\r\nType 2 is an elevated token with no privileges removed or groups disabled.  An elevated token is used when User Account Control is enabled and the user chooses to start the program using Run as administrator.  An elevated token is also used when an application is configured to always require administrative privilege or to always require maximum privilege, and the user is a member of the Administrators group.\r\n\r\nType 3 is a limited token with administrative privileges removed and administrative groups disabled.  The limited token is used when User Account Control is enabled, the application does not require administrative privilege, and the user does not choose to start the program using Run as administrator.","Category":"Process Creation","Opcode":"Info","SubjectUserSid":"S-1-5-18","SubjectUserName":"HYDRA-DC$","SubjectDomainName":"MARVEL","SubjectLogonId":"0x3e7","NewProcessId":"0x17ec","NewProcessName":"C:\\Windows\\System32\\spoolsv.exe","TokenElevationType":"%%1936","TargetUserSid":"S-1-0-0","TargetUserName":"-","TargetDomainName":"-","TargetLogonId":"0x0","ParentProcessName":"C:\\Windows\\System32\\spoolsv.exe","MandatoryLabel":"S-1-16-16384","EventReceivedTime":"2021-09-24 23:52:30","SourceModuleName":"GuruculWindowsFull2016","SourceModuleType":"im_msvistalog"}
{"EventTime":"2021-09-24 23:52:29","Hostname":"HYDRA-DC.MARVEL.local","Keywords":-9214364837600034816,"EventType":"AUDIT_SUCCESS","SeverityValue":2,"Severity":"INFO","EventID":4689,"SourceName":"Microsoft-Windows-Security-Auditing","ProviderGuid":"{54849625-5478-4994-A5BA-3E3B0328C30D}","Version":0,"Task":13313,"OpcodeValue":0,"RecordNumber":68006254,"ProcessID":4,"ThreadID":188,"Channel":"Security","Message":"A process has exited.\r\n\r\nSubject:\r\n\tSecurity ID:\t\tS-1-5-18\r\n\tAccount Name:\t\tHYDRA-DC$\r\n\tAccount Domain:\t\tMARVEL\r\n\tLogon ID:\t\t0x3E7\r\n\r\nProcess Information:\r\n\tProcess ID:\t0x124c\r\n\tProcess Name:\tC:\\Windows\\System32\\WerFault.exe\r\n\tExit Status:\t0x0","Category":"Process Termination","Opcode":"Info","SubjectUserSid":"S-1-5-18","SubjectUserName":"HYDRA-DC$","SubjectDomainName":"MARVEL","SubjectLogonId":"0x3e7","Status":"0x0","ProcessName":"C:\\Windows\\System32\\WerFault.exe","EventReceivedTime":"2021-09-24 23:52:30","SourceModuleName":"GuruculWindowsFull2016","SourceModuleType":"im_msvistalog"}
{"EventTime":"2021-09-24 23:52:29","Hostname":"HYDRA-DC.MARVEL.local","Keywords":-9214364837600034816,"EventType":"AUDIT_SUCCESS","SeverityValue":2,"Severity":"INFO","EventID":4688,"SourceName":"Microsoft-Windows-Security-Auditing","ProviderGuid":"{54849625-5478-4994-A5BA-3E3B0328C30D}","Version":2,"Task":13312,"OpcodeValue":0,"RecordNumber":68006255,"ProcessID":4,"ThreadID":112,"Channel":"Security","Message":"A new process has been created.\r\n\r\nCreator Subject:\r\n\tSecurity ID:\t\tS-1-5-18\r\n\tAccount Name:\t\tHYDRA-DC$\r\n\tAccount Domain:\t\tMARVEL\r\n\tLogon ID:\t\t0x3E7\r\n\r\nTarget Subject:\r\n\tSecurity ID:\t\tS-1-0-0\r\n\tAccount Name:\t\t-\r\n\tAccount Domain:\t\t-\r\n\tLogon ID:\t\t0x0\r\n\r\nProcess Information:\r\n\tNew Process ID:\t\t0xbb0\r\n\tNew Process Name:\tC:\\Windows\\System32\\WerFault.exe\r\n\tToken Elevation Type:\t%%1936\r\n\tMandatory Label:\t\tS-1-16-16384\r\n\tCreator Process ID:\t0xc40\r\n\tCreator Process Name:\tC:\\Windows\\System32\\spoolsv.exe\r\n\tProcess Command Line:\t\r\n\r\nToken Elevation Type indicates the type of token that was assigned to the new process in accordance with User Account Control policy.\r\n\r\nType 1 is a full token with no privileges removed or groups disabled.  A full token is only used if User Account Control is disabled or if the user is the built-in Administrator account or a service account.\r\n\r\nType 2 is an elevated token with no privileges removed or groups disabled.  An elevated token is used when User Account Control is enabled and the user chooses to start the program using Run as administrator.  An elevated token is also used when an application is configured to always require administrative privilege or to always require maximum privilege, and the user is a member of the Administrators group.\r\n\r\nType 3 is a limited token with administrative privileges removed and administrative groups disabled.  The limited token is used when User Account Control is enabled, the application does not require administrative privilege, and the user does not choose to start the program using Run as administrator.","Category":"Process Creation","Opcode":"Info","SubjectUserSid":"S-1-5-18","SubjectUserName":"HYDRA-DC$","SubjectDomainName":"MARVEL","SubjectLogonId":"0x3e7","NewProcessId":"0xbb0","NewProcessName":"C:\\Windows\\System32\\WerFault.exe","TokenElevationType":"%%1936","TargetUserSid":"S-1-0-0","TargetUserName":"-","TargetDomainName":"-","TargetLogonId":"0x0","ParentProcessName":"C:\\Windows\\System32\\spoolsv.exe","MandatoryLabel":"S-1-16-16384","EventReceivedTime":"2021-09-24 23:52:30","SourceModuleName":"GuruculWindowsFull2016","SourceModuleType":"im_msvistalog"}
{"EventTime":"2021-09-24 23:52:29","Hostname":"HYDRA-DC.MARVEL.local","Keywords":-9223372036854775808,"EventType":"INFO","SeverityValue":2,"Severity":"INFO","EventID":1,"SourceName":"Microsoft-Windows-Sysmon","ProviderGuid":"{5770385F-C22A-43E0-BF4C-06F5698FFBD9}","Version":5,"Task":1,"OpcodeValue":0,"RecordNumber":3749293,"ProcessID":3372,"ThreadID":4416,"Channel":"Microsoft-Windows-Sysmon/Operational","Domain":"NT AUTHORITY","AccountName":"SYSTEM","UserID":"S-1-5-18","AccountType":"User","Message":"Process Create:\r\nRuleName: -\r\nUtcTime: 2021-09-24 23:52:29.269\r\nProcessGuid: {2bd4fb04-64bd-614e-c500-000000006200}\r\nProcessId: 2992\r\nImage: C:\\Windows\\System32\\WerFault.exe\r\nFileVersion: 10.0.17763.652 (WinBuild.160101.0800)\r\nDescription: Windows Problem Reporting\r\nProduct: Microsoft® Windows® Operating System\r\nCompany: Microsoft Corporation\r\nOriginalFileName: WerFault.exe\r\nCommandLine: C:\\Windows\\system32\\WerFault.exe -u -p 3136 -s 1916\r\nCurrentDirectory: C:\\Windows\\system32\\\r\nUser: NT AUTHORITY\\SYSTEM\r\nLogonGuid: {2bd4fb04-6211-614e-e703-000000000000}\r\nLogonId: 0x3E7\r\nTerminalSessionId: 0\r\nIntegrityLevel: System\r\nHashes: MD5=2BD456AFEE83F7A4E319BDBA44C34C97,SHA256=FF21A7AFC2B535F12847092308488F752C613B167D979DEDA3A73466C728D001,IMPHASH=3B9DE67ACC19291D79083D12452FA5BA\r\nParentProcessGuid: {2bd4fb04-622d-614e-3d00-000000006200}\r\nParentProcessId: 3136\r\nParentImage: C:\\Windows\\System32\\spoolsv.exe\r\nParentCommandLine: C:\\Windows\\System32\\spoolsv.exe","Category":"Process Create (rule: ProcessCreate)","Opcode":"Info","RuleName":"-","UtcTime":"2021-09-24 23:52:29.269","ProcessGuid":"{2bd4fb04-64bd-614e-c500-000000006200}","Image":"C:\\Windows\\System32\\WerFault.exe","FileVersion":"10.0.17763.652 (WinBuild.160101.0800)","Description":"Windows Problem Reporting","Product":"Microsoft® Windows® Operating System","Company":"Microsoft Corporation","OriginalFileName":"WerFault.exe","CommandLine":"C:\\Windows\\system32\\WerFault.exe -u -p 3136 -s 1916","CurrentDirectory":"C:\\Windows\\system32\\","User":"NT AUTHORITY\\SYSTEM","LogonGuid":"{2bd4fb04-6211-614e-e703-000000000000}","LogonId":"0x3e7","TerminalSessionId":"0","IntegrityLevel":"System","Hashes":"MD5=2BD456AFEE83F7A4E319BDBA44C34C97,SHA256=FF21A7AFC2B535F12847092308488F752C613B167D979DEDA3A73466C728D001,IMPHASH=3B9DE67ACC19291D79083D12452FA5BA","ParentProcessGuid":"{2bd4fb04-622d-614e-3d00-000000006200}","ParentProcessId":"3136","ParentImage":"C:\\Windows\\System32\\spoolsv.exe","ParentCommandLine":"C:\\Windows\\System32\\spoolsv.exe","EventReceivedTime":"2021-09-24 23:52:30","SourceModuleName":"GuruculWindowsFull2016","SourceModuleType":"im_msvistalog"}
{"EventTime":"2021-09-24 23:52:29","Hostname":"HYDRA-DC.MARVEL.local","Keywords":36028797018963968,"EventType":"ERROR","SeverityValue":4,"Severity":"ERROR","EventID":1000,"SourceName":"Application Error","Task":100,"RecordNumber":7324,"ProcessID":0,"ThreadID":0,"Channel":"Application","Message":"Faulting application name: spoolsv.exe, version: 10.0.17763.615, time stamp: 0x24910946\r\nFaulting module name: ntdll.dll, version: 10.0.17763.737, time stamp: 0xed90036f\r\nException code: 0xc000071c\r\nFault offset: 0x00000000000c1158\r\nFaulting process id: 0xc40\r\nFaulting application start time: 0x01d7b19db4bd52fe\r\nFaulting application path: C:\\Windows\\System32\\spoolsv.exe\r\nFaulting module path: C:\\Windows\\SYSTEM32\\ntdll.dll\r\nReport Id: 98ad7953-d123-43e7-ba98-94ec117b4a13\r\nFaulting package full name: \r\nFaulting package-relative application ID: ","Category":"Application Crashing Events","Opcode":"Info","EventReceivedTime":"2021-09-24 23:52:30","SourceModuleName":"GuruculWindowsFull2016","SourceModuleType":"im_msvistalog"}
{"EventTime":"2021-09-24 23:52:29","Hostname":"HYDRA-DC.MARVEL.local","Keywords":36028797018963968,"EventType":"INFO","SeverityValue":2,"Severity":"INFO","EventID":1001,"SourceName":"Windows Error Reporting","Task":0,"RecordNumber":7325,"ProcessID":0,"ThreadID":0,"Channel":"Application","Message":"Fault bucket , type 0\r\nEvent Name: APPCRASH\r\nResponse: Not available\r\nCab Id: 0\r\n\r\nProblem signature:\r\nP1: spoolsv.exe\r\nP2: 10.0.17763.615\r\nP3: 24910946\r\nP4: ntdll.dll\r\nP5: 10.0.17763.737\r\nP6: ed90036f\r\nP7: c000071c\r\nP8: 00000000000c1158\r\nP9: \r\nP10: \r\n\r\nAttached files:\r\n\\\\?\\C:\\ProgramData\\Microsoft\\Windows\\WER\\Temp\\WER8721.tmp.dmp\r\n\\\\?\\C:\\ProgramData\\Microsoft\\Windows\\WER\\Temp\\WER87CE.tmp.WERInternalMetadata.xml\r\n\\\\?\\C:\\ProgramData\\Microsoft\\Windows\\WER\\Temp\\WER87DE.tmp.xml\r\n\\\\?\\C:\\ProgramData\\Microsoft\\Windows\\WER\\Temp\\WER87DC.tmp.csv\r\n\\\\?\\C:\\ProgramData\\Microsoft\\Windows\\WER\\Temp\\WER87DD.tmp.txt\r\n\\\\?\\C:\\Windows\\Temp\\WER87F0.tmp.appcompat.txt\r\n\\\\?\\C:\\ProgramData\\Microsoft\\Windows\\WER\\ReportQueue\\AppCrash_spoolsv.exe_b93c8654bf1e20437b3d5fbbfc4cfe6295e96472_a7f0077c_cab_08f687fb\\memory.hdmp\r\n\r\nThese files may be available here:\r\n\\\\?\\C:\\ProgramData\\Microsoft\\Windows\\WER\\ReportQueue\\AppCrash_spoolsv.exe_b93c8654bf1e20437b3d5fbbfc4cfe6295e96472_a7f0077c_cab_08f687fb\r\n\r\nAnalysis symbol: \r\nRechecking for solution: 0\r\nReport Id: dd122d6e-0c76-42e7-9a77-bb75016099d1\r\nReport Status: 4\r\nHashed bucket: \r\nCab Guid: 0","Opcode":"Info","EventReceivedTime":"2021-09-24 23:52:30","SourceModuleName":"GuruculWindowsFull2016","SourceModuleType":"im_msvistalog"}
{"EventTime":"2021-09-24 23:52:29","Hostname":"HYDRA-DC.MARVEL.local","Keywords":-9214364837600034816,"EventType":"AUDIT_SUCCESS","SeverityValue":2,"Severity":"INFO","EventID":4688,"SourceName":"Microsoft-Windows-Security-Auditing","ProviderGuid":"{54849625-5478-4994-A5BA-3E3B0328C30D}","Version":2,"Task":13312,"OpcodeValue":0,"RecordNumber":68006256,"ProcessID":4,"ThreadID":188,"Channel":"Security","Message":"A new process has been created.\r\n\r\nCreator Subject:\r\n\tSecurity ID:\t\tS-1-5-18\r\n\tAccount Name:\t\tHYDRA-DC$\r\n\tAccount Domain:\t\tMARVEL\r\n\tLogon ID:\t\t0x3E7\r\n\r\nTarget Subject:\r\n\tSecurity ID:\t\tS-1-0-0\r\n\tAccount Name:\t\t-\r\n\tAccount Domain:\t\t-\r\n\tLogon ID:\t\t0x0\r\n\r\nProcess Information:\r\n\tNew Process ID:\t\t0x166c\r\n\tNew Process Name:\tC:\\Windows\\System32\\wermgr.exe\r\n\tToken Elevation Type:\t%%1936\r\n\tMandatory Label:\t\tS-1-16-16384\r\n\tCreator Process ID:\t0x6e0\r\n\tCreator Process Name:\tC:\\Windows\\System32\\svchost.exe\r\n\tProcess Command Line:\t\r\n\r\nToken Elevation Type indicates the type of token that was assigned to the new process in accordance with User Account Control policy.\r\n\r\nType 1 is a full token with no privileges removed or groups disabled.  A full token is only used if User Account Control is disabled or if the user is the built-in Administrator account or a service account.\r\n\r\nType 2 is an elevated token with no privileges removed or groups disabled.  An elevated token is used when User Account Control is enabled and the user chooses to start the program using Run as administrator.  An elevated token is also used when an application is configured to always require administrative privilege or to always require maximum privilege, and the user is a member of the Administrators group.\r\n\r\nType 3 is a limited token with administrative privileges removed and administrative groups disabled.  The limited token is used when User Account Control is enabled, the application does not require administrative privilege, and the user does not choose to start the program using Run as administrator.","Category":"Process Creation","Opcode":"Info","SubjectUserSid":"S-1-5-18","SubjectUserName":"HYDRA-DC$","SubjectDomainName":"MARVEL","SubjectLogonId":"0x3e7","NewProcessId":"0x166c","NewProcessName":"C:\\Windows\\System32\\wermgr.exe","TokenElevationType":"%%1936","TargetUserSid":"S-1-0-0","TargetUserName":"-","TargetDomainName":"-","TargetLogonId":"0x0","ParentProcessName":"C:\\Windows\\System32\\svchost.exe","MandatoryLabel":"S-1-16-16384","EventReceivedTime":"2021-09-24 23:52:30","SourceModuleName":"GuruculWindowsFull2016","SourceModuleType":"im_msvistalog"}
{"EventTime":"2021-09-24 23:52:29","Hostname":"HYDRA-DC.MARVEL.local","Keywords":-9214364837600034816,"EventType":"AUDIT_SUCCESS","SeverityValue":2,"Severity":"INFO","EventID":4689,"SourceName":"Microsoft-Windows-Security-Auditing","ProviderGuid":"{54849625-5478-4994-A5BA-3E3B0328C30D}","Version":0,"Task":13313,"OpcodeValue":0,"RecordNumber":68006257,"ProcessID":4,"ThreadID":112,"Channel":"Security","Message":"A process has exited.\r\n\r\nSubject:\r\n\tSecurity ID:\t\tS-1-5-18\r\n\tAccount Name:\t\tHYDRA-DC$\r\n\tAccount Domain:\t\tMARVEL\r\n\tLogon ID:\t\t0x3E7\r\n\r\nProcess Information:\r\n\tProcess ID:\t0xc40\r\n\tProcess Name:\tC:\\Windows\\System32\\spoolsv.exe\r\n\tExit Status:\t0xFF","Category":"Process Termination","Opcode":"Info","SubjectUserSid":"S-1-5-18","SubjectUserName":"HYDRA-DC$","SubjectDomainName":"MARVEL","SubjectLogonId":"0x3e7","Status":"0xff","ProcessName":"C:\\Windows\\System32\\spoolsv.exe","EventReceivedTime":"2021-09-24 23:52:30","SourceModuleName":"GuruculWindowsFull2016","SourceModuleType":"im_msvistalog"}
{"EventTime":"2021-09-24 23:52:29","Hostname":"HYDRA-DC.MARVEL.local","Keywords":-9223372036854775808,"EventType":"INFO","SeverityValue":2,"Severity":"INFO","EventID":1,"SourceName":"Microsoft-Windows-Sysmon","ProviderGuid":"{5770385F-C22A-43E0-BF4C-06F5698FFBD9}","Version":5,"Task":1,"OpcodeValue":0,"RecordNumber":3749306,"ProcessID":3372,"ThreadID":4416,"Channel":"Microsoft-Windows-Sysmon/Operational","Domain":"NT AUTHORITY","AccountName":"SYSTEM","UserID":"S-1-5-18","AccountType":"User","Message":"Process Create:\r\nRuleName: -\r\nUtcTime: 2021-09-24 23:52:29.439\r\nProcessGuid: {2bd4fb04-64bd-614e-c600-000000006200}\r\nProcessId: 5740\r\nImage: C:\\Windows\\System32\\wermgr.exe\r\nFileVersion: 10.0.17763.652 (WinBuild.160101.0800)\r\nDescription: Windows Problem Reporting\r\nProduct: Microsoft® Windows® Operating System\r\nCompany: Microsoft Corporation\r\nOriginalFileName: WerMgr\r\nCommandLine: C:\\Windows\\system32\\wermgr.exe -upload\r\nCurrentDirectory: C:\\Windows\\system32\\\r\nUser: NT AUTHORITY\\SYSTEM\r\nLogonGuid: {2bd4fb04-6211-614e-e703-000000000000}\r\nLogonId: 0x3E7\r\nTerminalSessionId: 0\r\nIntegrityLevel: System\r\nHashes: MD5=045E6BB0D87196515B98EDCD3180A37B,SHA256=92EB7086E954AE23A806A5E87510874C1D7E115C6F29B4B1B5D6AED9E5D6F7B9,IMPHASH=E3CCB1AED475E9DCCBB0EABC0491608B\r\nParentProcessGuid: {2bd4fb04-6213-614e-2500-000000006200}\r\nParentProcessId: 1760\r\nParentImage: C:\\Windows\\System32\\svchost.exe\r\nParentCommandLine: C:\\Windows\\system32\\svchost.exe -k netsvcs -p -s Schedule","Category":"Process Create (rule: ProcessCreate)","Opcode":"Info","RuleName":"-","UtcTime":"2021-09-24 23:52:29.439","ProcessGuid":"{2bd4fb04-64bd-614e-c600-000000006200}","Image":"C:\\Windows\\System32\\wermgr.exe","FileVersion":"10.0.17763.652 (WinBuild.160101.0800)","Description":"Windows Problem Reporting","Product":"Microsoft® Windows® Operating System","Company":"Microsoft Corporation","OriginalFileName":"WerMgr","CommandLine":"C:\\Windows\\system32\\wermgr.exe -upload","CurrentDirectory":"C:\\Windows\\system32\\","User":"NT AUTHORITY\\SYSTEM","LogonGuid":"{2bd4fb04-6211-614e-e703-000000000000}","LogonId":"0x3e7","TerminalSessionId":"0","IntegrityLevel":"System","Hashes":"MD5=045E6BB0D87196515B98EDCD3180A37B,SHA256=92EB7086E954AE23A806A5E87510874C1D7E115C6F29B4B1B5D6AED9E5D6F7B9,IMPHASH=E3CCB1AED475E9DCCBB0EABC0491608B","ParentProcessGuid":"{2bd4fb04-6213-614e-2500-000000006200}","ParentProcessId":"1760","ParentImage":"C:\\Windows\\System32\\svchost.exe","ParentCommandLine":"C:\\Windows\\system32\\svchost.exe -k netsvcs -p -s Schedule","EventReceivedTime":"2021-09-24 23:52:30","SourceModuleName":"GuruculWindowsFull2016","SourceModuleType":"im_msvistalog"}
{"EventTime":"2021-09-24 23:52:29","Hostname":"HYDRA-DC.MARVEL.local","Keywords":-9187343239835811840,"EventType":"ERROR","SeverityValue":4,"Severity":"ERROR","EventID":7031,"SourceName":"Service Control Manager","ProviderGuid":"{555908D1-A6D7-4695-8E1E-26931D2012F4}","Version":0,"Task":0,"OpcodeValue":0,"RecordNumber":29052,"ProcessID":664,"ThreadID":5784,"Channel":"System","Message":"The Print Spooler service terminated unexpectedly.  It has done this 1 time(s).  The following corrective action will be taken in 5000 milliseconds: Restart the service.","param1":"Print Spooler","param2":"1","param3":"5000","param4":"1","param5":"Restart the service","EventReceivedTime":"2021-09-24 23:52:30","SourceModuleName":"GuruculWindowsFull2016","SourceModuleType":"im_msvistalog"}
{"EventTime":"2021-09-24 23:52:29","Hostname":"HYDRA-DC.MARVEL.local","Keywords":-9214364837600034816,"EventType":"AUDIT_SUCCESS","SeverityValue":2,"Severity":"INFO","EventID":4689,"SourceName":"Microsoft-Windows-Security-Auditing","ProviderGuid":"{54849625-5478-4994-A5BA-3E3B0328C30D}","Version":0,"Task":13313,"OpcodeValue":0,"RecordNumber":68006258,"ProcessID":4,"ThreadID":188,"Channel":"Security","Message":"A process has exited.\r\n\r\nSubject:\r\n\tSecurity ID:\t\tS-1-5-18\r\n\tAccount Name:\t\tHYDRA-DC$\r\n\tAccount Domain:\t\tMARVEL\r\n\tLogon ID:\t\t0x3E7\r\n\r\nProcess Information:\r\n\tProcess ID:\t0x8fc\r\n\tProcess Name:\tC:\\Windows\\System32\\WerFault.exe\r\n\tExit Status:\t0x0","Category":"Process Termination","Opcode":"Info","SubjectUserSid":"S-1-5-18","SubjectUserName":"HYDRA-DC$","SubjectDomainName":"MARVEL","SubjectLogonId":"0x3e7","Status":"0x0","ProcessName":"C:\\Windows\\System32\\WerFault.exe","EventReceivedTime":"2021-09-24 23:52:30","SourceModuleName":"GuruculWindowsFull2016","SourceModuleType":"im_msvistalog"}
{"EventTime":"2021-09-24 23:52:29","Hostname":"HYDRA-DC.MARVEL.local","Keywords":36028797018963968,"EventType":"INFO","SeverityValue":2,"Severity":"INFO","EventID":1001,"SourceName":"Windows Error Reporting","Task":0,"RecordNumber":7326,"ProcessID":0,"ThreadID":0,"Channel":"Application","Message":"Fault bucket , type 0\r\nEvent Name: APPCRASH\r\nResponse: Not available\r\nCab Id: 0\r\n\r\nProblem signature:\r\nP1: spoolsv.exe\r\nP2: 10.0.17763.615\r\nP3: 24910946\r\nP4: ntdll.dll\r\nP5: 10.0.17763.737\r\nP6: ed90036f\r\nP7: c000071c\r\nP8: 00000000000c1158\r\nP9: \r\nP10: \r\n\r\nAttached files:\r\n\r\nThese files may be available here:\r\n\\\\?\\C:\\ProgramData\\Microsoft\\Windows\\WER\\ReportQueue\\AppCrash_spoolsv.exe_b93c8654bf1e20437b3d5fbbfc4cfe6295e96472_a7f0077c_0bba88d6\r\n\r\nAnalysis symbol: \r\nRechecking for solution: 0\r\nReport Id: 98ad7953-d123-43e7-ba98-94ec117b4a13\r\nReport Status: 4100\r\nHashed bucket: \r\nCab Guid: 0","Opcode":"Info","EventReceivedTime":"2021-09-24 23:52:30","SourceModuleName":"GuruculWindowsFull2016","SourceModuleType":"im_msvistalog"}
{"EventTime":"2021-09-24 23:52:29","Hostname":"HYDRA-DC.MARVEL.local","Keywords":-9214364837600034816,"EventType":"AUDIT_SUCCESS","SeverityValue":2,"Severity":"INFO","EventID":4689,"SourceName":"Microsoft-Windows-Security-Auditing","ProviderGuid":"{54849625-5478-4994-A5BA-3E3B0328C30D}","Version":0,"Task":13313,"OpcodeValue":0,"RecordNumber":68006259,"ProcessID":4,"ThreadID":188,"Channel":"Security","Message":"A process has exited.\r\n\r\nSubject:\r\n\tSecurity ID:\t\tS-1-5-18\r\n\tAccount Name:\t\tHYDRA-DC$\r\n\tAccount Domain:\t\tMARVEL\r\n\tLogon ID:\t\t0x3E7\r\n\r\nProcess Information:\r\n\tProcess ID:\t0xbb0\r\n\tProcess Name:\tC:\\Windows\\System32\\WerFault.exe\r\n\tExit Status:\t0x0","Category":"Process Termination","Opcode":"Info","SubjectUserSid":"S-1-5-18","SubjectUserName":"HYDRA-DC$","SubjectDomainName":"MARVEL","SubjectLogonId":"0x3e7","Status":"0x0","ProcessName":"C:\\Windows\\System32\\WerFault.exe","EventReceivedTime":"2021-09-24 23:52:30","SourceModuleName":"GuruculWindowsFull2016","SourceModuleType":"im_msvistalog"}
