{"EventTime":"2021-08-31 23:23:45","Hostname":"HYDRA-DC.MARVEL.local","Keywords":-9214364837600034816,"EventType":"AUDIT_SUCCESS","SeverityValue":2,"Severity":"INFO","EventID":4658,"SourceName":"Microsoft-Windows-Security-Auditing","ProviderGuid":"{54849625-5478-4994-A5BA-3E3B0328C30D}","Version":0,"Task":12804,"OpcodeValue":0,"RecordNumber":20290715,"ProcessID":4,"ThreadID":32,"Channel":"Security","Message":"The handle to an object was closed.\r\n\r\nSubject :\r\n\tSecurity ID:\t\tS-1-5-21-3688015610-2013655948-1090528724-1106\r\n\tAccount Name:\t\tpparker\r\n\tAccount Domain:\t\tMARVEL\r\n\tLogon ID:\t\t0x29EC82\r\n\r\nObject:\r\n\tObject Server:\t\tSecurity Account Manager\r\n\tHandle ID:\t\t0x1ca87856520\r\n\r\nProcess Information:\r\n\tProcess ID:\t\t0x27c\r\n\tProcess Name:\t\tC:\\Windows\\System32\\lsass.exe","Category":"Other Object Access Events","Opcode":"Info","SubjectUserSid":"S-1-5-21-3688015610-2013655948-1090528724-1106","SubjectUserName":"pparker","SubjectDomainName":"MARVEL","SubjectLogonId":"0x29ec82","ObjectServer":"Security Account Manager","HandleId":"0x1ca87856520","ProcessName":"C:\\Windows\\System32\\lsass.exe","EventReceivedTime":"2021-08-31 23:23:47","SourceModuleName":"GuruculWindowsFull2016","SourceModuleType":"im_msvistalog"}
{"EventTime":"2021-08-31 23:23:45","Hostname":"HYDRA-DC.MARVEL.local","Keywords":-9214364837600034816,"EventType":"AUDIT_SUCCESS","SeverityValue":2,"Severity":"INFO","EventID":4658,"SourceName":"Microsoft-Windows-Security-Auditing","ProviderGuid":"{54849625-5478-4994-A5BA-3E3B0328C30D}","Version":0,"Task":12804,"OpcodeValue":0,"RecordNumber":20290716,"ProcessID":4,"ThreadID":32,"Channel":"Security","Message":"The handle to an object was closed.\r\n\r\nSubject :\r\n\tSecurity ID:\t\tS-1-5-21-3688015610-2013655948-1090528724-1106\r\n\tAccount Name:\t\tpparker\r\n\tAccount Domain:\t\tMARVEL\r\n\tLogon ID:\t\t0x29EC82\r\n\r\nObject:\r\n\tObject Server:\t\tSecurity Account Manager\r\n\tHandle ID:\t\t0x1ca878551e0\r\n\r\nProcess Information:\r\n\tProcess ID:\t\t0x27c\r\n\tProcess Name:\t\tC:\\Windows\\System32\\lsass.exe","Category":"Other Object Access Events","Opcode":"Info","SubjectUserSid":"S-1-5-21-3688015610-2013655948-1090528724-1106","SubjectUserName":"pparker","SubjectDomainName":"MARVEL","SubjectLogonId":"0x29ec82","ObjectServer":"Security Account Manager","HandleId":"0x1ca878551e0","ProcessName":"C:\\Windows\\System32\\lsass.exe","EventReceivedTime":"2021-08-31 23:23:47","SourceModuleName":"GuruculWindowsFull2016","SourceModuleType":"im_msvistalog"}
{"EventTime":"2021-08-31 23:23:46","Hostname":"HYDRA-DC.MARVEL.local","Keywords":-9214364837600034816,"EventType":"AUDIT_SUCCESS","SeverityValue":2,"Severity":"INFO","EventID":5156,"SourceName":"Microsoft-Windows-Security-Auditing","ProviderGuid":"{54849625-5478-4994-A5BA-3E3B0328C30D}","Version":1,"Task":12810,"OpcodeValue":0,"RecordNumber":20290717,"ProcessID":4,"ThreadID":32,"Channel":"Security","Message":"The Windows Filtering Platform has permitted a connection.\r\n\r\nApplication Information:\r\n\tProcess ID:\t\t4\r\n\tApplication Name:\tSystem\r\n\r\nNetwork Information:\r\n\tDirection:\t\tInbound\r\n\tSource Address:\t\t192.168.118.167\r\n\tSource Port:\t\t138\r\n\tDestination Address:\t192.168.118.255\r\n\tDestination Port:\t\t138\r\n\tProtocol:\t\t17\r\n\r\nFilter Information:\r\n\tFilter Run-Time ID:\t0\r\n\tLayer Name:\t\tReceive/Accept\r\n\tLayer Run-Time ID:\t44","Category":"Filtering Platform Connection","Opcode":"Info","Application":"System","Direction":"%%14592","SourceAddress":"192.168.118.167","SourcePort":"138","DestAddress":"192.168.118.255","DestPort":"138","Protocol":"17","FilterRTID":"0","LayerName":"%%14610","LayerRTID":"44","RemoteUserID":"S-1-0-0","RemoteMachineID":"S-1-0-0","EventReceivedTime":"2021-08-31 23:23:47","SourceModuleName":"GuruculWindowsFull2016","SourceModuleType":"im_msvistalog"}
{"EventTime":"2021-08-31 23:23:49","Hostname":"HYDRA-DC.MARVEL.local","Keywords":-9214364837600034816,"EventType":"AUDIT_SUCCESS","SeverityValue":2,"Severity":"INFO","EventID":5156,"SourceName":"Microsoft-Windows-Security-Auditing","ProviderGuid":"{54849625-5478-4994-A5BA-3E3B0328C30D}","Version":1,"Task":12810,"OpcodeValue":0,"RecordNumber":20290718,"ProcessID":4,"ThreadID":32,"Channel":"Security","Message":"The Windows Filtering Platform has permitted a connection.\r\n\r\nApplication Information:\r\n\tProcess ID:\t\t4\r\n\tApplication Name:\tSystem\r\n\r\nNetwork Information:\r\n\tDirection:\t\tInbound\r\n\tSource Address:\t\t192.168.118.1\r\n\tSource Port:\t\t137\r\n\tDestination Address:\t192.168.118.255\r\n\tDestination Port:\t\t137\r\n\tProtocol:\t\t17\r\n\r\nFilter Information:\r\n\tFilter Run-Time ID:\t0\r\n\tLayer Name:\t\tReceive/Accept\r\n\tLayer Run-Time ID:\t44","Category":"Filtering Platform Connection","Opcode":"Info","Application":"System","Direction":"%%14592","SourceAddress":"192.168.118.1","SourcePort":"137","DestAddress":"192.168.118.255","DestPort":"137","Protocol":"17","FilterRTID":"0","LayerName":"%%14610","LayerRTID":"44","RemoteUserID":"S-1-0-0","RemoteMachineID":"S-1-0-0","EventReceivedTime":"2021-08-31 23:23:51","SourceModuleName":"GuruculWindowsFull2016","SourceModuleType":"im_msvistalog"}
{"EventTime":"2021-08-31 23:23:50","Hostname":"HYDRA-DC.MARVEL.local","Keywords":-9214364837600034816,"EventType":"AUDIT_SUCCESS","SeverityValue":2,"Severity":"INFO","EventID":5156,"SourceName":"Microsoft-Windows-Security-Auditing","ProviderGuid":"{54849625-5478-4994-A5BA-3E3B0328C30D}","Version":1,"Task":12810,"OpcodeValue":0,"RecordNumber":20290719,"ProcessID":4,"ThreadID":32,"Channel":"Security","Message":"The Windows Filtering Platform has permitted a connection.\r\n\r\nApplication Information:\r\n\tProcess ID:\t\t4\r\n\tApplication Name:\tSystem\r\n\r\nNetwork Information:\r\n\tDirection:\t\tInbound\r\n\tSource Address:\t\t192.168.118.1\r\n\tSource Port:\t\t137\r\n\tDestination Address:\t192.168.118.255\r\n\tDestination Port:\t\t137\r\n\tProtocol:\t\t17\r\n\r\nFilter Information:\r\n\tFilter Run-Time ID:\t0\r\n\tLayer Name:\t\tReceive/Accept\r\n\tLayer Run-Time ID:\t44","Category":"Filtering Platform Connection","Opcode":"Info","Application":"System","Direction":"%%14592","SourceAddress":"192.168.118.1","SourcePort":"137","DestAddress":"192.168.118.255","DestPort":"137","Protocol":"17","FilterRTID":"0","LayerName":"%%14610","LayerRTID":"44","RemoteUserID":"S-1-0-0","RemoteMachineID":"S-1-0-0","EventReceivedTime":"2021-08-31 23:23:51","SourceModuleName":"GuruculWindowsFull2016","SourceModuleType":"im_msvistalog"}
