{"EventTime":"2021-09-01 00:25:12","Hostname":"HYDRA-DC.MARVEL.local","Keywords":-9214364837600034816,"EventType":"AUDIT_SUCCESS","SeverityValue":2,"Severity":"INFO","EventID":4658,"SourceName":"Microsoft-Windows-Security-Auditing","ProviderGuid":"{54849625-5478-4994-A5BA-3E3B0328C30D}","Version":0,"Task":12804,"OpcodeValue":0,"RecordNumber":20327728,"ProcessID":4,"ThreadID":5660,"Channel":"Security","Message":"The handle to an object was closed.\r\n\r\nSubject :\r\n\tSecurity ID:\t\tS-1-5-21-3688015610-2013655948-1090528724-500\r\n\tAccount Name:\t\tAdministrator\r\n\tAccount Domain:\t\tMARVEL\r\n\tLogon ID:\t\t0x661FF\r\n\r\nObject:\r\n\tObject Server:\t\tSecurity Account Manager\r\n\tHandle ID:\t\t0x1f314045770\r\n\r\nProcess Information:\r\n\tProcess ID:\t\t0x280\r\n\tProcess Name:\t\tC:\\Windows\\System32\\lsass.exe","Category":"Other Object Access Events","Opcode":"Info","SubjectUserSid":"S-1-5-21-3688015610-2013655948-1090528724-500","SubjectUserName":"Administrator","SubjectDomainName":"MARVEL","SubjectLogonId":"0x661ff","ObjectServer":"Security Account Manager","HandleId":"0x1f314045770","ProcessName":"C:\\Windows\\System32\\lsass.exe","EventReceivedTime":"2021-09-01 00:25:13","SourceModuleName":"GuruculWindowsFull2016","SourceModuleType":"im_msvistalog"}
{"EventTime":"2021-09-01 00:25:12","Hostname":"HYDRA-DC.MARVEL.local","Keywords":-9214364837600034816,"EventType":"AUDIT_SUCCESS","SeverityValue":2,"Severity":"INFO","EventID":4799,"SourceName":"Microsoft-Windows-Security-Auditing","ProviderGuid":"{54849625-5478-4994-A5BA-3E3B0328C30D}","Version":0,"Task":13826,"OpcodeValue":0,"RecordNumber":20327729,"ProcessID":640,"ThreadID":4128,"Channel":"Security","Message":"A security-enabled local group membership was enumerated.\r\n\r\nSubject:\r\n\tSecurity ID:\t\tS-1-5-21-3688015610-2013655948-1090528724-500\r\n\tAccount Name:\t\tAdministrator\r\n\tAccount Domain:\t\tMARVEL\r\n\tLogon ID:\t\t0x661FF\r\n\r\nGroup:\r\n\tSecurity ID:\t\tS-1-5-32-551\r\n\tGroup Name:\t\tBackup Operators\r\n\tGroup Domain:\t\tBuiltin\r\n\r\nProcess Information:\r\n\tProcess ID:\t\t0x4c8\r\n\tProcess Name:\t\tC:\\Windows\\System32\\ntdsutil.exe","Category":"Security Group Management","Opcode":"Info","TargetUserName":"Backup Operators","TargetDomainName":"Builtin","TargetSid":"S-1-5-32-551","SubjectUserSid":"S-1-5-21-3688015610-2013655948-1090528724-500","SubjectUserName":"Administrator","SubjectDomainName":"MARVEL","SubjectLogonId":"0x661ff","CallerProcessId":"0x4c8","CallerProcessName":"C:\\Windows\\System32\\ntdsutil.exe","EventReceivedTime":"2021-09-01 00:25:13","SourceModuleName":"GuruculWindowsFull2016","SourceModuleType":"im_msvistalog"}
{"EventTime":"2021-09-01 00:25:12","Hostname":"HYDRA-DC.MARVEL.local","Keywords":-9214364837600034816,"EventType":"AUDIT_SUCCESS","SeverityValue":2,"Severity":"INFO","EventID":4658,"SourceName":"Microsoft-Windows-Security-Auditing","ProviderGuid":"{54849625-5478-4994-A5BA-3E3B0328C30D}","Version":0,"Task":12804,"OpcodeValue":0,"RecordNumber":20327730,"ProcessID":4,"ThreadID":5660,"Channel":"Security","Message":"The handle to an object was closed.\r\n\r\nSubject :\r\n\tSecurity ID:\t\tS-1-5-21-3688015610-2013655948-1090528724-500\r\n\tAccount Name:\t\tAdministrator\r\n\tAccount Domain:\t\tMARVEL\r\n\tLogon ID:\t\t0x661FF\r\n\r\nObject:\r\n\tObject Server:\t\tSecurity Account Manager\r\n\tHandle ID:\t\t0x1f314043a90\r\n\r\nProcess Information:\r\n\tProcess ID:\t\t0x280\r\n\tProcess Name:\t\tC:\\Windows\\System32\\lsass.exe","Category":"Other Object Access Events","Opcode":"Info","SubjectUserSid":"S-1-5-21-3688015610-2013655948-1090528724-500","SubjectUserName":"Administrator","SubjectDomainName":"MARVEL","SubjectLogonId":"0x661ff","ObjectServer":"Security Account Manager","HandleId":"0x1f314043a90","ProcessName":"C:\\Windows\\System32\\lsass.exe","EventReceivedTime":"2021-09-01 00:25:13","SourceModuleName":"GuruculWindowsFull2016","SourceModuleType":"im_msvistalog"}
{"EventTime":"2021-09-01 00:25:12","Hostname":"HYDRA-DC.MARVEL.local","Keywords":-9214364837600034816,"EventType":"AUDIT_SUCCESS","SeverityValue":2,"Severity":"INFO","EventID":4658,"SourceName":"Microsoft-Windows-Security-Auditing","ProviderGuid":"{54849625-5478-4994-A5BA-3E3B0328C30D}","Version":0,"Task":12804,"OpcodeValue":0,"RecordNumber":20327734,"ProcessID":4,"ThreadID":5660,"Channel":"Security","Message":"The handle to an object was closed.\r\n\r\nSubject :\r\n\tSecurity ID:\t\tS-1-5-21-3688015610-2013655948-1090528724-500\r\n\tAccount Name:\t\tAdministrator\r\n\tAccount Domain:\t\tMARVEL\r\n\tLogon ID:\t\t0x661FF\r\n\r\nObject:\r\n\tObject Server:\t\tSecurity Account Manager\r\n\tHandle ID:\t\t0x1f314042750\r\n\r\nProcess Information:\r\n\tProcess ID:\t\t0x280\r\n\tProcess Name:\t\tC:\\Windows\\System32\\lsass.exe","Category":"Other Object Access Events","Opcode":"Info","SubjectUserSid":"S-1-5-21-3688015610-2013655948-1090528724-500","SubjectUserName":"Administrator","SubjectDomainName":"MARVEL","SubjectLogonId":"0x661ff","ObjectServer":"Security Account Manager","HandleId":"0x1f314042750","ProcessName":"C:\\Windows\\System32\\lsass.exe","EventReceivedTime":"2021-09-01 00:25:13","SourceModuleName":"GuruculWindowsFull2016","SourceModuleType":"im_msvistalog"}
{"EventTime":"2021-09-01 00:25:12","Hostname":"HYDRA-DC.MARVEL.local","Keywords":-9214364837600034816,"EventType":"AUDIT_SUCCESS","SeverityValue":2,"Severity":"INFO","EventID":4799,"SourceName":"Microsoft-Windows-Security-Auditing","ProviderGuid":"{54849625-5478-4994-A5BA-3E3B0328C30D}","Version":0,"Task":13826,"OpcodeValue":0,"RecordNumber":20327735,"ProcessID":640,"ThreadID":792,"Channel":"Security","Message":"A security-enabled local group membership was enumerated.\r\n\r\nSubject:\r\n\tSecurity ID:\t\tS-1-5-21-3688015610-2013655948-1090528724-500\r\n\tAccount Name:\t\tAdministrator\r\n\tAccount Domain:\t\tMARVEL\r\n\tLogon ID:\t\t0x661FF\r\n\r\nGroup:\r\n\tSecurity ID:\t\tS-1-5-32-544\r\n\tGroup Name:\t\tAdministrators\r\n\tGroup Domain:\t\tBuiltin\r\n\r\nProcess Information:\r\n\tProcess ID:\t\t0x4c8\r\n\tProcess Name:\t\tC:\\Windows\\System32\\ntdsutil.exe","Category":"Security Group Management","Opcode":"Info","TargetUserName":"Administrators","TargetDomainName":"Builtin","TargetSid":"S-1-5-32-544","SubjectUserSid":"S-1-5-21-3688015610-2013655948-1090528724-500","SubjectUserName":"Administrator","SubjectDomainName":"MARVEL","SubjectLogonId":"0x661ff","CallerProcessId":"0x4c8","CallerProcessName":"C:\\Windows\\System32\\ntdsutil.exe","EventReceivedTime":"2021-09-01 00:25:13","SourceModuleName":"GuruculWindowsFull2016","SourceModuleType":"im_msvistalog"}
{"EventTime":"2021-09-01 00:25:12","Hostname":"HYDRA-DC.MARVEL.local","Keywords":-9214364837600034816,"EventType":"AUDIT_SUCCESS","SeverityValue":2,"Severity":"INFO","EventID":4658,"SourceName":"Microsoft-Windows-Security-Auditing","ProviderGuid":"{54849625-5478-4994-A5BA-3E3B0328C30D}","Version":0,"Task":12804,"OpcodeValue":0,"RecordNumber":20327737,"ProcessID":4,"ThreadID":5660,"Channel":"Security","Message":"The handle to an object was closed.\r\n\r\nSubject :\r\n\tSecurity ID:\t\tS-1-5-21-3688015610-2013655948-1090528724-500\r\n\tAccount Name:\t\tAdministrator\r\n\tAccount Domain:\t\tMARVEL\r\n\tLogon ID:\t\t0x661FF\r\n\r\nObject:\r\n\tObject Server:\t\tSecurity Account Manager\r\n\tHandle ID:\t\t0x1f314046ab0\r\n\r\nProcess Information:\r\n\tProcess ID:\t\t0x280\r\n\tProcess Name:\t\tC:\\Windows\\System32\\lsass.exe","Category":"Other Object Access Events","Opcode":"Info","SubjectUserSid":"S-1-5-21-3688015610-2013655948-1090528724-500","SubjectUserName":"Administrator","SubjectDomainName":"MARVEL","SubjectLogonId":"0x661ff","ObjectServer":"Security Account Manager","HandleId":"0x1f314046ab0","ProcessName":"C:\\Windows\\System32\\lsass.exe","EventReceivedTime":"2021-09-01 00:25:13","SourceModuleName":"GuruculWindowsFull2016","SourceModuleType":"im_msvistalog"}
{"EventTime":"2021-09-01 00:25:12","Hostname":"HYDRA-DC.MARVEL.local","Keywords":-9214364837600034816,"EventType":"AUDIT_SUCCESS","SeverityValue":2,"Severity":"INFO","EventID":4658,"SourceName":"Microsoft-Windows-Security-Auditing","ProviderGuid":"{54849625-5478-4994-A5BA-3E3B0328C30D}","Version":0,"Task":12804,"OpcodeValue":0,"RecordNumber":20327740,"ProcessID":4,"ThreadID":5660,"Channel":"Security","Message":"The handle to an object was closed.\r\n\r\nSubject :\r\n\tSecurity ID:\t\tS-1-5-21-3688015610-2013655948-1090528724-500\r\n\tAccount Name:\t\tAdministrator\r\n\tAccount Domain:\t\tMARVEL\r\n\tLogon ID:\t\t0x661FF\r\n\r\nObject:\r\n\tObject Server:\t\tSecurity Account Manager\r\n\tHandle ID:\t\t0x1f3140430f0\r\n\r\nProcess Information:\r\n\tProcess ID:\t\t0x280\r\n\tProcess Name:\t\tC:\\Windows\\System32\\lsass.exe","Category":"Other Object Access Events","Opcode":"Info","SubjectUserSid":"S-1-5-21-3688015610-2013655948-1090528724-500","SubjectUserName":"Administrator","SubjectDomainName":"MARVEL","SubjectLogonId":"0x661ff","ObjectServer":"Security Account Manager","HandleId":"0x1f3140430f0","ProcessName":"C:\\Windows\\System32\\lsass.exe","EventReceivedTime":"2021-09-01 00:25:13","SourceModuleName":"GuruculWindowsFull2016","SourceModuleType":"im_msvistalog"}
{"EventTime":"2021-09-01 00:25:12","Hostname":"HYDRA-DC.MARVEL.local","Keywords":-9214364837600034816,"EventType":"AUDIT_SUCCESS","SeverityValue":2,"Severity":"INFO","EventID":4799,"SourceName":"Microsoft-Windows-Security-Auditing","ProviderGuid":"{54849625-5478-4994-A5BA-3E3B0328C30D}","Version":0,"Task":13826,"OpcodeValue":0,"RecordNumber":20327741,"ProcessID":640,"ThreadID":792,"Channel":"Security","Message":"A security-enabled local group membership was enumerated.\r\n\r\nSubject:\r\n\tSecurity ID:\t\tS-1-5-21-3688015610-2013655948-1090528724-500\r\n\tAccount Name:\t\tAdministrator\r\n\tAccount Domain:\t\tMARVEL\r\n\tLogon ID:\t\t0x661FF\r\n\r\nGroup:\r\n\tSecurity ID:\t\tS-1-5-32-551\r\n\tGroup Name:\t\tBackup Operators\r\n\tGroup Domain:\t\tBuiltin\r\n\r\nProcess Information:\r\n\tProcess ID:\t\t0x4c8\r\n\tProcess Name:\t\tC:\\Windows\\System32\\ntdsutil.exe","Category":"Security Group Management","Opcode":"Info","TargetUserName":"Backup Operators","TargetDomainName":"Builtin","TargetSid":"S-1-5-32-551","SubjectUserSid":"S-1-5-21-3688015610-2013655948-1090528724-500","SubjectUserName":"Administrator","SubjectDomainName":"MARVEL","SubjectLogonId":"0x661ff","CallerProcessId":"0x4c8","CallerProcessName":"C:\\Windows\\System32\\ntdsutil.exe","EventReceivedTime":"2021-09-01 00:25:13","SourceModuleName":"GuruculWindowsFull2016","SourceModuleType":"im_msvistalog"}
{"EventTime":"2021-09-01 00:25:12","Hostname":"HYDRA-DC.MARVEL.local","Keywords":-9214364837600034816,"EventType":"AUDIT_SUCCESS","SeverityValue":2,"Severity":"INFO","EventID":4658,"SourceName":"Microsoft-Windows-Security-Auditing","ProviderGuid":"{54849625-5478-4994-A5BA-3E3B0328C30D}","Version":0,"Task":12804,"OpcodeValue":0,"RecordNumber":20327742,"ProcessID":4,"ThreadID":5660,"Channel":"Security","Message":"The handle to an object was closed.\r\n\r\nSubject :\r\n\tSecurity ID:\t\tS-1-5-21-3688015610-2013655948-1090528724-500\r\n\tAccount Name:\t\tAdministrator\r\n\tAccount Domain:\t\tMARVEL\r\n\tLogon ID:\t\t0x661FF\r\n\r\nObject:\r\n\tObject Server:\t\tSecurity Account Manager\r\n\tHandle ID:\t\t0x1f314043a90\r\n\r\nProcess Information:\r\n\tProcess ID:\t\t0x280\r\n\tProcess Name:\t\tC:\\Windows\\System32\\lsass.exe","Category":"Other Object Access Events","Opcode":"Info","SubjectUserSid":"S-1-5-21-3688015610-2013655948-1090528724-500","SubjectUserName":"Administrator","SubjectDomainName":"MARVEL","SubjectLogonId":"0x661ff","ObjectServer":"Security Account Manager","HandleId":"0x1f314043a90","ProcessName":"C:\\Windows\\System32\\lsass.exe","EventReceivedTime":"2021-09-01 00:25:13","SourceModuleName":"GuruculWindowsFull2016","SourceModuleType":"im_msvistalog"}
{"EventTime":"2021-09-01 00:25:12","Hostname":"HYDRA-DC.MARVEL.local","Keywords":-9214364837600034816,"EventType":"AUDIT_SUCCESS","SeverityValue":2,"Severity":"INFO","EventID":4658,"SourceName":"Microsoft-Windows-Security-Auditing","ProviderGuid":"{54849625-5478-4994-A5BA-3E3B0328C30D}","Version":0,"Task":12804,"OpcodeValue":0,"RecordNumber":20327745,"ProcessID":4,"ThreadID":5660,"Channel":"Security","Message":"The handle to an object was closed.\r\n\r\nSubject :\r\n\tSecurity ID:\t\tS-1-5-21-3688015610-2013655948-1090528724-500\r\n\tAccount Name:\t\tAdministrator\r\n\tAccount Domain:\t\tMARVEL\r\n\tLogon ID:\t\t0x661FF\r\n\r\nObject:\r\n\tObject Server:\t\tSecurity Account Manager\r\n\tHandle ID:\t\t0x1f314042280\r\n\r\nProcess Information:\r\n\tProcess ID:\t\t0x280\r\n\tProcess Name:\t\tC:\\Windows\\System32\\lsass.exe","Category":"Other Object Access Events","Opcode":"Info","SubjectUserSid":"S-1-5-21-3688015610-2013655948-1090528724-500","SubjectUserName":"Administrator","SubjectDomainName":"MARVEL","SubjectLogonId":"0x661ff","ObjectServer":"Security Account Manager","HandleId":"0x1f314042280","ProcessName":"C:\\Windows\\System32\\lsass.exe","EventReceivedTime":"2021-09-01 00:25:13","SourceModuleName":"GuruculWindowsFull2016","SourceModuleType":"im_msvistalog"}
{"EventTime":"2021-09-01 00:25:12","Hostname":"HYDRA-DC.MARVEL.local","Keywords":-9214364837600034816,"EventType":"AUDIT_SUCCESS","SeverityValue":2,"Severity":"INFO","EventID":4799,"SourceName":"Microsoft-Windows-Security-Auditing","ProviderGuid":"{54849625-5478-4994-A5BA-3E3B0328C30D}","Version":0,"Task":13826,"OpcodeValue":0,"RecordNumber":20327746,"ProcessID":640,"ThreadID":792,"Channel":"Security","Message":"A security-enabled local group membership was enumerated.\r\n\r\nSubject:\r\n\tSecurity ID:\t\tS-1-5-21-3688015610-2013655948-1090528724-500\r\n\tAccount Name:\t\tAdministrator\r\n\tAccount Domain:\t\tMARVEL\r\n\tLogon ID:\t\t0x661FF\r\n\r\nGroup:\r\n\tSecurity ID:\t\tS-1-5-32-544\r\n\tGroup Name:\t\tAdministrators\r\n\tGroup Domain:\t\tBuiltin\r\n\r\nProcess Information:\r\n\tProcess ID:\t\t0x4c8\r\n\tProcess Name:\t\tC:\\Windows\\System32\\ntdsutil.exe","Category":"Security Group Management","Opcode":"Info","TargetUserName":"Administrators","TargetDomainName":"Builtin","TargetSid":"S-1-5-32-544","SubjectUserSid":"S-1-5-21-3688015610-2013655948-1090528724-500","SubjectUserName":"Administrator","SubjectDomainName":"MARVEL","SubjectLogonId":"0x661ff","CallerProcessId":"0x4c8","CallerProcessName":"C:\\Windows\\System32\\ntdsutil.exe","EventReceivedTime":"2021-09-01 00:25:13","SourceModuleName":"GuruculWindowsFull2016","SourceModuleType":"im_msvistalog"}
{"EventTime":"2021-09-01 00:25:12","Hostname":"HYDRA-DC.MARVEL.local","Keywords":-9214364837600034816,"EventType":"AUDIT_SUCCESS","SeverityValue":2,"Severity":"INFO","EventID":4658,"SourceName":"Microsoft-Windows-Security-Auditing","ProviderGuid":"{54849625-5478-4994-A5BA-3E3B0328C30D}","Version":0,"Task":12804,"OpcodeValue":0,"RecordNumber":20327747,"ProcessID":4,"ThreadID":5660,"Channel":"Security","Message":"The handle to an object was closed.\r\n\r\nSubject :\r\n\tSecurity ID:\t\tS-1-5-21-3688015610-2013655948-1090528724-500\r\n\tAccount Name:\t\tAdministrator\r\n\tAccount Domain:\t\tMARVEL\r\n\tLogon ID:\t\t0x661FF\r\n\r\nObject:\r\n\tObject Server:\t\tSecurity Account Manager\r\n\tHandle ID:\t\t0x1f314044430\r\n\r\nProcess Information:\r\n\tProcess ID:\t\t0x280\r\n\tProcess Name:\t\tC:\\Windows\\System32\\lsass.exe","Category":"Other Object Access Events","Opcode":"Info","SubjectUserSid":"S-1-5-21-3688015610-2013655948-1090528724-500","SubjectUserName":"Administrator","SubjectDomainName":"MARVEL","SubjectLogonId":"0x661ff","ObjectServer":"Security Account Manager","HandleId":"0x1f314044430","ProcessName":"C:\\Windows\\System32\\lsass.exe","EventReceivedTime":"2021-09-01 00:25:13","SourceModuleName":"GuruculWindowsFull2016","SourceModuleType":"im_msvistalog"}
{"EventTime":"2021-09-01 00:25:12","Hostname":"HYDRA-DC.MARVEL.local","Keywords":-9214364837600034816,"EventType":"AUDIT_SUCCESS","SeverityValue":2,"Severity":"INFO","EventID":4658,"SourceName":"Microsoft-Windows-Security-Auditing","ProviderGuid":"{54849625-5478-4994-A5BA-3E3B0328C30D}","Version":0,"Task":12804,"OpcodeValue":0,"RecordNumber":20327748,"ProcessID":4,"ThreadID":5660,"Channel":"Security","Message":"The handle to an object was closed.\r\n\r\nSubject :\r\n\tSecurity ID:\t\tS-1-5-21-3688015610-2013655948-1090528724-500\r\n\tAccount Name:\t\tAdministrator\r\n\tAccount Domain:\t\tMARVEL\r\n\tLogon ID:\t\t0x661FF\r\n\r\nObject:\r\n\tObject Server:\t\tSecurity Account Manager\r\n\tHandle ID:\t\t0x1f314044900\r\n\r\nProcess Information:\r\n\tProcess ID:\t\t0x280\r\n\tProcess Name:\t\tC:\\Windows\\System32\\lsass.exe","Category":"Other Object Access Events","Opcode":"Info","SubjectUserSid":"S-1-5-21-3688015610-2013655948-1090528724-500","SubjectUserName":"Administrator","SubjectDomainName":"MARVEL","SubjectLogonId":"0x661ff","ObjectServer":"Security Account Manager","HandleId":"0x1f314044900","ProcessName":"C:\\Windows\\System32\\lsass.exe","EventReceivedTime":"2021-09-01 00:25:13","SourceModuleName":"GuruculWindowsFull2016","SourceModuleType":"im_msvistalog"}
{"EventTime":"2021-09-01 00:25:12","Hostname":"HYDRA-DC.MARVEL.local","Keywords":-9214364837600034816,"EventType":"AUDIT_SUCCESS","SeverityValue":2,"Severity":"INFO","EventID":4799,"SourceName":"Microsoft-Windows-Security-Auditing","ProviderGuid":"{54849625-5478-4994-A5BA-3E3B0328C30D}","Version":0,"Task":13826,"OpcodeValue":0,"RecordNumber":20327750,"ProcessID":640,"ThreadID":4128,"Channel":"Security","Message":"A security-enabled local group membership was enumerated.\r\n\r\nSubject:\r\n\tSecurity ID:\t\tS-1-5-21-3688015610-2013655948-1090528724-500\r\n\tAccount Name:\t\tAdministrator\r\n\tAccount Domain:\t\tMARVEL\r\n\tLogon ID:\t\t0x661FF\r\n\r\nGroup:\r\n\tSecurity ID:\t\tS-1-5-32-544\r\n\tGroup Name:\t\tAdministrators\r\n\tGroup Domain:\t\tBuiltin\r\n\r\nProcess Information:\r\n\tProcess ID:\t\t0x4c8\r\n\tProcess Name:\t\tC:\\Windows\\System32\\ntdsutil.exe","Category":"Security Group Management","Opcode":"Info","TargetUserName":"Administrators","TargetDomainName":"Builtin","TargetSid":"S-1-5-32-544","SubjectUserSid":"S-1-5-21-3688015610-2013655948-1090528724-500","SubjectUserName":"Administrator","SubjectDomainName":"MARVEL","SubjectLogonId":"0x661ff","CallerProcessId":"0x4c8","CallerProcessName":"C:\\Windows\\System32\\ntdsutil.exe","EventReceivedTime":"2021-09-01 00:25:13","SourceModuleName":"GuruculWindowsFull2016","SourceModuleType":"im_msvistalog"}
{"EventTime":"2021-09-01 00:25:12","Hostname":"HYDRA-DC.MARVEL.local","Keywords":-9214364837600034816,"EventType":"AUDIT_SUCCESS","SeverityValue":2,"Severity":"INFO","EventID":4658,"SourceName":"Microsoft-Windows-Security-Auditing","ProviderGuid":"{54849625-5478-4994-A5BA-3E3B0328C30D}","Version":0,"Task":12804,"OpcodeValue":0,"RecordNumber":20327752,"ProcessID":4,"ThreadID":5660,"Channel":"Security","Message":"The handle to an object was closed.\r\n\r\nSubject :\r\n\tSecurity ID:\t\tS-1-5-21-3688015610-2013655948-1090528724-500\r\n\tAccount Name:\t\tAdministrator\r\n\tAccount Domain:\t\tMARVEL\r\n\tLogon ID:\t\t0x661FF\r\n\r\nObject:\r\n\tObject Server:\t\tSecurity Account Manager\r\n\tHandle ID:\t\t0x1f314041410\r\n\r\nProcess Information:\r\n\tProcess ID:\t\t0x280\r\n\tProcess Name:\t\tC:\\Windows\\System32\\lsass.exe","Category":"Other Object Access Events","Opcode":"Info","SubjectUserSid":"S-1-5-21-3688015610-2013655948-1090528724-500","SubjectUserName":"Administrator","SubjectDomainName":"MARVEL","SubjectLogonId":"0x661ff","ObjectServer":"Security Account Manager","HandleId":"0x1f314041410","ProcessName":"C:\\Windows\\System32\\lsass.exe","EventReceivedTime":"2021-09-01 00:25:13","SourceModuleName":"GuruculWindowsFull2016","SourceModuleType":"im_msvistalog"}
{"EventTime":"2021-09-01 00:25:12","Hostname":"HYDRA-DC.MARVEL.local","Keywords":-9214364837600034816,"EventType":"AUDIT_SUCCESS","SeverityValue":2,"Severity":"INFO","EventID":4658,"SourceName":"Microsoft-Windows-Security-Auditing","ProviderGuid":"{54849625-5478-4994-A5BA-3E3B0328C30D}","Version":0,"Task":12804,"OpcodeValue":0,"RecordNumber":20327753,"ProcessID":4,"ThreadID":5660,"Channel":"Security","Message":"The handle to an object was closed.\r\n\r\nSubject :\r\n\tSecurity ID:\t\tS-1-5-21-3688015610-2013655948-1090528724-500\r\n\tAccount Name:\t\tAdministrator\r\n\tAccount Domain:\t\tMARVEL\r\n\tLogon ID:\t\t0x661FF\r\n\r\nObject:\r\n\tObject Server:\t\tSecurity Account Manager\r\n\tHandle ID:\t\t0x1f314044430\r\n\r\nProcess Information:\r\n\tProcess ID:\t\t0x280\r\n\tProcess Name:\t\tC:\\Windows\\System32\\lsass.exe","Category":"Other Object Access Events","Opcode":"Info","SubjectUserSid":"S-1-5-21-3688015610-2013655948-1090528724-500","SubjectUserName":"Administrator","SubjectDomainName":"MARVEL","SubjectLogonId":"0x661ff","ObjectServer":"Security Account Manager","HandleId":"0x1f314044430","ProcessName":"C:\\Windows\\System32\\lsass.exe","EventReceivedTime":"2021-09-01 00:25:13","SourceModuleName":"GuruculWindowsFull2016","SourceModuleType":"im_msvistalog"}
{"EventTime":"2021-09-01 00:25:12","Hostname":"HYDRA-DC.MARVEL.local","Keywords":-9214364837600034816,"EventType":"AUDIT_SUCCESS","SeverityValue":2,"Severity":"INFO","EventID":4799,"SourceName":"Microsoft-Windows-Security-Auditing","ProviderGuid":"{54849625-5478-4994-A5BA-3E3B0328C30D}","Version":0,"Task":13826,"OpcodeValue":0,"RecordNumber":20327754,"ProcessID":640,"ThreadID":792,"Channel":"Security","Message":"A security-enabled local group membership was enumerated.\r\n\r\nSubject:\r\n\tSecurity ID:\t\tS-1-5-21-3688015610-2013655948-1090528724-500\r\n\tAccount Name:\t\tAdministrator\r\n\tAccount Domain:\t\tMARVEL\r\n\tLogon ID:\t\t0x661FF\r\n\r\nGroup:\r\n\tSecurity ID:\t\tS-1-5-32-551\r\n\tGroup Name:\t\tBackup Operators\r\n\tGroup Domain:\t\tBuiltin\r\n\r\nProcess Information:\r\n\tProcess ID:\t\t0x4c8\r\n\tProcess Name:\t\tC:\\Windows\\System32\\ntdsutil.exe","Category":"Security Group Management","Opcode":"Info","TargetUserName":"Backup Operators","TargetDomainName":"Builtin","TargetSid":"S-1-5-32-551","SubjectUserSid":"S-1-5-21-3688015610-2013655948-1090528724-500","SubjectUserName":"Administrator","SubjectDomainName":"MARVEL","SubjectLogonId":"0x661ff","CallerProcessId":"0x4c8","CallerProcessName":"C:\\Windows\\System32\\ntdsutil.exe","EventReceivedTime":"2021-09-01 00:25:13","SourceModuleName":"GuruculWindowsFull2016","SourceModuleType":"im_msvistalog"}
{"EventTime":"2021-09-01 00:25:12","Hostname":"HYDRA-DC.MARVEL.local","Keywords":-9214364837600034816,"EventType":"AUDIT_SUCCESS","SeverityValue":2,"Severity":"INFO","EventID":4658,"SourceName":"Microsoft-Windows-Security-Auditing","ProviderGuid":"{54849625-5478-4994-A5BA-3E3B0328C30D}","Version":0,"Task":12804,"OpcodeValue":0,"RecordNumber":20327755,"ProcessID":4,"ThreadID":5660,"Channel":"Security","Message":"The handle to an object was closed.\r\n\r\nSubject :\r\n\tSecurity ID:\t\tS-1-5-21-3688015610-2013655948-1090528724-500\r\n\tAccount Name:\t\tAdministrator\r\n\tAccount Domain:\t\tMARVEL\r\n\tLogon ID:\t\t0x661FF\r\n\r\nObject:\r\n\tObject Server:\t\tSecurity Account Manager\r\n\tHandle ID:\t\t0x1f314045c40\r\n\r\nProcess Information:\r\n\tProcess ID:\t\t0x280\r\n\tProcess Name:\t\tC:\\Windows\\System32\\lsass.exe","Category":"Other Object Access Events","Opcode":"Info","SubjectUserSid":"S-1-5-21-3688015610-2013655948-1090528724-500","SubjectUserName":"Administrator","SubjectDomainName":"MARVEL","SubjectLogonId":"0x661ff","ObjectServer":"Security Account Manager","HandleId":"0x1f314045c40","ProcessName":"C:\\Windows\\System32\\lsass.exe","EventReceivedTime":"2021-09-01 00:25:13","SourceModuleName":"GuruculWindowsFull2016","SourceModuleType":"im_msvistalog"}
{"EventTime":"2021-09-01 00:25:12","Hostname":"HYDRA-DC.MARVEL.local","Keywords":-9214364837600034816,"EventType":"AUDIT_SUCCESS","SeverityValue":2,"Severity":"INFO","EventID":4658,"SourceName":"Microsoft-Windows-Security-Auditing","ProviderGuid":"{54849625-5478-4994-A5BA-3E3B0328C30D}","Version":0,"Task":12804,"OpcodeValue":0,"RecordNumber":20327758,"ProcessID":4,"ThreadID":5660,"Channel":"Security","Message":"The handle to an object was closed.\r\n\r\nSubject :\r\n\tSecurity ID:\t\tS-1-5-21-3688015610-2013655948-1090528724-500\r\n\tAccount Name:\t\tAdministrator\r\n\tAccount Domain:\t\tMARVEL\r\n\tLogon ID:\t\t0x661FF\r\n\r\nObject:\r\n\tObject Server:\t\tSecurity Account Manager\r\n\tHandle ID:\t\t0x1f313272090\r\n\r\nProcess Information:\r\n\tProcess ID:\t\t0x280\r\n\tProcess Name:\t\tC:\\Windows\\System32\\lsass.exe","Category":"Other Object Access Events","Opcode":"Info","SubjectUserSid":"S-1-5-21-3688015610-2013655948-1090528724-500","SubjectUserName":"Administrator","SubjectDomainName":"MARVEL","SubjectLogonId":"0x661ff","ObjectServer":"Security Account Manager","HandleId":"0x1f313272090","ProcessName":"C:\\Windows\\System32\\lsass.exe","EventReceivedTime":"2021-09-01 00:25:13","SourceModuleName":"GuruculWindowsFull2016","SourceModuleType":"im_msvistalog"}
{"EventTime":"2021-09-01 00:25:12","Hostname":"HYDRA-DC.MARVEL.local","Keywords":-9214364837600034816,"EventType":"AUDIT_SUCCESS","SeverityValue":2,"Severity":"INFO","EventID":4799,"SourceName":"Microsoft-Windows-Security-Auditing","ProviderGuid":"{54849625-5478-4994-A5BA-3E3B0328C30D}","Version":0,"Task":13826,"OpcodeValue":0,"RecordNumber":20327759,"ProcessID":640,"ThreadID":792,"Channel":"Security","Message":"A security-enabled local group membership was enumerated.\r\n\r\nSubject:\r\n\tSecurity ID:\t\tS-1-5-21-3688015610-2013655948-1090528724-500\r\n\tAccount Name:\t\tAdministrator\r\n\tAccount Domain:\t\tMARVEL\r\n\tLogon ID:\t\t0x661FF\r\n\r\nGroup:\r\n\tSecurity ID:\t\tS-1-5-32-551\r\n\tGroup Name:\t\tBackup Operators\r\n\tGroup Domain:\t\tBuiltin\r\n\r\nProcess Information:\r\n\tProcess ID:\t\t0x4c8\r\n\tProcess Name:\t\tC:\\Windows\\System32\\ntdsutil.exe","Category":"Security Group Management","Opcode":"Info","TargetUserName":"Backup Operators","TargetDomainName":"Builtin","TargetSid":"S-1-5-32-551","SubjectUserSid":"S-1-5-21-3688015610-2013655948-1090528724-500","SubjectUserName":"Administrator","SubjectDomainName":"MARVEL","SubjectLogonId":"0x661ff","CallerProcessId":"0x4c8","CallerProcessName":"C:\\Windows\\System32\\ntdsutil.exe","EventReceivedTime":"2021-09-01 00:25:13","SourceModuleName":"GuruculWindowsFull2016","SourceModuleType":"im_msvistalog"}
{"EventTime":"2021-09-01 00:25:12","Hostname":"HYDRA-DC.MARVEL.local","Keywords":-9214364837600034816,"EventType":"AUDIT_SUCCESS","SeverityValue":2,"Severity":"INFO","EventID":4658,"SourceName":"Microsoft-Windows-Security-Auditing","ProviderGuid":"{54849625-5478-4994-A5BA-3E3B0328C30D}","Version":0,"Task":12804,"OpcodeValue":0,"RecordNumber":20327760,"ProcessID":4,"ThreadID":5660,"Channel":"Security","Message":"The handle to an object was closed.\r\n\r\nSubject :\r\n\tSecurity ID:\t\tS-1-5-21-3688015610-2013655948-1090528724-500\r\n\tAccount Name:\t\tAdministrator\r\n\tAccount Domain:\t\tMARVEL\r\n\tLogon ID:\t\t0x661FF\r\n\r\nObject:\r\n\tObject Server:\t\tSecurity Account Manager\r\n\tHandle ID:\t\t0x1f313270d50\r\n\r\nProcess Information:\r\n\tProcess ID:\t\t0x280\r\n\tProcess Name:\t\tC:\\Windows\\System32\\lsass.exe","Category":"Other Object Access Events","Opcode":"Info","SubjectUserSid":"S-1-5-21-3688015610-2013655948-1090528724-500","SubjectUserName":"Administrator","SubjectDomainName":"MARVEL","SubjectLogonId":"0x661ff","ObjectServer":"Security Account Manager","HandleId":"0x1f313270d50","ProcessName":"C:\\Windows\\System32\\lsass.exe","EventReceivedTime":"2021-09-01 00:25:13","SourceModuleName":"GuruculWindowsFull2016","SourceModuleType":"im_msvistalog"}
{"EventTime":"2021-09-01 00:25:12","Hostname":"HYDRA-DC.MARVEL.local","Keywords":-9214364837600034816,"EventType":"AUDIT_SUCCESS","SeverityValue":2,"Severity":"INFO","EventID":4658,"SourceName":"Microsoft-Windows-Security-Auditing","ProviderGuid":"{54849625-5478-4994-A5BA-3E3B0328C30D}","Version":0,"Task":12812,"OpcodeValue":0,"RecordNumber":20327761,"ProcessID":4,"ThreadID":5660,"Channel":"Security","Message":"The handle to an object was closed.\r\n\r\nSubject :\r\n\tSecurity ID:\t\tS-1-5-18\r\n\tAccount Name:\t\tHYDRA-DC$\r\n\tAccount Domain:\t\tMARVEL\r\n\tLogon ID:\t\t0x3E7\r\n\r\nObject:\r\n\tObject Server:\t\tSecurity\r\n\tHandle ID:\t\t0x208\r\n\r\nProcess Information:\r\n\tProcess ID:\t\t0x1038\r\n\tProcess Name:\t\tC:\\Windows\\System32\\svchost.exe","Category":"Removable Storage","Opcode":"Info","SubjectUserSid":"S-1-5-18","SubjectUserName":"HYDRA-DC$","SubjectDomainName":"MARVEL","SubjectLogonId":"0x3e7","ObjectServer":"Security","HandleId":"0x208","ProcessName":"C:\\Windows\\System32\\svchost.exe","EventReceivedTime":"2021-09-01 00:25:13","SourceModuleName":"GuruculWindowsFull2016","SourceModuleType":"im_msvistalog"}
{"EventTime":"2021-09-01 00:25:12","Hostname":"HYDRA-DC.MARVEL.local","Keywords":-9214364837600034816,"EventType":"AUDIT_SUCCESS","SeverityValue":2,"Severity":"INFO","EventID":4658,"SourceName":"Microsoft-Windows-Security-Auditing","ProviderGuid":"{54849625-5478-4994-A5BA-3E3B0328C30D}","Version":0,"Task":12812,"OpcodeValue":0,"RecordNumber":20327762,"ProcessID":4,"ThreadID":5660,"Channel":"Security","Message":"The handle to an object was closed.\r\n\r\nSubject :\r\n\tSecurity ID:\t\tS-1-5-18\r\n\tAccount Name:\t\tHYDRA-DC$\r\n\tAccount Domain:\t\tMARVEL\r\n\tLogon ID:\t\t0x3E7\r\n\r\nObject:\r\n\tObject Server:\t\tSecurity\r\n\tHandle ID:\t\t0x208\r\n\r\nProcess Information:\r\n\tProcess ID:\t\t0x1038\r\n\tProcess Name:\t\tC:\\Windows\\System32\\svchost.exe","Category":"Removable Storage","Opcode":"Info","SubjectUserSid":"S-1-5-18","SubjectUserName":"HYDRA-DC$","SubjectDomainName":"MARVEL","SubjectLogonId":"0x3e7","ObjectServer":"Security","HandleId":"0x208","ProcessName":"C:\\Windows\\System32\\svchost.exe","EventReceivedTime":"2021-09-01 00:25:13","SourceModuleName":"GuruculWindowsFull2016","SourceModuleType":"im_msvistalog"}
{"EventTime":"2021-09-01 00:25:12","Hostname":"HYDRA-DC.MARVEL.local","Keywords":-9214364837600034816,"EventType":"AUDIT_SUCCESS","SeverityValue":2,"Severity":"INFO","EventID":4658,"SourceName":"Microsoft-Windows-Security-Auditing","ProviderGuid":"{54849625-5478-4994-A5BA-3E3B0328C30D}","Version":0,"Task":12812,"OpcodeValue":0,"RecordNumber":20327763,"ProcessID":4,"ThreadID":288,"Channel":"Security","Message":"The handle to an object was closed.\r\n\r\nSubject :\r\n\tSecurity ID:\t\tS-1-5-18\r\n\tAccount Name:\t\tHYDRA-DC$\r\n\tAccount Domain:\t\tMARVEL\r\n\tLogon ID:\t\t0x3E7\r\n\r\nObject:\r\n\tObject Server:\t\tSecurity\r\n\tHandle ID:\t\t0x23c\r\n\r\nProcess Information:\r\n\tProcess ID:\t\t0x1038\r\n\tProcess Name:\t\tC:\\Windows\\System32\\svchost.exe","Category":"Removable Storage","Opcode":"Info","SubjectUserSid":"S-1-5-18","SubjectUserName":"HYDRA-DC$","SubjectDomainName":"MARVEL","SubjectLogonId":"0x3e7","ObjectServer":"Security","HandleId":"0x23c","ProcessName":"C:\\Windows\\System32\\svchost.exe","EventReceivedTime":"2021-09-01 00:25:13","SourceModuleName":"GuruculWindowsFull2016","SourceModuleType":"im_msvistalog"}
{"EventTime":"2021-09-01 00:25:12","Hostname":"HYDRA-DC.MARVEL.local","Keywords":-9214364837600034816,"EventType":"AUDIT_SUCCESS","SeverityValue":2,"Severity":"INFO","EventID":4658,"SourceName":"Microsoft-Windows-Security-Auditing","ProviderGuid":"{54849625-5478-4994-A5BA-3E3B0328C30D}","Version":0,"Task":12812,"OpcodeValue":0,"RecordNumber":20327764,"ProcessID":4,"ThreadID":288,"Channel":"Security","Message":"The handle to an object was closed.\r\n\r\nSubject :\r\n\tSecurity ID:\t\tS-1-5-18\r\n\tAccount Name:\t\tHYDRA-DC$\r\n\tAccount Domain:\t\tMARVEL\r\n\tLogon ID:\t\t0x3E7\r\n\r\nObject:\r\n\tObject Server:\t\tSecurity\r\n\tHandle ID:\t\t0x23c\r\n\r\nProcess Information:\r\n\tProcess ID:\t\t0x1038\r\n\tProcess Name:\t\tC:\\Windows\\System32\\svchost.exe","Category":"Removable Storage","Opcode":"Info","SubjectUserSid":"S-1-5-18","SubjectUserName":"HYDRA-DC$","SubjectDomainName":"MARVEL","SubjectLogonId":"0x3e7","ObjectServer":"Security","HandleId":"0x23c","ProcessName":"C:\\Windows\\System32\\svchost.exe","EventReceivedTime":"2021-09-01 00:25:13","SourceModuleName":"GuruculWindowsFull2016","SourceModuleType":"im_msvistalog"}
{"EventTime":"2021-09-01 00:25:12","Hostname":"HYDRA-DC.MARVEL.local","Keywords":-9214364837600034816,"EventType":"AUDIT_SUCCESS","SeverityValue":2,"Severity":"INFO","EventID":4658,"SourceName":"Microsoft-Windows-Security-Auditing","ProviderGuid":"{54849625-5478-4994-A5BA-3E3B0328C30D}","Version":0,"Task":12812,"OpcodeValue":0,"RecordNumber":20327765,"ProcessID":4,"ThreadID":108,"Channel":"Security","Message":"The handle to an object was closed.\r\n\r\nSubject :\r\n\tSecurity ID:\t\tS-1-5-18\r\n\tAccount Name:\t\tHYDRA-DC$\r\n\tAccount Domain:\t\tMARVEL\r\n\tLogon ID:\t\t0x3E7\r\n\r\nObject:\r\n\tObject Server:\t\tSecurity\r\n\tHandle ID:\t\t0x23c\r\n\r\nProcess Information:\r\n\tProcess ID:\t\t0x1038\r\n\tProcess Name:\t\tC:\\Windows\\System32\\svchost.exe","Category":"Removable Storage","Opcode":"Info","SubjectUserSid":"S-1-5-18","SubjectUserName":"HYDRA-DC$","SubjectDomainName":"MARVEL","SubjectLogonId":"0x3e7","ObjectServer":"Security","HandleId":"0x23c","ProcessName":"C:\\Windows\\System32\\svchost.exe","EventReceivedTime":"2021-09-01 00:25:13","SourceModuleName":"GuruculWindowsFull2016","SourceModuleType":"im_msvistalog"}
{"EventTime":"2021-09-01 00:25:12","Hostname":"HYDRA-DC.MARVEL.local","Keywords":-9214364837600034816,"EventType":"AUDIT_SUCCESS","SeverityValue":2,"Severity":"INFO","EventID":4658,"SourceName":"Microsoft-Windows-Security-Auditing","ProviderGuid":"{54849625-5478-4994-A5BA-3E3B0328C30D}","Version":0,"Task":12812,"OpcodeValue":0,"RecordNumber":20327766,"ProcessID":4,"ThreadID":108,"Channel":"Security","Message":"The handle to an object was closed.\r\n\r\nSubject :\r\n\tSecurity ID:\t\tS-1-5-18\r\n\tAccount Name:\t\tHYDRA-DC$\r\n\tAccount Domain:\t\tMARVEL\r\n\tLogon ID:\t\t0x3E7\r\n\r\nObject:\r\n\tObject Server:\t\tSecurity\r\n\tHandle ID:\t\t0x23c\r\n\r\nProcess Information:\r\n\tProcess ID:\t\t0x1038\r\n\tProcess Name:\t\tC:\\Windows\\System32\\svchost.exe","Category":"Removable Storage","Opcode":"Info","SubjectUserSid":"S-1-5-18","SubjectUserName":"HYDRA-DC$","SubjectDomainName":"MARVEL","SubjectLogonId":"0x3e7","ObjectServer":"Security","HandleId":"0x23c","ProcessName":"C:\\Windows\\System32\\svchost.exe","EventReceivedTime":"2021-09-01 00:25:13","SourceModuleName":"GuruculWindowsFull2016","SourceModuleType":"im_msvistalog"}
{"EventTime":"2021-09-01 00:25:12","Hostname":"HYDRA-DC.MARVEL.local","Keywords":-9214364837600034816,"EventType":"AUDIT_SUCCESS","SeverityValue":2,"Severity":"INFO","EventID":4658,"SourceName":"Microsoft-Windows-Security-Auditing","ProviderGuid":"{54849625-5478-4994-A5BA-3E3B0328C30D}","Version":0,"Task":12812,"OpcodeValue":0,"RecordNumber":20327767,"ProcessID":4,"ThreadID":108,"Channel":"Security","Message":"The handle to an object was closed.\r\n\r\nSubject :\r\n\tSecurity ID:\t\tS-1-5-18\r\n\tAccount Name:\t\tHYDRA-DC$\r\n\tAccount Domain:\t\tMARVEL\r\n\tLogon ID:\t\t0x3E7\r\n\r\nObject:\r\n\tObject Server:\t\tSecurity\r\n\tHandle ID:\t\t0x25c\r\n\r\nProcess Information:\r\n\tProcess ID:\t\t0x1038\r\n\tProcess Name:\t\tC:\\Windows\\System32\\svchost.exe","Category":"Removable Storage","Opcode":"Info","SubjectUserSid":"S-1-5-18","SubjectUserName":"HYDRA-DC$","SubjectDomainName":"MARVEL","SubjectLogonId":"0x3e7","ObjectServer":"Security","HandleId":"0x25c","ProcessName":"C:\\Windows\\System32\\svchost.exe","EventReceivedTime":"2021-09-01 00:25:13","SourceModuleName":"GuruculWindowsFull2016","SourceModuleType":"im_msvistalog"}
{"EventTime":"2021-09-01 00:25:12","Hostname":"HYDRA-DC.MARVEL.local","Keywords":-9214364837600034816,"EventType":"AUDIT_SUCCESS","SeverityValue":2,"Severity":"INFO","EventID":4658,"SourceName":"Microsoft-Windows-Security-Auditing","ProviderGuid":"{54849625-5478-4994-A5BA-3E3B0328C30D}","Version":0,"Task":12812,"OpcodeValue":0,"RecordNumber":20327768,"ProcessID":4,"ThreadID":288,"Channel":"Security","Message":"The handle to an object was closed.\r\n\r\nSubject :\r\n\tSecurity ID:\t\tS-1-5-18\r\n\tAccount Name:\t\tHYDRA-DC$\r\n\tAccount Domain:\t\tMARVEL\r\n\tLogon ID:\t\t0x3E7\r\n\r\nObject:\r\n\tObject Server:\t\tSecurity\r\n\tHandle ID:\t\t0x25c\r\n\r\nProcess Information:\r\n\tProcess ID:\t\t0x1038\r\n\tProcess Name:\t\tC:\\Windows\\System32\\svchost.exe","Category":"Removable Storage","Opcode":"Info","SubjectUserSid":"S-1-5-18","SubjectUserName":"HYDRA-DC$","SubjectDomainName":"MARVEL","SubjectLogonId":"0x3e7","ObjectServer":"Security","HandleId":"0x25c","ProcessName":"C:\\Windows\\System32\\svchost.exe","EventReceivedTime":"2021-09-01 00:25:13","SourceModuleName":"GuruculWindowsFull2016","SourceModuleType":"im_msvistalog"}
{"EventTime":"2021-09-01 00:25:12","Hostname":"HYDRA-DC.MARVEL.local","Keywords":-9218868437227405312,"EventType":"AUDIT_FAILURE","SeverityValue":4,"Severity":"ERROR","EventID":4673,"SourceName":"Microsoft-Windows-Security-Auditing","ProviderGuid":"{54849625-5478-4994-A5BA-3E3B0328C30D}","Version":0,"Task":13056,"OpcodeValue":0,"RecordNumber":20327769,"ProcessID":4,"ThreadID":288,"Channel":"Security","Message":"A privileged service was called.\r\n\r\nSubject:\r\n\tSecurity ID:\t\tS-1-5-21-3688015610-2013655948-1090528724-500\r\n\tAccount Name:\t\tAdministrator\r\n\tAccount Domain:\t\tMARVEL\r\n\tLogon ID:\t\t0x66232\r\n\r\nService:\r\n\tServer:\tSecurity\r\n\tService Name:\t-\r\n\r\nProcess:\r\n\tProcess ID:\t0x14a0\r\n\tProcess Name:\tC:\\Windows\\explorer.exe\r\n\r\nService Request Information:\r\n\tPrivileges:\t\tSeTcbPrivilege","Category":"Sensitive Privilege Use","Opcode":"Info","SubjectUserSid":"S-1-5-21-3688015610-2013655948-1090528724-500","SubjectUserName":"Administrator","SubjectDomainName":"MARVEL","SubjectLogonId":"0x66232","ObjectServer":"Security","Service":"-","PrivilegeList":"SeTcbPrivilege","ProcessName":"C:\\Windows\\explorer.exe","EventReceivedTime":"2021-09-01 00:25:13","SourceModuleName":"GuruculWindowsFull2016","SourceModuleType":"im_msvistalog"}
{"EventTime":"2021-09-01 00:25:12","Hostname":"HYDRA-DC.MARVEL.local","Keywords":-9214364837600034816,"EventType":"AUDIT_SUCCESS","SeverityValue":2,"Severity":"INFO","EventID":4673,"SourceName":"Microsoft-Windows-Security-Auditing","ProviderGuid":"{54849625-5478-4994-A5BA-3E3B0328C30D}","Version":0,"Task":13056,"OpcodeValue":0,"RecordNumber":20327770,"ProcessID":4,"ThreadID":288,"Channel":"Security","Message":"A privileged service was called.\r\n\r\nSubject:\r\n\tSecurity ID:\t\tS-1-5-21-3688015610-2013655948-1090528724-500\r\n\tAccount Name:\t\tAdministrator\r\n\tAccount Domain:\t\tMARVEL\r\n\tLogon ID:\t\t0x661FF\r\n\r\nService:\r\n\tServer:\tSecurity\r\n\tService Name:\t-\r\n\r\nProcess:\r\n\tProcess ID:\t0x4c8\r\n\tProcess Name:\tC:\\Windows\\System32\\ntdsutil.exe\r\n\r\nService Request Information:\r\n\tPrivileges:\t\tSeCreateGlobalPrivilege","Category":"Sensitive Privilege Use","Opcode":"Info","SubjectUserSid":"S-1-5-21-3688015610-2013655948-1090528724-500","SubjectUserName":"Administrator","SubjectDomainName":"MARVEL","SubjectLogonId":"0x661ff","ObjectServer":"Security","Service":"-","PrivilegeList":"SeCreateGlobalPrivilege","ProcessName":"C:\\Windows\\System32\\ntdsutil.exe","EventReceivedTime":"2021-09-01 00:25:13","SourceModuleName":"GuruculWindowsFull2016","SourceModuleType":"im_msvistalog"}
{"EventTime":"2021-09-01 00:25:12","Hostname":"HYDRA-DC.MARVEL.local","Keywords":-9214364837600034816,"EventType":"AUDIT_SUCCESS","SeverityValue":2,"Severity":"INFO","EventID":4673,"SourceName":"Microsoft-Windows-Security-Auditing","ProviderGuid":"{54849625-5478-4994-A5BA-3E3B0328C30D}","Version":0,"Task":13056,"OpcodeValue":0,"RecordNumber":20327771,"ProcessID":4,"ThreadID":288,"Channel":"Security","Message":"A privileged service was called.\r\n\r\nSubject:\r\n\tSecurity ID:\t\tS-1-5-21-3688015610-2013655948-1090528724-500\r\n\tAccount Name:\t\tAdministrator\r\n\tAccount Domain:\t\tMARVEL\r\n\tLogon ID:\t\t0x661FF\r\n\r\nService:\r\n\tServer:\tSecurity\r\n\tService Name:\t-\r\n\r\nProcess:\r\n\tProcess ID:\t0x4c8\r\n\tProcess Name:\tC:\\Windows\\System32\\ntdsutil.exe\r\n\r\nService Request Information:\r\n\tPrivileges:\t\tSeCreateGlobalPrivilege","Category":"Sensitive Privilege Use","Opcode":"Info","SubjectUserSid":"S-1-5-21-3688015610-2013655948-1090528724-500","SubjectUserName":"Administrator","SubjectDomainName":"MARVEL","SubjectLogonId":"0x661ff","ObjectServer":"Security","Service":"-","PrivilegeList":"SeCreateGlobalPrivilege","ProcessName":"C:\\Windows\\System32\\ntdsutil.exe","EventReceivedTime":"2021-09-01 00:25:13","SourceModuleName":"GuruculWindowsFull2016","SourceModuleType":"im_msvistalog"}
{"EventTime":"2021-09-01 00:25:13","Hostname":"HYDRA-DC.MARVEL.local","Keywords":-9214364837600034816,"EventType":"AUDIT_SUCCESS","SeverityValue":2,"Severity":"INFO","EventID":4658,"SourceName":"Microsoft-Windows-Security-Auditing","ProviderGuid":"{54849625-5478-4994-A5BA-3E3B0328C30D}","Version":0,"Task":12804,"OpcodeValue":0,"RecordNumber":20327777,"ProcessID":4,"ThreadID":288,"Channel":"Security","Message":"The handle to an object was closed.\r\n\r\nSubject :\r\n\tSecurity ID:\t\tS-1-5-21-3688015610-2013655948-1090528724-500\r\n\tAccount Name:\t\tAdministrator\r\n\tAccount Domain:\t\tMARVEL\r\n\tLogon ID:\t\t0x66232\r\n\r\nObject:\r\n\tObject Server:\t\tSecurity Account Manager\r\n\tHandle ID:\t\t0x1f313273d70\r\n\r\nProcess Information:\r\n\tProcess ID:\t\t0x280\r\n\tProcess Name:\t\tC:\\Windows\\System32\\lsass.exe","Category":"Other Object Access Events","Opcode":"Info","SubjectUserSid":"S-1-5-21-3688015610-2013655948-1090528724-500","SubjectUserName":"Administrator","SubjectDomainName":"MARVEL","SubjectLogonId":"0x66232","ObjectServer":"Security Account Manager","HandleId":"0x1f313273d70","ProcessName":"C:\\Windows\\System32\\lsass.exe","EventReceivedTime":"2021-09-01 00:25:14","SourceModuleName":"GuruculWindowsFull2016","SourceModuleType":"im_msvistalog"}
{"EventTime":"2021-09-01 00:25:13","Hostname":"HYDRA-DC.MARVEL.local","Keywords":-9214364837600034816,"EventType":"AUDIT_SUCCESS","SeverityValue":2,"Severity":"INFO","EventID":4658,"SourceName":"Microsoft-Windows-Security-Auditing","ProviderGuid":"{54849625-5478-4994-A5BA-3E3B0328C30D}","Version":0,"Task":12804,"OpcodeValue":0,"RecordNumber":20327778,"ProcessID":4,"ThreadID":288,"Channel":"Security","Message":"The handle to an object was closed.\r\n\r\nSubject :\r\n\tSecurity ID:\t\tS-1-5-21-3688015610-2013655948-1090528724-500\r\n\tAccount Name:\t\tAdministrator\r\n\tAccount Domain:\t\tMARVEL\r\n\tLogon ID:\t\t0x66232\r\n\r\nObject:\r\n\tObject Server:\t\tSecurity Account Manager\r\n\tHandle ID:\t\t0x1f313272560\r\n\r\nProcess Information:\r\n\tProcess ID:\t\t0x280\r\n\tProcess Name:\t\tC:\\Windows\\System32\\lsass.exe","Category":"Other Object Access Events","Opcode":"Info","SubjectUserSid":"S-1-5-21-3688015610-2013655948-1090528724-500","SubjectUserName":"Administrator","SubjectDomainName":"MARVEL","SubjectLogonId":"0x66232","ObjectServer":"Security Account Manager","HandleId":"0x1f313272560","ProcessName":"C:\\Windows\\System32\\lsass.exe","EventReceivedTime":"2021-09-01 00:25:14","SourceModuleName":"GuruculWindowsFull2016","SourceModuleType":"im_msvistalog"}
{"EventTime":"2021-09-01 00:25:13","Hostname":"HYDRA-DC.MARVEL.local","Keywords":-9214364837600034816,"EventType":"AUDIT_SUCCESS","SeverityValue":2,"Severity":"INFO","EventID":4658,"SourceName":"Microsoft-Windows-Security-Auditing","ProviderGuid":"{54849625-5478-4994-A5BA-3E3B0328C30D}","Version":0,"Task":12804,"OpcodeValue":0,"RecordNumber":20327779,"ProcessID":4,"ThreadID":288,"Channel":"Security","Message":"The handle to an object was closed.\r\n\r\nSubject :\r\n\tSecurity ID:\t\tS-1-5-21-3688015610-2013655948-1090528724-500\r\n\tAccount Name:\t\tAdministrator\r\n\tAccount Domain:\t\tMARVEL\r\n\tLogon ID:\t\t0x66232\r\n\r\nObject:\r\n\tObject Server:\t\tSecurity Account Manager\r\n\tHandle ID:\t\t0x1f3132738a0\r\n\r\nProcess Information:\r\n\tProcess ID:\t\t0x280\r\n\tProcess Name:\t\tC:\\Windows\\System32\\lsass.exe","Category":"Other Object Access Events","Opcode":"Info","SubjectUserSid":"S-1-5-21-3688015610-2013655948-1090528724-500","SubjectUserName":"Administrator","SubjectDomainName":"MARVEL","SubjectLogonId":"0x66232","ObjectServer":"Security Account Manager","HandleId":"0x1f3132738a0","ProcessName":"C:\\Windows\\System32\\lsass.exe","EventReceivedTime":"2021-09-01 00:25:14","SourceModuleName":"GuruculWindowsFull2016","SourceModuleType":"im_msvistalog"}
{"EventTime":"2021-09-01 00:25:15","Hostname":"HYDRA-DC.MARVEL.local","Keywords":-9214364837600034816,"EventType":"AUDIT_SUCCESS","SeverityValue":2,"Severity":"INFO","EventID":4658,"SourceName":"Microsoft-Windows-Security-Auditing","ProviderGuid":"{54849625-5478-4994-A5BA-3E3B0328C30D}","Version":0,"Task":12812,"OpcodeValue":0,"RecordNumber":20327780,"ProcessID":4,"ThreadID":288,"Channel":"Security","Message":"The handle to an object was closed.\r\n\r\nSubject :\r\n\tSecurity ID:\t\tS-1-5-18\r\n\tAccount Name:\t\tHYDRA-DC$\r\n\tAccount Domain:\t\tMARVEL\r\n\tLogon ID:\t\t0x3E7\r\n\r\nObject:\r\n\tObject Server:\t\tSecurity\r\n\tHandle ID:\t\t0x1d0\r\n\r\nProcess Information:\r\n\tProcess ID:\t\t0x1038\r\n\tProcess Name:\t\tC:\\Windows\\System32\\svchost.exe","Category":"Removable Storage","Opcode":"Info","SubjectUserSid":"S-1-5-18","SubjectUserName":"HYDRA-DC$","SubjectDomainName":"MARVEL","SubjectLogonId":"0x3e7","ObjectServer":"Security","HandleId":"0x1d0","ProcessName":"C:\\Windows\\System32\\svchost.exe","EventReceivedTime":"2021-09-01 00:25:16","SourceModuleName":"GuruculWindowsFull2016","SourceModuleType":"im_msvistalog"}
{"EventTime":"2021-09-01 00:25:15","Hostname":"HYDRA-DC.MARVEL.local","Keywords":-9214364837600034816,"EventType":"AUDIT_SUCCESS","SeverityValue":2,"Severity":"INFO","EventID":4658,"SourceName":"Microsoft-Windows-Security-Auditing","ProviderGuid":"{54849625-5478-4994-A5BA-3E3B0328C30D}","Version":0,"Task":12812,"OpcodeValue":0,"RecordNumber":20327781,"ProcessID":4,"ThreadID":288,"Channel":"Security","Message":"The handle to an object was closed.\r\n\r\nSubject :\r\n\tSecurity ID:\t\tS-1-5-18\r\n\tAccount Name:\t\tHYDRA-DC$\r\n\tAccount Domain:\t\tMARVEL\r\n\tLogon ID:\t\t0x3E7\r\n\r\nObject:\r\n\tObject Server:\t\tSecurity\r\n\tHandle ID:\t\t0x1d0\r\n\r\nProcess Information:\r\n\tProcess ID:\t\t0x1038\r\n\tProcess Name:\t\tC:\\Windows\\System32\\svchost.exe","Category":"Removable Storage","Opcode":"Info","SubjectUserSid":"S-1-5-18","SubjectUserName":"HYDRA-DC$","SubjectDomainName":"MARVEL","SubjectLogonId":"0x3e7","ObjectServer":"Security","HandleId":"0x1d0","ProcessName":"C:\\Windows\\System32\\svchost.exe","EventReceivedTime":"2021-09-01 00:25:16","SourceModuleName":"GuruculWindowsFull2016","SourceModuleType":"im_msvistalog"}
{"EventTime":"2021-09-01 00:25:15","Hostname":"HYDRA-DC.MARVEL.local","Keywords":-9214364837600034816,"EventType":"AUDIT_SUCCESS","SeverityValue":2,"Severity":"INFO","EventID":4658,"SourceName":"Microsoft-Windows-Security-Auditing","ProviderGuid":"{54849625-5478-4994-A5BA-3E3B0328C30D}","Version":0,"Task":12812,"OpcodeValue":0,"RecordNumber":20327782,"ProcessID":4,"ThreadID":4736,"Channel":"Security","Message":"The handle to an object was closed.\r\n\r\nSubject :\r\n\tSecurity ID:\t\tS-1-5-18\r\n\tAccount Name:\t\tHYDRA-DC$\r\n\tAccount Domain:\t\tMARVEL\r\n\tLogon ID:\t\t0x3E7\r\n\r\nObject:\r\n\tObject Server:\t\tSecurity\r\n\tHandle ID:\t\t0x1d0\r\n\r\nProcess Information:\r\n\tProcess ID:\t\t0x1038\r\n\tProcess Name:\t\tC:\\Windows\\System32\\svchost.exe","Category":"Removable Storage","Opcode":"Info","SubjectUserSid":"S-1-5-18","SubjectUserName":"HYDRA-DC$","SubjectDomainName":"MARVEL","SubjectLogonId":"0x3e7","ObjectServer":"Security","HandleId":"0x1d0","ProcessName":"C:\\Windows\\System32\\svchost.exe","EventReceivedTime":"2021-09-01 00:25:16","SourceModuleName":"GuruculWindowsFull2016","SourceModuleType":"im_msvistalog"}
{"EventTime":"2021-09-01 00:25:15","Hostname":"HYDRA-DC.MARVEL.local","Keywords":-9214364837600034816,"EventType":"AUDIT_SUCCESS","SeverityValue":2,"Severity":"INFO","EventID":4658,"SourceName":"Microsoft-Windows-Security-Auditing","ProviderGuid":"{54849625-5478-4994-A5BA-3E3B0328C30D}","Version":0,"Task":12812,"OpcodeValue":0,"RecordNumber":20327783,"ProcessID":4,"ThreadID":4736,"Channel":"Security","Message":"The handle to an object was closed.\r\n\r\nSubject :\r\n\tSecurity ID:\t\tS-1-5-18\r\n\tAccount Name:\t\tHYDRA-DC$\r\n\tAccount Domain:\t\tMARVEL\r\n\tLogon ID:\t\t0x3E7\r\n\r\nObject:\r\n\tObject Server:\t\tSecurity\r\n\tHandle ID:\t\t0x1d0\r\n\r\nProcess Information:\r\n\tProcess ID:\t\t0x1038\r\n\tProcess Name:\t\tC:\\Windows\\System32\\svchost.exe","Category":"Removable Storage","Opcode":"Info","SubjectUserSid":"S-1-5-18","SubjectUserName":"HYDRA-DC$","SubjectDomainName":"MARVEL","SubjectLogonId":"0x3e7","ObjectServer":"Security","HandleId":"0x1d0","ProcessName":"C:\\Windows\\System32\\svchost.exe","EventReceivedTime":"2021-09-01 00:25:16","SourceModuleName":"GuruculWindowsFull2016","SourceModuleType":"im_msvistalog"}
