{"EventTime":"2021-09-01 00:27:49","Hostname":"HYDRA-DC.MARVEL.local","Keywords":-9214364837600034816,"EventType":"AUDIT_SUCCESS","SeverityValue":2,"Severity":"INFO","EventID":4658,"SourceName":"Microsoft-Windows-Security-Auditing","ProviderGuid":"{54849625-5478-4994-A5BA-3E3B0328C30D}","Version":0,"Task":12804,"OpcodeValue":0,"RecordNumber":20329297,"ProcessID":4,"ThreadID":5660,"Channel":"Security","Message":"The handle to an object was closed.\r\n\r\nSubject :\r\n\tSecurity ID:\t\tS-1-5-21-3688015610-2013655948-1090528724-500\r\n\tAccount Name:\t\tAdministrator\r\n\tAccount Domain:\t\tMARVEL\r\n\tLogon ID:\t\t0x661FF\r\n\r\nObject:\r\n\tObject Server:\t\tSecurity Account Manager\r\n\tHandle ID:\t\t0x1f313272090\r\n\r\nProcess Information:\r\n\tProcess ID:\t\t0x280\r\n\tProcess Name:\t\tC:\\Windows\\System32\\lsass.exe","Category":"Other Object Access Events","Opcode":"Info","SubjectUserSid":"S-1-5-21-3688015610-2013655948-1090528724-500","SubjectUserName":"Administrator","SubjectDomainName":"MARVEL","SubjectLogonId":"0x661ff","ObjectServer":"Security Account Manager","HandleId":"0x1f313272090","ProcessName":"C:\\Windows\\System32\\lsass.exe","EventReceivedTime":"2021-09-01 00:27:49","SourceModuleName":"GuruculWindowsFull2016","SourceModuleType":"im_msvistalog"}
{"EventTime":"2021-09-01 00:27:49","Hostname":"HYDRA-DC.MARVEL.local","Keywords":-9214364837600034816,"EventType":"AUDIT_SUCCESS","SeverityValue":2,"Severity":"INFO","EventID":4658,"SourceName":"Microsoft-Windows-Security-Auditing","ProviderGuid":"{54849625-5478-4994-A5BA-3E3B0328C30D}","Version":0,"Task":12804,"OpcodeValue":0,"RecordNumber":20329300,"ProcessID":4,"ThreadID":5660,"Channel":"Security","Message":"The handle to an object was closed.\r\n\r\nSubject :\r\n\tSecurity ID:\t\tS-1-5-21-3688015610-2013655948-1090528724-500\r\n\tAccount Name:\t\tAdministrator\r\n\tAccount Domain:\t\tMARVEL\r\n\tLogon ID:\t\t0x661FF\r\n\r\nObject:\r\n\tObject Server:\t\tSecurity Account Manager\r\n\tHandle ID:\t\t0x1f313272090\r\n\r\nProcess Information:\r\n\tProcess ID:\t\t0x280\r\n\tProcess Name:\t\tC:\\Windows\\System32\\lsass.exe","Category":"Other Object Access Events","Opcode":"Info","SubjectUserSid":"S-1-5-21-3688015610-2013655948-1090528724-500","SubjectUserName":"Administrator","SubjectDomainName":"MARVEL","SubjectLogonId":"0x661ff","ObjectServer":"Security Account Manager","HandleId":"0x1f313272090","ProcessName":"C:\\Windows\\System32\\lsass.exe","EventReceivedTime":"2021-09-01 00:27:49","SourceModuleName":"GuruculWindowsFull2016","SourceModuleType":"im_msvistalog"}
{"EventTime":"2021-09-01 00:27:49","Hostname":"HYDRA-DC.MARVEL.local","Keywords":-9214364837600034816,"EventType":"AUDIT_SUCCESS","SeverityValue":2,"Severity":"INFO","EventID":4799,"SourceName":"Microsoft-Windows-Security-Auditing","ProviderGuid":"{54849625-5478-4994-A5BA-3E3B0328C30D}","Version":0,"Task":13826,"OpcodeValue":0,"RecordNumber":20329301,"ProcessID":640,"ThreadID":688,"Channel":"Security","Message":"A security-enabled local group membership was enumerated.\r\n\r\nSubject:\r\n\tSecurity ID:\t\tS-1-5-21-3688015610-2013655948-1090528724-500\r\n\tAccount Name:\t\tAdministrator\r\n\tAccount Domain:\t\tMARVEL\r\n\tLogon ID:\t\t0x661FF\r\n\r\nGroup:\r\n\tSecurity ID:\t\tS-1-5-32-551\r\n\tGroup Name:\t\tBackup Operators\r\n\tGroup Domain:\t\tBuiltin\r\n\r\nProcess Information:\r\n\tProcess ID:\t\t0x18c8\r\n\tProcess Name:\t\tC:\\Windows\\System32\\ntdsutil.exe","Category":"Security Group Management","Opcode":"Info","TargetUserName":"Backup Operators","TargetDomainName":"Builtin","TargetSid":"S-1-5-32-551","SubjectUserSid":"S-1-5-21-3688015610-2013655948-1090528724-500","SubjectUserName":"Administrator","SubjectDomainName":"MARVEL","SubjectLogonId":"0x661ff","CallerProcessId":"0x18c8","CallerProcessName":"C:\\Windows\\System32\\ntdsutil.exe","EventReceivedTime":"2021-09-01 00:27:49","SourceModuleName":"GuruculWindowsFull2016","SourceModuleType":"im_msvistalog"}
{"EventTime":"2021-09-01 00:27:49","Hostname":"HYDRA-DC.MARVEL.local","Keywords":-9214364837600034816,"EventType":"AUDIT_SUCCESS","SeverityValue":2,"Severity":"INFO","EventID":4658,"SourceName":"Microsoft-Windows-Security-Auditing","ProviderGuid":"{54849625-5478-4994-A5BA-3E3B0328C30D}","Version":0,"Task":12804,"OpcodeValue":0,"RecordNumber":20329302,"ProcessID":4,"ThreadID":5660,"Channel":"Security","Message":"The handle to an object was closed.\r\n\r\nSubject :\r\n\tSecurity ID:\t\tS-1-5-21-3688015610-2013655948-1090528724-500\r\n\tAccount Name:\t\tAdministrator\r\n\tAccount Domain:\t\tMARVEL\r\n\tLogon ID:\t\t0x661FF\r\n\r\nObject:\r\n\tObject Server:\t\tSecurity Account Manager\r\n\tHandle ID:\t\t0x1f313272560\r\n\r\nProcess Information:\r\n\tProcess ID:\t\t0x280\r\n\tProcess Name:\t\tC:\\Windows\\System32\\lsass.exe","Category":"Other Object Access Events","Opcode":"Info","SubjectUserSid":"S-1-5-21-3688015610-2013655948-1090528724-500","SubjectUserName":"Administrator","SubjectDomainName":"MARVEL","SubjectLogonId":"0x661ff","ObjectServer":"Security Account Manager","HandleId":"0x1f313272560","ProcessName":"C:\\Windows\\System32\\lsass.exe","EventReceivedTime":"2021-09-01 00:27:49","SourceModuleName":"GuruculWindowsFull2016","SourceModuleType":"im_msvistalog"}
{"EventTime":"2021-09-01 00:27:49","Hostname":"HYDRA-DC.MARVEL.local","Keywords":-9214364837600034816,"EventType":"AUDIT_SUCCESS","SeverityValue":2,"Severity":"INFO","EventID":4658,"SourceName":"Microsoft-Windows-Security-Auditing","ProviderGuid":"{54849625-5478-4994-A5BA-3E3B0328C30D}","Version":0,"Task":12804,"OpcodeValue":0,"RecordNumber":20329305,"ProcessID":4,"ThreadID":5660,"Channel":"Security","Message":"The handle to an object was closed.\r\n\r\nSubject :\r\n\tSecurity ID:\t\tS-1-5-21-3688015610-2013655948-1090528724-500\r\n\tAccount Name:\t\tAdministrator\r\n\tAccount Domain:\t\tMARVEL\r\n\tLogon ID:\t\t0x661FF\r\n\r\nObject:\r\n\tObject Server:\t\tSecurity Account Manager\r\n\tHandle ID:\t\t0x1f313274240\r\n\r\nProcess Information:\r\n\tProcess ID:\t\t0x280\r\n\tProcess Name:\t\tC:\\Windows\\System32\\lsass.exe","Category":"Other Object Access Events","Opcode":"Info","SubjectUserSid":"S-1-5-21-3688015610-2013655948-1090528724-500","SubjectUserName":"Administrator","SubjectDomainName":"MARVEL","SubjectLogonId":"0x661ff","ObjectServer":"Security Account Manager","HandleId":"0x1f313274240","ProcessName":"C:\\Windows\\System32\\lsass.exe","EventReceivedTime":"2021-09-01 00:27:49","SourceModuleName":"GuruculWindowsFull2016","SourceModuleType":"im_msvistalog"}
{"EventTime":"2021-09-01 00:27:49","Hostname":"HYDRA-DC.MARVEL.local","Keywords":-9214364837600034816,"EventType":"AUDIT_SUCCESS","SeverityValue":2,"Severity":"INFO","EventID":4799,"SourceName":"Microsoft-Windows-Security-Auditing","ProviderGuid":"{54849625-5478-4994-A5BA-3E3B0328C30D}","Version":0,"Task":13826,"OpcodeValue":0,"RecordNumber":20329306,"ProcessID":640,"ThreadID":3920,"Channel":"Security","Message":"A security-enabled local group membership was enumerated.\r\n\r\nSubject:\r\n\tSecurity ID:\t\tS-1-5-21-3688015610-2013655948-1090528724-500\r\n\tAccount Name:\t\tAdministrator\r\n\tAccount Domain:\t\tMARVEL\r\n\tLogon ID:\t\t0x661FF\r\n\r\nGroup:\r\n\tSecurity ID:\t\tS-1-5-32-551\r\n\tGroup Name:\t\tBackup Operators\r\n\tGroup Domain:\t\tBuiltin\r\n\r\nProcess Information:\r\n\tProcess ID:\t\t0x18c8\r\n\tProcess Name:\t\tC:\\Windows\\System32\\ntdsutil.exe","Category":"Security Group Management","Opcode":"Info","TargetUserName":"Backup Operators","TargetDomainName":"Builtin","TargetSid":"S-1-5-32-551","SubjectUserSid":"S-1-5-21-3688015610-2013655948-1090528724-500","SubjectUserName":"Administrator","SubjectDomainName":"MARVEL","SubjectLogonId":"0x661ff","CallerProcessId":"0x18c8","CallerProcessName":"C:\\Windows\\System32\\ntdsutil.exe","EventReceivedTime":"2021-09-01 00:27:49","SourceModuleName":"GuruculWindowsFull2016","SourceModuleType":"im_msvistalog"}
{"EventTime":"2021-09-01 00:27:49","Hostname":"HYDRA-DC.MARVEL.local","Keywords":-9214364837600034816,"EventType":"AUDIT_SUCCESS","SeverityValue":2,"Severity":"INFO","EventID":4658,"SourceName":"Microsoft-Windows-Security-Auditing","ProviderGuid":"{54849625-5478-4994-A5BA-3E3B0328C30D}","Version":0,"Task":12804,"OpcodeValue":0,"RecordNumber":20329307,"ProcessID":4,"ThreadID":5660,"Channel":"Security","Message":"The handle to an object was closed.\r\n\r\nSubject :\r\n\tSecurity ID:\t\tS-1-5-21-3688015610-2013655948-1090528724-500\r\n\tAccount Name:\t\tAdministrator\r\n\tAccount Domain:\t\tMARVEL\r\n\tLogon ID:\t\t0x661FF\r\n\r\nObject:\r\n\tObject Server:\t\tSecurity Account Manager\r\n\tHandle ID:\t\t0x1f313270d50\r\n\r\nProcess Information:\r\n\tProcess ID:\t\t0x280\r\n\tProcess Name:\t\tC:\\Windows\\System32\\lsass.exe","Category":"Other Object Access Events","Opcode":"Info","SubjectUserSid":"S-1-5-21-3688015610-2013655948-1090528724-500","SubjectUserName":"Administrator","SubjectDomainName":"MARVEL","SubjectLogonId":"0x661ff","ObjectServer":"Security Account Manager","HandleId":"0x1f313270d50","ProcessName":"C:\\Windows\\System32\\lsass.exe","EventReceivedTime":"2021-09-01 00:27:49","SourceModuleName":"GuruculWindowsFull2016","SourceModuleType":"im_msvistalog"}
{"EventTime":"2021-09-01 00:27:49","Hostname":"HYDRA-DC.MARVEL.local","Keywords":-9214364837600034816,"EventType":"AUDIT_SUCCESS","SeverityValue":2,"Severity":"INFO","EventID":4658,"SourceName":"Microsoft-Windows-Security-Auditing","ProviderGuid":"{54849625-5478-4994-A5BA-3E3B0328C30D}","Version":0,"Task":12804,"OpcodeValue":0,"RecordNumber":20329310,"ProcessID":4,"ThreadID":5660,"Channel":"Security","Message":"The handle to an object was closed.\r\n\r\nSubject :\r\n\tSecurity ID:\t\tS-1-5-21-3688015610-2013655948-1090528724-500\r\n\tAccount Name:\t\tAdministrator\r\n\tAccount Domain:\t\tMARVEL\r\n\tLogon ID:\t\t0x661FF\r\n\r\nObject:\r\n\tObject Server:\t\tSecurity Account Manager\r\n\tHandle ID:\t\t0x1f313272560\r\n\r\nProcess Information:\r\n\tProcess ID:\t\t0x280\r\n\tProcess Name:\t\tC:\\Windows\\System32\\lsass.exe","Category":"Other Object Access Events","Opcode":"Info","SubjectUserSid":"S-1-5-21-3688015610-2013655948-1090528724-500","SubjectUserName":"Administrator","SubjectDomainName":"MARVEL","SubjectLogonId":"0x661ff","ObjectServer":"Security Account Manager","HandleId":"0x1f313272560","ProcessName":"C:\\Windows\\System32\\lsass.exe","EventReceivedTime":"2021-09-01 00:27:49","SourceModuleName":"GuruculWindowsFull2016","SourceModuleType":"im_msvistalog"}
{"EventTime":"2021-09-01 00:27:49","Hostname":"HYDRA-DC.MARVEL.local","Keywords":-9214364837600034816,"EventType":"AUDIT_SUCCESS","SeverityValue":2,"Severity":"INFO","EventID":4658,"SourceName":"Microsoft-Windows-Security-Auditing","ProviderGuid":"{54849625-5478-4994-A5BA-3E3B0328C30D}","Version":0,"Task":12804,"OpcodeValue":0,"RecordNumber":20329313,"ProcessID":4,"ThreadID":5660,"Channel":"Security","Message":"The handle to an object was closed.\r\n\r\nSubject :\r\n\tSecurity ID:\t\tS-1-5-21-3688015610-2013655948-1090528724-500\r\n\tAccount Name:\t\tAdministrator\r\n\tAccount Domain:\t\tMARVEL\r\n\tLogon ID:\t\t0x661FF\r\n\r\nObject:\r\n\tObject Server:\t\tSecurity Account Manager\r\n\tHandle ID:\t\t0x1f3132738a0\r\n\r\nProcess Information:\r\n\tProcess ID:\t\t0x280\r\n\tProcess Name:\t\tC:\\Windows\\System32\\lsass.exe","Category":"Other Object Access Events","Opcode":"Info","SubjectUserSid":"S-1-5-21-3688015610-2013655948-1090528724-500","SubjectUserName":"Administrator","SubjectDomainName":"MARVEL","SubjectLogonId":"0x661ff","ObjectServer":"Security Account Manager","HandleId":"0x1f3132738a0","ProcessName":"C:\\Windows\\System32\\lsass.exe","EventReceivedTime":"2021-09-01 00:27:49","SourceModuleName":"GuruculWindowsFull2016","SourceModuleType":"im_msvistalog"}
{"EventTime":"2021-09-01 00:27:49","Hostname":"HYDRA-DC.MARVEL.local","Keywords":-9214364837600034816,"EventType":"AUDIT_SUCCESS","SeverityValue":2,"Severity":"INFO","EventID":4799,"SourceName":"Microsoft-Windows-Security-Auditing","ProviderGuid":"{54849625-5478-4994-A5BA-3E3B0328C30D}","Version":0,"Task":13826,"OpcodeValue":0,"RecordNumber":20329314,"ProcessID":640,"ThreadID":3920,"Channel":"Security","Message":"A security-enabled local group membership was enumerated.\r\n\r\nSubject:\r\n\tSecurity ID:\t\tS-1-5-21-3688015610-2013655948-1090528724-500\r\n\tAccount Name:\t\tAdministrator\r\n\tAccount Domain:\t\tMARVEL\r\n\tLogon ID:\t\t0x661FF\r\n\r\nGroup:\r\n\tSecurity ID:\t\tS-1-5-32-544\r\n\tGroup Name:\t\tAdministrators\r\n\tGroup Domain:\t\tBuiltin\r\n\r\nProcess Information:\r\n\tProcess ID:\t\t0x18c8\r\n\tProcess Name:\t\tC:\\Windows\\System32\\ntdsutil.exe","Category":"Security Group Management","Opcode":"Info","TargetUserName":"Administrators","TargetDomainName":"Builtin","TargetSid":"S-1-5-32-544","SubjectUserSid":"S-1-5-21-3688015610-2013655948-1090528724-500","SubjectUserName":"Administrator","SubjectDomainName":"MARVEL","SubjectLogonId":"0x661ff","CallerProcessId":"0x18c8","CallerProcessName":"C:\\Windows\\System32\\ntdsutil.exe","EventReceivedTime":"2021-09-01 00:27:49","SourceModuleName":"GuruculWindowsFull2016","SourceModuleType":"im_msvistalog"}
{"EventTime":"2021-09-01 00:27:49","Hostname":"HYDRA-DC.MARVEL.local","Keywords":-9214364837600034816,"EventType":"AUDIT_SUCCESS","SeverityValue":2,"Severity":"INFO","EventID":4799,"SourceName":"Microsoft-Windows-Security-Auditing","ProviderGuid":"{54849625-5478-4994-A5BA-3E3B0328C30D}","Version":0,"Task":13826,"OpcodeValue":0,"RecordNumber":20329315,"ProcessID":640,"ThreadID":688,"Channel":"Security","Message":"A security-enabled local group membership was enumerated.\r\n\r\nSubject:\r\n\tSecurity ID:\t\tS-1-5-21-3688015610-2013655948-1090528724-500\r\n\tAccount Name:\t\tAdministrator\r\n\tAccount Domain:\t\tMARVEL\r\n\tLogon ID:\t\t0x661FF\r\n\r\nGroup:\r\n\tSecurity ID:\t\tS-1-5-32-544\r\n\tGroup Name:\t\tAdministrators\r\n\tGroup Domain:\t\tBuiltin\r\n\r\nProcess Information:\r\n\tProcess ID:\t\t0x18c8\r\n\tProcess Name:\t\tC:\\Windows\\System32\\ntdsutil.exe","Category":"Security Group Management","Opcode":"Info","TargetUserName":"Administrators","TargetDomainName":"Builtin","TargetSid":"S-1-5-32-544","SubjectUserSid":"S-1-5-21-3688015610-2013655948-1090528724-500","SubjectUserName":"Administrator","SubjectDomainName":"MARVEL","SubjectLogonId":"0x661ff","CallerProcessId":"0x18c8","CallerProcessName":"C:\\Windows\\System32\\ntdsutil.exe","EventReceivedTime":"2021-09-01 00:27:49","SourceModuleName":"GuruculWindowsFull2016","SourceModuleType":"im_msvistalog"}
{"EventTime":"2021-09-01 00:27:49","Hostname":"HYDRA-DC.MARVEL.local","Keywords":-9214364837600034816,"EventType":"AUDIT_SUCCESS","SeverityValue":2,"Severity":"INFO","EventID":4658,"SourceName":"Microsoft-Windows-Security-Auditing","ProviderGuid":"{54849625-5478-4994-A5BA-3E3B0328C30D}","Version":0,"Task":12804,"OpcodeValue":0,"RecordNumber":20329316,"ProcessID":4,"ThreadID":5660,"Channel":"Security","Message":"The handle to an object was closed.\r\n\r\nSubject :\r\n\tSecurity ID:\t\tS-1-5-21-3688015610-2013655948-1090528724-500\r\n\tAccount Name:\t\tAdministrator\r\n\tAccount Domain:\t\tMARVEL\r\n\tLogon ID:\t\t0x661FF\r\n\r\nObject:\r\n\tObject Server:\t\tSecurity Account Manager\r\n\tHandle ID:\t\t0x1f313272090\r\n\r\nProcess Information:\r\n\tProcess ID:\t\t0x280\r\n\tProcess Name:\t\tC:\\Windows\\System32\\lsass.exe","Category":"Other Object Access Events","Opcode":"Info","SubjectUserSid":"S-1-5-21-3688015610-2013655948-1090528724-500","SubjectUserName":"Administrator","SubjectDomainName":"MARVEL","SubjectLogonId":"0x661ff","ObjectServer":"Security Account Manager","HandleId":"0x1f313272090","ProcessName":"C:\\Windows\\System32\\lsass.exe","EventReceivedTime":"2021-09-01 00:27:49","SourceModuleName":"GuruculWindowsFull2016","SourceModuleType":"im_msvistalog"}
{"EventTime":"2021-09-01 00:27:49","Hostname":"HYDRA-DC.MARVEL.local","Keywords":-9214364837600034816,"EventType":"AUDIT_SUCCESS","SeverityValue":2,"Severity":"INFO","EventID":4658,"SourceName":"Microsoft-Windows-Security-Auditing","ProviderGuid":"{54849625-5478-4994-A5BA-3E3B0328C30D}","Version":0,"Task":12804,"OpcodeValue":0,"RecordNumber":20329317,"ProcessID":4,"ThreadID":5660,"Channel":"Security","Message":"The handle to an object was closed.\r\n\r\nSubject :\r\n\tSecurity ID:\t\tS-1-5-21-3688015610-2013655948-1090528724-500\r\n\tAccount Name:\t\tAdministrator\r\n\tAccount Domain:\t\tMARVEL\r\n\tLogon ID:\t\t0x661FF\r\n\r\nObject:\r\n\tObject Server:\t\tSecurity Account Manager\r\n\tHandle ID:\t\t0x1f313274240\r\n\r\nProcess Information:\r\n\tProcess ID:\t\t0x280\r\n\tProcess Name:\t\tC:\\Windows\\System32\\lsass.exe","Category":"Other Object Access Events","Opcode":"Info","SubjectUserSid":"S-1-5-21-3688015610-2013655948-1090528724-500","SubjectUserName":"Administrator","SubjectDomainName":"MARVEL","SubjectLogonId":"0x661ff","ObjectServer":"Security Account Manager","HandleId":"0x1f313274240","ProcessName":"C:\\Windows\\System32\\lsass.exe","EventReceivedTime":"2021-09-01 00:27:49","SourceModuleName":"GuruculWindowsFull2016","SourceModuleType":"im_msvistalog"}
{"EventTime":"2021-09-01 00:27:49","Hostname":"HYDRA-DC.MARVEL.local","Keywords":-9214364837600034816,"EventType":"AUDIT_SUCCESS","SeverityValue":2,"Severity":"INFO","EventID":4658,"SourceName":"Microsoft-Windows-Security-Auditing","ProviderGuid":"{54849625-5478-4994-A5BA-3E3B0328C30D}","Version":0,"Task":12804,"OpcodeValue":0,"RecordNumber":20329321,"ProcessID":4,"ThreadID":5660,"Channel":"Security","Message":"The handle to an object was closed.\r\n\r\nSubject :\r\n\tSecurity ID:\t\tS-1-5-21-3688015610-2013655948-1090528724-500\r\n\tAccount Name:\t\tAdministrator\r\n\tAccount Domain:\t\tMARVEL\r\n\tLogon ID:\t\t0x661FF\r\n\r\nObject:\r\n\tObject Server:\t\tSecurity Account Manager\r\n\tHandle ID:\t\t0x1f313272560\r\n\r\nProcess Information:\r\n\tProcess ID:\t\t0x280\r\n\tProcess Name:\t\tC:\\Windows\\System32\\lsass.exe","Category":"Other Object Access Events","Opcode":"Info","SubjectUserSid":"S-1-5-21-3688015610-2013655948-1090528724-500","SubjectUserName":"Administrator","SubjectDomainName":"MARVEL","SubjectLogonId":"0x661ff","ObjectServer":"Security Account Manager","HandleId":"0x1f313272560","ProcessName":"C:\\Windows\\System32\\lsass.exe","EventReceivedTime":"2021-09-01 00:27:49","SourceModuleName":"GuruculWindowsFull2016","SourceModuleType":"im_msvistalog"}
{"EventTime":"2021-09-01 00:27:49","Hostname":"HYDRA-DC.MARVEL.local","Keywords":-9214364837600034816,"EventType":"AUDIT_SUCCESS","SeverityValue":2,"Severity":"INFO","EventID":4799,"SourceName":"Microsoft-Windows-Security-Auditing","ProviderGuid":"{54849625-5478-4994-A5BA-3E3B0328C30D}","Version":0,"Task":13826,"OpcodeValue":0,"RecordNumber":20329322,"ProcessID":640,"ThreadID":3920,"Channel":"Security","Message":"A security-enabled local group membership was enumerated.\r\n\r\nSubject:\r\n\tSecurity ID:\t\tS-1-5-21-3688015610-2013655948-1090528724-500\r\n\tAccount Name:\t\tAdministrator\r\n\tAccount Domain:\t\tMARVEL\r\n\tLogon ID:\t\t0x661FF\r\n\r\nGroup:\r\n\tSecurity ID:\t\tS-1-5-32-551\r\n\tGroup Name:\t\tBackup Operators\r\n\tGroup Domain:\t\tBuiltin\r\n\r\nProcess Information:\r\n\tProcess ID:\t\t0x18c8\r\n\tProcess Name:\t\tC:\\Windows\\System32\\ntdsutil.exe","Category":"Security Group Management","Opcode":"Info","TargetUserName":"Backup Operators","TargetDomainName":"Builtin","TargetSid":"S-1-5-32-551","SubjectUserSid":"S-1-5-21-3688015610-2013655948-1090528724-500","SubjectUserName":"Administrator","SubjectDomainName":"MARVEL","SubjectLogonId":"0x661ff","CallerProcessId":"0x18c8","CallerProcessName":"C:\\Windows\\System32\\ntdsutil.exe","EventReceivedTime":"2021-09-01 00:27:49","SourceModuleName":"GuruculWindowsFull2016","SourceModuleType":"im_msvistalog"}
{"EventTime":"2021-09-01 00:27:49","Hostname":"HYDRA-DC.MARVEL.local","Keywords":-9214364837600034816,"EventType":"AUDIT_SUCCESS","SeverityValue":2,"Severity":"INFO","EventID":4658,"SourceName":"Microsoft-Windows-Security-Auditing","ProviderGuid":"{54849625-5478-4994-A5BA-3E3B0328C30D}","Version":0,"Task":12804,"OpcodeValue":0,"RecordNumber":20329324,"ProcessID":4,"ThreadID":5660,"Channel":"Security","Message":"The handle to an object was closed.\r\n\r\nSubject :\r\n\tSecurity ID:\t\tS-1-5-21-3688015610-2013655948-1090528724-500\r\n\tAccount Name:\t\tAdministrator\r\n\tAccount Domain:\t\tMARVEL\r\n\tLogon ID:\t\t0x661FF\r\n\r\nObject:\r\n\tObject Server:\t\tSecurity Account Manager\r\n\tHandle ID:\t\t0x1f3132738a0\r\n\r\nProcess Information:\r\n\tProcess ID:\t\t0x280\r\n\tProcess Name:\t\tC:\\Windows\\System32\\lsass.exe","Category":"Other Object Access Events","Opcode":"Info","SubjectUserSid":"S-1-5-21-3688015610-2013655948-1090528724-500","SubjectUserName":"Administrator","SubjectDomainName":"MARVEL","SubjectLogonId":"0x661ff","ObjectServer":"Security Account Manager","HandleId":"0x1f3132738a0","ProcessName":"C:\\Windows\\System32\\lsass.exe","EventReceivedTime":"2021-09-01 00:27:49","SourceModuleName":"GuruculWindowsFull2016","SourceModuleType":"im_msvistalog"}
{"EventTime":"2021-09-01 00:27:49","Hostname":"HYDRA-DC.MARVEL.local","Keywords":-9214364837600034816,"EventType":"AUDIT_SUCCESS","SeverityValue":2,"Severity":"INFO","EventID":4658,"SourceName":"Microsoft-Windows-Security-Auditing","ProviderGuid":"{54849625-5478-4994-A5BA-3E3B0328C30D}","Version":0,"Task":12804,"OpcodeValue":0,"RecordNumber":20329325,"ProcessID":4,"ThreadID":5660,"Channel":"Security","Message":"The handle to an object was closed.\r\n\r\nSubject :\r\n\tSecurity ID:\t\tS-1-5-21-3688015610-2013655948-1090528724-500\r\n\tAccount Name:\t\tAdministrator\r\n\tAccount Domain:\t\tMARVEL\r\n\tLogon ID:\t\t0x661FF\r\n\r\nObject:\r\n\tObject Server:\t\tSecurity Account Manager\r\n\tHandle ID:\t\t0x1f313273d70\r\n\r\nProcess Information:\r\n\tProcess ID:\t\t0x280\r\n\tProcess Name:\t\tC:\\Windows\\System32\\lsass.exe","Category":"Other Object Access Events","Opcode":"Info","SubjectUserSid":"S-1-5-21-3688015610-2013655948-1090528724-500","SubjectUserName":"Administrator","SubjectDomainName":"MARVEL","SubjectLogonId":"0x661ff","ObjectServer":"Security Account Manager","HandleId":"0x1f313273d70","ProcessName":"C:\\Windows\\System32\\lsass.exe","EventReceivedTime":"2021-09-01 00:27:49","SourceModuleName":"GuruculWindowsFull2016","SourceModuleType":"im_msvistalog"}
{"EventTime":"2021-09-01 00:27:49","Hostname":"HYDRA-DC.MARVEL.local","Keywords":-9214364837600034816,"EventType":"AUDIT_SUCCESS","SeverityValue":2,"Severity":"INFO","EventID":4799,"SourceName":"Microsoft-Windows-Security-Auditing","ProviderGuid":"{54849625-5478-4994-A5BA-3E3B0328C30D}","Version":0,"Task":13826,"OpcodeValue":0,"RecordNumber":20329326,"ProcessID":640,"ThreadID":688,"Channel":"Security","Message":"A security-enabled local group membership was enumerated.\r\n\r\nSubject:\r\n\tSecurity ID:\t\tS-1-5-21-3688015610-2013655948-1090528724-500\r\n\tAccount Name:\t\tAdministrator\r\n\tAccount Domain:\t\tMARVEL\r\n\tLogon ID:\t\t0x661FF\r\n\r\nGroup:\r\n\tSecurity ID:\t\tS-1-5-32-551\r\n\tGroup Name:\t\tBackup Operators\r\n\tGroup Domain:\t\tBuiltin\r\n\r\nProcess Information:\r\n\tProcess ID:\t\t0x18c8\r\n\tProcess Name:\t\tC:\\Windows\\System32\\ntdsutil.exe","Category":"Security Group Management","Opcode":"Info","TargetUserName":"Backup Operators","TargetDomainName":"Builtin","TargetSid":"S-1-5-32-551","SubjectUserSid":"S-1-5-21-3688015610-2013655948-1090528724-500","SubjectUserName":"Administrator","SubjectDomainName":"MARVEL","SubjectLogonId":"0x661ff","CallerProcessId":"0x18c8","CallerProcessName":"C:\\Windows\\System32\\ntdsutil.exe","EventReceivedTime":"2021-09-01 00:27:49","SourceModuleName":"GuruculWindowsFull2016","SourceModuleType":"im_msvistalog"}
{"EventTime":"2021-09-01 00:27:49","Hostname":"HYDRA-DC.MARVEL.local","Keywords":-9214364837600034816,"EventType":"AUDIT_SUCCESS","SeverityValue":2,"Severity":"INFO","EventID":4658,"SourceName":"Microsoft-Windows-Security-Auditing","ProviderGuid":"{54849625-5478-4994-A5BA-3E3B0328C30D}","Version":0,"Task":12804,"OpcodeValue":0,"RecordNumber":20329327,"ProcessID":4,"ThreadID":5660,"Channel":"Security","Message":"The handle to an object was closed.\r\n\r\nSubject :\r\n\tSecurity ID:\t\tS-1-5-21-3688015610-2013655948-1090528724-500\r\n\tAccount Name:\t\tAdministrator\r\n\tAccount Domain:\t\tMARVEL\r\n\tLogon ID:\t\t0x661FF\r\n\r\nObject:\r\n\tObject Server:\t\tSecurity Account Manager\r\n\tHandle ID:\t\t0x1f313274240\r\n\r\nProcess Information:\r\n\tProcess ID:\t\t0x280\r\n\tProcess Name:\t\tC:\\Windows\\System32\\lsass.exe","Category":"Other Object Access Events","Opcode":"Info","SubjectUserSid":"S-1-5-21-3688015610-2013655948-1090528724-500","SubjectUserName":"Administrator","SubjectDomainName":"MARVEL","SubjectLogonId":"0x661ff","ObjectServer":"Security Account Manager","HandleId":"0x1f313274240","ProcessName":"C:\\Windows\\System32\\lsass.exe","EventReceivedTime":"2021-09-01 00:27:49","SourceModuleName":"GuruculWindowsFull2016","SourceModuleType":"im_msvistalog"}
{"EventTime":"2021-09-01 00:27:49","Hostname":"HYDRA-DC.MARVEL.local","Keywords":-9214364837600034816,"EventType":"AUDIT_SUCCESS","SeverityValue":2,"Severity":"INFO","EventID":4658,"SourceName":"Microsoft-Windows-Security-Auditing","ProviderGuid":"{54849625-5478-4994-A5BA-3E3B0328C30D}","Version":0,"Task":12812,"OpcodeValue":0,"RecordNumber":20329328,"ProcessID":4,"ThreadID":5660,"Channel":"Security","Message":"The handle to an object was closed.\r\n\r\nSubject :\r\n\tSecurity ID:\t\tS-1-5-18\r\n\tAccount Name:\t\tHYDRA-DC$\r\n\tAccount Domain:\t\tMARVEL\r\n\tLogon ID:\t\t0x3E7\r\n\r\nObject:\r\n\tObject Server:\t\tSecurity\r\n\tHandle ID:\t\t0x1d0\r\n\r\nProcess Information:\r\n\tProcess ID:\t\t0x1038\r\n\tProcess Name:\t\tC:\\Windows\\System32\\svchost.exe","Category":"Removable Storage","Opcode":"Info","SubjectUserSid":"S-1-5-18","SubjectUserName":"HYDRA-DC$","SubjectDomainName":"MARVEL","SubjectLogonId":"0x3e7","ObjectServer":"Security","HandleId":"0x1d0","ProcessName":"C:\\Windows\\System32\\svchost.exe","EventReceivedTime":"2021-09-01 00:27:49","SourceModuleName":"GuruculWindowsFull2016","SourceModuleType":"im_msvistalog"}
{"EventTime":"2021-09-01 00:27:49","Hostname":"HYDRA-DC.MARVEL.local","Keywords":-9214364837600034816,"EventType":"AUDIT_SUCCESS","SeverityValue":2,"Severity":"INFO","EventID":4658,"SourceName":"Microsoft-Windows-Security-Auditing","ProviderGuid":"{54849625-5478-4994-A5BA-3E3B0328C30D}","Version":0,"Task":12812,"OpcodeValue":0,"RecordNumber":20329329,"ProcessID":4,"ThreadID":5660,"Channel":"Security","Message":"The handle to an object was closed.\r\n\r\nSubject :\r\n\tSecurity ID:\t\tS-1-5-18\r\n\tAccount Name:\t\tHYDRA-DC$\r\n\tAccount Domain:\t\tMARVEL\r\n\tLogon ID:\t\t0x3E7\r\n\r\nObject:\r\n\tObject Server:\t\tSecurity\r\n\tHandle ID:\t\t0x1d0\r\n\r\nProcess Information:\r\n\tProcess ID:\t\t0x1038\r\n\tProcess Name:\t\tC:\\Windows\\System32\\svchost.exe","Category":"Removable Storage","Opcode":"Info","SubjectUserSid":"S-1-5-18","SubjectUserName":"HYDRA-DC$","SubjectDomainName":"MARVEL","SubjectLogonId":"0x3e7","ObjectServer":"Security","HandleId":"0x1d0","ProcessName":"C:\\Windows\\System32\\svchost.exe","EventReceivedTime":"2021-09-01 00:27:49","SourceModuleName":"GuruculWindowsFull2016","SourceModuleType":"im_msvistalog"}
{"EventTime":"2021-09-01 00:27:49","Hostname":"HYDRA-DC.MARVEL.local","Keywords":-9214364837600034816,"EventType":"AUDIT_SUCCESS","SeverityValue":2,"Severity":"INFO","EventID":4658,"SourceName":"Microsoft-Windows-Security-Auditing","ProviderGuid":"{54849625-5478-4994-A5BA-3E3B0328C30D}","Version":0,"Task":12812,"OpcodeValue":0,"RecordNumber":20329331,"ProcessID":4,"ThreadID":284,"Channel":"Security","Message":"The handle to an object was closed.\r\n\r\nSubject :\r\n\tSecurity ID:\t\tS-1-5-18\r\n\tAccount Name:\t\tHYDRA-DC$\r\n\tAccount Domain:\t\tMARVEL\r\n\tLogon ID:\t\t0x3E7\r\n\r\nObject:\r\n\tObject Server:\t\tSecurity\r\n\tHandle ID:\t\t0x170c\r\n\r\nProcess Information:\r\n\tProcess ID:\t\t0x120c\r\n\tProcess Name:\t\tC:\\Windows\\System32\\svchost.exe","Category":"Removable Storage","Opcode":"Info","SubjectUserSid":"S-1-5-18","SubjectUserName":"HYDRA-DC$","SubjectDomainName":"MARVEL","SubjectLogonId":"0x3e7","ObjectServer":"Security","HandleId":"0x170c","ProcessName":"C:\\Windows\\System32\\svchost.exe","EventReceivedTime":"2021-09-01 00:27:49","SourceModuleName":"GuruculWindowsFull2016","SourceModuleType":"im_msvistalog"}
{"EventTime":"2021-09-01 00:27:49","Hostname":"HYDRA-DC.MARVEL.local","Keywords":-9214364837600034816,"EventType":"AUDIT_SUCCESS","SeverityValue":2,"Severity":"INFO","EventID":4656,"SourceName":"Microsoft-Windows-Security-Auditing","ProviderGuid":"{54849625-5478-4994-A5BA-3E3B0328C30D}","Version":1,"Task":12812,"OpcodeValue":0,"RecordNumber":20329332,"ProcessID":4,"ThreadID":284,"Channel":"Security","Message":"A handle to an object was requested.\r\n\r\nSubject:\r\n\tSecurity ID:\t\tS-1-5-18\r\n\tAccount Name:\t\tHYDRA-DC$\r\n\tAccount Domain:\t\tMARVEL\r\n\tLogon ID:\t\t0x3E7\r\n\r\nObject:\r\n\tObject Server:\t\tSecurity\r\n\tObject Type:\t\tFile\r\n\tObject Name:\t\t\\Device\\CdRom0\r\n\tHandle ID:\t\t0x1dc\r\n\tResource Attributes:\t-\r\n\r\nProcess Information:\r\n\tProcess ID:\t\t0x120c\r\n\tProcess Name:\t\tC:\\Windows\\System32\\svchost.exe\r\n\r\nAccess Request Information:\r\n\tTransaction ID:\t\t{00000000-0000-0000-0000-000000000000}\r\n\tAccesses:\t\tREAD_CONTROL\r\n\t\t\t\tSYNCHRONIZE\r\n\t\t\t\tReadData (or ListDirectory)\r\n\t\t\t\tWriteData (or AddFile)\r\n\t\t\t\tAppendData (or AddSubdirectory or CreatePipeInstance)\r\n\t\t\t\tReadEA\r\n\t\t\t\tWriteEA\r\n\t\t\t\tReadAttributes\r\n\t\t\t\tWriteAttributes\r\n\t\t\t\t\r\n\tAccess Reasons:\t\t-\r\n\tAccess Mask:\t\t0x12019F\r\n\tPrivileges Used for Access Check:\t-\r\n\tRestricted SID Count:\t0","Category":"Removable Storage","Opcode":"Info","SubjectUserSid":"S-1-5-18","SubjectUserName":"HYDRA-DC$","SubjectDomainName":"MARVEL","SubjectLogonId":"0x3e7","ObjectServer":"Security","ObjectType":"File","ObjectName":"\\Device\\CdRom0","HandleId":"0x1dc","TransactionId":"{00000000-0000-0000-0000-000000000000}","AccessList":"%%1538\r\n\t\t\t\t%%1541\r\n\t\t\t\t%%4416\r\n\t\t\t\t%%4417\r\n\t\t\t\t%%4418\r\n\t\t\t\t%%4419\r\n\t\t\t\t%%4420\r\n\t\t\t\t%%4423\r\n\t\t\t\t%%4424\r\n\t\t\t\t","AccessReason":"-","AccessMask":"0x12019f","PrivilegeList":"-","RestrictedSidCount":"0","ProcessName":"C:\\Windows\\System32\\svchost.exe","ResourceAttributes":"-","EventReceivedTime":"2021-09-01 00:27:49","SourceModuleName":"GuruculWindowsFull2016","SourceModuleType":"im_msvistalog"}
{"EventTime":"2021-09-01 00:27:49","Hostname":"HYDRA-DC.MARVEL.local","Keywords":-9214364837600034816,"EventType":"AUDIT_SUCCESS","SeverityValue":2,"Severity":"INFO","EventID":4658,"SourceName":"Microsoft-Windows-Security-Auditing","ProviderGuid":"{54849625-5478-4994-A5BA-3E3B0328C30D}","Version":0,"Task":12812,"OpcodeValue":0,"RecordNumber":20329333,"ProcessID":4,"ThreadID":284,"Channel":"Security","Message":"The handle to an object was closed.\r\n\r\nSubject :\r\n\tSecurity ID:\t\tS-1-5-18\r\n\tAccount Name:\t\tHYDRA-DC$\r\n\tAccount Domain:\t\tMARVEL\r\n\tLogon ID:\t\t0x3E7\r\n\r\nObject:\r\n\tObject Server:\t\tSecurity\r\n\tHandle ID:\t\t0x1dc\r\n\r\nProcess Information:\r\n\tProcess ID:\t\t0x120c\r\n\tProcess Name:\t\tC:\\Windows\\System32\\svchost.exe","Category":"Removable Storage","Opcode":"Info","SubjectUserSid":"S-1-5-18","SubjectUserName":"HYDRA-DC$","SubjectDomainName":"MARVEL","SubjectLogonId":"0x3e7","ObjectServer":"Security","HandleId":"0x1dc","ProcessName":"C:\\Windows\\System32\\svchost.exe","EventReceivedTime":"2021-09-01 00:27:49","SourceModuleName":"GuruculWindowsFull2016","SourceModuleType":"im_msvistalog"}
{"EventTime":"2021-09-01 00:27:49","Hostname":"HYDRA-DC.MARVEL.local","Keywords":-9214364837600034816,"EventType":"AUDIT_SUCCESS","SeverityValue":2,"Severity":"INFO","EventID":4658,"SourceName":"Microsoft-Windows-Security-Auditing","ProviderGuid":"{54849625-5478-4994-A5BA-3E3B0328C30D}","Version":0,"Task":12812,"OpcodeValue":0,"RecordNumber":20329334,"ProcessID":4,"ThreadID":232,"Channel":"Security","Message":"The handle to an object was closed.\r\n\r\nSubject :\r\n\tSecurity ID:\t\tS-1-5-18\r\n\tAccount Name:\t\tHYDRA-DC$\r\n\tAccount Domain:\t\tMARVEL\r\n\tLogon ID:\t\t0x3E7\r\n\r\nObject:\r\n\tObject Server:\t\tSecurity\r\n\tHandle ID:\t\t0x1d0\r\n\r\nProcess Information:\r\n\tProcess ID:\t\t0x1038\r\n\tProcess Name:\t\tC:\\Windows\\System32\\svchost.exe","Category":"Removable Storage","Opcode":"Info","SubjectUserSid":"S-1-5-18","SubjectUserName":"HYDRA-DC$","SubjectDomainName":"MARVEL","SubjectLogonId":"0x3e7","ObjectServer":"Security","HandleId":"0x1d0","ProcessName":"C:\\Windows\\System32\\svchost.exe","EventReceivedTime":"2021-09-01 00:27:49","SourceModuleName":"GuruculWindowsFull2016","SourceModuleType":"im_msvistalog"}
{"EventTime":"2021-09-01 00:27:49","Hostname":"HYDRA-DC.MARVEL.local","Keywords":-9214364837600034816,"EventType":"AUDIT_SUCCESS","SeverityValue":2,"Severity":"INFO","EventID":4658,"SourceName":"Microsoft-Windows-Security-Auditing","ProviderGuid":"{54849625-5478-4994-A5BA-3E3B0328C30D}","Version":0,"Task":12812,"OpcodeValue":0,"RecordNumber":20329335,"ProcessID":4,"ThreadID":232,"Channel":"Security","Message":"The handle to an object was closed.\r\n\r\nSubject :\r\n\tSecurity ID:\t\tS-1-5-18\r\n\tAccount Name:\t\tHYDRA-DC$\r\n\tAccount Domain:\t\tMARVEL\r\n\tLogon ID:\t\t0x3E7\r\n\r\nObject:\r\n\tObject Server:\t\tSecurity\r\n\tHandle ID:\t\t0x1d0\r\n\r\nProcess Information:\r\n\tProcess ID:\t\t0x1038\r\n\tProcess Name:\t\tC:\\Windows\\System32\\svchost.exe","Category":"Removable Storage","Opcode":"Info","SubjectUserSid":"S-1-5-18","SubjectUserName":"HYDRA-DC$","SubjectDomainName":"MARVEL","SubjectLogonId":"0x3e7","ObjectServer":"Security","HandleId":"0x1d0","ProcessName":"C:\\Windows\\System32\\svchost.exe","EventReceivedTime":"2021-09-01 00:27:49","SourceModuleName":"GuruculWindowsFull2016","SourceModuleType":"im_msvistalog"}
{"EventTime":"2021-09-01 00:27:49","Hostname":"HYDRA-DC.MARVEL.local","Keywords":-9214364837600034816,"EventType":"AUDIT_SUCCESS","SeverityValue":2,"Severity":"INFO","EventID":4658,"SourceName":"Microsoft-Windows-Security-Auditing","ProviderGuid":"{54849625-5478-4994-A5BA-3E3B0328C30D}","Version":0,"Task":12812,"OpcodeValue":0,"RecordNumber":20329336,"ProcessID":4,"ThreadID":5660,"Channel":"Security","Message":"The handle to an object was closed.\r\n\r\nSubject :\r\n\tSecurity ID:\t\tS-1-5-18\r\n\tAccount Name:\t\tHYDRA-DC$\r\n\tAccount Domain:\t\tMARVEL\r\n\tLogon ID:\t\t0x3E7\r\n\r\nObject:\r\n\tObject Server:\t\tSecurity\r\n\tHandle ID:\t\t0x1d0\r\n\r\nProcess Information:\r\n\tProcess ID:\t\t0x1038\r\n\tProcess Name:\t\tC:\\Windows\\System32\\svchost.exe","Category":"Removable Storage","Opcode":"Info","SubjectUserSid":"S-1-5-18","SubjectUserName":"HYDRA-DC$","SubjectDomainName":"MARVEL","SubjectLogonId":"0x3e7","ObjectServer":"Security","HandleId":"0x1d0","ProcessName":"C:\\Windows\\System32\\svchost.exe","EventReceivedTime":"2021-09-01 00:27:49","SourceModuleName":"GuruculWindowsFull2016","SourceModuleType":"im_msvistalog"}
{"EventTime":"2021-09-01 00:27:49","Hostname":"HYDRA-DC.MARVEL.local","Keywords":-9214364837600034816,"EventType":"AUDIT_SUCCESS","SeverityValue":2,"Severity":"INFO","EventID":4658,"SourceName":"Microsoft-Windows-Security-Auditing","ProviderGuid":"{54849625-5478-4994-A5BA-3E3B0328C30D}","Version":0,"Task":12812,"OpcodeValue":0,"RecordNumber":20329337,"ProcessID":4,"ThreadID":5660,"Channel":"Security","Message":"The handle to an object was closed.\r\n\r\nSubject :\r\n\tSecurity ID:\t\tS-1-5-18\r\n\tAccount Name:\t\tHYDRA-DC$\r\n\tAccount Domain:\t\tMARVEL\r\n\tLogon ID:\t\t0x3E7\r\n\r\nObject:\r\n\tObject Server:\t\tSecurity\r\n\tHandle ID:\t\t0x1d0\r\n\r\nProcess Information:\r\n\tProcess ID:\t\t0x1038\r\n\tProcess Name:\t\tC:\\Windows\\System32\\svchost.exe","Category":"Removable Storage","Opcode":"Info","SubjectUserSid":"S-1-5-18","SubjectUserName":"HYDRA-DC$","SubjectDomainName":"MARVEL","SubjectLogonId":"0x3e7","ObjectServer":"Security","HandleId":"0x1d0","ProcessName":"C:\\Windows\\System32\\svchost.exe","EventReceivedTime":"2021-09-01 00:27:49","SourceModuleName":"GuruculWindowsFull2016","SourceModuleType":"im_msvistalog"}
{"EventTime":"2021-09-01 00:27:49","Hostname":"HYDRA-DC.MARVEL.local","Keywords":-9214364837600034816,"EventType":"AUDIT_SUCCESS","SeverityValue":2,"Severity":"INFO","EventID":4658,"SourceName":"Microsoft-Windows-Security-Auditing","ProviderGuid":"{54849625-5478-4994-A5BA-3E3B0328C30D}","Version":0,"Task":12812,"OpcodeValue":0,"RecordNumber":20329338,"ProcessID":4,"ThreadID":5660,"Channel":"Security","Message":"The handle to an object was closed.\r\n\r\nSubject :\r\n\tSecurity ID:\t\tS-1-5-18\r\n\tAccount Name:\t\tHYDRA-DC$\r\n\tAccount Domain:\t\tMARVEL\r\n\tLogon ID:\t\t0x3E7\r\n\r\nObject:\r\n\tObject Server:\t\tSecurity\r\n\tHandle ID:\t\t0x198\r\n\r\nProcess Information:\r\n\tProcess ID:\t\t0x1038\r\n\tProcess Name:\t\tC:\\Windows\\System32\\svchost.exe","Category":"Removable Storage","Opcode":"Info","SubjectUserSid":"S-1-5-18","SubjectUserName":"HYDRA-DC$","SubjectDomainName":"MARVEL","SubjectLogonId":"0x3e7","ObjectServer":"Security","HandleId":"0x198","ProcessName":"C:\\Windows\\System32\\svchost.exe","EventReceivedTime":"2021-09-01 00:27:49","SourceModuleName":"GuruculWindowsFull2016","SourceModuleType":"im_msvistalog"}
{"EventTime":"2021-09-01 00:27:49","Hostname":"HYDRA-DC.MARVEL.local","Keywords":-9214364837600034816,"EventType":"AUDIT_SUCCESS","SeverityValue":2,"Severity":"INFO","EventID":4658,"SourceName":"Microsoft-Windows-Security-Auditing","ProviderGuid":"{54849625-5478-4994-A5BA-3E3B0328C30D}","Version":0,"Task":12812,"OpcodeValue":0,"RecordNumber":20329339,"ProcessID":4,"ThreadID":5660,"Channel":"Security","Message":"The handle to an object was closed.\r\n\r\nSubject :\r\n\tSecurity ID:\t\tS-1-5-18\r\n\tAccount Name:\t\tHYDRA-DC$\r\n\tAccount Domain:\t\tMARVEL\r\n\tLogon ID:\t\t0x3E7\r\n\r\nObject:\r\n\tObject Server:\t\tSecurity\r\n\tHandle ID:\t\t0x198\r\n\r\nProcess Information:\r\n\tProcess ID:\t\t0x1038\r\n\tProcess Name:\t\tC:\\Windows\\System32\\svchost.exe","Category":"Removable Storage","Opcode":"Info","SubjectUserSid":"S-1-5-18","SubjectUserName":"HYDRA-DC$","SubjectDomainName":"MARVEL","SubjectLogonId":"0x3e7","ObjectServer":"Security","HandleId":"0x198","ProcessName":"C:\\Windows\\System32\\svchost.exe","EventReceivedTime":"2021-09-01 00:27:49","SourceModuleName":"GuruculWindowsFull2016","SourceModuleType":"im_msvistalog"}
{"EventTime":"2021-09-01 00:27:49","Hostname":"HYDRA-DC.MARVEL.local","Keywords":-9218868437227405312,"EventType":"AUDIT_FAILURE","SeverityValue":4,"Severity":"ERROR","EventID":4673,"SourceName":"Microsoft-Windows-Security-Auditing","ProviderGuid":"{54849625-5478-4994-A5BA-3E3B0328C30D}","Version":0,"Task":13056,"OpcodeValue":0,"RecordNumber":20329340,"ProcessID":4,"ThreadID":5660,"Channel":"Security","Message":"A privileged service was called.\r\n\r\nSubject:\r\n\tSecurity ID:\t\tS-1-5-21-3688015610-2013655948-1090528724-500\r\n\tAccount Name:\t\tAdministrator\r\n\tAccount Domain:\t\tMARVEL\r\n\tLogon ID:\t\t0x66232\r\n\r\nService:\r\n\tServer:\tSecurity\r\n\tService Name:\t-\r\n\r\nProcess:\r\n\tProcess ID:\t0x14a0\r\n\tProcess Name:\tC:\\Windows\\explorer.exe\r\n\r\nService Request Information:\r\n\tPrivileges:\t\tSeTcbPrivilege","Category":"Sensitive Privilege Use","Opcode":"Info","SubjectUserSid":"S-1-5-21-3688015610-2013655948-1090528724-500","SubjectUserName":"Administrator","SubjectDomainName":"MARVEL","SubjectLogonId":"0x66232","ObjectServer":"Security","Service":"-","PrivilegeList":"SeTcbPrivilege","ProcessName":"C:\\Windows\\explorer.exe","EventReceivedTime":"2021-09-01 00:27:49","SourceModuleName":"GuruculWindowsFull2016","SourceModuleType":"im_msvistalog"}
{"EventTime":"2021-09-01 00:27:49","Hostname":"HYDRA-DC.MARVEL.local","Keywords":-9214364837600034816,"EventType":"AUDIT_SUCCESS","SeverityValue":2,"Severity":"INFO","EventID":4673,"SourceName":"Microsoft-Windows-Security-Auditing","ProviderGuid":"{54849625-5478-4994-A5BA-3E3B0328C30D}","Version":0,"Task":13056,"OpcodeValue":0,"RecordNumber":20329341,"ProcessID":4,"ThreadID":232,"Channel":"Security","Message":"A privileged service was called.\r\n\r\nSubject:\r\n\tSecurity ID:\t\tS-1-5-21-3688015610-2013655948-1090528724-500\r\n\tAccount Name:\t\tAdministrator\r\n\tAccount Domain:\t\tMARVEL\r\n\tLogon ID:\t\t0x661FF\r\n\r\nService:\r\n\tServer:\tSecurity\r\n\tService Name:\t-\r\n\r\nProcess:\r\n\tProcess ID:\t0x18c8\r\n\tProcess Name:\tC:\\Windows\\System32\\ntdsutil.exe\r\n\r\nService Request Information:\r\n\tPrivileges:\t\tSeCreateGlobalPrivilege","Category":"Sensitive Privilege Use","Opcode":"Info","SubjectUserSid":"S-1-5-21-3688015610-2013655948-1090528724-500","SubjectUserName":"Administrator","SubjectDomainName":"MARVEL","SubjectLogonId":"0x661ff","ObjectServer":"Security","Service":"-","PrivilegeList":"SeCreateGlobalPrivilege","ProcessName":"C:\\Windows\\System32\\ntdsutil.exe","EventReceivedTime":"2021-09-01 00:27:49","SourceModuleName":"GuruculWindowsFull2016","SourceModuleType":"im_msvistalog"}
{"EventTime":"2021-09-01 00:27:49","Hostname":"HYDRA-DC.MARVEL.local","Keywords":-9214364837600034816,"EventType":"AUDIT_SUCCESS","SeverityValue":2,"Severity":"INFO","EventID":4673,"SourceName":"Microsoft-Windows-Security-Auditing","ProviderGuid":"{54849625-5478-4994-A5BA-3E3B0328C30D}","Version":0,"Task":13056,"OpcodeValue":0,"RecordNumber":20329342,"ProcessID":4,"ThreadID":5660,"Channel":"Security","Message":"A privileged service was called.\r\n\r\nSubject:\r\n\tSecurity ID:\t\tS-1-5-21-3688015610-2013655948-1090528724-500\r\n\tAccount Name:\t\tAdministrator\r\n\tAccount Domain:\t\tMARVEL\r\n\tLogon ID:\t\t0x661FF\r\n\r\nService:\r\n\tServer:\tSecurity\r\n\tService Name:\t-\r\n\r\nProcess:\r\n\tProcess ID:\t0x18c8\r\n\tProcess Name:\tC:\\Windows\\System32\\ntdsutil.exe\r\n\r\nService Request Information:\r\n\tPrivileges:\t\tSeCreateGlobalPrivilege","Category":"Sensitive Privilege Use","Opcode":"Info","SubjectUserSid":"S-1-5-21-3688015610-2013655948-1090528724-500","SubjectUserName":"Administrator","SubjectDomainName":"MARVEL","SubjectLogonId":"0x661ff","ObjectServer":"Security","Service":"-","PrivilegeList":"SeCreateGlobalPrivilege","ProcessName":"C:\\Windows\\System32\\ntdsutil.exe","EventReceivedTime":"2021-09-01 00:27:49","SourceModuleName":"GuruculWindowsFull2016","SourceModuleType":"im_msvistalog"}
{"EventTime":"2021-09-01 00:27:49","Hostname":"HYDRA-DC.MARVEL.local","Keywords":-9214364837600034816,"EventType":"AUDIT_SUCCESS","SeverityValue":2,"Severity":"INFO","EventID":4658,"SourceName":"Microsoft-Windows-Security-Auditing","ProviderGuid":"{54849625-5478-4994-A5BA-3E3B0328C30D}","Version":0,"Task":12804,"OpcodeValue":0,"RecordNumber":20329348,"ProcessID":4,"ThreadID":5660,"Channel":"Security","Message":"The handle to an object was closed.\r\n\r\nSubject :\r\n\tSecurity ID:\t\tS-1-5-21-3688015610-2013655948-1090528724-500\r\n\tAccount Name:\t\tAdministrator\r\n\tAccount Domain:\t\tMARVEL\r\n\tLogon ID:\t\t0x66232\r\n\r\nObject:\r\n\tObject Server:\t\tSecurity Account Manager\r\n\tHandle ID:\t\t0x1f313274240\r\n\r\nProcess Information:\r\n\tProcess ID:\t\t0x280\r\n\tProcess Name:\t\tC:\\Windows\\System32\\lsass.exe","Category":"Other Object Access Events","Opcode":"Info","SubjectUserSid":"S-1-5-21-3688015610-2013655948-1090528724-500","SubjectUserName":"Administrator","SubjectDomainName":"MARVEL","SubjectLogonId":"0x66232","ObjectServer":"Security Account Manager","HandleId":"0x1f313274240","ProcessName":"C:\\Windows\\System32\\lsass.exe","EventReceivedTime":"2021-09-01 00:27:50","SourceModuleName":"GuruculWindowsFull2016","SourceModuleType":"im_msvistalog"}
{"EventTime":"2021-09-01 00:27:49","Hostname":"HYDRA-DC.MARVEL.local","Keywords":-9214364837600034816,"EventType":"AUDIT_SUCCESS","SeverityValue":2,"Severity":"INFO","EventID":4658,"SourceName":"Microsoft-Windows-Security-Auditing","ProviderGuid":"{54849625-5478-4994-A5BA-3E3B0328C30D}","Version":0,"Task":12804,"OpcodeValue":0,"RecordNumber":20329349,"ProcessID":4,"ThreadID":5660,"Channel":"Security","Message":"The handle to an object was closed.\r\n\r\nSubject :\r\n\tSecurity ID:\t\tS-1-5-21-3688015610-2013655948-1090528724-500\r\n\tAccount Name:\t\tAdministrator\r\n\tAccount Domain:\t\tMARVEL\r\n\tLogon ID:\t\t0x66232\r\n\r\nObject:\r\n\tObject Server:\t\tSecurity Account Manager\r\n\tHandle ID:\t\t0x1f313272560\r\n\r\nProcess Information:\r\n\tProcess ID:\t\t0x280\r\n\tProcess Name:\t\tC:\\Windows\\System32\\lsass.exe","Category":"Other Object Access Events","Opcode":"Info","SubjectUserSid":"S-1-5-21-3688015610-2013655948-1090528724-500","SubjectUserName":"Administrator","SubjectDomainName":"MARVEL","SubjectLogonId":"0x66232","ObjectServer":"Security Account Manager","HandleId":"0x1f313272560","ProcessName":"C:\\Windows\\System32\\lsass.exe","EventReceivedTime":"2021-09-01 00:27:50","SourceModuleName":"GuruculWindowsFull2016","SourceModuleType":"im_msvistalog"}
{"EventTime":"2021-09-01 00:27:49","Hostname":"HYDRA-DC.MARVEL.local","Keywords":-9214364837600034816,"EventType":"AUDIT_SUCCESS","SeverityValue":2,"Severity":"INFO","EventID":4658,"SourceName":"Microsoft-Windows-Security-Auditing","ProviderGuid":"{54849625-5478-4994-A5BA-3E3B0328C30D}","Version":0,"Task":12804,"OpcodeValue":0,"RecordNumber":20329350,"ProcessID":4,"ThreadID":5660,"Channel":"Security","Message":"The handle to an object was closed.\r\n\r\nSubject :\r\n\tSecurity ID:\t\tS-1-5-21-3688015610-2013655948-1090528724-500\r\n\tAccount Name:\t\tAdministrator\r\n\tAccount Domain:\t\tMARVEL\r\n\tLogon ID:\t\t0x66232\r\n\r\nObject:\r\n\tObject Server:\t\tSecurity Account Manager\r\n\tHandle ID:\t\t0x1f313273d70\r\n\r\nProcess Information:\r\n\tProcess ID:\t\t0x280\r\n\tProcess Name:\t\tC:\\Windows\\System32\\lsass.exe","Category":"Other Object Access Events","Opcode":"Info","SubjectUserSid":"S-1-5-21-3688015610-2013655948-1090528724-500","SubjectUserName":"Administrator","SubjectDomainName":"MARVEL","SubjectLogonId":"0x66232","ObjectServer":"Security Account Manager","HandleId":"0x1f313273d70","ProcessName":"C:\\Windows\\System32\\lsass.exe","EventReceivedTime":"2021-09-01 00:27:50","SourceModuleName":"GuruculWindowsFull2016","SourceModuleType":"im_msvistalog"}
{"EventTime":"2021-09-01 00:27:50","Hostname":"HYDRA-DC.MARVEL.local","Keywords":-9214364837600034816,"EventType":"AUDIT_SUCCESS","SeverityValue":2,"Severity":"INFO","EventID":4658,"SourceName":"Microsoft-Windows-Security-Auditing","ProviderGuid":"{54849625-5478-4994-A5BA-3E3B0328C30D}","Version":0,"Task":12812,"OpcodeValue":0,"RecordNumber":20329351,"ProcessID":4,"ThreadID":5660,"Channel":"Security","Message":"The handle to an object was closed.\r\n\r\nSubject :\r\n\tSecurity ID:\t\tS-1-5-18\r\n\tAccount Name:\t\tHYDRA-DC$\r\n\tAccount Domain:\t\tMARVEL\r\n\tLogon ID:\t\t0x3E7\r\n\r\nObject:\r\n\tObject Server:\t\tSecurity\r\n\tHandle ID:\t\t0x4ac\r\n\r\nProcess Information:\r\n\tProcess ID:\t\t0xd2c\r\n\tProcess Name:\t\tC:\\Program Files\\VMware\\VMware Tools\\vmtoolsd.exe","Category":"Removable Storage","Opcode":"Info","SubjectUserSid":"S-1-5-18","SubjectUserName":"HYDRA-DC$","SubjectDomainName":"MARVEL","SubjectLogonId":"0x3e7","ObjectServer":"Security","HandleId":"0x4ac","ProcessName":"C:\\Program Files\\VMware\\VMware Tools\\vmtoolsd.exe","EventReceivedTime":"2021-09-01 00:27:50","SourceModuleName":"GuruculWindowsFull2016","SourceModuleType":"im_msvistalog"}
{"EventTime":"2021-09-01 00:27:50","Hostname":"HYDRA-DC.MARVEL.local","Keywords":-9214364837600034816,"EventType":"AUDIT_SUCCESS","SeverityValue":2,"Severity":"INFO","EventID":5156,"SourceName":"Microsoft-Windows-Security-Auditing","ProviderGuid":"{54849625-5478-4994-A5BA-3E3B0328C30D}","Version":1,"Task":12810,"OpcodeValue":0,"RecordNumber":20329363,"ProcessID":4,"ThreadID":5660,"Channel":"Security","Message":"The Windows Filtering Platform has permitted a connection.\r\n\r\nApplication Information:\r\n\tProcess ID:\t\t3092\r\n\tApplication Name:\t\\device\\harddiskvolume4\\windows\\adws\\microsoft.activedirectory.webservices.exe\r\n\r\nNetwork Information:\r\n\tDirection:\t\tOutbound\r\n\tSource Address:\t\t::1\r\n\tSource Port:\t\t49855\r\n\tDestination Address:\t::1\r\n\tDestination Port:\t\t389\r\n\tProtocol:\t\t6\r\n\r\nFilter Information:\r\n\tFilter Run-Time ID:\t66806\r\n\tLayer Name:\t\tConnect\r\n\tLayer Run-Time ID:\t50","Category":"Filtering Platform Connection","Opcode":"Info","Application":"\\device\\harddiskvolume4\\windows\\adws\\microsoft.activedirectory.webservices.exe","Direction":"%%14593","SourceAddress":"::1","SourcePort":"49855","DestAddress":"::1","DestPort":"389","Protocol":"6","FilterRTID":"66806","LayerName":"%%14611","LayerRTID":"50","RemoteUserID":"S-1-0-0","RemoteMachineID":"S-1-0-0","EventReceivedTime":"2021-09-01 00:27:51","SourceModuleName":"GuruculWindowsFull2016","SourceModuleType":"im_msvistalog"}
