{"EventTime":"2021-09-01 00:25:12","Hostname":"HYDRA-DC.MARVEL.local","Keywords":-9214364837600034816,"EventType":"AUDIT_SUCCESS","SeverityValue":2,"Severity":"INFO","EventID":4658,"SourceName":"Microsoft-Windows-Security-Auditing","ProviderGuid":"{54849625-5478-4994-A5BA-3E3B0328C30D}","Version":0,"Task":12804,"OpcodeValue":0,"RecordNumber":20327482,"ProcessID":4,"ThreadID":5660,"Channel":"Security","Message":"The handle to an object was closed.\r\n\r\nSubject :\r\n\tSecurity ID:\t\tS-1-5-18\r\n\tAccount Name:\t\tHYDRA-DC$\r\n\tAccount Domain:\t\tMARVEL\r\n\tLogon ID:\t\t0x3E7\r\n\r\nObject:\r\n\tObject Server:\t\tSecurity Account Manager\r\n\tHandle ID:\t\t0x1f313272090\r\n\r\nProcess Information:\r\n\tProcess ID:\t\t0x280\r\n\tProcess Name:\t\tC:\\Windows\\System32\\lsass.exe","Category":"Other Object Access Events","Opcode":"Info","SubjectUserSid":"S-1-5-18","SubjectUserName":"HYDRA-DC$","SubjectDomainName":"MARVEL","SubjectLogonId":"0x3e7","ObjectServer":"Security Account Manager","HandleId":"0x1f313272090","ProcessName":"C:\\Windows\\System32\\lsass.exe","EventReceivedTime":"2021-09-01 00:25:13","SourceModuleName":"GuruculWindowsFull2016","SourceModuleType":"im_msvistalog"}
{"EventTime":"2021-09-01 00:25:12","Hostname":"HYDRA-DC.MARVEL.local","Keywords":-9214364837600034816,"EventType":"AUDIT_SUCCESS","SeverityValue":2,"Severity":"INFO","EventID":4799,"SourceName":"Microsoft-Windows-Security-Auditing","ProviderGuid":"{54849625-5478-4994-A5BA-3E3B0328C30D}","Version":0,"Task":13826,"OpcodeValue":0,"RecordNumber":20327483,"ProcessID":640,"ThreadID":3196,"Channel":"Security","Message":"A security-enabled local group membership was enumerated.\r\n\r\nSubject:\r\n\tSecurity ID:\t\tS-1-5-18\r\n\tAccount Name:\t\tHYDRA-DC$\r\n\tAccount Domain:\t\tMARVEL\r\n\tLogon ID:\t\t0x3E7\r\n\r\nGroup:\r\n\tSecurity ID:\t\tS-1-5-32-551\r\n\tGroup Name:\t\tBackup Operators\r\n\tGroup Domain:\t\tBuiltin\r\n\r\nProcess Information:\r\n\tProcess ID:\t\t0x1438\r\n\tProcess Name:\t\tC:\\Windows\\System32\\VSSVC.exe","Category":"Security Group Management","Opcode":"Info","TargetUserName":"Backup Operators","TargetDomainName":"Builtin","TargetSid":"S-1-5-32-551","SubjectUserSid":"S-1-5-18","SubjectUserName":"HYDRA-DC$","SubjectDomainName":"MARVEL","SubjectLogonId":"0x3e7","CallerProcessId":"0x1438","CallerProcessName":"C:\\Windows\\System32\\VSSVC.exe","EventReceivedTime":"2021-09-01 00:25:13","SourceModuleName":"GuruculWindowsFull2016","SourceModuleType":"im_msvistalog"}
{"EventTime":"2021-09-01 00:25:12","Hostname":"HYDRA-DC.MARVEL.local","Keywords":-9214364837600034816,"EventType":"AUDIT_SUCCESS","SeverityValue":2,"Severity":"INFO","EventID":4658,"SourceName":"Microsoft-Windows-Security-Auditing","ProviderGuid":"{54849625-5478-4994-A5BA-3E3B0328C30D}","Version":0,"Task":12804,"OpcodeValue":0,"RecordNumber":20327484,"ProcessID":4,"ThreadID":5660,"Channel":"Security","Message":"The handle to an object was closed.\r\n\r\nSubject :\r\n\tSecurity ID:\t\tS-1-5-18\r\n\tAccount Name:\t\tHYDRA-DC$\r\n\tAccount Domain:\t\tMARVEL\r\n\tLogon ID:\t\t0x3E7\r\n\r\nObject:\r\n\tObject Server:\t\tSecurity Account Manager\r\n\tHandle ID:\t\t0x1f3132738a0\r\n\r\nProcess Information:\r\n\tProcess ID:\t\t0x280\r\n\tProcess Name:\t\tC:\\Windows\\System32\\lsass.exe","Category":"Other Object Access Events","Opcode":"Info","SubjectUserSid":"S-1-5-18","SubjectUserName":"HYDRA-DC$","SubjectDomainName":"MARVEL","SubjectLogonId":"0x3e7","ObjectServer":"Security Account Manager","HandleId":"0x1f3132738a0","ProcessName":"C:\\Windows\\System32\\lsass.exe","EventReceivedTime":"2021-09-01 00:25:13","SourceModuleName":"GuruculWindowsFull2016","SourceModuleType":"im_msvistalog"}
{"EventTime":"2021-09-01 00:25:12","Hostname":"HYDRA-DC.MARVEL.local","Keywords":-9214364837600034816,"EventType":"AUDIT_SUCCESS","SeverityValue":2,"Severity":"INFO","EventID":4658,"SourceName":"Microsoft-Windows-Security-Auditing","ProviderGuid":"{54849625-5478-4994-A5BA-3E3B0328C30D}","Version":0,"Task":12804,"OpcodeValue":0,"RecordNumber":20327487,"ProcessID":4,"ThreadID":5660,"Channel":"Security","Message":"The handle to an object was closed.\r\n\r\nSubject :\r\n\tSecurity ID:\t\tS-1-5-18\r\n\tAccount Name:\t\tHYDRA-DC$\r\n\tAccount Domain:\t\tMARVEL\r\n\tLogon ID:\t\t0x3E7\r\n\r\nObject:\r\n\tObject Server:\t\tSecurity Account Manager\r\n\tHandle ID:\t\t0x1f313272090\r\n\r\nProcess Information:\r\n\tProcess ID:\t\t0x280\r\n\tProcess Name:\t\tC:\\Windows\\System32\\lsass.exe","Category":"Other Object Access Events","Opcode":"Info","SubjectUserSid":"S-1-5-18","SubjectUserName":"HYDRA-DC$","SubjectDomainName":"MARVEL","SubjectLogonId":"0x3e7","ObjectServer":"Security Account Manager","HandleId":"0x1f313272090","ProcessName":"C:\\Windows\\System32\\lsass.exe","EventReceivedTime":"2021-09-01 00:25:13","SourceModuleName":"GuruculWindowsFull2016","SourceModuleType":"im_msvistalog"}
{"EventTime":"2021-09-01 00:25:12","Hostname":"HYDRA-DC.MARVEL.local","Keywords":-9214364837600034816,"EventType":"AUDIT_SUCCESS","SeverityValue":2,"Severity":"INFO","EventID":4799,"SourceName":"Microsoft-Windows-Security-Auditing","ProviderGuid":"{54849625-5478-4994-A5BA-3E3B0328C30D}","Version":0,"Task":13826,"OpcodeValue":0,"RecordNumber":20327488,"ProcessID":640,"ThreadID":3196,"Channel":"Security","Message":"A security-enabled local group membership was enumerated.\r\n\r\nSubject:\r\n\tSecurity ID:\t\tS-1-5-18\r\n\tAccount Name:\t\tHYDRA-DC$\r\n\tAccount Domain:\t\tMARVEL\r\n\tLogon ID:\t\t0x3E7\r\n\r\nGroup:\r\n\tSecurity ID:\t\tS-1-5-32-544\r\n\tGroup Name:\t\tAdministrators\r\n\tGroup Domain:\t\tBuiltin\r\n\r\nProcess Information:\r\n\tProcess ID:\t\t0x1438\r\n\tProcess Name:\t\tC:\\Windows\\System32\\VSSVC.exe","Category":"Security Group Management","Opcode":"Info","TargetUserName":"Administrators","TargetDomainName":"Builtin","TargetSid":"S-1-5-32-544","SubjectUserSid":"S-1-5-18","SubjectUserName":"HYDRA-DC$","SubjectDomainName":"MARVEL","SubjectLogonId":"0x3e7","CallerProcessId":"0x1438","CallerProcessName":"C:\\Windows\\System32\\VSSVC.exe","EventReceivedTime":"2021-09-01 00:25:13","SourceModuleName":"GuruculWindowsFull2016","SourceModuleType":"im_msvistalog"}
{"EventTime":"2021-09-01 00:25:12","Hostname":"HYDRA-DC.MARVEL.local","Keywords":-9214364837600034816,"EventType":"AUDIT_SUCCESS","SeverityValue":2,"Severity":"INFO","EventID":4658,"SourceName":"Microsoft-Windows-Security-Auditing","ProviderGuid":"{54849625-5478-4994-A5BA-3E3B0328C30D}","Version":0,"Task":12804,"OpcodeValue":0,"RecordNumber":20327489,"ProcessID":4,"ThreadID":5660,"Channel":"Security","Message":"The handle to an object was closed.\r\n\r\nSubject :\r\n\tSecurity ID:\t\tS-1-5-18\r\n\tAccount Name:\t\tHYDRA-DC$\r\n\tAccount Domain:\t\tMARVEL\r\n\tLogon ID:\t\t0x3E7\r\n\r\nObject:\r\n\tObject Server:\t\tSecurity Account Manager\r\n\tHandle ID:\t\t0x1f313272560\r\n\r\nProcess Information:\r\n\tProcess ID:\t\t0x280\r\n\tProcess Name:\t\tC:\\Windows\\System32\\lsass.exe","Category":"Other Object Access Events","Opcode":"Info","SubjectUserSid":"S-1-5-18","SubjectUserName":"HYDRA-DC$","SubjectDomainName":"MARVEL","SubjectLogonId":"0x3e7","ObjectServer":"Security Account Manager","HandleId":"0x1f313272560","ProcessName":"C:\\Windows\\System32\\lsass.exe","EventReceivedTime":"2021-09-01 00:25:13","SourceModuleName":"GuruculWindowsFull2016","SourceModuleType":"im_msvistalog"}
{"EventTime":"2021-09-01 00:25:12","Hostname":"HYDRA-DC.MARVEL.local","Keywords":-9214364837600034816,"EventType":"AUDIT_SUCCESS","SeverityValue":2,"Severity":"INFO","EventID":4658,"SourceName":"Microsoft-Windows-Security-Auditing","ProviderGuid":"{54849625-5478-4994-A5BA-3E3B0328C30D}","Version":0,"Task":12804,"OpcodeValue":0,"RecordNumber":20327492,"ProcessID":4,"ThreadID":5660,"Channel":"Security","Message":"The handle to an object was closed.\r\n\r\nSubject :\r\n\tSecurity ID:\t\tS-1-5-18\r\n\tAccount Name:\t\tHYDRA-DC$\r\n\tAccount Domain:\t\tMARVEL\r\n\tLogon ID:\t\t0x3E7\r\n\r\nObject:\r\n\tObject Server:\t\tSecurity Account Manager\r\n\tHandle ID:\t\t0x1f313272560\r\n\r\nProcess Information:\r\n\tProcess ID:\t\t0x280\r\n\tProcess Name:\t\tC:\\Windows\\System32\\lsass.exe","Category":"Other Object Access Events","Opcode":"Info","SubjectUserSid":"S-1-5-18","SubjectUserName":"HYDRA-DC$","SubjectDomainName":"MARVEL","SubjectLogonId":"0x3e7","ObjectServer":"Security Account Manager","HandleId":"0x1f313272560","ProcessName":"C:\\Windows\\System32\\lsass.exe","EventReceivedTime":"2021-09-01 00:25:13","SourceModuleName":"GuruculWindowsFull2016","SourceModuleType":"im_msvistalog"}
{"EventTime":"2021-09-01 00:25:12","Hostname":"HYDRA-DC.MARVEL.local","Keywords":-9214364837600034816,"EventType":"AUDIT_SUCCESS","SeverityValue":2,"Severity":"INFO","EventID":4799,"SourceName":"Microsoft-Windows-Security-Auditing","ProviderGuid":"{54849625-5478-4994-A5BA-3E3B0328C30D}","Version":0,"Task":13826,"OpcodeValue":0,"RecordNumber":20327493,"ProcessID":640,"ThreadID":3196,"Channel":"Security","Message":"A security-enabled local group membership was enumerated.\r\n\r\nSubject:\r\n\tSecurity ID:\t\tS-1-5-18\r\n\tAccount Name:\t\tHYDRA-DC$\r\n\tAccount Domain:\t\tMARVEL\r\n\tLogon ID:\t\t0x3E7\r\n\r\nGroup:\r\n\tSecurity ID:\t\tS-1-5-32-551\r\n\tGroup Name:\t\tBackup Operators\r\n\tGroup Domain:\t\tBuiltin\r\n\r\nProcess Information:\r\n\tProcess ID:\t\t0x1438\r\n\tProcess Name:\t\tC:\\Windows\\System32\\VSSVC.exe","Category":"Security Group Management","Opcode":"Info","TargetUserName":"Backup Operators","TargetDomainName":"Builtin","TargetSid":"S-1-5-32-551","SubjectUserSid":"S-1-5-18","SubjectUserName":"HYDRA-DC$","SubjectDomainName":"MARVEL","SubjectLogonId":"0x3e7","CallerProcessId":"0x1438","CallerProcessName":"C:\\Windows\\System32\\VSSVC.exe","EventReceivedTime":"2021-09-01 00:25:13","SourceModuleName":"GuruculWindowsFull2016","SourceModuleType":"im_msvistalog"}
{"EventTime":"2021-09-01 00:25:12","Hostname":"HYDRA-DC.MARVEL.local","Keywords":-9214364837600034816,"EventType":"AUDIT_SUCCESS","SeverityValue":2,"Severity":"INFO","EventID":4658,"SourceName":"Microsoft-Windows-Security-Auditing","ProviderGuid":"{54849625-5478-4994-A5BA-3E3B0328C30D}","Version":0,"Task":12804,"OpcodeValue":0,"RecordNumber":20327494,"ProcessID":4,"ThreadID":5660,"Channel":"Security","Message":"The handle to an object was closed.\r\n\r\nSubject :\r\n\tSecurity ID:\t\tS-1-5-18\r\n\tAccount Name:\t\tHYDRA-DC$\r\n\tAccount Domain:\t\tMARVEL\r\n\tLogon ID:\t\t0x3E7\r\n\r\nObject:\r\n\tObject Server:\t\tSecurity Account Manager\r\n\tHandle ID:\t\t0x1f3132738a0\r\n\r\nProcess Information:\r\n\tProcess ID:\t\t0x280\r\n\tProcess Name:\t\tC:\\Windows\\System32\\lsass.exe","Category":"Other Object Access Events","Opcode":"Info","SubjectUserSid":"S-1-5-18","SubjectUserName":"HYDRA-DC$","SubjectDomainName":"MARVEL","SubjectLogonId":"0x3e7","ObjectServer":"Security Account Manager","HandleId":"0x1f3132738a0","ProcessName":"C:\\Windows\\System32\\lsass.exe","EventReceivedTime":"2021-09-01 00:25:13","SourceModuleName":"GuruculWindowsFull2016","SourceModuleType":"im_msvistalog"}
{"EventTime":"2021-09-01 00:25:12","Hostname":"HYDRA-DC.MARVEL.local","Keywords":36028797018963968,"EventType":"INFO","SeverityValue":2,"Severity":"INFO","EventID":300,"SourceName":"ESENT","Task":3,"RecordNumber":4529,"ProcessID":0,"ThreadID":0,"Channel":"Application","Message":"lsass (640,R,98) The database engine is initiating recovery steps.","Category":"Logging/Recovery","Opcode":"Info","EventReceivedTime":"2021-09-01 00:25:13","SourceModuleName":"GuruculWindowsFull2016","SourceModuleType":"im_msvistalog"}
{"EventTime":"2021-09-01 00:25:12","Hostname":"HYDRA-DC.MARVEL.local","Keywords":-9214364837600034816,"EventType":"AUDIT_SUCCESS","SeverityValue":2,"Severity":"INFO","EventID":4658,"SourceName":"Microsoft-Windows-Security-Auditing","ProviderGuid":"{54849625-5478-4994-A5BA-3E3B0328C30D}","Version":0,"Task":12812,"OpcodeValue":0,"RecordNumber":20327495,"ProcessID":4,"ThreadID":4736,"Channel":"Security","Message":"The handle to an object was closed.\r\n\r\nSubject :\r\n\tSecurity ID:\t\tS-1-5-18\r\n\tAccount Name:\t\tHYDRA-DC$\r\n\tAccount Domain:\t\tMARVEL\r\n\tLogon ID:\t\t0x3E7\r\n\r\nObject:\r\n\tObject Server:\t\tSecurity\r\n\tHandle ID:\t\t0x25c\r\n\r\nProcess Information:\r\n\tProcess ID:\t\t0x1038\r\n\tProcess Name:\t\tC:\\Windows\\System32\\svchost.exe","Category":"Removable Storage","Opcode":"Info","SubjectUserSid":"S-1-5-18","SubjectUserName":"HYDRA-DC$","SubjectDomainName":"MARVEL","SubjectLogonId":"0x3e7","ObjectServer":"Security","HandleId":"0x25c","ProcessName":"C:\\Windows\\System32\\svchost.exe","EventReceivedTime":"2021-09-01 00:25:13","SourceModuleName":"GuruculWindowsFull2016","SourceModuleType":"im_msvistalog"}
{"EventTime":"2021-09-01 00:25:12","Hostname":"HYDRA-DC.MARVEL.local","Keywords":-9214364837600034816,"EventType":"AUDIT_SUCCESS","SeverityValue":2,"Severity":"INFO","EventID":4658,"SourceName":"Microsoft-Windows-Security-Auditing","ProviderGuid":"{54849625-5478-4994-A5BA-3E3B0328C30D}","Version":0,"Task":12812,"OpcodeValue":0,"RecordNumber":20327496,"ProcessID":4,"ThreadID":4736,"Channel":"Security","Message":"The handle to an object was closed.\r\n\r\nSubject :\r\n\tSecurity ID:\t\tS-1-5-18\r\n\tAccount Name:\t\tHYDRA-DC$\r\n\tAccount Domain:\t\tMARVEL\r\n\tLogon ID:\t\t0x3E7\r\n\r\nObject:\r\n\tObject Server:\t\tSecurity\r\n\tHandle ID:\t\t0x208\r\n\r\nProcess Information:\r\n\tProcess ID:\t\t0x1038\r\n\tProcess Name:\t\tC:\\Windows\\System32\\svchost.exe","Category":"Removable Storage","Opcode":"Info","SubjectUserSid":"S-1-5-18","SubjectUserName":"HYDRA-DC$","SubjectDomainName":"MARVEL","SubjectLogonId":"0x3e7","ObjectServer":"Security","HandleId":"0x208","ProcessName":"C:\\Windows\\System32\\svchost.exe","EventReceivedTime":"2021-09-01 00:25:13","SourceModuleName":"GuruculWindowsFull2016","SourceModuleType":"im_msvistalog"}
{"EventTime":"2021-09-01 00:25:12","Hostname":"HYDRA-DC.MARVEL.local","Keywords":-9214364837600034816,"EventType":"AUDIT_SUCCESS","SeverityValue":2,"Severity":"INFO","EventID":4904,"SourceName":"Microsoft-Windows-Security-Auditing","ProviderGuid":"{54849625-5478-4994-A5BA-3E3B0328C30D}","Version":0,"Task":13568,"OpcodeValue":0,"RecordNumber":20327497,"ActivityID":"{7387852C-9EC6-0000-2D87-8773C69ED701}","ProcessID":640,"ThreadID":688,"Channel":"Security","Message":"An attempt was made to register a security event source.\r\n\r\nSubject :\r\n\tSecurity ID:\t\tS-1-5-18\r\n\tAccount Name:\t\tHYDRA-DC$\r\n\tAccount Domain:\t\tMARVEL\r\n\tLogon ID:\t\t0x3E7\r\n\r\nProcess:\r\n\tProcess ID:\t0x1438\r\n\tProcess Name:\tC:\\Windows\\System32\\VSSVC.exe\r\n\r\nEvent Source:\r\n\tSource Name:\tVSSAudit\r\n\tEvent Source ID:\t0x11DC9B","Category":"Audit Policy Change","Opcode":"Info","SubjectUserSid":"S-1-5-18","SubjectUserName":"HYDRA-DC$","SubjectDomainName":"MARVEL","SubjectLogonId":"0x3e7","AuditSourceName":"VSSAudit","EventSourceId":"0x11dc9b","ProcessName":"C:\\Windows\\System32\\VSSVC.exe","EventReceivedTime":"2021-09-01 00:25:13","SourceModuleName":"GuruculWindowsFull2016","SourceModuleType":"im_msvistalog"}
{"EventTime":"2021-09-01 00:25:12","Hostname":"HYDRA-DC.MARVEL.local","Keywords":-9178336040581070848,"EventType":"AUDIT_SUCCESS","SeverityValue":2,"Severity":"INFO","EventID":8222,"SourceName":"VSSAudit","Task":3,"RecordNumber":20327498,"ProcessID":0,"ThreadID":0,"Channel":"Security","Domain":"NT AUTHORITY","AccountName":"SYSTEM","UserID":"S-1-5-18","AccountType":"User","Message":"Shadow copy has been created.\r\n \r\n User SID:\t\t\tS-1-5-21-3688015610-2013655948-1090528724-500\r\n User name:\t\t\tMARVEL\\Administrator\r\n Process ID:\t\t\t0x00000000000004c8\r\n Process image name:\t\tC:\\Windows\\System32\\ntdsutil.exe\r\n \r\n Shadow Set ID:\t\t\t{30ac89d1-3eac-444b-9bcd-19f956145730}\r\n Shadow ID:\t\t\t{5179fef1-196f-4bbe-9782-03f9b67fe779}\r\n Provider ID:\t\t\t{b5946137-7b9f-4925-af80-51abd60b20d5}\r\n Original Machine:\t\tHYDRA-DC.MARVEL.local\r\n Original Volume:\t\t\t\\\\?\\Volume{80bd7e09-cd50-4729-aa68-7b1e06527e13}\\\r\n Shadow device name:\t\t\\\\?\\GLOBALROOT\\Device\\HarddiskVolumeShadowCopy3\r\n","Opcode":"Info","EventReceivedTime":"2021-09-01 00:25:13","SourceModuleName":"GuruculWindowsFull2016","SourceModuleType":"im_msvistalog"}
{"EventTime":"2021-09-01 00:25:12","Hostname":"HYDRA-DC.MARVEL.local","Keywords":-9214364837600034816,"EventType":"AUDIT_SUCCESS","SeverityValue":2,"Severity":"INFO","EventID":4905,"SourceName":"Microsoft-Windows-Security-Auditing","ProviderGuid":"{54849625-5478-4994-A5BA-3E3B0328C30D}","Version":0,"Task":13568,"OpcodeValue":0,"RecordNumber":20327499,"ActivityID":"{7387852C-9EC6-0000-2D87-8773C69ED701}","ProcessID":640,"ThreadID":688,"Channel":"Security","Message":"An attempt was made to unregister a security event source.\r\n\r\nSubject\r\n\tSecurity ID:\t\tS-1-5-18\r\n\tAccount Name:\t\tHYDRA-DC$\r\n\tAccount Domain:\t\tMARVEL\r\n\tLogon ID:\t\t0x3E7\r\n\r\nProcess:\r\n\tProcess ID:\t0x1438\r\n\tProcess Name:\tC:\\Windows\\System32\\VSSVC.exe\r\n\r\nEvent Source:\r\n\tSource Name:\tVSSAudit\r\n\tEvent Source ID:\t0x11DC9B","Category":"Audit Policy Change","Opcode":"Info","SubjectUserSid":"S-1-5-18","SubjectUserName":"HYDRA-DC$","SubjectDomainName":"MARVEL","SubjectLogonId":"0x3e7","AuditSourceName":"VSSAudit","EventSourceId":"0x11dc9b","ProcessName":"C:\\Windows\\System32\\VSSVC.exe","EventReceivedTime":"2021-09-01 00:25:13","SourceModuleName":"GuruculWindowsFull2016","SourceModuleType":"im_msvistalog"}
{"EventTime":"2021-09-01 00:25:12","Hostname":"HYDRA-DC.MARVEL.local","Keywords":-9214364837600034816,"EventType":"AUDIT_SUCCESS","SeverityValue":2,"Severity":"INFO","EventID":4658,"SourceName":"Microsoft-Windows-Security-Auditing","ProviderGuid":"{54849625-5478-4994-A5BA-3E3B0328C30D}","Version":0,"Task":12804,"OpcodeValue":0,"RecordNumber":20327502,"ProcessID":4,"ThreadID":4736,"Channel":"Security","Message":"The handle to an object was closed.\r\n\r\nSubject :\r\n\tSecurity ID:\t\tS-1-5-21-3688015610-2013655948-1090528724-500\r\n\tAccount Name:\t\tAdministrator\r\n\tAccount Domain:\t\tMARVEL\r\n\tLogon ID:\t\t0x661FF\r\n\r\nObject:\r\n\tObject Server:\t\tSecurity Account Manager\r\n\tHandle ID:\t\t0x1f313272090\r\n\r\nProcess Information:\r\n\tProcess ID:\t\t0x280\r\n\tProcess Name:\t\tC:\\Windows\\System32\\lsass.exe","Category":"Other Object Access Events","Opcode":"Info","SubjectUserSid":"S-1-5-21-3688015610-2013655948-1090528724-500","SubjectUserName":"Administrator","SubjectDomainName":"MARVEL","SubjectLogonId":"0x661ff","ObjectServer":"Security Account Manager","HandleId":"0x1f313272090","ProcessName":"C:\\Windows\\System32\\lsass.exe","EventReceivedTime":"2021-09-01 00:25:13","SourceModuleName":"GuruculWindowsFull2016","SourceModuleType":"im_msvistalog"}
{"EventTime":"2021-09-01 00:25:12","Hostname":"HYDRA-DC.MARVEL.local","Keywords":-9214364837600034816,"EventType":"AUDIT_SUCCESS","SeverityValue":2,"Severity":"INFO","EventID":4799,"SourceName":"Microsoft-Windows-Security-Auditing","ProviderGuid":"{54849625-5478-4994-A5BA-3E3B0328C30D}","Version":0,"Task":13826,"OpcodeValue":0,"RecordNumber":20327503,"ProcessID":640,"ThreadID":688,"Channel":"Security","Message":"A security-enabled local group membership was enumerated.\r\n\r\nSubject:\r\n\tSecurity ID:\t\tS-1-5-21-3688015610-2013655948-1090528724-500\r\n\tAccount Name:\t\tAdministrator\r\n\tAccount Domain:\t\tMARVEL\r\n\tLogon ID:\t\t0x661FF\r\n\r\nGroup:\r\n\tSecurity ID:\t\tS-1-5-32-544\r\n\tGroup Name:\t\tAdministrators\r\n\tGroup Domain:\t\tBuiltin\r\n\r\nProcess Information:\r\n\tProcess ID:\t\t0x4c8\r\n\tProcess Name:\t\tC:\\Windows\\System32\\ntdsutil.exe","Category":"Security Group Management","Opcode":"Info","TargetUserName":"Administrators","TargetDomainName":"Builtin","TargetSid":"S-1-5-32-544","SubjectUserSid":"S-1-5-21-3688015610-2013655948-1090528724-500","SubjectUserName":"Administrator","SubjectDomainName":"MARVEL","SubjectLogonId":"0x661ff","CallerProcessId":"0x4c8","CallerProcessName":"C:\\Windows\\System32\\ntdsutil.exe","EventReceivedTime":"2021-09-01 00:25:13","SourceModuleName":"GuruculWindowsFull2016","SourceModuleType":"im_msvistalog"}
{"EventTime":"2021-09-01 00:25:12","Hostname":"HYDRA-DC.MARVEL.local","Keywords":-9214364837600034816,"EventType":"AUDIT_SUCCESS","SeverityValue":2,"Severity":"INFO","EventID":4658,"SourceName":"Microsoft-Windows-Security-Auditing","ProviderGuid":"{54849625-5478-4994-A5BA-3E3B0328C30D}","Version":0,"Task":12804,"OpcodeValue":0,"RecordNumber":20327504,"ProcessID":4,"ThreadID":4736,"Channel":"Security","Message":"The handle to an object was closed.\r\n\r\nSubject :\r\n\tSecurity ID:\t\tS-1-5-21-3688015610-2013655948-1090528724-500\r\n\tAccount Name:\t\tAdministrator\r\n\tAccount Domain:\t\tMARVEL\r\n\tLogon ID:\t\t0x661FF\r\n\r\nObject:\r\n\tObject Server:\t\tSecurity Account Manager\r\n\tHandle ID:\t\t0x1f313272560\r\n\r\nProcess Information:\r\n\tProcess ID:\t\t0x280\r\n\tProcess Name:\t\tC:\\Windows\\System32\\lsass.exe","Category":"Other Object Access Events","Opcode":"Info","SubjectUserSid":"S-1-5-21-3688015610-2013655948-1090528724-500","SubjectUserName":"Administrator","SubjectDomainName":"MARVEL","SubjectLogonId":"0x661ff","ObjectServer":"Security Account Manager","HandleId":"0x1f313272560","ProcessName":"C:\\Windows\\System32\\lsass.exe","EventReceivedTime":"2021-09-01 00:25:13","SourceModuleName":"GuruculWindowsFull2016","SourceModuleType":"im_msvistalog"}
{"EventTime":"2021-09-01 00:25:12","Hostname":"HYDRA-DC.MARVEL.local","Keywords":-9214364837600034816,"EventType":"AUDIT_SUCCESS","SeverityValue":2,"Severity":"INFO","EventID":4658,"SourceName":"Microsoft-Windows-Security-Auditing","ProviderGuid":"{54849625-5478-4994-A5BA-3E3B0328C30D}","Version":0,"Task":12804,"OpcodeValue":0,"RecordNumber":20327507,"ProcessID":4,"ThreadID":4736,"Channel":"Security","Message":"The handle to an object was closed.\r\n\r\nSubject :\r\n\tSecurity ID:\t\tS-1-5-21-3688015610-2013655948-1090528724-500\r\n\tAccount Name:\t\tAdministrator\r\n\tAccount Domain:\t\tMARVEL\r\n\tLogon ID:\t\t0x661FF\r\n\r\nObject:\r\n\tObject Server:\t\tSecurity Account Manager\r\n\tHandle ID:\t\t0x1f3132738a0\r\n\r\nProcess Information:\r\n\tProcess ID:\t\t0x280\r\n\tProcess Name:\t\tC:\\Windows\\System32\\lsass.exe","Category":"Other Object Access Events","Opcode":"Info","SubjectUserSid":"S-1-5-21-3688015610-2013655948-1090528724-500","SubjectUserName":"Administrator","SubjectDomainName":"MARVEL","SubjectLogonId":"0x661ff","ObjectServer":"Security Account Manager","HandleId":"0x1f3132738a0","ProcessName":"C:\\Windows\\System32\\lsass.exe","EventReceivedTime":"2021-09-01 00:25:13","SourceModuleName":"GuruculWindowsFull2016","SourceModuleType":"im_msvistalog"}
{"EventTime":"2021-09-01 00:25:12","Hostname":"HYDRA-DC.MARVEL.local","Keywords":-9214364837600034816,"EventType":"AUDIT_SUCCESS","SeverityValue":2,"Severity":"INFO","EventID":4799,"SourceName":"Microsoft-Windows-Security-Auditing","ProviderGuid":"{54849625-5478-4994-A5BA-3E3B0328C30D}","Version":0,"Task":13826,"OpcodeValue":0,"RecordNumber":20327508,"ProcessID":640,"ThreadID":688,"Channel":"Security","Message":"A security-enabled local group membership was enumerated.\r\n\r\nSubject:\r\n\tSecurity ID:\t\tS-1-5-21-3688015610-2013655948-1090528724-500\r\n\tAccount Name:\t\tAdministrator\r\n\tAccount Domain:\t\tMARVEL\r\n\tLogon ID:\t\t0x661FF\r\n\r\nGroup:\r\n\tSecurity ID:\t\tS-1-5-32-551\r\n\tGroup Name:\t\tBackup Operators\r\n\tGroup Domain:\t\tBuiltin\r\n\r\nProcess Information:\r\n\tProcess ID:\t\t0x4c8\r\n\tProcess Name:\t\tC:\\Windows\\System32\\ntdsutil.exe","Category":"Security Group Management","Opcode":"Info","TargetUserName":"Backup Operators","TargetDomainName":"Builtin","TargetSid":"S-1-5-32-551","SubjectUserSid":"S-1-5-21-3688015610-2013655948-1090528724-500","SubjectUserName":"Administrator","SubjectDomainName":"MARVEL","SubjectLogonId":"0x661ff","CallerProcessId":"0x4c8","CallerProcessName":"C:\\Windows\\System32\\ntdsutil.exe","EventReceivedTime":"2021-09-01 00:25:13","SourceModuleName":"GuruculWindowsFull2016","SourceModuleType":"im_msvistalog"}
{"EventTime":"2021-09-01 00:25:12","Hostname":"HYDRA-DC.MARVEL.local","Keywords":-9214364837600034816,"EventType":"AUDIT_SUCCESS","SeverityValue":2,"Severity":"INFO","EventID":4658,"SourceName":"Microsoft-Windows-Security-Auditing","ProviderGuid":"{54849625-5478-4994-A5BA-3E3B0328C30D}","Version":0,"Task":12804,"OpcodeValue":0,"RecordNumber":20327509,"ProcessID":4,"ThreadID":4736,"Channel":"Security","Message":"The handle to an object was closed.\r\n\r\nSubject :\r\n\tSecurity ID:\t\tS-1-5-21-3688015610-2013655948-1090528724-500\r\n\tAccount Name:\t\tAdministrator\r\n\tAccount Domain:\t\tMARVEL\r\n\tLogon ID:\t\t0x661FF\r\n\r\nObject:\r\n\tObject Server:\t\tSecurity Account Manager\r\n\tHandle ID:\t\t0x1f313274240\r\n\r\nProcess Information:\r\n\tProcess ID:\t\t0x280\r\n\tProcess Name:\t\tC:\\Windows\\System32\\lsass.exe","Category":"Other Object Access Events","Opcode":"Info","SubjectUserSid":"S-1-5-21-3688015610-2013655948-1090528724-500","SubjectUserName":"Administrator","SubjectDomainName":"MARVEL","SubjectLogonId":"0x661ff","ObjectServer":"Security Account Manager","HandleId":"0x1f313274240","ProcessName":"C:\\Windows\\System32\\lsass.exe","EventReceivedTime":"2021-09-01 00:25:13","SourceModuleName":"GuruculWindowsFull2016","SourceModuleType":"im_msvistalog"}
{"EventTime":"2021-09-01 00:25:12","Hostname":"HYDRA-DC.MARVEL.local","Keywords":-9214364837600034816,"EventType":"AUDIT_SUCCESS","SeverityValue":2,"Severity":"INFO","EventID":4658,"SourceName":"Microsoft-Windows-Security-Auditing","ProviderGuid":"{54849625-5478-4994-A5BA-3E3B0328C30D}","Version":0,"Task":12804,"OpcodeValue":0,"RecordNumber":20327512,"ProcessID":4,"ThreadID":4736,"Channel":"Security","Message":"The handle to an object was closed.\r\n\r\nSubject :\r\n\tSecurity ID:\t\tS-1-5-21-3688015610-2013655948-1090528724-500\r\n\tAccount Name:\t\tAdministrator\r\n\tAccount Domain:\t\tMARVEL\r\n\tLogon ID:\t\t0x661FF\r\n\r\nObject:\r\n\tObject Server:\t\tSecurity Account Manager\r\n\tHandle ID:\t\t0x1f313272090\r\n\r\nProcess Information:\r\n\tProcess ID:\t\t0x280\r\n\tProcess Name:\t\tC:\\Windows\\System32\\lsass.exe","Category":"Other Object Access Events","Opcode":"Info","SubjectUserSid":"S-1-5-21-3688015610-2013655948-1090528724-500","SubjectUserName":"Administrator","SubjectDomainName":"MARVEL","SubjectLogonId":"0x661ff","ObjectServer":"Security Account Manager","HandleId":"0x1f313272090","ProcessName":"C:\\Windows\\System32\\lsass.exe","EventReceivedTime":"2021-09-01 00:25:13","SourceModuleName":"GuruculWindowsFull2016","SourceModuleType":"im_msvistalog"}
{"EventTime":"2021-09-01 00:25:12","Hostname":"HYDRA-DC.MARVEL.local","Keywords":-9214364837600034816,"EventType":"AUDIT_SUCCESS","SeverityValue":2,"Severity":"INFO","EventID":4799,"SourceName":"Microsoft-Windows-Security-Auditing","ProviderGuid":"{54849625-5478-4994-A5BA-3E3B0328C30D}","Version":0,"Task":13826,"OpcodeValue":0,"RecordNumber":20327513,"ProcessID":640,"ThreadID":688,"Channel":"Security","Message":"A security-enabled local group membership was enumerated.\r\n\r\nSubject:\r\n\tSecurity ID:\t\tS-1-5-21-3688015610-2013655948-1090528724-500\r\n\tAccount Name:\t\tAdministrator\r\n\tAccount Domain:\t\tMARVEL\r\n\tLogon ID:\t\t0x661FF\r\n\r\nGroup:\r\n\tSecurity ID:\t\tS-1-5-32-544\r\n\tGroup Name:\t\tAdministrators\r\n\tGroup Domain:\t\tBuiltin\r\n\r\nProcess Information:\r\n\tProcess ID:\t\t0x4c8\r\n\tProcess Name:\t\tC:\\Windows\\System32\\ntdsutil.exe","Category":"Security Group Management","Opcode":"Info","TargetUserName":"Administrators","TargetDomainName":"Builtin","TargetSid":"S-1-5-32-544","SubjectUserSid":"S-1-5-21-3688015610-2013655948-1090528724-500","SubjectUserName":"Administrator","SubjectDomainName":"MARVEL","SubjectLogonId":"0x661ff","CallerProcessId":"0x4c8","CallerProcessName":"C:\\Windows\\System32\\ntdsutil.exe","EventReceivedTime":"2021-09-01 00:25:13","SourceModuleName":"GuruculWindowsFull2016","SourceModuleType":"im_msvistalog"}
{"EventTime":"2021-09-01 00:25:12","Hostname":"HYDRA-DC.MARVEL.local","Keywords":-9214364837600034816,"EventType":"AUDIT_SUCCESS","SeverityValue":2,"Severity":"INFO","EventID":4658,"SourceName":"Microsoft-Windows-Security-Auditing","ProviderGuid":"{54849625-5478-4994-A5BA-3E3B0328C30D}","Version":0,"Task":12804,"OpcodeValue":0,"RecordNumber":20327514,"ProcessID":4,"ThreadID":5660,"Channel":"Security","Message":"The handle to an object was closed.\r\n\r\nSubject :\r\n\tSecurity ID:\t\tS-1-5-21-3688015610-2013655948-1090528724-500\r\n\tAccount Name:\t\tAdministrator\r\n\tAccount Domain:\t\tMARVEL\r\n\tLogon ID:\t\t0x661FF\r\n\r\nObject:\r\n\tObject Server:\t\tSecurity Account Manager\r\n\tHandle ID:\t\t0x1f313272560\r\n\r\nProcess Information:\r\n\tProcess ID:\t\t0x280\r\n\tProcess Name:\t\tC:\\Windows\\System32\\lsass.exe","Category":"Other Object Access Events","Opcode":"Info","SubjectUserSid":"S-1-5-21-3688015610-2013655948-1090528724-500","SubjectUserName":"Administrator","SubjectDomainName":"MARVEL","SubjectLogonId":"0x661ff","ObjectServer":"Security Account Manager","HandleId":"0x1f313272560","ProcessName":"C:\\Windows\\System32\\lsass.exe","EventReceivedTime":"2021-09-01 00:25:13","SourceModuleName":"GuruculWindowsFull2016","SourceModuleType":"im_msvistalog"}
{"EventTime":"2021-09-01 00:25:12","Hostname":"HYDRA-DC.MARVEL.local","Keywords":-9214364837600034816,"EventType":"AUDIT_SUCCESS","SeverityValue":2,"Severity":"INFO","EventID":4658,"SourceName":"Microsoft-Windows-Security-Auditing","ProviderGuid":"{54849625-5478-4994-A5BA-3E3B0328C30D}","Version":0,"Task":12804,"OpcodeValue":0,"RecordNumber":20327517,"ProcessID":4,"ThreadID":5660,"Channel":"Security","Message":"The handle to an object was closed.\r\n\r\nSubject :\r\n\tSecurity ID:\t\tS-1-5-21-3688015610-2013655948-1090528724-500\r\n\tAccount Name:\t\tAdministrator\r\n\tAccount Domain:\t\tMARVEL\r\n\tLogon ID:\t\t0x661FF\r\n\r\nObject:\r\n\tObject Server:\t\tSecurity Account Manager\r\n\tHandle ID:\t\t0x1f3132738a0\r\n\r\nProcess Information:\r\n\tProcess ID:\t\t0x280\r\n\tProcess Name:\t\tC:\\Windows\\System32\\lsass.exe","Category":"Other Object Access Events","Opcode":"Info","SubjectUserSid":"S-1-5-21-3688015610-2013655948-1090528724-500","SubjectUserName":"Administrator","SubjectDomainName":"MARVEL","SubjectLogonId":"0x661ff","ObjectServer":"Security Account Manager","HandleId":"0x1f3132738a0","ProcessName":"C:\\Windows\\System32\\lsass.exe","EventReceivedTime":"2021-09-01 00:25:13","SourceModuleName":"GuruculWindowsFull2016","SourceModuleType":"im_msvistalog"}
{"EventTime":"2021-09-01 00:25:12","Hostname":"HYDRA-DC.MARVEL.local","Keywords":-9214364837600034816,"EventType":"AUDIT_SUCCESS","SeverityValue":2,"Severity":"INFO","EventID":4799,"SourceName":"Microsoft-Windows-Security-Auditing","ProviderGuid":"{54849625-5478-4994-A5BA-3E3B0328C30D}","Version":0,"Task":13826,"OpcodeValue":0,"RecordNumber":20327518,"ProcessID":640,"ThreadID":688,"Channel":"Security","Message":"A security-enabled local group membership was enumerated.\r\n\r\nSubject:\r\n\tSecurity ID:\t\tS-1-5-21-3688015610-2013655948-1090528724-500\r\n\tAccount Name:\t\tAdministrator\r\n\tAccount Domain:\t\tMARVEL\r\n\tLogon ID:\t\t0x661FF\r\n\r\nGroup:\r\n\tSecurity ID:\t\tS-1-5-32-551\r\n\tGroup Name:\t\tBackup Operators\r\n\tGroup Domain:\t\tBuiltin\r\n\r\nProcess Information:\r\n\tProcess ID:\t\t0x4c8\r\n\tProcess Name:\t\tC:\\Windows\\System32\\ntdsutil.exe","Category":"Security Group Management","Opcode":"Info","TargetUserName":"Backup Operators","TargetDomainName":"Builtin","TargetSid":"S-1-5-32-551","SubjectUserSid":"S-1-5-21-3688015610-2013655948-1090528724-500","SubjectUserName":"Administrator","SubjectDomainName":"MARVEL","SubjectLogonId":"0x661ff","CallerProcessId":"0x4c8","CallerProcessName":"C:\\Windows\\System32\\ntdsutil.exe","EventReceivedTime":"2021-09-01 00:25:13","SourceModuleName":"GuruculWindowsFull2016","SourceModuleType":"im_msvistalog"}
{"EventTime":"2021-09-01 00:25:12","Hostname":"HYDRA-DC.MARVEL.local","Keywords":-9214364837600034816,"EventType":"AUDIT_SUCCESS","SeverityValue":2,"Severity":"INFO","EventID":4658,"SourceName":"Microsoft-Windows-Security-Auditing","ProviderGuid":"{54849625-5478-4994-A5BA-3E3B0328C30D}","Version":0,"Task":12804,"OpcodeValue":0,"RecordNumber":20327519,"ProcessID":4,"ThreadID":5660,"Channel":"Security","Message":"The handle to an object was closed.\r\n\r\nSubject :\r\n\tSecurity ID:\t\tS-1-5-21-3688015610-2013655948-1090528724-500\r\n\tAccount Name:\t\tAdministrator\r\n\tAccount Domain:\t\tMARVEL\r\n\tLogon ID:\t\t0x661FF\r\n\r\nObject:\r\n\tObject Server:\t\tSecurity Account Manager\r\n\tHandle ID:\t\t0x1f313272090\r\n\r\nProcess Information:\r\n\tProcess ID:\t\t0x280\r\n\tProcess Name:\t\tC:\\Windows\\System32\\lsass.exe","Category":"Other Object Access Events","Opcode":"Info","SubjectUserSid":"S-1-5-21-3688015610-2013655948-1090528724-500","SubjectUserName":"Administrator","SubjectDomainName":"MARVEL","SubjectLogonId":"0x661ff","ObjectServer":"Security Account Manager","HandleId":"0x1f313272090","ProcessName":"C:\\Windows\\System32\\lsass.exe","EventReceivedTime":"2021-09-01 00:25:13","SourceModuleName":"GuruculWindowsFull2016","SourceModuleType":"im_msvistalog"}
{"EventTime":"2021-09-01 00:25:12","Hostname":"HYDRA-DC.MARVEL.local","Keywords":-9214364837600034816,"EventType":"AUDIT_SUCCESS","SeverityValue":2,"Severity":"INFO","EventID":4658,"SourceName":"Microsoft-Windows-Security-Auditing","ProviderGuid":"{54849625-5478-4994-A5BA-3E3B0328C30D}","Version":0,"Task":12804,"OpcodeValue":0,"RecordNumber":20327524,"ProcessID":4,"ThreadID":5660,"Channel":"Security","Message":"The handle to an object was closed.\r\n\r\nSubject :\r\n\tSecurity ID:\t\tS-1-5-21-3688015610-2013655948-1090528724-500\r\n\tAccount Name:\t\tAdministrator\r\n\tAccount Domain:\t\tMARVEL\r\n\tLogon ID:\t\t0x661FF\r\n\r\nObject:\r\n\tObject Server:\t\tSecurity Account Manager\r\n\tHandle ID:\t\t0x1f313270d50\r\n\r\nProcess Information:\r\n\tProcess ID:\t\t0x280\r\n\tProcess Name:\t\tC:\\Windows\\System32\\lsass.exe","Category":"Other Object Access Events","Opcode":"Info","SubjectUserSid":"S-1-5-21-3688015610-2013655948-1090528724-500","SubjectUserName":"Administrator","SubjectDomainName":"MARVEL","SubjectLogonId":"0x661ff","ObjectServer":"Security Account Manager","HandleId":"0x1f313270d50","ProcessName":"C:\\Windows\\System32\\lsass.exe","EventReceivedTime":"2021-09-01 00:25:13","SourceModuleName":"GuruculWindowsFull2016","SourceModuleType":"im_msvistalog"}
{"EventTime":"2021-09-01 00:25:12","Hostname":"HYDRA-DC.MARVEL.local","Keywords":-9214364837600034816,"EventType":"AUDIT_SUCCESS","SeverityValue":2,"Severity":"INFO","EventID":4658,"SourceName":"Microsoft-Windows-Security-Auditing","ProviderGuid":"{54849625-5478-4994-A5BA-3E3B0328C30D}","Version":0,"Task":12804,"OpcodeValue":0,"RecordNumber":20327525,"ProcessID":4,"ThreadID":5660,"Channel":"Security","Message":"The handle to an object was closed.\r\n\r\nSubject :\r\n\tSecurity ID:\t\tS-1-5-21-3688015610-2013655948-1090528724-500\r\n\tAccount Name:\t\tAdministrator\r\n\tAccount Domain:\t\tMARVEL\r\n\tLogon ID:\t\t0x661FF\r\n\r\nObject:\r\n\tObject Server:\t\tSecurity Account Manager\r\n\tHandle ID:\t\t0x1f313272090\r\n\r\nProcess Information:\r\n\tProcess ID:\t\t0x280\r\n\tProcess Name:\t\tC:\\Windows\\System32\\lsass.exe","Category":"Other Object Access Events","Opcode":"Info","SubjectUserSid":"S-1-5-21-3688015610-2013655948-1090528724-500","SubjectUserName":"Administrator","SubjectDomainName":"MARVEL","SubjectLogonId":"0x661ff","ObjectServer":"Security Account Manager","HandleId":"0x1f313272090","ProcessName":"C:\\Windows\\System32\\lsass.exe","EventReceivedTime":"2021-09-01 00:25:13","SourceModuleName":"GuruculWindowsFull2016","SourceModuleType":"im_msvistalog"}
{"EventTime":"2021-09-01 00:25:12","Hostname":"HYDRA-DC.MARVEL.local","Keywords":-9214364837600034816,"EventType":"AUDIT_SUCCESS","SeverityValue":2,"Severity":"INFO","EventID":4799,"SourceName":"Microsoft-Windows-Security-Auditing","ProviderGuid":"{54849625-5478-4994-A5BA-3E3B0328C30D}","Version":0,"Task":13826,"OpcodeValue":0,"RecordNumber":20327526,"ProcessID":640,"ThreadID":792,"Channel":"Security","Message":"A security-enabled local group membership was enumerated.\r\n\r\nSubject:\r\n\tSecurity ID:\t\tS-1-5-21-3688015610-2013655948-1090528724-500\r\n\tAccount Name:\t\tAdministrator\r\n\tAccount Domain:\t\tMARVEL\r\n\tLogon ID:\t\t0x661FF\r\n\r\nGroup:\r\n\tSecurity ID:\t\tS-1-5-32-544\r\n\tGroup Name:\t\tAdministrators\r\n\tGroup Domain:\t\tBuiltin\r\n\r\nProcess Information:\r\n\tProcess ID:\t\t0x4c8\r\n\tProcess Name:\t\tC:\\Windows\\System32\\ntdsutil.exe","Category":"Security Group Management","Opcode":"Info","TargetUserName":"Administrators","TargetDomainName":"Builtin","TargetSid":"S-1-5-32-544","SubjectUserSid":"S-1-5-21-3688015610-2013655948-1090528724-500","SubjectUserName":"Administrator","SubjectDomainName":"MARVEL","SubjectLogonId":"0x661ff","CallerProcessId":"0x4c8","CallerProcessName":"C:\\Windows\\System32\\ntdsutil.exe","EventReceivedTime":"2021-09-01 00:25:13","SourceModuleName":"GuruculWindowsFull2016","SourceModuleType":"im_msvistalog"}
{"EventTime":"2021-09-01 00:25:12","Hostname":"HYDRA-DC.MARVEL.local","Keywords":-9214364837600034816,"EventType":"AUDIT_SUCCESS","SeverityValue":2,"Severity":"INFO","EventID":4799,"SourceName":"Microsoft-Windows-Security-Auditing","ProviderGuid":"{54849625-5478-4994-A5BA-3E3B0328C30D}","Version":0,"Task":13826,"OpcodeValue":0,"RecordNumber":20327527,"ProcessID":640,"ThreadID":3196,"Channel":"Security","Message":"A security-enabled local group membership was enumerated.\r\n\r\nSubject:\r\n\tSecurity ID:\t\tS-1-5-21-3688015610-2013655948-1090528724-500\r\n\tAccount Name:\t\tAdministrator\r\n\tAccount Domain:\t\tMARVEL\r\n\tLogon ID:\t\t0x661FF\r\n\r\nGroup:\r\n\tSecurity ID:\t\tS-1-5-32-544\r\n\tGroup Name:\t\tAdministrators\r\n\tGroup Domain:\t\tBuiltin\r\n\r\nProcess Information:\r\n\tProcess ID:\t\t0x4c8\r\n\tProcess Name:\t\tC:\\Windows\\System32\\ntdsutil.exe","Category":"Security Group Management","Opcode":"Info","TargetUserName":"Administrators","TargetDomainName":"Builtin","TargetSid":"S-1-5-32-544","SubjectUserSid":"S-1-5-21-3688015610-2013655948-1090528724-500","SubjectUserName":"Administrator","SubjectDomainName":"MARVEL","SubjectLogonId":"0x661ff","CallerProcessId":"0x4c8","CallerProcessName":"C:\\Windows\\System32\\ntdsutil.exe","EventReceivedTime":"2021-09-01 00:25:13","SourceModuleName":"GuruculWindowsFull2016","SourceModuleType":"im_msvistalog"}
{"EventTime":"2021-09-01 00:25:12","Hostname":"HYDRA-DC.MARVEL.local","Keywords":-9214364837600034816,"EventType":"AUDIT_SUCCESS","SeverityValue":2,"Severity":"INFO","EventID":4658,"SourceName":"Microsoft-Windows-Security-Auditing","ProviderGuid":"{54849625-5478-4994-A5BA-3E3B0328C30D}","Version":0,"Task":12804,"OpcodeValue":0,"RecordNumber":20327528,"ProcessID":4,"ThreadID":5660,"Channel":"Security","Message":"The handle to an object was closed.\r\n\r\nSubject :\r\n\tSecurity ID:\t\tS-1-5-21-3688015610-2013655948-1090528724-500\r\n\tAccount Name:\t\tAdministrator\r\n\tAccount Domain:\t\tMARVEL\r\n\tLogon ID:\t\t0x661FF\r\n\r\nObject:\r\n\tObject Server:\t\tSecurity Account Manager\r\n\tHandle ID:\t\t0x1f313274240\r\n\r\nProcess Information:\r\n\tProcess ID:\t\t0x280\r\n\tProcess Name:\t\tC:\\Windows\\System32\\lsass.exe","Category":"Other Object Access Events","Opcode":"Info","SubjectUserSid":"S-1-5-21-3688015610-2013655948-1090528724-500","SubjectUserName":"Administrator","SubjectDomainName":"MARVEL","SubjectLogonId":"0x661ff","ObjectServer":"Security Account Manager","HandleId":"0x1f313274240","ProcessName":"C:\\Windows\\System32\\lsass.exe","EventReceivedTime":"2021-09-01 00:25:13","SourceModuleName":"GuruculWindowsFull2016","SourceModuleType":"im_msvistalog"}
{"EventTime":"2021-09-01 00:25:12","Hostname":"HYDRA-DC.MARVEL.local","Keywords":-9214364837600034816,"EventType":"AUDIT_SUCCESS","SeverityValue":2,"Severity":"INFO","EventID":4658,"SourceName":"Microsoft-Windows-Security-Auditing","ProviderGuid":"{54849625-5478-4994-A5BA-3E3B0328C30D}","Version":0,"Task":12804,"OpcodeValue":0,"RecordNumber":20327529,"ProcessID":4,"ThreadID":5660,"Channel":"Security","Message":"The handle to an object was closed.\r\n\r\nSubject :\r\n\tSecurity ID:\t\tS-1-5-21-3688015610-2013655948-1090528724-500\r\n\tAccount Name:\t\tAdministrator\r\n\tAccount Domain:\t\tMARVEL\r\n\tLogon ID:\t\t0x661FF\r\n\r\nObject:\r\n\tObject Server:\t\tSecurity Account Manager\r\n\tHandle ID:\t\t0x1f313272560\r\n\r\nProcess Information:\r\n\tProcess ID:\t\t0x280\r\n\tProcess Name:\t\tC:\\Windows\\System32\\lsass.exe","Category":"Other Object Access Events","Opcode":"Info","SubjectUserSid":"S-1-5-21-3688015610-2013655948-1090528724-500","SubjectUserName":"Administrator","SubjectDomainName":"MARVEL","SubjectLogonId":"0x661ff","ObjectServer":"Security Account Manager","HandleId":"0x1f313272560","ProcessName":"C:\\Windows\\System32\\lsass.exe","EventReceivedTime":"2021-09-01 00:25:13","SourceModuleName":"GuruculWindowsFull2016","SourceModuleType":"im_msvistalog"}
{"EventTime":"2021-09-01 00:25:12","Hostname":"HYDRA-DC.MARVEL.local","Keywords":-9214364837600034816,"EventType":"AUDIT_SUCCESS","SeverityValue":2,"Severity":"INFO","EventID":4658,"SourceName":"Microsoft-Windows-Security-Auditing","ProviderGuid":"{54849625-5478-4994-A5BA-3E3B0328C30D}","Version":0,"Task":12804,"OpcodeValue":0,"RecordNumber":20327533,"ProcessID":4,"ThreadID":5660,"Channel":"Security","Message":"The handle to an object was closed.\r\n\r\nSubject :\r\n\tSecurity ID:\t\tS-1-5-21-3688015610-2013655948-1090528724-500\r\n\tAccount Name:\t\tAdministrator\r\n\tAccount Domain:\t\tMARVEL\r\n\tLogon ID:\t\t0x661FF\r\n\r\nObject:\r\n\tObject Server:\t\tSecurity Account Manager\r\n\tHandle ID:\t\t0x1f3132738a0\r\n\r\nProcess Information:\r\n\tProcess ID:\t\t0x280\r\n\tProcess Name:\t\tC:\\Windows\\System32\\lsass.exe","Category":"Other Object Access Events","Opcode":"Info","SubjectUserSid":"S-1-5-21-3688015610-2013655948-1090528724-500","SubjectUserName":"Administrator","SubjectDomainName":"MARVEL","SubjectLogonId":"0x661ff","ObjectServer":"Security Account Manager","HandleId":"0x1f3132738a0","ProcessName":"C:\\Windows\\System32\\lsass.exe","EventReceivedTime":"2021-09-01 00:25:13","SourceModuleName":"GuruculWindowsFull2016","SourceModuleType":"im_msvistalog"}
{"EventTime":"2021-09-01 00:25:12","Hostname":"HYDRA-DC.MARVEL.local","Keywords":-9214364837600034816,"EventType":"AUDIT_SUCCESS","SeverityValue":2,"Severity":"INFO","EventID":4799,"SourceName":"Microsoft-Windows-Security-Auditing","ProviderGuid":"{54849625-5478-4994-A5BA-3E3B0328C30D}","Version":0,"Task":13826,"OpcodeValue":0,"RecordNumber":20327535,"ProcessID":640,"ThreadID":792,"Channel":"Security","Message":"A security-enabled local group membership was enumerated.\r\n\r\nSubject:\r\n\tSecurity ID:\t\tS-1-5-21-3688015610-2013655948-1090528724-500\r\n\tAccount Name:\t\tAdministrator\r\n\tAccount Domain:\t\tMARVEL\r\n\tLogon ID:\t\t0x661FF\r\n\r\nGroup:\r\n\tSecurity ID:\t\tS-1-5-32-551\r\n\tGroup Name:\t\tBackup Operators\r\n\tGroup Domain:\t\tBuiltin\r\n\r\nProcess Information:\r\n\tProcess ID:\t\t0x4c8\r\n\tProcess Name:\t\tC:\\Windows\\System32\\ntdsutil.exe","Category":"Security Group Management","Opcode":"Info","TargetUserName":"Backup Operators","TargetDomainName":"Builtin","TargetSid":"S-1-5-32-551","SubjectUserSid":"S-1-5-21-3688015610-2013655948-1090528724-500","SubjectUserName":"Administrator","SubjectDomainName":"MARVEL","SubjectLogonId":"0x661ff","CallerProcessId":"0x4c8","CallerProcessName":"C:\\Windows\\System32\\ntdsutil.exe","EventReceivedTime":"2021-09-01 00:25:13","SourceModuleName":"GuruculWindowsFull2016","SourceModuleType":"im_msvistalog"}
{"EventTime":"2021-09-01 00:25:12","Hostname":"HYDRA-DC.MARVEL.local","Keywords":-9214364837600034816,"EventType":"AUDIT_SUCCESS","SeverityValue":2,"Severity":"INFO","EventID":4658,"SourceName":"Microsoft-Windows-Security-Auditing","ProviderGuid":"{54849625-5478-4994-A5BA-3E3B0328C30D}","Version":0,"Task":12804,"OpcodeValue":0,"RecordNumber":20327536,"ProcessID":4,"ThreadID":5660,"Channel":"Security","Message":"The handle to an object was closed.\r\n\r\nSubject :\r\n\tSecurity ID:\t\tS-1-5-21-3688015610-2013655948-1090528724-500\r\n\tAccount Name:\t\tAdministrator\r\n\tAccount Domain:\t\tMARVEL\r\n\tLogon ID:\t\t0x661FF\r\n\r\nObject:\r\n\tObject Server:\t\tSecurity Account Manager\r\n\tHandle ID:\t\t0x1f313273d70\r\n\r\nProcess Information:\r\n\tProcess ID:\t\t0x280\r\n\tProcess Name:\t\tC:\\Windows\\System32\\lsass.exe","Category":"Other Object Access Events","Opcode":"Info","SubjectUserSid":"S-1-5-21-3688015610-2013655948-1090528724-500","SubjectUserName":"Administrator","SubjectDomainName":"MARVEL","SubjectLogonId":"0x661ff","ObjectServer":"Security Account Manager","HandleId":"0x1f313273d70","ProcessName":"C:\\Windows\\System32\\lsass.exe","EventReceivedTime":"2021-09-01 00:25:13","SourceModuleName":"GuruculWindowsFull2016","SourceModuleType":"im_msvistalog"}
{"EventTime":"2021-09-01 00:25:12","Hostname":"HYDRA-DC.MARVEL.local","Keywords":-9214364837600034816,"EventType":"AUDIT_SUCCESS","SeverityValue":2,"Severity":"INFO","EventID":4658,"SourceName":"Microsoft-Windows-Security-Auditing","ProviderGuid":"{54849625-5478-4994-A5BA-3E3B0328C30D}","Version":0,"Task":12804,"OpcodeValue":0,"RecordNumber":20327537,"ProcessID":4,"ThreadID":5660,"Channel":"Security","Message":"The handle to an object was closed.\r\n\r\nSubject :\r\n\tSecurity ID:\t\tS-1-5-21-3688015610-2013655948-1090528724-500\r\n\tAccount Name:\t\tAdministrator\r\n\tAccount Domain:\t\tMARVEL\r\n\tLogon ID:\t\t0x661FF\r\n\r\nObject:\r\n\tObject Server:\t\tSecurity Account Manager\r\n\tHandle ID:\t\t0x1f313274240\r\n\r\nProcess Information:\r\n\tProcess ID:\t\t0x280\r\n\tProcess Name:\t\tC:\\Windows\\System32\\lsass.exe","Category":"Other Object Access Events","Opcode":"Info","SubjectUserSid":"S-1-5-21-3688015610-2013655948-1090528724-500","SubjectUserName":"Administrator","SubjectDomainName":"MARVEL","SubjectLogonId":"0x661ff","ObjectServer":"Security Account Manager","HandleId":"0x1f313274240","ProcessName":"C:\\Windows\\System32\\lsass.exe","EventReceivedTime":"2021-09-01 00:25:13","SourceModuleName":"GuruculWindowsFull2016","SourceModuleType":"im_msvistalog"}
{"EventTime":"2021-09-01 00:25:12","Hostname":"HYDRA-DC.MARVEL.local","Keywords":-9214364837600034816,"EventType":"AUDIT_SUCCESS","SeverityValue":2,"Severity":"INFO","EventID":4799,"SourceName":"Microsoft-Windows-Security-Auditing","ProviderGuid":"{54849625-5478-4994-A5BA-3E3B0328C30D}","Version":0,"Task":13826,"OpcodeValue":0,"RecordNumber":20327538,"ProcessID":640,"ThreadID":3196,"Channel":"Security","Message":"A security-enabled local group membership was enumerated.\r\n\r\nSubject:\r\n\tSecurity ID:\t\tS-1-5-21-3688015610-2013655948-1090528724-500\r\n\tAccount Name:\t\tAdministrator\r\n\tAccount Domain:\t\tMARVEL\r\n\tLogon ID:\t\t0x661FF\r\n\r\nGroup:\r\n\tSecurity ID:\t\tS-1-5-32-551\r\n\tGroup Name:\t\tBackup Operators\r\n\tGroup Domain:\t\tBuiltin\r\n\r\nProcess Information:\r\n\tProcess ID:\t\t0x4c8\r\n\tProcess Name:\t\tC:\\Windows\\System32\\ntdsutil.exe","Category":"Security Group Management","Opcode":"Info","TargetUserName":"Backup Operators","TargetDomainName":"Builtin","TargetSid":"S-1-5-32-551","SubjectUserSid":"S-1-5-21-3688015610-2013655948-1090528724-500","SubjectUserName":"Administrator","SubjectDomainName":"MARVEL","SubjectLogonId":"0x661ff","CallerProcessId":"0x4c8","CallerProcessName":"C:\\Windows\\System32\\ntdsutil.exe","EventReceivedTime":"2021-09-01 00:25:13","SourceModuleName":"GuruculWindowsFull2016","SourceModuleType":"im_msvistalog"}
{"EventTime":"2021-09-01 00:25:12","Hostname":"HYDRA-DC.MARVEL.local","Keywords":-9214364837600034816,"EventType":"AUDIT_SUCCESS","SeverityValue":2,"Severity":"INFO","EventID":4658,"SourceName":"Microsoft-Windows-Security-Auditing","ProviderGuid":"{54849625-5478-4994-A5BA-3E3B0328C30D}","Version":0,"Task":12804,"OpcodeValue":0,"RecordNumber":20327539,"ProcessID":4,"ThreadID":5660,"Channel":"Security","Message":"The handle to an object was closed.\r\n\r\nSubject :\r\n\tSecurity ID:\t\tS-1-5-21-3688015610-2013655948-1090528724-500\r\n\tAccount Name:\t\tAdministrator\r\n\tAccount Domain:\t\tMARVEL\r\n\tLogon ID:\t\t0x661FF\r\n\r\nObject:\r\n\tObject Server:\t\tSecurity Account Manager\r\n\tHandle ID:\t\t0x1f313270d50\r\n\r\nProcess Information:\r\n\tProcess ID:\t\t0x280\r\n\tProcess Name:\t\tC:\\Windows\\System32\\lsass.exe","Category":"Other Object Access Events","Opcode":"Info","SubjectUserSid":"S-1-5-21-3688015610-2013655948-1090528724-500","SubjectUserName":"Administrator","SubjectDomainName":"MARVEL","SubjectLogonId":"0x661ff","ObjectServer":"Security Account Manager","HandleId":"0x1f313270d50","ProcessName":"C:\\Windows\\System32\\lsass.exe","EventReceivedTime":"2021-09-01 00:25:13","SourceModuleName":"GuruculWindowsFull2016","SourceModuleType":"im_msvistalog"}
