{"EventTime":"2021-09-01 00:23:13","Hostname":"HYDRA-DC.MARVEL.local","Keywords":-9214364837600034816,"EventType":"AUDIT_SUCCESS","SeverityValue":2,"Severity":"INFO","EventID":4658,"SourceName":"Microsoft-Windows-Security-Auditing","ProviderGuid":"{54849625-5478-4994-A5BA-3E3B0328C30D}","Version":0,"Task":12804,"OpcodeValue":0,"RecordNumber":20325122,"ProcessID":4,"ThreadID":216,"Channel":"Security","Message":"The handle to an object was closed.\r\n\r\nSubject :\r\n\tSecurity ID:\t\tS-1-5-18\r\n\tAccount Name:\t\tHYDRA-DC$\r\n\tAccount Domain:\t\tMARVEL\r\n\tLogon ID:\t\t0x3E7\r\n\r\nObject:\r\n\tObject Server:\t\tSecurity Account Manager\r\n\tHandle ID:\t\t0x1f313274240\r\n\r\nProcess Information:\r\n\tProcess ID:\t\t0x280\r\n\tProcess Name:\t\tC:\\Windows\\System32\\lsass.exe","Category":"Other Object Access Events","Opcode":"Info","SubjectUserSid":"S-1-5-18","SubjectUserName":"HYDRA-DC$","SubjectDomainName":"MARVEL","SubjectLogonId":"0x3e7","ObjectServer":"Security Account Manager","HandleId":"0x1f313274240","ProcessName":"C:\\Windows\\System32\\lsass.exe","EventReceivedTime":"2021-09-01 00:23:14","SourceModuleName":"GuruculWindowsFull2016","SourceModuleType":"im_msvistalog"}
{"EventTime":"2021-09-01 00:23:13","Hostname":"HYDRA-DC.MARVEL.local","Keywords":-9214364837600034816,"EventType":"AUDIT_SUCCESS","SeverityValue":2,"Severity":"INFO","EventID":4658,"SourceName":"Microsoft-Windows-Security-Auditing","ProviderGuid":"{54849625-5478-4994-A5BA-3E3B0328C30D}","Version":0,"Task":12804,"OpcodeValue":0,"RecordNumber":20325125,"ProcessID":4,"ThreadID":216,"Channel":"Security","Message":"The handle to an object was closed.\r\n\r\nSubject :\r\n\tSecurity ID:\t\tS-1-5-18\r\n\tAccount Name:\t\tHYDRA-DC$\r\n\tAccount Domain:\t\tMARVEL\r\n\tLogon ID:\t\t0x3E7\r\n\r\nObject:\r\n\tObject Server:\t\tSecurity Account Manager\r\n\tHandle ID:\t\t0x1f313272560\r\n\r\nProcess Information:\r\n\tProcess ID:\t\t0x280\r\n\tProcess Name:\t\tC:\\Windows\\System32\\lsass.exe","Category":"Other Object Access Events","Opcode":"Info","SubjectUserSid":"S-1-5-18","SubjectUserName":"HYDRA-DC$","SubjectDomainName":"MARVEL","SubjectLogonId":"0x3e7","ObjectServer":"Security Account Manager","HandleId":"0x1f313272560","ProcessName":"C:\\Windows\\System32\\lsass.exe","EventReceivedTime":"2021-09-01 00:23:14","SourceModuleName":"GuruculWindowsFull2016","SourceModuleType":"im_msvistalog"}
{"EventTime":"2021-09-01 00:23:13","Hostname":"HYDRA-DC.MARVEL.local","Keywords":-9214364837600034816,"EventType":"AUDIT_SUCCESS","SeverityValue":2,"Severity":"INFO","EventID":4799,"SourceName":"Microsoft-Windows-Security-Auditing","ProviderGuid":"{54849625-5478-4994-A5BA-3E3B0328C30D}","Version":0,"Task":13826,"OpcodeValue":0,"RecordNumber":20325126,"ProcessID":640,"ThreadID":688,"Channel":"Security","Message":"A security-enabled local group membership was enumerated.\r\n\r\nSubject:\r\n\tSecurity ID:\t\tS-1-5-18\r\n\tAccount Name:\t\tHYDRA-DC$\r\n\tAccount Domain:\t\tMARVEL\r\n\tLogon ID:\t\t0x3E7\r\n\r\nGroup:\r\n\tSecurity ID:\t\tS-1-5-32-544\r\n\tGroup Name:\t\tAdministrators\r\n\tGroup Domain:\t\tBuiltin\r\n\r\nProcess Information:\r\n\tProcess ID:\t\t0x1438\r\n\tProcess Name:\t\tC:\\Windows\\System32\\VSSVC.exe","Category":"Security Group Management","Opcode":"Info","TargetUserName":"Administrators","TargetDomainName":"Builtin","TargetSid":"S-1-5-32-544","SubjectUserSid":"S-1-5-18","SubjectUserName":"HYDRA-DC$","SubjectDomainName":"MARVEL","SubjectLogonId":"0x3e7","CallerProcessId":"0x1438","CallerProcessName":"C:\\Windows\\System32\\VSSVC.exe","EventReceivedTime":"2021-09-01 00:23:14","SourceModuleName":"GuruculWindowsFull2016","SourceModuleType":"im_msvistalog"}
{"EventTime":"2021-09-01 00:23:13","Hostname":"HYDRA-DC.MARVEL.local","Keywords":-9214364837600034816,"EventType":"AUDIT_SUCCESS","SeverityValue":2,"Severity":"INFO","EventID":4658,"SourceName":"Microsoft-Windows-Security-Auditing","ProviderGuid":"{54849625-5478-4994-A5BA-3E3B0328C30D}","Version":0,"Task":12804,"OpcodeValue":0,"RecordNumber":20325127,"ProcessID":4,"ThreadID":216,"Channel":"Security","Message":"The handle to an object was closed.\r\n\r\nSubject :\r\n\tSecurity ID:\t\tS-1-5-18\r\n\tAccount Name:\t\tHYDRA-DC$\r\n\tAccount Domain:\t\tMARVEL\r\n\tLogon ID:\t\t0x3E7\r\n\r\nObject:\r\n\tObject Server:\t\tSecurity Account Manager\r\n\tHandle ID:\t\t0x1f3132738a0\r\n\r\nProcess Information:\r\n\tProcess ID:\t\t0x280\r\n\tProcess Name:\t\tC:\\Windows\\System32\\lsass.exe","Category":"Other Object Access Events","Opcode":"Info","SubjectUserSid":"S-1-5-18","SubjectUserName":"HYDRA-DC$","SubjectDomainName":"MARVEL","SubjectLogonId":"0x3e7","ObjectServer":"Security Account Manager","HandleId":"0x1f3132738a0","ProcessName":"C:\\Windows\\System32\\lsass.exe","EventReceivedTime":"2021-09-01 00:23:14","SourceModuleName":"GuruculWindowsFull2016","SourceModuleType":"im_msvistalog"}
{"EventTime":"2021-09-01 00:23:13","Hostname":"HYDRA-DC.MARVEL.local","Keywords":-9214364837600034816,"EventType":"AUDIT_SUCCESS","SeverityValue":2,"Severity":"INFO","EventID":4658,"SourceName":"Microsoft-Windows-Security-Auditing","ProviderGuid":"{54849625-5478-4994-A5BA-3E3B0328C30D}","Version":0,"Task":12804,"OpcodeValue":0,"RecordNumber":20325130,"ProcessID":4,"ThreadID":216,"Channel":"Security","Message":"The handle to an object was closed.\r\n\r\nSubject :\r\n\tSecurity ID:\t\tS-1-5-18\r\n\tAccount Name:\t\tHYDRA-DC$\r\n\tAccount Domain:\t\tMARVEL\r\n\tLogon ID:\t\t0x3E7\r\n\r\nObject:\r\n\tObject Server:\t\tSecurity Account Manager\r\n\tHandle ID:\t\t0x1f313272090\r\n\r\nProcess Information:\r\n\tProcess ID:\t\t0x280\r\n\tProcess Name:\t\tC:\\Windows\\System32\\lsass.exe","Category":"Other Object Access Events","Opcode":"Info","SubjectUserSid":"S-1-5-18","SubjectUserName":"HYDRA-DC$","SubjectDomainName":"MARVEL","SubjectLogonId":"0x3e7","ObjectServer":"Security Account Manager","HandleId":"0x1f313272090","ProcessName":"C:\\Windows\\System32\\lsass.exe","EventReceivedTime":"2021-09-01 00:23:14","SourceModuleName":"GuruculWindowsFull2016","SourceModuleType":"im_msvistalog"}
{"EventTime":"2021-09-01 00:23:13","Hostname":"HYDRA-DC.MARVEL.local","Keywords":-9214364837600034816,"EventType":"AUDIT_SUCCESS","SeverityValue":2,"Severity":"INFO","EventID":4799,"SourceName":"Microsoft-Windows-Security-Auditing","ProviderGuid":"{54849625-5478-4994-A5BA-3E3B0328C30D}","Version":0,"Task":13826,"OpcodeValue":0,"RecordNumber":20325131,"ProcessID":640,"ThreadID":688,"Channel":"Security","Message":"A security-enabled local group membership was enumerated.\r\n\r\nSubject:\r\n\tSecurity ID:\t\tS-1-5-18\r\n\tAccount Name:\t\tHYDRA-DC$\r\n\tAccount Domain:\t\tMARVEL\r\n\tLogon ID:\t\t0x3E7\r\n\r\nGroup:\r\n\tSecurity ID:\t\tS-1-5-32-551\r\n\tGroup Name:\t\tBackup Operators\r\n\tGroup Domain:\t\tBuiltin\r\n\r\nProcess Information:\r\n\tProcess ID:\t\t0x1438\r\n\tProcess Name:\t\tC:\\Windows\\System32\\VSSVC.exe","Category":"Security Group Management","Opcode":"Info","TargetUserName":"Backup Operators","TargetDomainName":"Builtin","TargetSid":"S-1-5-32-551","SubjectUserSid":"S-1-5-18","SubjectUserName":"HYDRA-DC$","SubjectDomainName":"MARVEL","SubjectLogonId":"0x3e7","CallerProcessId":"0x1438","CallerProcessName":"C:\\Windows\\System32\\VSSVC.exe","EventReceivedTime":"2021-09-01 00:23:14","SourceModuleName":"GuruculWindowsFull2016","SourceModuleType":"im_msvistalog"}
{"EventTime":"2021-09-01 00:23:13","Hostname":"HYDRA-DC.MARVEL.local","Keywords":-9214364837600034816,"EventType":"AUDIT_SUCCESS","SeverityValue":2,"Severity":"INFO","EventID":4658,"SourceName":"Microsoft-Windows-Security-Auditing","ProviderGuid":"{54849625-5478-4994-A5BA-3E3B0328C30D}","Version":0,"Task":12804,"OpcodeValue":0,"RecordNumber":20325132,"ProcessID":4,"ThreadID":216,"Channel":"Security","Message":"The handle to an object was closed.\r\n\r\nSubject :\r\n\tSecurity ID:\t\tS-1-5-18\r\n\tAccount Name:\t\tHYDRA-DC$\r\n\tAccount Domain:\t\tMARVEL\r\n\tLogon ID:\t\t0x3E7\r\n\r\nObject:\r\n\tObject Server:\t\tSecurity Account Manager\r\n\tHandle ID:\t\t0x1f313272560\r\n\r\nProcess Information:\r\n\tProcess ID:\t\t0x280\r\n\tProcess Name:\t\tC:\\Windows\\System32\\lsass.exe","Category":"Other Object Access Events","Opcode":"Info","SubjectUserSid":"S-1-5-18","SubjectUserName":"HYDRA-DC$","SubjectDomainName":"MARVEL","SubjectLogonId":"0x3e7","ObjectServer":"Security Account Manager","HandleId":"0x1f313272560","ProcessName":"C:\\Windows\\System32\\lsass.exe","EventReceivedTime":"2021-09-01 00:23:14","SourceModuleName":"GuruculWindowsFull2016","SourceModuleType":"im_msvistalog"}
{"EventTime":"2021-09-01 00:23:13","Hostname":"HYDRA-DC.MARVEL.local","Keywords":36028797018963968,"EventType":"INFO","SeverityValue":2,"Severity":"INFO","EventID":300,"SourceName":"ESENT","Task":3,"RecordNumber":4510,"ProcessID":0,"ThreadID":0,"Channel":"Application","Message":"lsass (640,R,98) The database engine is initiating recovery steps.","Category":"Logging/Recovery","Opcode":"Info","EventReceivedTime":"2021-09-01 00:23:14","SourceModuleName":"GuruculWindowsFull2016","SourceModuleType":"im_msvistalog"}
{"EventTime":"2021-09-01 00:23:13","Hostname":"HYDRA-DC.MARVEL.local","Keywords":-9214364837600034816,"EventType":"AUDIT_SUCCESS","SeverityValue":2,"Severity":"INFO","EventID":4658,"SourceName":"Microsoft-Windows-Security-Auditing","ProviderGuid":"{54849625-5478-4994-A5BA-3E3B0328C30D}","Version":0,"Task":12812,"OpcodeValue":0,"RecordNumber":20325133,"ProcessID":4,"ThreadID":32,"Channel":"Security","Message":"The handle to an object was closed.\r\n\r\nSubject :\r\n\tSecurity ID:\t\tS-1-5-18\r\n\tAccount Name:\t\tHYDRA-DC$\r\n\tAccount Domain:\t\tMARVEL\r\n\tLogon ID:\t\t0x3E7\r\n\r\nObject:\r\n\tObject Server:\t\tSecurity\r\n\tHandle ID:\t\t0x258\r\n\r\nProcess Information:\r\n\tProcess ID:\t\t0x1038\r\n\tProcess Name:\t\tC:\\Windows\\System32\\svchost.exe","Category":"Removable Storage","Opcode":"Info","SubjectUserSid":"S-1-5-18","SubjectUserName":"HYDRA-DC$","SubjectDomainName":"MARVEL","SubjectLogonId":"0x3e7","ObjectServer":"Security","HandleId":"0x258","ProcessName":"C:\\Windows\\System32\\svchost.exe","EventReceivedTime":"2021-09-01 00:23:14","SourceModuleName":"GuruculWindowsFull2016","SourceModuleType":"im_msvistalog"}
{"EventTime":"2021-09-01 00:23:13","Hostname":"HYDRA-DC.MARVEL.local","Keywords":-9214364837600034816,"EventType":"AUDIT_SUCCESS","SeverityValue":2,"Severity":"INFO","EventID":4658,"SourceName":"Microsoft-Windows-Security-Auditing","ProviderGuid":"{54849625-5478-4994-A5BA-3E3B0328C30D}","Version":0,"Task":12812,"OpcodeValue":0,"RecordNumber":20325134,"ProcessID":4,"ThreadID":172,"Channel":"Security","Message":"The handle to an object was closed.\r\n\r\nSubject :\r\n\tSecurity ID:\t\tS-1-5-18\r\n\tAccount Name:\t\tHYDRA-DC$\r\n\tAccount Domain:\t\tMARVEL\r\n\tLogon ID:\t\t0x3E7\r\n\r\nObject:\r\n\tObject Server:\t\tSecurity\r\n\tHandle ID:\t\t0x250\r\n\r\nProcess Information:\r\n\tProcess ID:\t\t0x1038\r\n\tProcess Name:\t\tC:\\Windows\\System32\\svchost.exe","Category":"Removable Storage","Opcode":"Info","SubjectUserSid":"S-1-5-18","SubjectUserName":"HYDRA-DC$","SubjectDomainName":"MARVEL","SubjectLogonId":"0x3e7","ObjectServer":"Security","HandleId":"0x250","ProcessName":"C:\\Windows\\System32\\svchost.exe","EventReceivedTime":"2021-09-01 00:23:14","SourceModuleName":"GuruculWindowsFull2016","SourceModuleType":"im_msvistalog"}
{"EventTime":"2021-09-01 00:23:13","Hostname":"HYDRA-DC.MARVEL.local","Keywords":-9214364837600034816,"EventType":"AUDIT_SUCCESS","SeverityValue":2,"Severity":"INFO","EventID":4904,"SourceName":"Microsoft-Windows-Security-Auditing","ProviderGuid":"{54849625-5478-4994-A5BA-3E3B0328C30D}","Version":0,"Task":13568,"OpcodeValue":0,"RecordNumber":20325135,"ActivityID":"{7387852C-9EC6-0000-2D87-8773C69ED701}","ProcessID":640,"ThreadID":676,"Channel":"Security","Message":"An attempt was made to register a security event source.\r\n\r\nSubject :\r\n\tSecurity ID:\t\tS-1-5-18\r\n\tAccount Name:\t\tHYDRA-DC$\r\n\tAccount Domain:\t\tMARVEL\r\n\tLogon ID:\t\t0x3E7\r\n\r\nProcess:\r\n\tProcess ID:\t0x1438\r\n\tProcess Name:\tC:\\Windows\\System32\\VSSVC.exe\r\n\r\nEvent Source:\r\n\tSource Name:\tVSSAudit\r\n\tEvent Source ID:\t0x101FEE","Category":"Audit Policy Change","Opcode":"Info","SubjectUserSid":"S-1-5-18","SubjectUserName":"HYDRA-DC$","SubjectDomainName":"MARVEL","SubjectLogonId":"0x3e7","AuditSourceName":"VSSAudit","EventSourceId":"0x101fee","ProcessName":"C:\\Windows\\System32\\VSSVC.exe","EventReceivedTime":"2021-09-01 00:23:14","SourceModuleName":"GuruculWindowsFull2016","SourceModuleType":"im_msvistalog"}
{"EventTime":"2021-09-01 00:23:13","Hostname":"HYDRA-DC.MARVEL.local","Keywords":-9178336040581070848,"EventType":"AUDIT_SUCCESS","SeverityValue":2,"Severity":"INFO","EventID":8222,"SourceName":"VSSAudit","Task":3,"RecordNumber":20325136,"ProcessID":0,"ThreadID":0,"Channel":"Security","Domain":"NT AUTHORITY","AccountName":"SYSTEM","UserID":"S-1-5-18","AccountType":"User","Message":"Shadow copy has been created.\r\n \r\n User SID:\t\t\tS-1-5-21-3688015610-2013655948-1090528724-500\r\n User name:\t\t\tMARVEL\\Administrator\r\n Process ID:\t\t\t0x00000000000017b8\r\n Process image name:\t\tC:\\Windows\\System32\\ntdsutil.exe\r\n \r\n Shadow Set ID:\t\t\t{2c2c437a-eb74-4baf-ac40-9865733ee611}\r\n Shadow ID:\t\t\t{0ba568eb-0184-4398-9857-b3da58a99a81}\r\n Provider ID:\t\t\t{b5946137-7b9f-4925-af80-51abd60b20d5}\r\n Original Machine:\t\tHYDRA-DC.MARVEL.local\r\n Original Volume:\t\t\t\\\\?\\Volume{80bd7e09-cd50-4729-aa68-7b1e06527e13}\\\r\n Shadow device name:\t\t\\\\?\\GLOBALROOT\\Device\\HarddiskVolumeShadowCopy2\r\n","Opcode":"Info","EventReceivedTime":"2021-09-01 00:23:14","SourceModuleName":"GuruculWindowsFull2016","SourceModuleType":"im_msvistalog"}
{"EventTime":"2021-09-01 00:23:13","Hostname":"HYDRA-DC.MARVEL.local","Keywords":-9214364837600034816,"EventType":"AUDIT_SUCCESS","SeverityValue":2,"Severity":"INFO","EventID":4905,"SourceName":"Microsoft-Windows-Security-Auditing","ProviderGuid":"{54849625-5478-4994-A5BA-3E3B0328C30D}","Version":0,"Task":13568,"OpcodeValue":0,"RecordNumber":20325137,"ActivityID":"{7387852C-9EC6-0000-2D87-8773C69ED701}","ProcessID":640,"ThreadID":676,"Channel":"Security","Message":"An attempt was made to unregister a security event source.\r\n\r\nSubject\r\n\tSecurity ID:\t\tS-1-5-18\r\n\tAccount Name:\t\tHYDRA-DC$\r\n\tAccount Domain:\t\tMARVEL\r\n\tLogon ID:\t\t0x3E7\r\n\r\nProcess:\r\n\tProcess ID:\t0x1438\r\n\tProcess Name:\tC:\\Windows\\System32\\VSSVC.exe\r\n\r\nEvent Source:\r\n\tSource Name:\tVSSAudit\r\n\tEvent Source ID:\t0x101FEE","Category":"Audit Policy Change","Opcode":"Info","SubjectUserSid":"S-1-5-18","SubjectUserName":"HYDRA-DC$","SubjectDomainName":"MARVEL","SubjectLogonId":"0x3e7","AuditSourceName":"VSSAudit","EventSourceId":"0x101fee","ProcessName":"C:\\Windows\\System32\\VSSVC.exe","EventReceivedTime":"2021-09-01 00:23:14","SourceModuleName":"GuruculWindowsFull2016","SourceModuleType":"im_msvistalog"}
{"EventTime":"2021-09-01 00:23:13","Hostname":"HYDRA-DC.MARVEL.local","Keywords":-9214364837600034816,"EventType":"AUDIT_SUCCESS","SeverityValue":2,"Severity":"INFO","EventID":4658,"SourceName":"Microsoft-Windows-Security-Auditing","ProviderGuid":"{54849625-5478-4994-A5BA-3E3B0328C30D}","Version":0,"Task":12804,"OpcodeValue":0,"RecordNumber":20325140,"ProcessID":4,"ThreadID":32,"Channel":"Security","Message":"The handle to an object was closed.\r\n\r\nSubject :\r\n\tSecurity ID:\t\tS-1-5-21-3688015610-2013655948-1090528724-500\r\n\tAccount Name:\t\tAdministrator\r\n\tAccount Domain:\t\tMARVEL\r\n\tLogon ID:\t\t0x661FF\r\n\r\nObject:\r\n\tObject Server:\t\tSecurity Account Manager\r\n\tHandle ID:\t\t0x1f313272090\r\n\r\nProcess Information:\r\n\tProcess ID:\t\t0x280\r\n\tProcess Name:\t\tC:\\Windows\\System32\\lsass.exe","Category":"Other Object Access Events","Opcode":"Info","SubjectUserSid":"S-1-5-21-3688015610-2013655948-1090528724-500","SubjectUserName":"Administrator","SubjectDomainName":"MARVEL","SubjectLogonId":"0x661ff","ObjectServer":"Security Account Manager","HandleId":"0x1f313272090","ProcessName":"C:\\Windows\\System32\\lsass.exe","EventReceivedTime":"2021-09-01 00:23:14","SourceModuleName":"GuruculWindowsFull2016","SourceModuleType":"im_msvistalog"}
{"EventTime":"2021-09-01 00:23:13","Hostname":"HYDRA-DC.MARVEL.local","Keywords":-9214364837600034816,"EventType":"AUDIT_SUCCESS","SeverityValue":2,"Severity":"INFO","EventID":4799,"SourceName":"Microsoft-Windows-Security-Auditing","ProviderGuid":"{54849625-5478-4994-A5BA-3E3B0328C30D}","Version":0,"Task":13826,"OpcodeValue":0,"RecordNumber":20325141,"ProcessID":640,"ThreadID":676,"Channel":"Security","Message":"A security-enabled local group membership was enumerated.\r\n\r\nSubject:\r\n\tSecurity ID:\t\tS-1-5-21-3688015610-2013655948-1090528724-500\r\n\tAccount Name:\t\tAdministrator\r\n\tAccount Domain:\t\tMARVEL\r\n\tLogon ID:\t\t0x661FF\r\n\r\nGroup:\r\n\tSecurity ID:\t\tS-1-5-32-544\r\n\tGroup Name:\t\tAdministrators\r\n\tGroup Domain:\t\tBuiltin\r\n\r\nProcess Information:\r\n\tProcess ID:\t\t0x17b8\r\n\tProcess Name:\t\tC:\\Windows\\System32\\ntdsutil.exe","Category":"Security Group Management","Opcode":"Info","TargetUserName":"Administrators","TargetDomainName":"Builtin","TargetSid":"S-1-5-32-544","SubjectUserSid":"S-1-5-21-3688015610-2013655948-1090528724-500","SubjectUserName":"Administrator","SubjectDomainName":"MARVEL","SubjectLogonId":"0x661ff","CallerProcessId":"0x17b8","CallerProcessName":"C:\\Windows\\System32\\ntdsutil.exe","EventReceivedTime":"2021-09-01 00:23:14","SourceModuleName":"GuruculWindowsFull2016","SourceModuleType":"im_msvistalog"}
{"EventTime":"2021-09-01 00:23:13","Hostname":"HYDRA-DC.MARVEL.local","Keywords":-9214364837600034816,"EventType":"AUDIT_SUCCESS","SeverityValue":2,"Severity":"INFO","EventID":4658,"SourceName":"Microsoft-Windows-Security-Auditing","ProviderGuid":"{54849625-5478-4994-A5BA-3E3B0328C30D}","Version":0,"Task":12804,"OpcodeValue":0,"RecordNumber":20325142,"ProcessID":4,"ThreadID":32,"Channel":"Security","Message":"The handle to an object was closed.\r\n\r\nSubject :\r\n\tSecurity ID:\t\tS-1-5-21-3688015610-2013655948-1090528724-500\r\n\tAccount Name:\t\tAdministrator\r\n\tAccount Domain:\t\tMARVEL\r\n\tLogon ID:\t\t0x661FF\r\n\r\nObject:\r\n\tObject Server:\t\tSecurity Account Manager\r\n\tHandle ID:\t\t0x1f3132738a0\r\n\r\nProcess Information:\r\n\tProcess ID:\t\t0x280\r\n\tProcess Name:\t\tC:\\Windows\\System32\\lsass.exe","Category":"Other Object Access Events","Opcode":"Info","SubjectUserSid":"S-1-5-21-3688015610-2013655948-1090528724-500","SubjectUserName":"Administrator","SubjectDomainName":"MARVEL","SubjectLogonId":"0x661ff","ObjectServer":"Security Account Manager","HandleId":"0x1f3132738a0","ProcessName":"C:\\Windows\\System32\\lsass.exe","EventReceivedTime":"2021-09-01 00:23:14","SourceModuleName":"GuruculWindowsFull2016","SourceModuleType":"im_msvistalog"}
{"EventTime":"2021-09-01 00:23:13","Hostname":"HYDRA-DC.MARVEL.local","Keywords":-9214364837600034816,"EventType":"AUDIT_SUCCESS","SeverityValue":2,"Severity":"INFO","EventID":4658,"SourceName":"Microsoft-Windows-Security-Auditing","ProviderGuid":"{54849625-5478-4994-A5BA-3E3B0328C30D}","Version":0,"Task":12804,"OpcodeValue":0,"RecordNumber":20325145,"ProcessID":4,"ThreadID":216,"Channel":"Security","Message":"The handle to an object was closed.\r\n\r\nSubject :\r\n\tSecurity ID:\t\tS-1-5-21-3688015610-2013655948-1090528724-500\r\n\tAccount Name:\t\tAdministrator\r\n\tAccount Domain:\t\tMARVEL\r\n\tLogon ID:\t\t0x661FF\r\n\r\nObject:\r\n\tObject Server:\t\tSecurity Account Manager\r\n\tHandle ID:\t\t0x1f3132738a0\r\n\r\nProcess Information:\r\n\tProcess ID:\t\t0x280\r\n\tProcess Name:\t\tC:\\Windows\\System32\\lsass.exe","Category":"Other Object Access Events","Opcode":"Info","SubjectUserSid":"S-1-5-21-3688015610-2013655948-1090528724-500","SubjectUserName":"Administrator","SubjectDomainName":"MARVEL","SubjectLogonId":"0x661ff","ObjectServer":"Security Account Manager","HandleId":"0x1f3132738a0","ProcessName":"C:\\Windows\\System32\\lsass.exe","EventReceivedTime":"2021-09-01 00:23:14","SourceModuleName":"GuruculWindowsFull2016","SourceModuleType":"im_msvistalog"}
{"EventTime":"2021-09-01 00:23:13","Hostname":"HYDRA-DC.MARVEL.local","Keywords":-9214364837600034816,"EventType":"AUDIT_SUCCESS","SeverityValue":2,"Severity":"INFO","EventID":4799,"SourceName":"Microsoft-Windows-Security-Auditing","ProviderGuid":"{54849625-5478-4994-A5BA-3E3B0328C30D}","Version":0,"Task":13826,"OpcodeValue":0,"RecordNumber":20325146,"ProcessID":640,"ThreadID":676,"Channel":"Security","Message":"A security-enabled local group membership was enumerated.\r\n\r\nSubject:\r\n\tSecurity ID:\t\tS-1-5-21-3688015610-2013655948-1090528724-500\r\n\tAccount Name:\t\tAdministrator\r\n\tAccount Domain:\t\tMARVEL\r\n\tLogon ID:\t\t0x661FF\r\n\r\nGroup:\r\n\tSecurity ID:\t\tS-1-5-32-551\r\n\tGroup Name:\t\tBackup Operators\r\n\tGroup Domain:\t\tBuiltin\r\n\r\nProcess Information:\r\n\tProcess ID:\t\t0x17b8\r\n\tProcess Name:\t\tC:\\Windows\\System32\\ntdsutil.exe","Category":"Security Group Management","Opcode":"Info","TargetUserName":"Backup Operators","TargetDomainName":"Builtin","TargetSid":"S-1-5-32-551","SubjectUserSid":"S-1-5-21-3688015610-2013655948-1090528724-500","SubjectUserName":"Administrator","SubjectDomainName":"MARVEL","SubjectLogonId":"0x661ff","CallerProcessId":"0x17b8","CallerProcessName":"C:\\Windows\\System32\\ntdsutil.exe","EventReceivedTime":"2021-09-01 00:23:14","SourceModuleName":"GuruculWindowsFull2016","SourceModuleType":"im_msvistalog"}
{"EventTime":"2021-09-01 00:23:13","Hostname":"HYDRA-DC.MARVEL.local","Keywords":-9214364837600034816,"EventType":"AUDIT_SUCCESS","SeverityValue":2,"Severity":"INFO","EventID":4658,"SourceName":"Microsoft-Windows-Security-Auditing","ProviderGuid":"{54849625-5478-4994-A5BA-3E3B0328C30D}","Version":0,"Task":12804,"OpcodeValue":0,"RecordNumber":20325147,"ProcessID":4,"ThreadID":216,"Channel":"Security","Message":"The handle to an object was closed.\r\n\r\nSubject :\r\n\tSecurity ID:\t\tS-1-5-21-3688015610-2013655948-1090528724-500\r\n\tAccount Name:\t\tAdministrator\r\n\tAccount Domain:\t\tMARVEL\r\n\tLogon ID:\t\t0x661FF\r\n\r\nObject:\r\n\tObject Server:\t\tSecurity Account Manager\r\n\tHandle ID:\t\t0x1f313272090\r\n\r\nProcess Information:\r\n\tProcess ID:\t\t0x280\r\n\tProcess Name:\t\tC:\\Windows\\System32\\lsass.exe","Category":"Other Object Access Events","Opcode":"Info","SubjectUserSid":"S-1-5-21-3688015610-2013655948-1090528724-500","SubjectUserName":"Administrator","SubjectDomainName":"MARVEL","SubjectLogonId":"0x661ff","ObjectServer":"Security Account Manager","HandleId":"0x1f313272090","ProcessName":"C:\\Windows\\System32\\lsass.exe","EventReceivedTime":"2021-09-01 00:23:14","SourceModuleName":"GuruculWindowsFull2016","SourceModuleType":"im_msvistalog"}
{"EventTime":"2021-09-01 00:23:13","Hostname":"HYDRA-DC.MARVEL.local","Keywords":-9214364837600034816,"EventType":"AUDIT_SUCCESS","SeverityValue":2,"Severity":"INFO","EventID":4658,"SourceName":"Microsoft-Windows-Security-Auditing","ProviderGuid":"{54849625-5478-4994-A5BA-3E3B0328C30D}","Version":0,"Task":12804,"OpcodeValue":0,"RecordNumber":20325150,"ProcessID":4,"ThreadID":216,"Channel":"Security","Message":"The handle to an object was closed.\r\n\r\nSubject :\r\n\tSecurity ID:\t\tS-1-5-21-3688015610-2013655948-1090528724-500\r\n\tAccount Name:\t\tAdministrator\r\n\tAccount Domain:\t\tMARVEL\r\n\tLogon ID:\t\t0x661FF\r\n\r\nObject:\r\n\tObject Server:\t\tSecurity Account Manager\r\n\tHandle ID:\t\t0x1f313273d70\r\n\r\nProcess Information:\r\n\tProcess ID:\t\t0x280\r\n\tProcess Name:\t\tC:\\Windows\\System32\\lsass.exe","Category":"Other Object Access Events","Opcode":"Info","SubjectUserSid":"S-1-5-21-3688015610-2013655948-1090528724-500","SubjectUserName":"Administrator","SubjectDomainName":"MARVEL","SubjectLogonId":"0x661ff","ObjectServer":"Security Account Manager","HandleId":"0x1f313273d70","ProcessName":"C:\\Windows\\System32\\lsass.exe","EventReceivedTime":"2021-09-01 00:23:14","SourceModuleName":"GuruculWindowsFull2016","SourceModuleType":"im_msvistalog"}
{"EventTime":"2021-09-01 00:23:13","Hostname":"HYDRA-DC.MARVEL.local","Keywords":-9214364837600034816,"EventType":"AUDIT_SUCCESS","SeverityValue":2,"Severity":"INFO","EventID":4799,"SourceName":"Microsoft-Windows-Security-Auditing","ProviderGuid":"{54849625-5478-4994-A5BA-3E3B0328C30D}","Version":0,"Task":13826,"OpcodeValue":0,"RecordNumber":20325151,"ProcessID":640,"ThreadID":676,"Channel":"Security","Message":"A security-enabled local group membership was enumerated.\r\n\r\nSubject:\r\n\tSecurity ID:\t\tS-1-5-21-3688015610-2013655948-1090528724-500\r\n\tAccount Name:\t\tAdministrator\r\n\tAccount Domain:\t\tMARVEL\r\n\tLogon ID:\t\t0x661FF\r\n\r\nGroup:\r\n\tSecurity ID:\t\tS-1-5-32-544\r\n\tGroup Name:\t\tAdministrators\r\n\tGroup Domain:\t\tBuiltin\r\n\r\nProcess Information:\r\n\tProcess ID:\t\t0x17b8\r\n\tProcess Name:\t\tC:\\Windows\\System32\\ntdsutil.exe","Category":"Security Group Management","Opcode":"Info","TargetUserName":"Administrators","TargetDomainName":"Builtin","TargetSid":"S-1-5-32-544","SubjectUserSid":"S-1-5-21-3688015610-2013655948-1090528724-500","SubjectUserName":"Administrator","SubjectDomainName":"MARVEL","SubjectLogonId":"0x661ff","CallerProcessId":"0x17b8","CallerProcessName":"C:\\Windows\\System32\\ntdsutil.exe","EventReceivedTime":"2021-09-01 00:23:14","SourceModuleName":"GuruculWindowsFull2016","SourceModuleType":"im_msvistalog"}
{"EventTime":"2021-09-01 00:23:13","Hostname":"HYDRA-DC.MARVEL.local","Keywords":-9214364837600034816,"EventType":"AUDIT_SUCCESS","SeverityValue":2,"Severity":"INFO","EventID":4658,"SourceName":"Microsoft-Windows-Security-Auditing","ProviderGuid":"{54849625-5478-4994-A5BA-3E3B0328C30D}","Version":0,"Task":12804,"OpcodeValue":0,"RecordNumber":20325152,"ProcessID":4,"ThreadID":216,"Channel":"Security","Message":"The handle to an object was closed.\r\n\r\nSubject :\r\n\tSecurity ID:\t\tS-1-5-21-3688015610-2013655948-1090528724-500\r\n\tAccount Name:\t\tAdministrator\r\n\tAccount Domain:\t\tMARVEL\r\n\tLogon ID:\t\t0x661FF\r\n\r\nObject:\r\n\tObject Server:\t\tSecurity Account Manager\r\n\tHandle ID:\t\t0x1f313274240\r\n\r\nProcess Information:\r\n\tProcess ID:\t\t0x280\r\n\tProcess Name:\t\tC:\\Windows\\System32\\lsass.exe","Category":"Other Object Access Events","Opcode":"Info","SubjectUserSid":"S-1-5-21-3688015610-2013655948-1090528724-500","SubjectUserName":"Administrator","SubjectDomainName":"MARVEL","SubjectLogonId":"0x661ff","ObjectServer":"Security Account Manager","HandleId":"0x1f313274240","ProcessName":"C:\\Windows\\System32\\lsass.exe","EventReceivedTime":"2021-09-01 00:23:14","SourceModuleName":"GuruculWindowsFull2016","SourceModuleType":"im_msvistalog"}
{"EventTime":"2021-09-01 00:23:13","Hostname":"HYDRA-DC.MARVEL.local","Keywords":-9214364837600034816,"EventType":"AUDIT_SUCCESS","SeverityValue":2,"Severity":"INFO","EventID":4658,"SourceName":"Microsoft-Windows-Security-Auditing","ProviderGuid":"{54849625-5478-4994-A5BA-3E3B0328C30D}","Version":0,"Task":12804,"OpcodeValue":0,"RecordNumber":20325155,"ProcessID":4,"ThreadID":216,"Channel":"Security","Message":"The handle to an object was closed.\r\n\r\nSubject :\r\n\tSecurity ID:\t\tS-1-5-21-3688015610-2013655948-1090528724-500\r\n\tAccount Name:\t\tAdministrator\r\n\tAccount Domain:\t\tMARVEL\r\n\tLogon ID:\t\t0x661FF\r\n\r\nObject:\r\n\tObject Server:\t\tSecurity Account Manager\r\n\tHandle ID:\t\t0x1f313272090\r\n\r\nProcess Information:\r\n\tProcess ID:\t\t0x280\r\n\tProcess Name:\t\tC:\\Windows\\System32\\lsass.exe","Category":"Other Object Access Events","Opcode":"Info","SubjectUserSid":"S-1-5-21-3688015610-2013655948-1090528724-500","SubjectUserName":"Administrator","SubjectDomainName":"MARVEL","SubjectLogonId":"0x661ff","ObjectServer":"Security Account Manager","HandleId":"0x1f313272090","ProcessName":"C:\\Windows\\System32\\lsass.exe","EventReceivedTime":"2021-09-01 00:23:14","SourceModuleName":"GuruculWindowsFull2016","SourceModuleType":"im_msvistalog"}
{"EventTime":"2021-09-01 00:23:13","Hostname":"HYDRA-DC.MARVEL.local","Keywords":-9214364837600034816,"EventType":"AUDIT_SUCCESS","SeverityValue":2,"Severity":"INFO","EventID":4799,"SourceName":"Microsoft-Windows-Security-Auditing","ProviderGuid":"{54849625-5478-4994-A5BA-3E3B0328C30D}","Version":0,"Task":13826,"OpcodeValue":0,"RecordNumber":20325156,"ProcessID":640,"ThreadID":676,"Channel":"Security","Message":"A security-enabled local group membership was enumerated.\r\n\r\nSubject:\r\n\tSecurity ID:\t\tS-1-5-21-3688015610-2013655948-1090528724-500\r\n\tAccount Name:\t\tAdministrator\r\n\tAccount Domain:\t\tMARVEL\r\n\tLogon ID:\t\t0x661FF\r\n\r\nGroup:\r\n\tSecurity ID:\t\tS-1-5-32-551\r\n\tGroup Name:\t\tBackup Operators\r\n\tGroup Domain:\t\tBuiltin\r\n\r\nProcess Information:\r\n\tProcess ID:\t\t0x17b8\r\n\tProcess Name:\t\tC:\\Windows\\System32\\ntdsutil.exe","Category":"Security Group Management","Opcode":"Info","TargetUserName":"Backup Operators","TargetDomainName":"Builtin","TargetSid":"S-1-5-32-551","SubjectUserSid":"S-1-5-21-3688015610-2013655948-1090528724-500","SubjectUserName":"Administrator","SubjectDomainName":"MARVEL","SubjectLogonId":"0x661ff","CallerProcessId":"0x17b8","CallerProcessName":"C:\\Windows\\System32\\ntdsutil.exe","EventReceivedTime":"2021-09-01 00:23:14","SourceModuleName":"GuruculWindowsFull2016","SourceModuleType":"im_msvistalog"}
{"EventTime":"2021-09-01 00:23:13","Hostname":"HYDRA-DC.MARVEL.local","Keywords":-9214364837600034816,"EventType":"AUDIT_SUCCESS","SeverityValue":2,"Severity":"INFO","EventID":4658,"SourceName":"Microsoft-Windows-Security-Auditing","ProviderGuid":"{54849625-5478-4994-A5BA-3E3B0328C30D}","Version":0,"Task":12804,"OpcodeValue":0,"RecordNumber":20325157,"ProcessID":4,"ThreadID":216,"Channel":"Security","Message":"The handle to an object was closed.\r\n\r\nSubject :\r\n\tSecurity ID:\t\tS-1-5-21-3688015610-2013655948-1090528724-500\r\n\tAccount Name:\t\tAdministrator\r\n\tAccount Domain:\t\tMARVEL\r\n\tLogon ID:\t\t0x661FF\r\n\r\nObject:\r\n\tObject Server:\t\tSecurity Account Manager\r\n\tHandle ID:\t\t0x1f313273d70\r\n\r\nProcess Information:\r\n\tProcess ID:\t\t0x280\r\n\tProcess Name:\t\tC:\\Windows\\System32\\lsass.exe","Category":"Other Object Access Events","Opcode":"Info","SubjectUserSid":"S-1-5-21-3688015610-2013655948-1090528724-500","SubjectUserName":"Administrator","SubjectDomainName":"MARVEL","SubjectLogonId":"0x661ff","ObjectServer":"Security Account Manager","HandleId":"0x1f313273d70","ProcessName":"C:\\Windows\\System32\\lsass.exe","EventReceivedTime":"2021-09-01 00:23:14","SourceModuleName":"GuruculWindowsFull2016","SourceModuleType":"im_msvistalog"}
{"EventTime":"2021-09-01 00:23:13","Hostname":"HYDRA-DC.MARVEL.local","Keywords":-9214364837600034816,"EventType":"AUDIT_SUCCESS","SeverityValue":2,"Severity":"INFO","EventID":4658,"SourceName":"Microsoft-Windows-Security-Auditing","ProviderGuid":"{54849625-5478-4994-A5BA-3E3B0328C30D}","Version":0,"Task":12804,"OpcodeValue":0,"RecordNumber":20325162,"ProcessID":4,"ThreadID":216,"Channel":"Security","Message":"The handle to an object was closed.\r\n\r\nSubject :\r\n\tSecurity ID:\t\tS-1-5-21-3688015610-2013655948-1090528724-500\r\n\tAccount Name:\t\tAdministrator\r\n\tAccount Domain:\t\tMARVEL\r\n\tLogon ID:\t\t0x661FF\r\n\r\nObject:\r\n\tObject Server:\t\tSecurity Account Manager\r\n\tHandle ID:\t\t0x1f313272090\r\n\r\nProcess Information:\r\n\tProcess ID:\t\t0x280\r\n\tProcess Name:\t\tC:\\Windows\\System32\\lsass.exe","Category":"Other Object Access Events","Opcode":"Info","SubjectUserSid":"S-1-5-21-3688015610-2013655948-1090528724-500","SubjectUserName":"Administrator","SubjectDomainName":"MARVEL","SubjectLogonId":"0x661ff","ObjectServer":"Security Account Manager","HandleId":"0x1f313272090","ProcessName":"C:\\Windows\\System32\\lsass.exe","EventReceivedTime":"2021-09-01 00:23:14","SourceModuleName":"GuruculWindowsFull2016","SourceModuleType":"im_msvistalog"}
{"EventTime":"2021-09-01 00:23:13","Hostname":"HYDRA-DC.MARVEL.local","Keywords":-9214364837600034816,"EventType":"AUDIT_SUCCESS","SeverityValue":2,"Severity":"INFO","EventID":4658,"SourceName":"Microsoft-Windows-Security-Auditing","ProviderGuid":"{54849625-5478-4994-A5BA-3E3B0328C30D}","Version":0,"Task":12804,"OpcodeValue":0,"RecordNumber":20325163,"ProcessID":4,"ThreadID":216,"Channel":"Security","Message":"The handle to an object was closed.\r\n\r\nSubject :\r\n\tSecurity ID:\t\tS-1-5-21-3688015610-2013655948-1090528724-500\r\n\tAccount Name:\t\tAdministrator\r\n\tAccount Domain:\t\tMARVEL\r\n\tLogon ID:\t\t0x661FF\r\n\r\nObject:\r\n\tObject Server:\t\tSecurity Account Manager\r\n\tHandle ID:\t\t0x1f313272560\r\n\r\nProcess Information:\r\n\tProcess ID:\t\t0x280\r\n\tProcess Name:\t\tC:\\Windows\\System32\\lsass.exe","Category":"Other Object Access Events","Opcode":"Info","SubjectUserSid":"S-1-5-21-3688015610-2013655948-1090528724-500","SubjectUserName":"Administrator","SubjectDomainName":"MARVEL","SubjectLogonId":"0x661ff","ObjectServer":"Security Account Manager","HandleId":"0x1f313272560","ProcessName":"C:\\Windows\\System32\\lsass.exe","EventReceivedTime":"2021-09-01 00:23:14","SourceModuleName":"GuruculWindowsFull2016","SourceModuleType":"im_msvistalog"}
{"EventTime":"2021-09-01 00:23:13","Hostname":"HYDRA-DC.MARVEL.local","Keywords":-9214364837600034816,"EventType":"AUDIT_SUCCESS","SeverityValue":2,"Severity":"INFO","EventID":4799,"SourceName":"Microsoft-Windows-Security-Auditing","ProviderGuid":"{54849625-5478-4994-A5BA-3E3B0328C30D}","Version":0,"Task":13826,"OpcodeValue":0,"RecordNumber":20325164,"ProcessID":640,"ThreadID":676,"Channel":"Security","Message":"A security-enabled local group membership was enumerated.\r\n\r\nSubject:\r\n\tSecurity ID:\t\tS-1-5-21-3688015610-2013655948-1090528724-500\r\n\tAccount Name:\t\tAdministrator\r\n\tAccount Domain:\t\tMARVEL\r\n\tLogon ID:\t\t0x661FF\r\n\r\nGroup:\r\n\tSecurity ID:\t\tS-1-5-32-544\r\n\tGroup Name:\t\tAdministrators\r\n\tGroup Domain:\t\tBuiltin\r\n\r\nProcess Information:\r\n\tProcess ID:\t\t0x17b8\r\n\tProcess Name:\t\tC:\\Windows\\System32\\ntdsutil.exe","Category":"Security Group Management","Opcode":"Info","TargetUserName":"Administrators","TargetDomainName":"Builtin","TargetSid":"S-1-5-32-544","SubjectUserSid":"S-1-5-21-3688015610-2013655948-1090528724-500","SubjectUserName":"Administrator","SubjectDomainName":"MARVEL","SubjectLogonId":"0x661ff","CallerProcessId":"0x17b8","CallerProcessName":"C:\\Windows\\System32\\ntdsutil.exe","EventReceivedTime":"2021-09-01 00:23:14","SourceModuleName":"GuruculWindowsFull2016","SourceModuleType":"im_msvistalog"}
{"EventTime":"2021-09-01 00:23:13","Hostname":"HYDRA-DC.MARVEL.local","Keywords":-9214364837600034816,"EventType":"AUDIT_SUCCESS","SeverityValue":2,"Severity":"INFO","EventID":4658,"SourceName":"Microsoft-Windows-Security-Auditing","ProviderGuid":"{54849625-5478-4994-A5BA-3E3B0328C30D}","Version":0,"Task":12804,"OpcodeValue":0,"RecordNumber":20325165,"ProcessID":4,"ThreadID":216,"Channel":"Security","Message":"The handle to an object was closed.\r\n\r\nSubject :\r\n\tSecurity ID:\t\tS-1-5-21-3688015610-2013655948-1090528724-500\r\n\tAccount Name:\t\tAdministrator\r\n\tAccount Domain:\t\tMARVEL\r\n\tLogon ID:\t\t0x661FF\r\n\r\nObject:\r\n\tObject Server:\t\tSecurity Account Manager\r\n\tHandle ID:\t\t0x1f313270d50\r\n\r\nProcess Information:\r\n\tProcess ID:\t\t0x280\r\n\tProcess Name:\t\tC:\\Windows\\System32\\lsass.exe","Category":"Other Object Access Events","Opcode":"Info","SubjectUserSid":"S-1-5-21-3688015610-2013655948-1090528724-500","SubjectUserName":"Administrator","SubjectDomainName":"MARVEL","SubjectLogonId":"0x661ff","ObjectServer":"Security Account Manager","HandleId":"0x1f313270d50","ProcessName":"C:\\Windows\\System32\\lsass.exe","EventReceivedTime":"2021-09-01 00:23:14","SourceModuleName":"GuruculWindowsFull2016","SourceModuleType":"im_msvistalog"}
{"EventTime":"2021-09-01 00:23:13","Hostname":"HYDRA-DC.MARVEL.local","Keywords":-9214364837600034816,"EventType":"AUDIT_SUCCESS","SeverityValue":2,"Severity":"INFO","EventID":4799,"SourceName":"Microsoft-Windows-Security-Auditing","ProviderGuid":"{54849625-5478-4994-A5BA-3E3B0328C30D}","Version":0,"Task":13826,"OpcodeValue":0,"RecordNumber":20325166,"ProcessID":640,"ThreadID":3196,"Channel":"Security","Message":"A security-enabled local group membership was enumerated.\r\n\r\nSubject:\r\n\tSecurity ID:\t\tS-1-5-21-3688015610-2013655948-1090528724-500\r\n\tAccount Name:\t\tAdministrator\r\n\tAccount Domain:\t\tMARVEL\r\n\tLogon ID:\t\t0x661FF\r\n\r\nGroup:\r\n\tSecurity ID:\t\tS-1-5-32-544\r\n\tGroup Name:\t\tAdministrators\r\n\tGroup Domain:\t\tBuiltin\r\n\r\nProcess Information:\r\n\tProcess ID:\t\t0x17b8\r\n\tProcess Name:\t\tC:\\Windows\\System32\\ntdsutil.exe","Category":"Security Group Management","Opcode":"Info","TargetUserName":"Administrators","TargetDomainName":"Builtin","TargetSid":"S-1-5-32-544","SubjectUserSid":"S-1-5-21-3688015610-2013655948-1090528724-500","SubjectUserName":"Administrator","SubjectDomainName":"MARVEL","SubjectLogonId":"0x661ff","CallerProcessId":"0x17b8","CallerProcessName":"C:\\Windows\\System32\\ntdsutil.exe","EventReceivedTime":"2021-09-01 00:23:14","SourceModuleName":"GuruculWindowsFull2016","SourceModuleType":"im_msvistalog"}
{"EventTime":"2021-09-01 00:23:13","Hostname":"HYDRA-DC.MARVEL.local","Keywords":-9214364837600034816,"EventType":"AUDIT_SUCCESS","SeverityValue":2,"Severity":"INFO","EventID":4658,"SourceName":"Microsoft-Windows-Security-Auditing","ProviderGuid":"{54849625-5478-4994-A5BA-3E3B0328C30D}","Version":0,"Task":12804,"OpcodeValue":0,"RecordNumber":20325167,"ProcessID":4,"ThreadID":216,"Channel":"Security","Message":"The handle to an object was closed.\r\n\r\nSubject :\r\n\tSecurity ID:\t\tS-1-5-21-3688015610-2013655948-1090528724-500\r\n\tAccount Name:\t\tAdministrator\r\n\tAccount Domain:\t\tMARVEL\r\n\tLogon ID:\t\t0x661FF\r\n\r\nObject:\r\n\tObject Server:\t\tSecurity Account Manager\r\n\tHandle ID:\t\t0x1f313274240\r\n\r\nProcess Information:\r\n\tProcess ID:\t\t0x280\r\n\tProcess Name:\t\tC:\\Windows\\System32\\lsass.exe","Category":"Other Object Access Events","Opcode":"Info","SubjectUserSid":"S-1-5-21-3688015610-2013655948-1090528724-500","SubjectUserName":"Administrator","SubjectDomainName":"MARVEL","SubjectLogonId":"0x661ff","ObjectServer":"Security Account Manager","HandleId":"0x1f313274240","ProcessName":"C:\\Windows\\System32\\lsass.exe","EventReceivedTime":"2021-09-01 00:23:14","SourceModuleName":"GuruculWindowsFull2016","SourceModuleType":"im_msvistalog"}
{"EventTime":"2021-09-01 00:23:13","Hostname":"HYDRA-DC.MARVEL.local","Keywords":-9214364837600034816,"EventType":"AUDIT_SUCCESS","SeverityValue":2,"Severity":"INFO","EventID":4658,"SourceName":"Microsoft-Windows-Security-Auditing","ProviderGuid":"{54849625-5478-4994-A5BA-3E3B0328C30D}","Version":0,"Task":12804,"OpcodeValue":0,"RecordNumber":20325171,"ProcessID":4,"ThreadID":216,"Channel":"Security","Message":"The handle to an object was closed.\r\n\r\nSubject :\r\n\tSecurity ID:\t\tS-1-5-21-3688015610-2013655948-1090528724-500\r\n\tAccount Name:\t\tAdministrator\r\n\tAccount Domain:\t\tMARVEL\r\n\tLogon ID:\t\t0x661FF\r\n\r\nObject:\r\n\tObject Server:\t\tSecurity Account Manager\r\n\tHandle ID:\t\t0x1f313272560\r\n\r\nProcess Information:\r\n\tProcess ID:\t\t0x280\r\n\tProcess Name:\t\tC:\\Windows\\System32\\lsass.exe","Category":"Other Object Access Events","Opcode":"Info","SubjectUserSid":"S-1-5-21-3688015610-2013655948-1090528724-500","SubjectUserName":"Administrator","SubjectDomainName":"MARVEL","SubjectLogonId":"0x661ff","ObjectServer":"Security Account Manager","HandleId":"0x1f313272560","ProcessName":"C:\\Windows\\System32\\lsass.exe","EventReceivedTime":"2021-09-01 00:23:14","SourceModuleName":"GuruculWindowsFull2016","SourceModuleType":"im_msvistalog"}
{"EventTime":"2021-09-01 00:23:13","Hostname":"HYDRA-DC.MARVEL.local","Keywords":-9214364837600034816,"EventType":"AUDIT_SUCCESS","SeverityValue":2,"Severity":"INFO","EventID":4658,"SourceName":"Microsoft-Windows-Security-Auditing","ProviderGuid":"{54849625-5478-4994-A5BA-3E3B0328C30D}","Version":0,"Task":12804,"OpcodeValue":0,"RecordNumber":20325173,"ProcessID":4,"ThreadID":216,"Channel":"Security","Message":"The handle to an object was closed.\r\n\r\nSubject :\r\n\tSecurity ID:\t\tS-1-5-21-3688015610-2013655948-1090528724-500\r\n\tAccount Name:\t\tAdministrator\r\n\tAccount Domain:\t\tMARVEL\r\n\tLogon ID:\t\t0x661FF\r\n\r\nObject:\r\n\tObject Server:\t\tSecurity Account Manager\r\n\tHandle ID:\t\t0x1f313274240\r\n\r\nProcess Information:\r\n\tProcess ID:\t\t0x280\r\n\tProcess Name:\t\tC:\\Windows\\System32\\lsass.exe","Category":"Other Object Access Events","Opcode":"Info","SubjectUserSid":"S-1-5-21-3688015610-2013655948-1090528724-500","SubjectUserName":"Administrator","SubjectDomainName":"MARVEL","SubjectLogonId":"0x661ff","ObjectServer":"Security Account Manager","HandleId":"0x1f313274240","ProcessName":"C:\\Windows\\System32\\lsass.exe","EventReceivedTime":"2021-09-01 00:23:14","SourceModuleName":"GuruculWindowsFull2016","SourceModuleType":"im_msvistalog"}
{"EventTime":"2021-09-01 00:23:13","Hostname":"HYDRA-DC.MARVEL.local","Keywords":-9214364837600034816,"EventType":"AUDIT_SUCCESS","SeverityValue":2,"Severity":"INFO","EventID":4799,"SourceName":"Microsoft-Windows-Security-Auditing","ProviderGuid":"{54849625-5478-4994-A5BA-3E3B0328C30D}","Version":0,"Task":13826,"OpcodeValue":0,"RecordNumber":20325174,"ProcessID":640,"ThreadID":676,"Channel":"Security","Message":"A security-enabled local group membership was enumerated.\r\n\r\nSubject:\r\n\tSecurity ID:\t\tS-1-5-21-3688015610-2013655948-1090528724-500\r\n\tAccount Name:\t\tAdministrator\r\n\tAccount Domain:\t\tMARVEL\r\n\tLogon ID:\t\t0x661FF\r\n\r\nGroup:\r\n\tSecurity ID:\t\tS-1-5-32-551\r\n\tGroup Name:\t\tBackup Operators\r\n\tGroup Domain:\t\tBuiltin\r\n\r\nProcess Information:\r\n\tProcess ID:\t\t0x17b8\r\n\tProcess Name:\t\tC:\\Windows\\System32\\ntdsutil.exe","Category":"Security Group Management","Opcode":"Info","TargetUserName":"Backup Operators","TargetDomainName":"Builtin","TargetSid":"S-1-5-32-551","SubjectUserSid":"S-1-5-21-3688015610-2013655948-1090528724-500","SubjectUserName":"Administrator","SubjectDomainName":"MARVEL","SubjectLogonId":"0x661ff","CallerProcessId":"0x17b8","CallerProcessName":"C:\\Windows\\System32\\ntdsutil.exe","EventReceivedTime":"2021-09-01 00:23:14","SourceModuleName":"GuruculWindowsFull2016","SourceModuleType":"im_msvistalog"}
{"EventTime":"2021-09-01 00:23:13","Hostname":"HYDRA-DC.MARVEL.local","Keywords":-9214364837600034816,"EventType":"AUDIT_SUCCESS","SeverityValue":2,"Severity":"INFO","EventID":4658,"SourceName":"Microsoft-Windows-Security-Auditing","ProviderGuid":"{54849625-5478-4994-A5BA-3E3B0328C30D}","Version":0,"Task":12804,"OpcodeValue":0,"RecordNumber":20325175,"ProcessID":4,"ThreadID":216,"Channel":"Security","Message":"The handle to an object was closed.\r\n\r\nSubject :\r\n\tSecurity ID:\t\tS-1-5-21-3688015610-2013655948-1090528724-500\r\n\tAccount Name:\t\tAdministrator\r\n\tAccount Domain:\t\tMARVEL\r\n\tLogon ID:\t\t0x661FF\r\n\r\nObject:\r\n\tObject Server:\t\tSecurity Account Manager\r\n\tHandle ID:\t\t0x1f3132738a0\r\n\r\nProcess Information:\r\n\tProcess ID:\t\t0x280\r\n\tProcess Name:\t\tC:\\Windows\\System32\\lsass.exe","Category":"Other Object Access Events","Opcode":"Info","SubjectUserSid":"S-1-5-21-3688015610-2013655948-1090528724-500","SubjectUserName":"Administrator","SubjectDomainName":"MARVEL","SubjectLogonId":"0x661ff","ObjectServer":"Security Account Manager","HandleId":"0x1f3132738a0","ProcessName":"C:\\Windows\\System32\\lsass.exe","EventReceivedTime":"2021-09-01 00:23:14","SourceModuleName":"GuruculWindowsFull2016","SourceModuleType":"im_msvistalog"}
{"EventTime":"2021-09-01 00:23:13","Hostname":"HYDRA-DC.MARVEL.local","Keywords":-9214364837600034816,"EventType":"AUDIT_SUCCESS","SeverityValue":2,"Severity":"INFO","EventID":4799,"SourceName":"Microsoft-Windows-Security-Auditing","ProviderGuid":"{54849625-5478-4994-A5BA-3E3B0328C30D}","Version":0,"Task":13826,"OpcodeValue":0,"RecordNumber":20325176,"ProcessID":640,"ThreadID":3196,"Channel":"Security","Message":"A security-enabled local group membership was enumerated.\r\n\r\nSubject:\r\n\tSecurity ID:\t\tS-1-5-21-3688015610-2013655948-1090528724-500\r\n\tAccount Name:\t\tAdministrator\r\n\tAccount Domain:\t\tMARVEL\r\n\tLogon ID:\t\t0x661FF\r\n\r\nGroup:\r\n\tSecurity ID:\t\tS-1-5-32-551\r\n\tGroup Name:\t\tBackup Operators\r\n\tGroup Domain:\t\tBuiltin\r\n\r\nProcess Information:\r\n\tProcess ID:\t\t0x17b8\r\n\tProcess Name:\t\tC:\\Windows\\System32\\ntdsutil.exe","Category":"Security Group Management","Opcode":"Info","TargetUserName":"Backup Operators","TargetDomainName":"Builtin","TargetSid":"S-1-5-32-551","SubjectUserSid":"S-1-5-21-3688015610-2013655948-1090528724-500","SubjectUserName":"Administrator","SubjectDomainName":"MARVEL","SubjectLogonId":"0x661ff","CallerProcessId":"0x17b8","CallerProcessName":"C:\\Windows\\System32\\ntdsutil.exe","EventReceivedTime":"2021-09-01 00:23:14","SourceModuleName":"GuruculWindowsFull2016","SourceModuleType":"im_msvistalog"}
{"EventTime":"2021-09-01 00:23:13","Hostname":"HYDRA-DC.MARVEL.local","Keywords":-9214364837600034816,"EventType":"AUDIT_SUCCESS","SeverityValue":2,"Severity":"INFO","EventID":4658,"SourceName":"Microsoft-Windows-Security-Auditing","ProviderGuid":"{54849625-5478-4994-A5BA-3E3B0328C30D}","Version":0,"Task":12804,"OpcodeValue":0,"RecordNumber":20325177,"ProcessID":4,"ThreadID":216,"Channel":"Security","Message":"The handle to an object was closed.\r\n\r\nSubject :\r\n\tSecurity ID:\t\tS-1-5-21-3688015610-2013655948-1090528724-500\r\n\tAccount Name:\t\tAdministrator\r\n\tAccount Domain:\t\tMARVEL\r\n\tLogon ID:\t\t0x661FF\r\n\r\nObject:\r\n\tObject Server:\t\tSecurity Account Manager\r\n\tHandle ID:\t\t0x1f313270d50\r\n\r\nProcess Information:\r\n\tProcess ID:\t\t0x280\r\n\tProcess Name:\t\tC:\\Windows\\System32\\lsass.exe","Category":"Other Object Access Events","Opcode":"Info","SubjectUserSid":"S-1-5-21-3688015610-2013655948-1090528724-500","SubjectUserName":"Administrator","SubjectDomainName":"MARVEL","SubjectLogonId":"0x661ff","ObjectServer":"Security Account Manager","HandleId":"0x1f313270d50","ProcessName":"C:\\Windows\\System32\\lsass.exe","EventReceivedTime":"2021-09-01 00:23:14","SourceModuleName":"GuruculWindowsFull2016","SourceModuleType":"im_msvistalog"}
{"EventTime":"2021-09-01 00:23:13","Hostname":"HYDRA-DC.MARVEL.local","Keywords":-9214364837600034816,"EventType":"AUDIT_SUCCESS","SeverityValue":2,"Severity":"INFO","EventID":4658,"SourceName":"Microsoft-Windows-Security-Auditing","ProviderGuid":"{54849625-5478-4994-A5BA-3E3B0328C30D}","Version":0,"Task":12804,"OpcodeValue":0,"RecordNumber":20325180,"ProcessID":4,"ThreadID":216,"Channel":"Security","Message":"The handle to an object was closed.\r\n\r\nSubject :\r\n\tSecurity ID:\t\tS-1-5-21-3688015610-2013655948-1090528724-500\r\n\tAccount Name:\t\tAdministrator\r\n\tAccount Domain:\t\tMARVEL\r\n\tLogon ID:\t\t0x661FF\r\n\r\nObject:\r\n\tObject Server:\t\tSecurity Account Manager\r\n\tHandle ID:\t\t0x1f313272560\r\n\r\nProcess Information:\r\n\tProcess ID:\t\t0x280\r\n\tProcess Name:\t\tC:\\Windows\\System32\\lsass.exe","Category":"Other Object Access Events","Opcode":"Info","SubjectUserSid":"S-1-5-21-3688015610-2013655948-1090528724-500","SubjectUserName":"Administrator","SubjectDomainName":"MARVEL","SubjectLogonId":"0x661ff","ObjectServer":"Security Account Manager","HandleId":"0x1f313272560","ProcessName":"C:\\Windows\\System32\\lsass.exe","EventReceivedTime":"2021-09-01 00:23:14","SourceModuleName":"GuruculWindowsFull2016","SourceModuleType":"im_msvistalog"}
{"EventTime":"2021-09-01 00:23:13","Hostname":"HYDRA-DC.MARVEL.local","Keywords":-9214364837600034816,"EventType":"AUDIT_SUCCESS","SeverityValue":2,"Severity":"INFO","EventID":4799,"SourceName":"Microsoft-Windows-Security-Auditing","ProviderGuid":"{54849625-5478-4994-A5BA-3E3B0328C30D}","Version":0,"Task":13826,"OpcodeValue":0,"RecordNumber":20325181,"ProcessID":640,"ThreadID":688,"Channel":"Security","Message":"A security-enabled local group membership was enumerated.\r\n\r\nSubject:\r\n\tSecurity ID:\t\tS-1-5-21-3688015610-2013655948-1090528724-500\r\n\tAccount Name:\t\tAdministrator\r\n\tAccount Domain:\t\tMARVEL\r\n\tLogon ID:\t\t0x661FF\r\n\r\nGroup:\r\n\tSecurity ID:\t\tS-1-5-32-544\r\n\tGroup Name:\t\tAdministrators\r\n\tGroup Domain:\t\tBuiltin\r\n\r\nProcess Information:\r\n\tProcess ID:\t\t0x17b8\r\n\tProcess Name:\t\tC:\\Windows\\System32\\ntdsutil.exe","Category":"Security Group Management","Opcode":"Info","TargetUserName":"Administrators","TargetDomainName":"Builtin","TargetSid":"S-1-5-32-544","SubjectUserSid":"S-1-5-21-3688015610-2013655948-1090528724-500","SubjectUserName":"Administrator","SubjectDomainName":"MARVEL","SubjectLogonId":"0x661ff","CallerProcessId":"0x17b8","CallerProcessName":"C:\\Windows\\System32\\ntdsutil.exe","EventReceivedTime":"2021-09-01 00:23:14","SourceModuleName":"GuruculWindowsFull2016","SourceModuleType":"im_msvistalog"}
