{"EventTime":"2021-08-31 23:15:07","Hostname":"HYDRA-DC.MARVEL.local","Keywords":-9214364837600034816,"EventType":"AUDIT_SUCCESS","SeverityValue":2,"Severity":"INFO","EventID":5140,"SourceName":"Microsoft-Windows-Security-Auditing","ProviderGuid":"{54849625-5478-4994-A5BA-3E3B0328C30D}","Version":1,"Task":12808,"OpcodeValue":0,"RecordNumber":20288066,"ProcessID":4,"ThreadID":96,"Channel":"Security","Message":"A network share object was accessed.\r\n\t\r\nSubject:\r\n\tSecurity ID:\t\tS-1-5-18\r\n\tAccount Name:\t\tHYDRA-DC$\r\n\tAccount Domain:\t\tMARVEL\r\n\tLogon ID:\t\t0x2583DB\r\n\r\nNetwork Information:\t\r\n\tObject Type:\t\tFile\r\n\tSource Address:\t\tfe80::ac64:36a6:17fc:28c4\r\n\tSource Port:\t\t50193\r\n\t\r\nShare Information:\r\n\tShare Name:\t\t\\\\*\\IPC$\r\n\tShare Path:\t\t\r\n\r\nAccess Request Information:\r\n\tAccess Mask:\t\t0x1\r\n\tAccesses:\t\tReadData (or ListDirectory)\r\n\t\t\t\t\r\n","Category":"File Share","Opcode":"Info","SubjectUserSid":"S-1-5-18","SubjectUserName":"HYDRA-DC$","SubjectDomainName":"MARVEL","SubjectLogonId":"0x2583db","ObjectType":"File","IpAddress":"fe80::ac64:36a6:17fc:28c4","IpPort":"50193","ShareName":"\\\\*\\IPC$","AccessMask":"0x1","AccessList":"%%4416\r\n\t\t\t\t","EventReceivedTime":"2021-08-31 23:15:09","SourceModuleName":"GuruculWindowsFull2016","SourceModuleType":"im_msvistalog"}
{"EventTime":"2021-08-31 23:15:07","Hostname":"HYDRA-DC.MARVEL.local","Keywords":-9214364837600034816,"EventType":"AUDIT_SUCCESS","SeverityValue":2,"Severity":"INFO","EventID":5140,"SourceName":"Microsoft-Windows-Security-Auditing","ProviderGuid":"{54849625-5478-4994-A5BA-3E3B0328C30D}","Version":1,"Task":12808,"OpcodeValue":0,"RecordNumber":20288067,"ProcessID":4,"ThreadID":284,"Channel":"Security","Message":"A network share object was accessed.\r\n\t\r\nSubject:\r\n\tSecurity ID:\t\tS-1-5-18\r\n\tAccount Name:\t\tHYDRA-DC$\r\n\tAccount Domain:\t\tMARVEL\r\n\tLogon ID:\t\t0x2583DB\r\n\r\nNetwork Information:\t\r\n\tObject Type:\t\tFile\r\n\tSource Address:\t\tfe80::ac64:36a6:17fc:28c4\r\n\tSource Port:\t\t50193\r\n\t\r\nShare Information:\r\n\tShare Name:\t\t\\\\*\\SYSVOL\r\n\tShare Path:\t\t\\??\\C:\\Windows\\SYSVOL\\sysvol\r\n\r\nAccess Request Information:\r\n\tAccess Mask:\t\t0x1\r\n\tAccesses:\t\tReadData (or ListDirectory)\r\n\t\t\t\t\r\n","Category":"File Share","Opcode":"Info","SubjectUserSid":"S-1-5-18","SubjectUserName":"HYDRA-DC$","SubjectDomainName":"MARVEL","SubjectLogonId":"0x2583db","ObjectType":"File","IpAddress":"fe80::ac64:36a6:17fc:28c4","IpPort":"50193","ShareName":"\\\\*\\SYSVOL","ShareLocalPath":"\\??\\C:\\Windows\\SYSVOL\\sysvol","AccessMask":"0x1","AccessList":"%%4416\r\n\t\t\t\t","EventReceivedTime":"2021-08-31 23:15:09","SourceModuleName":"GuruculWindowsFull2016","SourceModuleType":"im_msvistalog"}
{"EventTime":"2021-08-31 23:15:07","Hostname":"HYDRA-DC.MARVEL.local","Keywords":-9214364837600034816,"EventType":"AUDIT_SUCCESS","SeverityValue":2,"Severity":"INFO","EventID":5145,"SourceName":"Microsoft-Windows-Security-Auditing","ProviderGuid":"{54849625-5478-4994-A5BA-3E3B0328C30D}","Version":0,"Task":12811,"OpcodeValue":0,"RecordNumber":20288068,"ProcessID":4,"ThreadID":220,"Channel":"Security","Message":"A network share object was checked to see whether client can be granted desired access.\r\n\t\r\nSubject:\r\n\tSecurity ID:\t\tS-1-5-18\r\n\tAccount Name:\t\tHYDRA-DC$\r\n\tAccount Domain:\t\tMARVEL\r\n\tLogon ID:\t\t0x2583DB\r\n\r\nNetwork Information:\t\r\n\tObject Type:\t\tFile\r\n\tSource Address:\t\tfe80::ac64:36a6:17fc:28c4\r\n\tSource Port:\t\t50193\r\n\t\r\nShare Information:\r\n\tShare Name:\t\t\\\\*\\SYSVOL\r\n\tShare Path:\t\t\\??\\C:\\Windows\\SYSVOL\\sysvol\r\n\tRelative Target Name:\t\\\r\n\r\nAccess Request Information:\r\n\tAccess Mask:\t\t0x100080\r\n\tAccesses:\t\tSYNCHRONIZE\r\n\t\t\t\tReadAttributes\r\n\t\t\t\t\r\nAccess Check Results:\r\n\tSYNCHRONIZE:\tGranted by\tD:(A;;0x1200a9;;;WD)\r\n\t\t\t\tReadAttributes:\tGranted by\tD:(A;;0x1200a9;;;WD)\r\n\t\t\t\t\r\n","Category":"Detailed File Share","Opcode":"Info","SubjectUserSid":"S-1-5-18","SubjectUserName":"HYDRA-DC$","SubjectDomainName":"MARVEL","SubjectLogonId":"0x2583db","ObjectType":"File","IpAddress":"fe80::ac64:36a6:17fc:28c4","IpPort":"50193","ShareName":"\\\\*\\SYSVOL","ShareLocalPath":"\\??\\C:\\Windows\\SYSVOL\\sysvol","RelativeTargetName":"\\","AccessMask":"0x100080","AccessList":"%%1541\r\n\t\t\t\t%%4423\r\n\t\t\t\t","AccessReason":"%%1541:\t%%1801\tD:(A;;0x1200a9;;;WD)\r\n\t\t\t\t%%4423:\t%%1801\tD:(A;;0x1200a9;;;WD)\r\n\t\t\t\t","EventReceivedTime":"2021-08-31 23:15:09","SourceModuleName":"GuruculWindowsFull2016","SourceModuleType":"im_msvistalog"}
{"EventTime":"2021-08-31 23:15:10","Hostname":"HYDRA-DC.MARVEL.local","Keywords":-9214364837600034816,"EventType":"AUDIT_SUCCESS","SeverityValue":2,"Severity":"INFO","EventID":5156,"SourceName":"Microsoft-Windows-Security-Auditing","ProviderGuid":"{54849625-5478-4994-A5BA-3E3B0328C30D}","Version":1,"Task":12810,"OpcodeValue":0,"RecordNumber":20288077,"ProcessID":4,"ThreadID":284,"Channel":"Security","Message":"The Windows Filtering Platform has permitted a connection.\r\n\r\nApplication Information:\r\n\tProcess ID:\t\t1120\r\n\tApplication Name:\t\\device\\harddiskvolume4\\windows\\system32\\svchost.exe\r\n\r\nNetwork Information:\r\n\tDirection:\t\tOutbound\r\n\tSource Address:\t\t192.168.118.191\r\n\tSource Port:\t\t68\r\n\tDestination Address:\t192.168.118.254\r\n\tDestination Port:\t\t67\r\n\tProtocol:\t\t17\r\n\r\nFilter Information:\r\n\tFilter Run-Time ID:\t67098\r\n\tLayer Name:\t\tConnect\r\n\tLayer Run-Time ID:\t48","Category":"Filtering Platform Connection","Opcode":"Info","Application":"\\device\\harddiskvolume4\\windows\\system32\\svchost.exe","Direction":"%%14593","SourceAddress":"192.168.118.191","SourcePort":"68","DestAddress":"192.168.118.254","DestPort":"67","Protocol":"17","FilterRTID":"67098","LayerName":"%%14611","LayerRTID":"48","RemoteUserID":"S-1-0-0","RemoteMachineID":"S-1-0-0","EventReceivedTime":"2021-08-31 23:15:12","SourceModuleName":"GuruculWindowsFull2016","SourceModuleType":"im_msvistalog"}
{"EventTime":"2021-08-31 23:15:10","Hostname":"HYDRA-DC.MARVEL.local","Keywords":-9214364837600034816,"EventType":"AUDIT_SUCCESS","SeverityValue":2,"Severity":"INFO","EventID":5156,"SourceName":"Microsoft-Windows-Security-Auditing","ProviderGuid":"{54849625-5478-4994-A5BA-3E3B0328C30D}","Version":1,"Task":12810,"OpcodeValue":0,"RecordNumber":20288078,"ProcessID":4,"ThreadID":220,"Channel":"Security","Message":"The Windows Filtering Platform has permitted a connection.\r\n\r\nApplication Information:\r\n\tProcess ID:\t\t4\r\n\tApplication Name:\tSystem\r\n\r\nNetwork Information:\r\n\tDirection:\t\tOutbound\r\n\tSource Address:\t\tfe80::ac64:36a6:17fc:28c4\r\n\tSource Port:\t\t143\r\n\tDestination Address:\tff02::16\r\n\tDestination Port:\t\t0\r\n\tProtocol:\t\t58\r\n\r\nFilter Information:\r\n\tFilter Run-Time ID:\t0\r\n\tLayer Name:\t\tConnect\r\n\tLayer Run-Time ID:\t50","Category":"Filtering Platform Connection","Opcode":"Info","Application":"System","Direction":"%%14593","SourceAddress":"fe80::ac64:36a6:17fc:28c4","SourcePort":"143","DestAddress":"ff02::16","DestPort":"0","Protocol":"58","FilterRTID":"0","LayerName":"%%14611","LayerRTID":"50","RemoteUserID":"S-1-0-0","RemoteMachineID":"S-1-0-0","EventReceivedTime":"2021-08-31 23:15:12","SourceModuleName":"GuruculWindowsFull2016","SourceModuleType":"im_msvistalog"}
{"EventTime":"2021-08-31 23:15:10","Hostname":"HYDRA-DC.MARVEL.local","Keywords":-9214364837600034816,"EventType":"AUDIT_SUCCESS","SeverityValue":2,"Severity":"INFO","EventID":5156,"SourceName":"Microsoft-Windows-Security-Auditing","ProviderGuid":"{54849625-5478-4994-A5BA-3E3B0328C30D}","Version":1,"Task":12810,"OpcodeValue":0,"RecordNumber":20288079,"ProcessID":4,"ThreadID":220,"Channel":"Security","Message":"The Windows Filtering Platform has permitted a connection.\r\n\r\nApplication Information:\r\n\tProcess ID:\t\t4\r\n\tApplication Name:\tSystem\r\n\r\nNetwork Information:\r\n\tDirection:\t\tOutbound\r\n\tSource Address:\t\t192.168.118.191\r\n\tSource Port:\t\t0\r\n\tDestination Address:\t224.0.0.22\r\n\tDestination Port:\t\t0\r\n\tProtocol:\t\t2\r\n\r\nFilter Information:\r\n\tFilter Run-Time ID:\t0\r\n\tLayer Name:\t\tConnect\r\n\tLayer Run-Time ID:\t48","Category":"Filtering Platform Connection","Opcode":"Info","Application":"System","Direction":"%%14593","SourceAddress":"192.168.118.191","SourcePort":"0","DestAddress":"224.0.0.22","DestPort":"0","Protocol":"2","FilterRTID":"0","LayerName":"%%14611","LayerRTID":"48","RemoteUserID":"S-1-0-0","RemoteMachineID":"S-1-0-0","EventReceivedTime":"2021-08-31 23:15:12","SourceModuleName":"GuruculWindowsFull2016","SourceModuleType":"im_msvistalog"}
{"EventTime":"2021-08-31 23:15:10","Hostname":"HYDRA-DC.MARVEL.local","Keywords":-9214364837600034816,"EventType":"AUDIT_SUCCESS","SeverityValue":2,"Severity":"INFO","EventID":5156,"SourceName":"Microsoft-Windows-Security-Auditing","ProviderGuid":"{54849625-5478-4994-A5BA-3E3B0328C30D}","Version":1,"Task":12810,"OpcodeValue":0,"RecordNumber":20288082,"ProcessID":4,"ThreadID":220,"Channel":"Security","Message":"The Windows Filtering Platform has permitted a connection.\r\n\r\nApplication Information:\r\n\tProcess ID:\t\t1048\r\n\tApplication Name:\t\\device\\harddiskvolume4\\windows\\system32\\svchost.exe\r\n\r\nNetwork Information:\r\n\tDirection:\t\tOutbound\r\n\tSource Address:\t\t192.168.118.191\r\n\tSource Port:\t\t5353\r\n\tDestination Address:\t224.0.0.251\r\n\tDestination Port:\t\t5353\r\n\tProtocol:\t\t17\r\n\r\nFilter Information:\r\n\tFilter Run-Time ID:\t0\r\n\tLayer Name:\t\tConnect\r\n\tLayer Run-Time ID:\t48","Category":"Filtering Platform Connection","Opcode":"Info","Application":"\\device\\harddiskvolume4\\windows\\system32\\svchost.exe","Direction":"%%14593","SourceAddress":"192.168.118.191","SourcePort":"5353","DestAddress":"224.0.0.251","DestPort":"5353","Protocol":"17","FilterRTID":"0","LayerName":"%%14611","LayerRTID":"48","RemoteUserID":"S-1-0-0","RemoteMachineID":"S-1-0-0","EventReceivedTime":"2021-08-31 23:15:12","SourceModuleName":"GuruculWindowsFull2016","SourceModuleType":"im_msvistalog"}
{"EventTime":"2021-08-31 23:15:10","Hostname":"HYDRA-DC.MARVEL.local","Keywords":-9214364837600034816,"EventType":"AUDIT_SUCCESS","SeverityValue":2,"Severity":"INFO","EventID":5156,"SourceName":"Microsoft-Windows-Security-Auditing","ProviderGuid":"{54849625-5478-4994-A5BA-3E3B0328C30D}","Version":1,"Task":12810,"OpcodeValue":0,"RecordNumber":20288083,"ProcessID":4,"ThreadID":220,"Channel":"Security","Message":"The Windows Filtering Platform has permitted a connection.\r\n\r\nApplication Information:\r\n\tProcess ID:\t\t1048\r\n\tApplication Name:\t\\device\\harddiskvolume4\\windows\\system32\\svchost.exe\r\n\r\nNetwork Information:\r\n\tDirection:\t\tOutbound\r\n\tSource Address:\t\tfe80::ac64:36a6:17fc:28c4\r\n\tSource Port:\t\t5353\r\n\tDestination Address:\tff02::fb\r\n\tDestination Port:\t\t5353\r\n\tProtocol:\t\t17\r\n\r\nFilter Information:\r\n\tFilter Run-Time ID:\t0\r\n\tLayer Name:\t\tConnect\r\n\tLayer Run-Time ID:\t50","Category":"Filtering Platform Connection","Opcode":"Info","Application":"\\device\\harddiskvolume4\\windows\\system32\\svchost.exe","Direction":"%%14593","SourceAddress":"fe80::ac64:36a6:17fc:28c4","SourcePort":"5353","DestAddress":"ff02::fb","DestPort":"5353","Protocol":"17","FilterRTID":"0","LayerName":"%%14611","LayerRTID":"50","RemoteUserID":"S-1-0-0","RemoteMachineID":"S-1-0-0","EventReceivedTime":"2021-08-31 23:15:12","SourceModuleName":"GuruculWindowsFull2016","SourceModuleType":"im_msvistalog"}
{"EventTime":"2021-08-31 23:15:10","Hostname":"HYDRA-DC.MARVEL.local","Keywords":-9214364837600034816,"EventType":"AUDIT_SUCCESS","SeverityValue":2,"Severity":"INFO","EventID":5156,"SourceName":"Microsoft-Windows-Security-Auditing","ProviderGuid":"{54849625-5478-4994-A5BA-3E3B0328C30D}","Version":1,"Task":12810,"OpcodeValue":0,"RecordNumber":20288086,"ProcessID":4,"ThreadID":220,"Channel":"Security","Message":"The Windows Filtering Platform has permitted a connection.\r\n\r\nApplication Information:\r\n\tProcess ID:\t\t1048\r\n\tApplication Name:\t\\device\\harddiskvolume4\\windows\\system32\\svchost.exe\r\n\r\nNetwork Information:\r\n\tDirection:\t\tOutbound\r\n\tSource Address:\t\tfe80::ac64:36a6:17fc:28c4\r\n\tSource Port:\t\t54285\r\n\tDestination Address:\tff02::1:3\r\n\tDestination Port:\t\t5355\r\n\tProtocol:\t\t17\r\n\r\nFilter Information:\r\n\tFilter Run-Time ID:\t0\r\n\tLayer Name:\t\tConnect\r\n\tLayer Run-Time ID:\t50","Category":"Filtering Platform Connection","Opcode":"Info","Application":"\\device\\harddiskvolume4\\windows\\system32\\svchost.exe","Direction":"%%14593","SourceAddress":"fe80::ac64:36a6:17fc:28c4","SourcePort":"54285","DestAddress":"ff02::1:3","DestPort":"5355","Protocol":"17","FilterRTID":"0","LayerName":"%%14611","LayerRTID":"50","RemoteUserID":"S-1-0-0","RemoteMachineID":"S-1-0-0","EventReceivedTime":"2021-08-31 23:15:12","SourceModuleName":"GuruculWindowsFull2016","SourceModuleType":"im_msvistalog"}
{"EventTime":"2021-08-31 23:15:10","Hostname":"HYDRA-DC.MARVEL.local","Keywords":-9214364837600034816,"EventType":"AUDIT_SUCCESS","SeverityValue":2,"Severity":"INFO","EventID":5156,"SourceName":"Microsoft-Windows-Security-Auditing","ProviderGuid":"{54849625-5478-4994-A5BA-3E3B0328C30D}","Version":1,"Task":12810,"OpcodeValue":0,"RecordNumber":20288087,"ProcessID":4,"ThreadID":220,"Channel":"Security","Message":"The Windows Filtering Platform has permitted a connection.\r\n\r\nApplication Information:\r\n\tProcess ID:\t\t1048\r\n\tApplication Name:\t\\device\\harddiskvolume4\\windows\\system32\\svchost.exe\r\n\r\nNetwork Information:\r\n\tDirection:\t\tOutbound\r\n\tSource Address:\t\t192.168.118.191\r\n\tSource Port:\t\t54285\r\n\tDestination Address:\t224.0.0.252\r\n\tDestination Port:\t\t5355\r\n\tProtocol:\t\t17\r\n\r\nFilter Information:\r\n\tFilter Run-Time ID:\t0\r\n\tLayer Name:\t\tConnect\r\n\tLayer Run-Time ID:\t48","Category":"Filtering Platform Connection","Opcode":"Info","Application":"\\device\\harddiskvolume4\\windows\\system32\\svchost.exe","Direction":"%%14593","SourceAddress":"192.168.118.191","SourcePort":"54285","DestAddress":"224.0.0.252","DestPort":"5355","Protocol":"17","FilterRTID":"0","LayerName":"%%14611","LayerRTID":"48","RemoteUserID":"S-1-0-0","RemoteMachineID":"S-1-0-0","EventReceivedTime":"2021-08-31 23:15:12","SourceModuleName":"GuruculWindowsFull2016","SourceModuleType":"im_msvistalog"}
{"EventTime":"2021-08-31 23:15:11","Hostname":"HYDRA-DC.MARVEL.local","Keywords":-9214364837600034816,"EventType":"AUDIT_SUCCESS","SeverityValue":2,"Severity":"INFO","EventID":4658,"SourceName":"Microsoft-Windows-Security-Auditing","ProviderGuid":"{54849625-5478-4994-A5BA-3E3B0328C30D}","Version":0,"Task":12802,"OpcodeValue":0,"RecordNumber":20288089,"ProcessID":4,"ThreadID":5044,"Channel":"Security","Message":"The handle to an object was closed.\r\n\r\nSubject :\r\n\tSecurity ID:\t\tS-1-5-21-3688015610-2013655948-1090528724-500\r\n\tAccount Name:\t\tAdministrator\r\n\tAccount Domain:\t\tMARVEL\r\n\tLogon ID:\t\t0x159EB1\r\n\r\nObject:\r\n\tObject Server:\t\tSecurity\r\n\tHandle ID:\t\t0x1d38\r\n\r\nProcess Information:\r\n\tProcess ID:\t\t0xa60\r\n\tProcess Name:\t\tC:\\Users\\Administrator\\Desktop\\mimikatz_trunk\\x64\\mimikatz.exe","Category":"Kernel Object","Opcode":"Info","SubjectUserSid":"S-1-5-21-3688015610-2013655948-1090528724-500","SubjectUserName":"Administrator","SubjectDomainName":"MARVEL","SubjectLogonId":"0x159eb1","ObjectServer":"Security","HandleId":"0x1d38","ProcessName":"C:\\Users\\Administrator\\Desktop\\mimikatz_trunk\\x64\\mimikatz.exe","EventReceivedTime":"2021-08-31 23:15:12","SourceModuleName":"GuruculWindowsFull2016","SourceModuleType":"im_msvistalog"}
{"EventTime":"2021-08-31 23:15:11","Hostname":"HYDRA-DC.MARVEL.local","Keywords":-9214364837600034816,"EventType":"AUDIT_SUCCESS","SeverityValue":2,"Severity":"INFO","EventID":4656,"SourceName":"Microsoft-Windows-Security-Auditing","ProviderGuid":"{54849625-5478-4994-A5BA-3E3B0328C30D}","Version":1,"Task":12802,"OpcodeValue":0,"RecordNumber":20288090,"ProcessID":4,"ThreadID":5044,"Channel":"Security","Message":"A handle to an object was requested.\r\n\r\nSubject:\r\n\tSecurity ID:\t\tS-1-5-21-3688015610-2013655948-1090528724-500\r\n\tAccount Name:\t\tAdministrator\r\n\tAccount Domain:\t\tMARVEL\r\n\tLogon ID:\t\t0x159EB1\r\n\r\nObject:\r\n\tObject Server:\t\tSecurity\r\n\tObject Type:\t\tProcess\r\n\tObject Name:\t\t\\Device\\HarddiskVolume4\\Windows\\System32\\lsass.exe\r\n\tHandle ID:\t\t0x328\r\n\tResource Attributes:\t-\r\n\r\nProcess Information:\r\n\tProcess ID:\t\t0xa60\r\n\tProcess Name:\t\tC:\\Users\\Administrator\\Desktop\\mimikatz_trunk\\x64\\mimikatz.exe\r\n\r\nAccess Request Information:\r\n\tTransaction ID:\t\t{00000000-0000-0000-0000-000000000000}\r\n\tAccesses:\t\tCreate new thread in process\r\n\t\t\t\tPerform virtual memory operation\r\n\t\t\t\tRead from process memory\r\n\t\t\t\tWrite to process memory\r\n\t\t\t\tQuery process information\r\n\t\t\t\tUndefined Access (no effect) Bit 12\r\n\t\t\t\t\r\n\tAccess Reasons:\t\t-\r\n\tAccess Mask:\t\t0x143A\r\n\tPrivileges Used for Access Check:\t-\r\n\tRestricted SID Count:\t0","Category":"Kernel Object","Opcode":"Info","SubjectUserSid":"S-1-5-21-3688015610-2013655948-1090528724-500","SubjectUserName":"Administrator","SubjectDomainName":"MARVEL","SubjectLogonId":"0x159eb1","ObjectServer":"Security","ObjectType":"Process","ObjectName":"\\Device\\HarddiskVolume4\\Windows\\System32\\lsass.exe","HandleId":"0x328","TransactionId":"{00000000-0000-0000-0000-000000000000}","AccessList":"%%4481\r\n\t\t\t\t%%4483\r\n\t\t\t\t%%4484\r\n\t\t\t\t%%4485\r\n\t\t\t\t%%4490\r\n\t\t\t\t%%4492\r\n\t\t\t\t","AccessReason":"-","AccessMask":"0x143a","PrivilegeList":"-","RestrictedSidCount":"0","ProcessName":"C:\\Users\\Administrator\\Desktop\\mimikatz_trunk\\x64\\mimikatz.exe","ResourceAttributes":"-","EventReceivedTime":"2021-08-31 23:15:12","SourceModuleName":"GuruculWindowsFull2016","SourceModuleType":"im_msvistalog"}
{"EventTime":"2021-08-31 23:15:11","Hostname":"HYDRA-DC.MARVEL.local","Keywords":-9214364837600034816,"EventType":"AUDIT_SUCCESS","SeverityValue":2,"Severity":"INFO","EventID":4663,"SourceName":"Microsoft-Windows-Security-Auditing","ProviderGuid":"{54849625-5478-4994-A5BA-3E3B0328C30D}","Version":1,"Task":12802,"OpcodeValue":0,"RecordNumber":20288091,"ProcessID":4,"ThreadID":5044,"Channel":"Security","Message":"An attempt was made to access an object.\r\n\r\nSubject:\r\n\tSecurity ID:\t\tS-1-5-21-3688015610-2013655948-1090528724-500\r\n\tAccount Name:\t\tAdministrator\r\n\tAccount Domain:\t\tMARVEL\r\n\tLogon ID:\t\t0x159EB1\r\n\r\nObject:\r\n\tObject Server:\t\tSecurity\r\n\tObject Type:\t\tProcess\r\n\tObject Name:\t\t\\Device\\HarddiskVolume4\\Windows\\System32\\lsass.exe\r\n\tHandle ID:\t\t0x328\r\n\tResource Attributes:\t-\r\n\r\nProcess Information:\r\n\tProcess ID:\t\t0xa60\r\n\tProcess Name:\t\tC:\\Users\\Administrator\\Desktop\\mimikatz_trunk\\x64\\mimikatz.exe\r\n\r\nAccess Request Information:\r\n\tAccesses:\t\tRead from process memory\r\n\t\t\t\t\r\n\tAccess Mask:\t\t0x10","Category":"Kernel Object","Opcode":"Info","SubjectUserSid":"S-1-5-21-3688015610-2013655948-1090528724-500","SubjectUserName":"Administrator","SubjectDomainName":"MARVEL","SubjectLogonId":"0x159eb1","ObjectServer":"Security","ObjectType":"Process","ObjectName":"\\Device\\HarddiskVolume4\\Windows\\System32\\lsass.exe","HandleId":"0x328","AccessList":"%%4484\r\n\t\t\t\t","AccessMask":"0x10","ProcessName":"C:\\Users\\Administrator\\Desktop\\mimikatz_trunk\\x64\\mimikatz.exe","ResourceAttributes":"-","EventReceivedTime":"2021-08-31 23:15:12","SourceModuleName":"GuruculWindowsFull2016","SourceModuleType":"im_msvistalog"}
{"EventTime":"2021-08-31 23:15:11","Hostname":"HYDRA-DC.MARVEL.local","Keywords":-9218868437227405312,"EventType":"AUDIT_FAILURE","SeverityValue":4,"Severity":"ERROR","EventID":4656,"SourceName":"Microsoft-Windows-Security-Auditing","ProviderGuid":"{54849625-5478-4994-A5BA-3E3B0328C30D}","Version":1,"Task":12804,"OpcodeValue":0,"RecordNumber":20288093,"ProcessID":4,"ThreadID":220,"Channel":"Security","Message":"A handle to an object was requested.\r\n\r\nSubject:\r\n\tSecurity ID:\t\tS-1-5-19\r\n\tAccount Name:\t\tLOCAL SERVICE\r\n\tAccount Domain:\t\tNT AUTHORITY\r\n\tLogon ID:\t\t0x3E5\r\n\r\nObject:\r\n\tObject Server:\t\tSC Manager\r\n\tObject Type:\t\tSERVICE OBJECT\r\n\tObject Name:\t\tDNS\r\n\tHandle ID:\t\t0x0\r\n\tResource Attributes:\t-\r\n\r\nProcess Information:\r\n\tProcess ID:\t\t0x26c\r\n\tProcess Name:\t\tC:\\Windows\\System32\\services.exe\r\n\r\nAccess Request Information:\r\n\tTransaction ID:\t\t{00000000-0000-0000-0000-000000000000}\r\n\tAccesses:\t\tPause or continue the service\r\n\t\t\t\t\r\n\tAccess Reasons:\t\t-\r\n\tAccess Mask:\t\t0x40\r\n\tPrivileges Used for Access Check:\t-\r\n\tRestricted SID Count:\t0","Category":"Other Object Access Events","Opcode":"Info","SubjectUserSid":"S-1-5-19","SubjectUserName":"LOCAL SERVICE","SubjectDomainName":"NT AUTHORITY","SubjectLogonId":"0x3e5","ObjectServer":"SC Manager","ObjectType":"SERVICE OBJECT","ObjectName":"DNS","HandleId":"0x0","TransactionId":"{00000000-0000-0000-0000-000000000000}","AccessList":"%%7190\r\n\t\t\t\t","AccessReason":"-","AccessMask":"0x40","PrivilegeList":"-","RestrictedSidCount":"0","ProcessName":"C:\\Windows\\System32\\services.exe","ResourceAttributes":"-","EventReceivedTime":"2021-08-31 23:15:13","SourceModuleName":"GuruculWindowsFull2016","SourceModuleType":"im_msvistalog"}
{"EventTime":"2021-08-31 23:15:11","Hostname":"HYDRA-DC.MARVEL.local","Keywords":-9214364837600034816,"EventType":"AUDIT_SUCCESS","SeverityValue":2,"Severity":"INFO","EventID":5156,"SourceName":"Microsoft-Windows-Security-Auditing","ProviderGuid":"{54849625-5478-4994-A5BA-3E3B0328C30D}","Version":1,"Task":12810,"OpcodeValue":0,"RecordNumber":20288098,"ProcessID":4,"ThreadID":284,"Channel":"Security","Message":"The Windows Filtering Platform has permitted a connection.\r\n\r\nApplication Information:\r\n\tProcess ID:\t\t1048\r\n\tApplication Name:\t\\device\\harddiskvolume4\\windows\\system32\\svchost.exe\r\n\r\nNetwork Information:\r\n\tDirection:\t\tOutbound\r\n\tSource Address:\t\tfe80::ac64:36a6:17fc:28c4\r\n\tSource Port:\t\t49558\r\n\tDestination Address:\tff02::1:3\r\n\tDestination Port:\t\t5355\r\n\tProtocol:\t\t17\r\n\r\nFilter Information:\r\n\tFilter Run-Time ID:\t0\r\n\tLayer Name:\t\tConnect\r\n\tLayer Run-Time ID:\t50","Category":"Filtering Platform Connection","Opcode":"Info","Application":"\\device\\harddiskvolume4\\windows\\system32\\svchost.exe","Direction":"%%14593","SourceAddress":"fe80::ac64:36a6:17fc:28c4","SourcePort":"49558","DestAddress":"ff02::1:3","DestPort":"5355","Protocol":"17","FilterRTID":"0","LayerName":"%%14611","LayerRTID":"50","RemoteUserID":"S-1-0-0","RemoteMachineID":"S-1-0-0","EventReceivedTime":"2021-08-31 23:15:13","SourceModuleName":"GuruculWindowsFull2016","SourceModuleType":"im_msvistalog"}
{"EventTime":"2021-08-31 23:15:11","Hostname":"HYDRA-DC.MARVEL.local","Keywords":-9214364837600034816,"EventType":"AUDIT_SUCCESS","SeverityValue":2,"Severity":"INFO","EventID":5156,"SourceName":"Microsoft-Windows-Security-Auditing","ProviderGuid":"{54849625-5478-4994-A5BA-3E3B0328C30D}","Version":1,"Task":12810,"OpcodeValue":0,"RecordNumber":20288099,"ProcessID":4,"ThreadID":284,"Channel":"Security","Message":"The Windows Filtering Platform has permitted a connection.\r\n\r\nApplication Information:\r\n\tProcess ID:\t\t1048\r\n\tApplication Name:\t\\device\\harddiskvolume4\\windows\\system32\\svchost.exe\r\n\r\nNetwork Information:\r\n\tDirection:\t\tOutbound\r\n\tSource Address:\t\t192.168.118.191\r\n\tSource Port:\t\t49558\r\n\tDestination Address:\t224.0.0.252\r\n\tDestination Port:\t\t5355\r\n\tProtocol:\t\t17\r\n\r\nFilter Information:\r\n\tFilter Run-Time ID:\t0\r\n\tLayer Name:\t\tConnect\r\n\tLayer Run-Time ID:\t48","Category":"Filtering Platform Connection","Opcode":"Info","Application":"\\device\\harddiskvolume4\\windows\\system32\\svchost.exe","Direction":"%%14593","SourceAddress":"192.168.118.191","SourcePort":"49558","DestAddress":"224.0.0.252","DestPort":"5355","Protocol":"17","FilterRTID":"0","LayerName":"%%14611","LayerRTID":"48","RemoteUserID":"S-1-0-0","RemoteMachineID":"S-1-0-0","EventReceivedTime":"2021-08-31 23:15:13","SourceModuleName":"GuruculWindowsFull2016","SourceModuleType":"im_msvistalog"}
{"EventTime":"2021-08-31 23:15:11","Hostname":"HYDRA-DC.MARVEL.local","Keywords":-9214364837600034816,"EventType":"AUDIT_SUCCESS","SeverityValue":2,"Severity":"INFO","EventID":4658,"SourceName":"Microsoft-Windows-Security-Auditing","ProviderGuid":"{54849625-5478-4994-A5BA-3E3B0328C30D}","Version":0,"Task":12804,"OpcodeValue":0,"RecordNumber":20288100,"ProcessID":4,"ThreadID":284,"Channel":"Security","Message":"The handle to an object was closed.\r\n\r\nSubject :\r\n\tSecurity ID:\t\tS-1-5-21-3688015610-2013655948-1090528724-500\r\n\tAccount Name:\t\tAdministrator\r\n\tAccount Domain:\t\tMARVEL\r\n\tLogon ID:\t\t0x159EB1\r\n\r\nObject:\r\n\tObject Server:\t\tSecurity Account Manager\r\n\tHandle ID:\t\t0x1ca87856050\r\n\r\nProcess Information:\r\n\tProcess ID:\t\t0x27c\r\n\tProcess Name:\t\tC:\\Windows\\System32\\lsass.exe","Category":"Other Object Access Events","Opcode":"Info","SubjectUserSid":"S-1-5-21-3688015610-2013655948-1090528724-500","SubjectUserName":"Administrator","SubjectDomainName":"MARVEL","SubjectLogonId":"0x159eb1","ObjectServer":"Security Account Manager","HandleId":"0x1ca87856050","ProcessName":"C:\\Windows\\System32\\lsass.exe","EventReceivedTime":"2021-08-31 23:15:13","SourceModuleName":"GuruculWindowsFull2016","SourceModuleType":"im_msvistalog"}
{"EventTime":"2021-08-31 23:15:11","Hostname":"HYDRA-DC.MARVEL.local","Keywords":-9214364837600034816,"EventType":"AUDIT_SUCCESS","SeverityValue":2,"Severity":"INFO","EventID":4658,"SourceName":"Microsoft-Windows-Security-Auditing","ProviderGuid":"{54849625-5478-4994-A5BA-3E3B0328C30D}","Version":0,"Task":12802,"OpcodeValue":0,"RecordNumber":20288101,"ProcessID":4,"ThreadID":284,"Channel":"Security","Message":"The handle to an object was closed.\r\n\r\nSubject :\r\n\tSecurity ID:\t\tS-1-5-21-3688015610-2013655948-1090528724-500\r\n\tAccount Name:\t\tAdministrator\r\n\tAccount Domain:\t\tMARVEL\r\n\tLogon ID:\t\t0x159EB1\r\n\r\nObject:\r\n\tObject Server:\t\tSecurity\r\n\tHandle ID:\t\t0x328\r\n\r\nProcess Information:\r\n\tProcess ID:\t\t0xa60\r\n\tProcess Name:\t\tC:\\Users\\Administrator\\Desktop\\mimikatz_trunk\\x64\\mimikatz.exe","Category":"Kernel Object","Opcode":"Info","SubjectUserSid":"S-1-5-21-3688015610-2013655948-1090528724-500","SubjectUserName":"Administrator","SubjectDomainName":"MARVEL","SubjectLogonId":"0x159eb1","ObjectServer":"Security","HandleId":"0x328","ProcessName":"C:\\Users\\Administrator\\Desktop\\mimikatz_trunk\\x64\\mimikatz.exe","EventReceivedTime":"2021-08-31 23:15:13","SourceModuleName":"GuruculWindowsFull2016","SourceModuleType":"im_msvistalog"}
{"EventTime":"2021-08-31 23:15:12","Hostname":"HYDRA-DC.MARVEL.local","Keywords":-9218868437227405312,"EventType":"AUDIT_FAILURE","SeverityValue":4,"Severity":"ERROR","EventID":4656,"SourceName":"Microsoft-Windows-Security-Auditing","ProviderGuid":"{54849625-5478-4994-A5BA-3E3B0328C30D}","Version":1,"Task":12804,"OpcodeValue":0,"RecordNumber":20288102,"ProcessID":4,"ThreadID":220,"Channel":"Security","Message":"A handle to an object was requested.\r\n\r\nSubject:\r\n\tSecurity ID:\t\tS-1-5-19\r\n\tAccount Name:\t\tLOCAL SERVICE\r\n\tAccount Domain:\t\tNT AUTHORITY\r\n\tLogon ID:\t\t0x3E5\r\n\r\nObject:\r\n\tObject Server:\t\tSC Manager\r\n\tObject Type:\t\tSERVICE OBJECT\r\n\tObject Name:\t\tDNS\r\n\tHandle ID:\t\t0x0\r\n\tResource Attributes:\t-\r\n\r\nProcess Information:\r\n\tProcess ID:\t\t0x26c\r\n\tProcess Name:\t\tC:\\Windows\\System32\\services.exe\r\n\r\nAccess Request Information:\r\n\tTransaction ID:\t\t{00000000-0000-0000-0000-000000000000}\r\n\tAccesses:\t\tPause or continue the service\r\n\t\t\t\t\r\n\tAccess Reasons:\t\t-\r\n\tAccess Mask:\t\t0x40\r\n\tPrivileges Used for Access Check:\t-\r\n\tRestricted SID Count:\t0","Category":"Other Object Access Events","Opcode":"Info","SubjectUserSid":"S-1-5-19","SubjectUserName":"LOCAL SERVICE","SubjectDomainName":"NT AUTHORITY","SubjectLogonId":"0x3e5","ObjectServer":"SC Manager","ObjectType":"SERVICE OBJECT","ObjectName":"DNS","HandleId":"0x0","TransactionId":"{00000000-0000-0000-0000-000000000000}","AccessList":"%%7190\r\n\t\t\t\t","AccessReason":"-","AccessMask":"0x40","PrivilegeList":"-","RestrictedSidCount":"0","ProcessName":"C:\\Windows\\System32\\services.exe","ResourceAttributes":"-","EventReceivedTime":"2021-08-31 23:15:14","SourceModuleName":"GuruculWindowsFull2016","SourceModuleType":"im_msvistalog"}
{"EventTime":"2021-08-31 23:15:12","Hostname":"HYDRA-DC.MARVEL.local","Keywords":-9214364837600034816,"EventType":"AUDIT_SUCCESS","SeverityValue":2,"Severity":"INFO","EventID":5156,"SourceName":"Microsoft-Windows-Security-Auditing","ProviderGuid":"{54849625-5478-4994-A5BA-3E3B0328C30D}","Version":1,"Task":12810,"OpcodeValue":0,"RecordNumber":20288105,"ProcessID":4,"ThreadID":220,"Channel":"Security","Message":"The Windows Filtering Platform has permitted a connection.\r\n\r\nApplication Information:\r\n\tProcess ID:\t\t1048\r\n\tApplication Name:\t\\device\\harddiskvolume4\\windows\\system32\\svchost.exe\r\n\r\nNetwork Information:\r\n\tDirection:\t\tOutbound\r\n\tSource Address:\t\t192.168.118.191\r\n\tSource Port:\t\t50526\r\n\tDestination Address:\t192.168.118.2\r\n\tDestination Port:\t\t53\r\n\tProtocol:\t\t17\r\n\r\nFilter Information:\r\n\tFilter Run-Time ID:\t0\r\n\tLayer Name:\t\tConnect\r\n\tLayer Run-Time ID:\t48","Category":"Filtering Platform Connection","Opcode":"Info","Application":"\\device\\harddiskvolume4\\windows\\system32\\svchost.exe","Direction":"%%14593","SourceAddress":"192.168.118.191","SourcePort":"50526","DestAddress":"192.168.118.2","DestPort":"53","Protocol":"17","FilterRTID":"0","LayerName":"%%14611","LayerRTID":"48","RemoteUserID":"S-1-0-0","RemoteMachineID":"S-1-0-0","EventReceivedTime":"2021-08-31 23:15:14","SourceModuleName":"GuruculWindowsFull2016","SourceModuleType":"im_msvistalog"}
{"EventTime":"2021-08-31 23:15:12","Hostname":"HYDRA-DC.MARVEL.local","Keywords":-9214364837600034816,"EventType":"AUDIT_SUCCESS","SeverityValue":2,"Severity":"INFO","EventID":5156,"SourceName":"Microsoft-Windows-Security-Auditing","ProviderGuid":"{54849625-5478-4994-A5BA-3E3B0328C30D}","Version":1,"Task":12810,"OpcodeValue":0,"RecordNumber":20288108,"ProcessID":4,"ThreadID":220,"Channel":"Security","Message":"The Windows Filtering Platform has permitted a connection.\r\n\r\nApplication Information:\r\n\tProcess ID:\t\t1048\r\n\tApplication Name:\t\\device\\harddiskvolume4\\windows\\system32\\svchost.exe\r\n\r\nNetwork Information:\r\n\tDirection:\t\tOutbound\r\n\tSource Address:\t\t192.168.118.191\r\n\tSource Port:\t\t54285\r\n\tDestination Address:\t192.168.118.2\r\n\tDestination Port:\t\t53\r\n\tProtocol:\t\t17\r\n\r\nFilter Information:\r\n\tFilter Run-Time ID:\t0\r\n\tLayer Name:\t\tConnect\r\n\tLayer Run-Time ID:\t48","Category":"Filtering Platform Connection","Opcode":"Info","Application":"\\device\\harddiskvolume4\\windows\\system32\\svchost.exe","Direction":"%%14593","SourceAddress":"192.168.118.191","SourcePort":"54285","DestAddress":"192.168.118.2","DestPort":"53","Protocol":"17","FilterRTID":"0","LayerName":"%%14611","LayerRTID":"48","RemoteUserID":"S-1-0-0","RemoteMachineID":"S-1-0-0","EventReceivedTime":"2021-08-31 23:15:14","SourceModuleName":"GuruculWindowsFull2016","SourceModuleType":"im_msvistalog"}
{"EventTime":"2021-08-31 23:15:18","Hostname":"HYDRA-DC.MARVEL.local","Keywords":-9214364837600034816,"EventType":"AUDIT_SUCCESS","SeverityValue":2,"Severity":"INFO","EventID":4634,"SourceName":"Microsoft-Windows-Security-Auditing","ProviderGuid":"{54849625-5478-4994-A5BA-3E3B0328C30D}","Version":0,"Task":12545,"OpcodeValue":0,"RecordNumber":20288120,"ProcessID":636,"ThreadID":6880,"Channel":"Security","Message":"An account was logged off.\r\n\r\nSubject:\r\n\tSecurity ID:\t\tS-1-5-18\r\n\tAccount Name:\t\tHYDRA-DC$\r\n\tAccount Domain:\t\tMARVEL\r\n\tLogon ID:\t\t0x2583DB\r\n\r\nLogon Type:\t\t\t3\r\n\r\nThis event is generated when a logon session is destroyed. It may be positively correlated with a logon event using the Logon ID value. Logon IDs are only unique between reboots on the same computer.","Category":"Logoff","Opcode":"Info","TargetUserSid":"S-1-5-18","TargetUserName":"HYDRA-DC$","TargetDomainName":"MARVEL","TargetLogonId":"0x2583db","LogonType":"3","EventReceivedTime":"2021-08-31 23:15:19","SourceModuleName":"GuruculWindowsFull2016","SourceModuleType":"im_msvistalog"}
{"EventTime":"2021-08-31 23:15:19","Hostname":"HYDRA-DC.MARVEL.local","Keywords":-9214364837600034816,"EventType":"AUDIT_SUCCESS","SeverityValue":2,"Severity":"INFO","EventID":4688,"SourceName":"Microsoft-Windows-Security-Auditing","ProviderGuid":"{54849625-5478-4994-A5BA-3E3B0328C30D}","Version":2,"Task":13312,"OpcodeValue":0,"RecordNumber":20288121,"ProcessID":4,"ThreadID":220,"Channel":"Security","Message":"A new process has been created.\r\n\r\nCreator Subject:\r\n\tSecurity ID:\t\tS-1-5-21-3688015610-2013655948-1090528724-500\r\n\tAccount Name:\t\tAdministrator\r\n\tAccount Domain:\t\tMARVEL\r\n\tLogon ID:\t\t0x159EB1\r\n\r\nTarget Subject:\r\n\tSecurity ID:\t\tS-1-0-0\r\n\tAccount Name:\t\t-\r\n\tAccount Domain:\t\t-\r\n\tLogon ID:\t\t0x0\r\n\r\nProcess Information:\r\n\tNew Process ID:\t\t0xc8c\r\n\tNew Process Name:\tC:\\Windows\\System32\\cmd.exe\r\n\tToken Elevation Type:\t%%1937\r\n\tMandatory Label:\t\tS-1-16-12288\r\n\tCreator Process ID:\t0xa60\r\n\tCreator Process Name:\tC:\\Users\\Administrator\\Desktop\\mimikatz_trunk\\x64\\mimikatz.exe\r\n\tProcess Command Line:\t\r\n\r\nToken Elevation Type indicates the type of token that was assigned to the new process in accordance with User Account Control policy.\r\n\r\nType 1 is a full token with no privileges removed or groups disabled.  A full token is only used if User Account Control is disabled or if the user is the built-in Administrator account or a service account.\r\n\r\nType 2 is an elevated token with no privileges removed or groups disabled.  An elevated token is used when User Account Control is enabled and the user chooses to start the program using Run as administrator.  An elevated token is also used when an application is configured to always require administrative privilege or to always require maximum privilege, and the user is a member of the Administrators group.\r\n\r\nType 3 is a limited token with administrative privileges removed and administrative groups disabled.  The limited token is used when User Account Control is enabled, the application does not require administrative privilege, and the user does not choose to start the program using Run as administrator.","Category":"Process Creation","Opcode":"Info","SubjectUserSid":"S-1-5-21-3688015610-2013655948-1090528724-500","SubjectUserName":"Administrator","SubjectDomainName":"MARVEL","SubjectLogonId":"0x159eb1","NewProcessId":"0xc8c","NewProcessName":"C:\\Windows\\System32\\cmd.exe","TokenElevationType":"%%1937","TargetUserSid":"S-1-0-0","TargetUserName":"-","TargetDomainName":"-","TargetLogonId":"0x0","ParentProcessName":"C:\\Users\\Administrator\\Desktop\\mimikatz_trunk\\x64\\mimikatz.exe","MandatoryLabel":"S-1-16-12288","EventReceivedTime":"2021-08-31 23:15:21","SourceModuleName":"GuruculWindowsFull2016","SourceModuleType":"im_msvistalog"}
{"EventTime":"2021-08-31 23:15:19","Hostname":"HYDRA-DC.MARVEL.local","Keywords":-9214364837600034816,"EventType":"AUDIT_SUCCESS","SeverityValue":2,"Severity":"INFO","EventID":4688,"SourceName":"Microsoft-Windows-Security-Auditing","ProviderGuid":"{54849625-5478-4994-A5BA-3E3B0328C30D}","Version":2,"Task":13312,"OpcodeValue":0,"RecordNumber":20288122,"ProcessID":4,"ThreadID":220,"Channel":"Security","Message":"A new process has been created.\r\n\r\nCreator Subject:\r\n\tSecurity ID:\t\tS-1-5-21-3688015610-2013655948-1090528724-500\r\n\tAccount Name:\t\tAdministrator\r\n\tAccount Domain:\t\tMARVEL\r\n\tLogon ID:\t\t0x159EB1\r\n\r\nTarget Subject:\r\n\tSecurity ID:\t\tS-1-0-0\r\n\tAccount Name:\t\t-\r\n\tAccount Domain:\t\t-\r\n\tLogon ID:\t\t0x0\r\n\r\nProcess Information:\r\n\tNew Process ID:\t\t0x15a8\r\n\tNew Process Name:\tC:\\Windows\\System32\\conhost.exe\r\n\tToken Elevation Type:\t%%1937\r\n\tMandatory Label:\t\tS-1-16-12288\r\n\tCreator Process ID:\t0xc8c\r\n\tCreator Process Name:\tC:\\Windows\\System32\\cmd.exe\r\n\tProcess Command Line:\t\r\n\r\nToken Elevation Type indicates the type of token that was assigned to the new process in accordance with User Account Control policy.\r\n\r\nType 1 is a full token with no privileges removed or groups disabled.  A full token is only used if User Account Control is disabled or if the user is the built-in Administrator account or a service account.\r\n\r\nType 2 is an elevated token with no privileges removed or groups disabled.  An elevated token is used when User Account Control is enabled and the user chooses to start the program using Run as administrator.  An elevated token is also used when an application is configured to always require administrative privilege or to always require maximum privilege, and the user is a member of the Administrators group.\r\n\r\nType 3 is a limited token with administrative privileges removed and administrative groups disabled.  The limited token is used when User Account Control is enabled, the application does not require administrative privilege, and the user does not choose to start the program using Run as administrator.","Category":"Process Creation","Opcode":"Info","SubjectUserSid":"S-1-5-21-3688015610-2013655948-1090528724-500","SubjectUserName":"Administrator","SubjectDomainName":"MARVEL","SubjectLogonId":"0x159eb1","NewProcessId":"0x15a8","NewProcessName":"C:\\Windows\\System32\\conhost.exe","TokenElevationType":"%%1937","TargetUserSid":"S-1-0-0","TargetUserName":"-","TargetDomainName":"-","TargetLogonId":"0x0","ParentProcessName":"C:\\Windows\\System32\\cmd.exe","MandatoryLabel":"S-1-16-12288","EventReceivedTime":"2021-08-31 23:15:21","SourceModuleName":"GuruculWindowsFull2016","SourceModuleType":"im_msvistalog"}
{"EventTime":"2021-08-31 23:15:23","Hostname":"HYDRA-DC.MARVEL.local","Keywords":-9214364837600034816,"EventType":"AUDIT_SUCCESS","SeverityValue":2,"Severity":"INFO","EventID":5156,"SourceName":"Microsoft-Windows-Security-Auditing","ProviderGuid":"{54849625-5478-4994-A5BA-3E3B0328C30D}","Version":1,"Task":12810,"OpcodeValue":0,"RecordNumber":20288125,"ProcessID":4,"ThreadID":32,"Channel":"Security","Message":"The Windows Filtering Platform has permitted a connection.\r\n\r\nApplication Information:\r\n\tProcess ID:\t\t1048\r\n\tApplication Name:\t\\device\\harddiskvolume4\\windows\\system32\\svchost.exe\r\n\r\nNetwork Information:\r\n\tDirection:\t\tOutbound\r\n\tSource Address:\t\t192.168.118.191\r\n\tSource Port:\t\t59684\r\n\tDestination Address:\t192.168.118.2\r\n\tDestination Port:\t\t53\r\n\tProtocol:\t\t17\r\n\r\nFilter Information:\r\n\tFilter Run-Time ID:\t0\r\n\tLayer Name:\t\tConnect\r\n\tLayer Run-Time ID:\t48","Category":"Filtering Platform Connection","Opcode":"Info","Application":"\\device\\harddiskvolume4\\windows\\system32\\svchost.exe","Direction":"%%14593","SourceAddress":"192.168.118.191","SourcePort":"59684","DestAddress":"192.168.118.2","DestPort":"53","Protocol":"17","FilterRTID":"0","LayerName":"%%14611","LayerRTID":"48","RemoteUserID":"S-1-0-0","RemoteMachineID":"S-1-0-0","EventReceivedTime":"2021-08-31 23:15:25","SourceModuleName":"GuruculWindowsFull2016","SourceModuleType":"im_msvistalog"}
{"EventTime":"2021-08-31 23:15:23","Hostname":"HYDRA-DC.MARVEL.local","Keywords":-9214364837600034816,"EventType":"AUDIT_SUCCESS","SeverityValue":2,"Severity":"INFO","EventID":5156,"SourceName":"Microsoft-Windows-Security-Auditing","ProviderGuid":"{54849625-5478-4994-A5BA-3E3B0328C30D}","Version":1,"Task":12810,"OpcodeValue":0,"RecordNumber":20288128,"ProcessID":4,"ThreadID":32,"Channel":"Security","Message":"The Windows Filtering Platform has permitted a connection.\r\n\r\nApplication Information:\r\n\tProcess ID:\t\t1048\r\n\tApplication Name:\t\\device\\harddiskvolume4\\windows\\system32\\svchost.exe\r\n\r\nNetwork Information:\r\n\tDirection:\t\tOutbound\r\n\tSource Address:\t\t192.168.118.191\r\n\tSource Port:\t\t54285\r\n\tDestination Address:\t192.168.118.2\r\n\tDestination Port:\t\t53\r\n\tProtocol:\t\t17\r\n\r\nFilter Information:\r\n\tFilter Run-Time ID:\t0\r\n\tLayer Name:\t\tConnect\r\n\tLayer Run-Time ID:\t48","Category":"Filtering Platform Connection","Opcode":"Info","Application":"\\device\\harddiskvolume4\\windows\\system32\\svchost.exe","Direction":"%%14593","SourceAddress":"192.168.118.191","SourcePort":"54285","DestAddress":"192.168.118.2","DestPort":"53","Protocol":"17","FilterRTID":"0","LayerName":"%%14611","LayerRTID":"48","RemoteUserID":"S-1-0-0","RemoteMachineID":"S-1-0-0","EventReceivedTime":"2021-08-31 23:15:25","SourceModuleName":"GuruculWindowsFull2016","SourceModuleType":"im_msvistalog"}
{"EventTime":"2021-08-31 23:15:23","Hostname":"HYDRA-DC.MARVEL.local","Keywords":-9214364837600034816,"EventType":"AUDIT_SUCCESS","SeverityValue":2,"Severity":"INFO","EventID":5156,"SourceName":"Microsoft-Windows-Security-Auditing","ProviderGuid":"{54849625-5478-4994-A5BA-3E3B0328C30D}","Version":1,"Task":12810,"OpcodeValue":0,"RecordNumber":20288130,"ProcessID":4,"ThreadID":220,"Channel":"Security","Message":"The Windows Filtering Platform has permitted a connection.\r\n\r\nApplication Information:\r\n\tProcess ID:\t\t4\r\n\tApplication Name:\tSystem\r\n\r\nNetwork Information:\r\n\tDirection:\t\tOutbound\r\n\tSource Address:\t\t192.168.118.191\r\n\tSource Port:\t\t50194\r\n\tDestination Address:\t192.168.118.192\r\n\tDestination Port:\t\t445\r\n\tProtocol:\t\t6\r\n\r\nFilter Information:\r\n\tFilter Run-Time ID:\t0\r\n\tLayer Name:\t\tConnect\r\n\tLayer Run-Time ID:\t48","Category":"Filtering Platform Connection","Opcode":"Info","Application":"System","Direction":"%%14593","SourceAddress":"192.168.118.191","SourcePort":"50194","DestAddress":"192.168.118.192","DestPort":"445","Protocol":"6","FilterRTID":"0","LayerName":"%%14611","LayerRTID":"48","RemoteUserID":"S-1-0-0","RemoteMachineID":"S-1-0-0","EventReceivedTime":"2021-08-31 23:15:25","SourceModuleName":"GuruculWindowsFull2016","SourceModuleType":"im_msvistalog"}
{"EventTime":"2021-08-31 23:15:24","Hostname":"HYDRA-DC.MARVEL.local","Keywords":-9214364837600034816,"EventType":"AUDIT_SUCCESS","SeverityValue":2,"Severity":"INFO","EventID":5156,"SourceName":"Microsoft-Windows-Security-Auditing","ProviderGuid":"{54849625-5478-4994-A5BA-3E3B0328C30D}","Version":1,"Task":12810,"OpcodeValue":0,"RecordNumber":20288131,"ProcessID":4,"ThreadID":32,"Channel":"Security","Message":"The Windows Filtering Platform has permitted a connection.\r\n\r\nApplication Information:\r\n\tProcess ID:\t\t4\r\n\tApplication Name:\tSystem\r\n\r\nNetwork Information:\r\n\tDirection:\t\tInbound\r\n\tSource Address:\t\t192.168.118.1\r\n\tSource Port:\t\t137\r\n\tDestination Address:\t192.168.118.255\r\n\tDestination Port:\t\t137\r\n\tProtocol:\t\t17\r\n\r\nFilter Information:\r\n\tFilter Run-Time ID:\t0\r\n\tLayer Name:\t\tReceive/Accept\r\n\tLayer Run-Time ID:\t44","Category":"Filtering Platform Connection","Opcode":"Info","Application":"System","Direction":"%%14592","SourceAddress":"192.168.118.1","SourcePort":"137","DestAddress":"192.168.118.255","DestPort":"137","Protocol":"17","FilterRTID":"0","LayerName":"%%14610","LayerRTID":"44","RemoteUserID":"S-1-0-0","RemoteMachineID":"S-1-0-0","EventReceivedTime":"2021-08-31 23:15:26","SourceModuleName":"GuruculWindowsFull2016","SourceModuleType":"im_msvistalog"}
{"EventTime":"2021-08-31 23:15:25","Hostname":"HYDRA-DC.MARVEL.local","Keywords":-9214364837600034816,"EventType":"AUDIT_SUCCESS","SeverityValue":2,"Severity":"INFO","EventID":5156,"SourceName":"Microsoft-Windows-Security-Auditing","ProviderGuid":"{54849625-5478-4994-A5BA-3E3B0328C30D}","Version":1,"Task":12810,"OpcodeValue":0,"RecordNumber":20288132,"ProcessID":4,"ThreadID":32,"Channel":"Security","Message":"The Windows Filtering Platform has permitted a connection.\r\n\r\nApplication Information:\r\n\tProcess ID:\t\t4\r\n\tApplication Name:\tSystem\r\n\r\nNetwork Information:\r\n\tDirection:\t\tInbound\r\n\tSource Address:\t\t192.168.118.1\r\n\tSource Port:\t\t137\r\n\tDestination Address:\t192.168.118.255\r\n\tDestination Port:\t\t137\r\n\tProtocol:\t\t17\r\n\r\nFilter Information:\r\n\tFilter Run-Time ID:\t0\r\n\tLayer Name:\t\tReceive/Accept\r\n\tLayer Run-Time ID:\t44","Category":"Filtering Platform Connection","Opcode":"Info","Application":"System","Direction":"%%14592","SourceAddress":"192.168.118.1","SourcePort":"137","DestAddress":"192.168.118.255","DestPort":"137","Protocol":"17","FilterRTID":"0","LayerName":"%%14610","LayerRTID":"44","RemoteUserID":"S-1-0-0","RemoteMachineID":"S-1-0-0","EventReceivedTime":"2021-08-31 23:15:26","SourceModuleName":"GuruculWindowsFull2016","SourceModuleType":"im_msvistalog"}
{"EventTime":"2021-08-31 23:15:26","Hostname":"HYDRA-DC.MARVEL.local","Keywords":-9214364837600034816,"EventType":"AUDIT_SUCCESS","SeverityValue":2,"Severity":"INFO","EventID":5156,"SourceName":"Microsoft-Windows-Security-Auditing","ProviderGuid":"{54849625-5478-4994-A5BA-3E3B0328C30D}","Version":1,"Task":12810,"OpcodeValue":0,"RecordNumber":20288133,"ProcessID":4,"ThreadID":284,"Channel":"Security","Message":"The Windows Filtering Platform has permitted a connection.\r\n\r\nApplication Information:\r\n\tProcess ID:\t\t4\r\n\tApplication Name:\tSystem\r\n\r\nNetwork Information:\r\n\tDirection:\t\tInbound\r\n\tSource Address:\t\t192.168.118.1\r\n\tSource Port:\t\t137\r\n\tDestination Address:\t192.168.118.255\r\n\tDestination Port:\t\t137\r\n\tProtocol:\t\t17\r\n\r\nFilter Information:\r\n\tFilter Run-Time ID:\t0\r\n\tLayer Name:\t\tReceive/Accept\r\n\tLayer Run-Time ID:\t44","Category":"Filtering Platform Connection","Opcode":"Info","Application":"System","Direction":"%%14592","SourceAddress":"192.168.118.1","SourcePort":"137","DestAddress":"192.168.118.255","DestPort":"137","Protocol":"17","FilterRTID":"0","LayerName":"%%14610","LayerRTID":"44","RemoteUserID":"S-1-0-0","RemoteMachineID":"S-1-0-0","EventReceivedTime":"2021-08-31 23:15:27","SourceModuleName":"GuruculWindowsFull2016","SourceModuleType":"im_msvistalog"}
{"EventTime":"2021-08-31 23:15:26","Hostname":"HYDRA-DC.MARVEL.local","Keywords":-9214364837600034816,"EventType":"AUDIT_SUCCESS","SeverityValue":2,"Severity":"INFO","EventID":5156,"SourceName":"Microsoft-Windows-Security-Auditing","ProviderGuid":"{54849625-5478-4994-A5BA-3E3B0328C30D}","Version":1,"Task":12810,"OpcodeValue":0,"RecordNumber":20288136,"ProcessID":4,"ThreadID":284,"Channel":"Security","Message":"The Windows Filtering Platform has permitted a connection.\r\n\r\nApplication Information:\r\n\tProcess ID:\t\t1048\r\n\tApplication Name:\t\\device\\harddiskvolume4\\windows\\system32\\svchost.exe\r\n\r\nNetwork Information:\r\n\tDirection:\t\tOutbound\r\n\tSource Address:\t\t192.168.118.191\r\n\tSource Port:\t\t54285\r\n\tDestination Address:\t192.168.118.2\r\n\tDestination Port:\t\t53\r\n\tProtocol:\t\t17\r\n\r\nFilter Information:\r\n\tFilter Run-Time ID:\t0\r\n\tLayer Name:\t\tConnect\r\n\tLayer Run-Time ID:\t48","Category":"Filtering Platform Connection","Opcode":"Info","Application":"\\device\\harddiskvolume4\\windows\\system32\\svchost.exe","Direction":"%%14593","SourceAddress":"192.168.118.191","SourcePort":"54285","DestAddress":"192.168.118.2","DestPort":"53","Protocol":"17","FilterRTID":"0","LayerName":"%%14611","LayerRTID":"48","RemoteUserID":"S-1-0-0","RemoteMachineID":"S-1-0-0","EventReceivedTime":"2021-08-31 23:15:27","SourceModuleName":"GuruculWindowsFull2016","SourceModuleType":"im_msvistalog"}
{"EventTime":"2021-08-31 23:15:26","Hostname":"HYDRA-DC.MARVEL.local","Keywords":-9214364837600034816,"EventType":"AUDIT_SUCCESS","SeverityValue":2,"Severity":"INFO","EventID":5156,"SourceName":"Microsoft-Windows-Security-Auditing","ProviderGuid":"{54849625-5478-4994-A5BA-3E3B0328C30D}","Version":1,"Task":12810,"OpcodeValue":0,"RecordNumber":20288139,"ProcessID":4,"ThreadID":284,"Channel":"Security","Message":"The Windows Filtering Platform has permitted a connection.\r\n\r\nApplication Information:\r\n\tProcess ID:\t\t1048\r\n\tApplication Name:\t\\device\\harddiskvolume4\\windows\\system32\\svchost.exe\r\n\r\nNetwork Information:\r\n\tDirection:\t\tOutbound\r\n\tSource Address:\t\t192.168.118.191\r\n\tSource Port:\t\t49538\r\n\tDestination Address:\t192.168.118.2\r\n\tDestination Port:\t\t53\r\n\tProtocol:\t\t17\r\n\r\nFilter Information:\r\n\tFilter Run-Time ID:\t0\r\n\tLayer Name:\t\tConnect\r\n\tLayer Run-Time ID:\t48","Category":"Filtering Platform Connection","Opcode":"Info","Application":"\\device\\harddiskvolume4\\windows\\system32\\svchost.exe","Direction":"%%14593","SourceAddress":"192.168.118.191","SourcePort":"49538","DestAddress":"192.168.118.2","DestPort":"53","Protocol":"17","FilterRTID":"0","LayerName":"%%14611","LayerRTID":"48","RemoteUserID":"S-1-0-0","RemoteMachineID":"S-1-0-0","EventReceivedTime":"2021-08-31 23:15:27","SourceModuleName":"GuruculWindowsFull2016","SourceModuleType":"im_msvistalog"}
