{"EventTime":"2021-08-31 23:08:10","Hostname":"HYDRA-DC.MARVEL.local","Keywords":-9214364837600034816,"EventType":"AUDIT_SUCCESS","SeverityValue":2,"Severity":"INFO","EventID":5156,"SourceName":"Microsoft-Windows-Security-Auditing","ProviderGuid":"{54849625-5478-4994-A5BA-3E3B0328C30D}","Version":1,"Task":12810,"OpcodeValue":0,"RecordNumber":20284161,"ProcessID":4,"ThreadID":172,"Channel":"Security","Message":"The Windows Filtering Platform has permitted a connection.\r\n\r\nApplication Information:\r\n\tProcess ID:\t\t4\r\n\tApplication Name:\tSystem\r\n\r\nNetwork Information:\r\n\tDirection:\t\tOutbound\r\n\tSource Address:\t\t192.168.118.191\r\n\tSource Port:\t\t137\r\n\tDestination Address:\t192.168.118.2\r\n\tDestination Port:\t\t137\r\n\tProtocol:\t\t17\r\n\r\nFilter Information:\r\n\tFilter Run-Time ID:\t0\r\n\tLayer Name:\t\tConnect\r\n\tLayer Run-Time ID:\t48","Category":"Filtering Platform Connection","Opcode":"Info","Application":"System","Direction":"%%14593","SourceAddress":"192.168.118.191","SourcePort":"137","DestAddress":"192.168.118.2","DestPort":"137","Protocol":"17","FilterRTID":"0","LayerName":"%%14611","LayerRTID":"48","RemoteUserID":"S-1-0-0","RemoteMachineID":"S-1-0-0","EventReceivedTime":"2021-08-31 23:08:11","SourceModuleName":"GuruculWindowsFull2016","SourceModuleType":"im_msvistalog"}
{"EventTime":"2021-08-31 23:08:16","Hostname":"HYDRA-DC.MARVEL.local","Keywords":-9214364837600034816,"EventType":"AUDIT_SUCCESS","SeverityValue":2,"Severity":"INFO","EventID":5156,"SourceName":"Microsoft-Windows-Security-Auditing","ProviderGuid":"{54849625-5478-4994-A5BA-3E3B0328C30D}","Version":1,"Task":12810,"OpcodeValue":0,"RecordNumber":20284173,"ProcessID":4,"ThreadID":172,"Channel":"Security","Message":"The Windows Filtering Platform has permitted a connection.\r\n\r\nApplication Information:\r\n\tProcess ID:\t\t4\r\n\tApplication Name:\tSystem\r\n\r\nNetwork Information:\r\n\tDirection:\t\tInbound\r\n\tSource Address:\t\t192.168.118.1\r\n\tSource Port:\t\t137\r\n\tDestination Address:\t192.168.118.255\r\n\tDestination Port:\t\t137\r\n\tProtocol:\t\t17\r\n\r\nFilter Information:\r\n\tFilter Run-Time ID:\t0\r\n\tLayer Name:\t\tReceive/Accept\r\n\tLayer Run-Time ID:\t44","Category":"Filtering Platform Connection","Opcode":"Info","Application":"System","Direction":"%%14592","SourceAddress":"192.168.118.1","SourcePort":"137","DestAddress":"192.168.118.255","DestPort":"137","Protocol":"17","FilterRTID":"0","LayerName":"%%14610","LayerRTID":"44","RemoteUserID":"S-1-0-0","RemoteMachineID":"S-1-0-0","EventReceivedTime":"2021-08-31 23:08:17","SourceModuleName":"GuruculWindowsFull2016","SourceModuleType":"im_msvistalog"}
{"EventTime":"2021-08-31 23:08:16","Hostname":"HYDRA-DC.MARVEL.local","Keywords":-9214364837600034816,"EventType":"AUDIT_SUCCESS","SeverityValue":2,"Severity":"INFO","EventID":5156,"SourceName":"Microsoft-Windows-Security-Auditing","ProviderGuid":"{54849625-5478-4994-A5BA-3E3B0328C30D}","Version":1,"Task":12810,"OpcodeValue":0,"RecordNumber":20284174,"ProcessID":4,"ThreadID":108,"Channel":"Security","Message":"The Windows Filtering Platform has permitted a connection.\r\n\r\nApplication Information:\r\n\tProcess ID:\t\t4\r\n\tApplication Name:\tSystem\r\n\r\nNetwork Information:\r\n\tDirection:\t\tInbound\r\n\tSource Address:\t\t192.168.118.1\r\n\tSource Port:\t\t137\r\n\tDestination Address:\t192.168.118.255\r\n\tDestination Port:\t\t137\r\n\tProtocol:\t\t17\r\n\r\nFilter Information:\r\n\tFilter Run-Time ID:\t0\r\n\tLayer Name:\t\tReceive/Accept\r\n\tLayer Run-Time ID:\t44","Category":"Filtering Platform Connection","Opcode":"Info","Application":"System","Direction":"%%14592","SourceAddress":"192.168.118.1","SourcePort":"137","DestAddress":"192.168.118.255","DestPort":"137","Protocol":"17","FilterRTID":"0","LayerName":"%%14610","LayerRTID":"44","RemoteUserID":"S-1-0-0","RemoteMachineID":"S-1-0-0","EventReceivedTime":"2021-08-31 23:08:17","SourceModuleName":"GuruculWindowsFull2016","SourceModuleType":"im_msvistalog"}
{"EventTime":"2021-08-31 23:08:17","Hostname":"HYDRA-DC.MARVEL.local","Keywords":-9214364837600034816,"EventType":"AUDIT_SUCCESS","SeverityValue":2,"Severity":"INFO","EventID":5156,"SourceName":"Microsoft-Windows-Security-Auditing","ProviderGuid":"{54849625-5478-4994-A5BA-3E3B0328C30D}","Version":1,"Task":12810,"OpcodeValue":0,"RecordNumber":20284175,"ProcessID":4,"ThreadID":108,"Channel":"Security","Message":"The Windows Filtering Platform has permitted a connection.\r\n\r\nApplication Information:\r\n\tProcess ID:\t\t4\r\n\tApplication Name:\tSystem\r\n\r\nNetwork Information:\r\n\tDirection:\t\tInbound\r\n\tSource Address:\t\t192.168.118.1\r\n\tSource Port:\t\t137\r\n\tDestination Address:\t192.168.118.255\r\n\tDestination Port:\t\t137\r\n\tProtocol:\t\t17\r\n\r\nFilter Information:\r\n\tFilter Run-Time ID:\t0\r\n\tLayer Name:\t\tReceive/Accept\r\n\tLayer Run-Time ID:\t44","Category":"Filtering Platform Connection","Opcode":"Info","Application":"System","Direction":"%%14592","SourceAddress":"192.168.118.1","SourcePort":"137","DestAddress":"192.168.118.255","DestPort":"137","Protocol":"17","FilterRTID":"0","LayerName":"%%14610","LayerRTID":"44","RemoteUserID":"S-1-0-0","RemoteMachineID":"S-1-0-0","EventReceivedTime":"2021-08-31 23:08:18","SourceModuleName":"GuruculWindowsFull2016","SourceModuleType":"im_msvistalog"}
